**************************** OCM Reduced Node ***********************************************
Node Alias= 0c120
Node Module = memory_controller
Node Name = {{<0p109> address_a|<0p110> address_b|<0p111> byteena_a|<0p112> byteena_b|<0p15> clk|<0p113> clken|<0p114> data_a|<0p115> data_b|<0p116> wren_a|<0p117> wren_b}|main_0_previous\n$paramod$0b7430f040f990e70a30d5705933da0b2c0c238860e520f8ff\\ram_dual_port|{<0p118> q_a|<0p119> q_b}}
Node Type = mem_dual_port

Node inOutType = NON

Node numInputs = 11
Input Alias 0 = 0x32
Input Name 0 = <0s0> 31:0 - 31:0 
Input Type 0 = NON
Input Alias 1 = 0x33
Input Name 1 = <0s0> 31:0 - 31:0 
Input Type 1 = NON
Input Alias 2 = 0n10
Input Name 2 = 
Input Type 2 = NON
Input Alias 3 = 0n15
Input Name 3 = clk_1_bit
Input Type 3 = port
Input Alias 4 = 0n16
Input Name 4 = main_0_previous_address_a_4_bit
Input Type 4 = wire
Input Alias 5 = 0n17
Input Name 5 = main_0_previous_address_b_4_bit
Input Type 5 = wire
Input Alias 6 = 0n22
Input Name 6 = main_0_previous_write_enable_a_1_bit
Input Type 6 = wire
Input Alias 7 = 0n23
Input Name 7 = main_0_previous_write_enable_b_1_bit
Input Type 7 = wire
Input Alias 8 = 0v30
Input Name 8 = 1'1
Input Type 8 = value
Input Alias 9 = 0v31
Input Name 9 = 1'1
Input Type 9 = value
Input Alias 10 = 
Input Name 10 = 
Input Type 10 = 

Node numExtInputs = 81
Extended Input Alias 0 = c287
Extended Input Name  0 = {{<p282> A|<p283> B}|$715\n$add|{<p284> Y}}
Extended Input Type  0 = add
Extended Input Alias 1 = v182
Extended Input Name  1 = 0
Extended Input Type  1 = value
Extended Input Alias 2 = v82
Extended Input Name  2 = 0
Extended Input Type  2 = value
Extended Input Alias 3 = v183
Extended Input Name  3 = 0
Extended Input Type  3 = value
Extended Input Alias 4 = v40
Extended Input Name  4 = 0
Extended Input Type  4 = value
Extended Input Alias 5 = v84
Extended Input Name  5 = 0
Extended Input Type  5 = value
Extended Input Alias 6 = v41
Extended Input Name  6 = 0
Extended Input Type  6 = value
Extended Input Alias 7 = v42
Extended Input Name  7 = 0
Extended Input Type  7 = value
Extended Input Alias 8 = v86
Extended Input Name  8 = 0
Extended Input Type  8 = value
Extended Input Alias 9 = v43
Extended Input Name  9 = 0
Extended Input Type  9 = value
Extended Input Alias 10 = v44
Extended Input Name  10 = 0
Extended Input Type  10 = value
Extended Input Alias 11 = v88
Extended Input Name  11 = 0
Extended Input Type  11 = value
Extended Input Alias 12 = v45
Extended Input Name  12 = 0
Extended Input Type  12 = value
Extended Input Alias 13 = v46
Extended Input Name  13 = 0
Extended Input Type  13 = value
Extended Input Alias 14 = v90
Extended Input Name  14 = 0
Extended Input Type  14 = value
Extended Input Alias 15 = v47
Extended Input Name  15 = 0
Extended Input Type  15 = value
Extended Input Alias 16 = v48
Extended Input Name  16 = 0
Extended Input Type  16 = value
Extended Input Alias 17 = v92
Extended Input Name  17 = 0
Extended Input Type  17 = value
Extended Input Alias 18 = v49
Extended Input Name  18 = 0
Extended Input Type  18 = value
Extended Input Alias 19 = v50
Extended Input Name  19 = 0
Extended Input Type  19 = value
Extended Input Alias 20 = v94
Extended Input Name  20 = 0
Extended Input Type  20 = value
Extended Input Alias 21 = v51
Extended Input Name  21 = 0
Extended Input Type  21 = value
Extended Input Alias 22 = v52
Extended Input Name  22 = 0
Extended Input Type  22 = value
Extended Input Alias 23 = v97
Extended Input Name  23 = 0
Extended Input Type  23 = value
Extended Input Alias 24 = v95
Extended Input Name  24 = 64'0000000000000000000000000000000000000000000000000000000000000000
Extended Input Type  24 = value
Extended Input Alias 25 = v130
Extended Input Name  25 = 0
Extended Input Type  25 = value
Extended Input Alias 26 = v132
Extended Input Name  26 = 0
Extended Input Type  26 = value
Extended Input Alias 27 = v134
Extended Input Name  27 = 0
Extended Input Type  27 = value
Extended Input Alias 28 = v136
Extended Input Name  28 = 0
Extended Input Type  28 = value
Extended Input Alias 29 = v138
Extended Input Name  29 = 0
Extended Input Type  29 = value
Extended Input Alias 30 = v140
Extended Input Name  30 = 0
Extended Input Type  30 = value
Extended Input Alias 31 = v142
Extended Input Name  31 = 0
Extended Input Type  31 = value
Extended Input Alias 32 = v145
Extended Input Name  32 = 0
Extended Input Type  32 = value
Extended Input Alias 33 = v143
Extended Input Name  33 = 64'0000000000000000000000000000000000000000000000000000000000000000
Extended Input Type  33 = value
Extended Input Alias 34 = 0n15
Extended Input Name  34 = clk_1_bit
Extended Input Type  34 = port
Extended Input Alias 35 = c286
Extended Input Name  35 = {{<p282> A|<p283> B}|$641\n$add|{<p284> Y}}
Extended Input Type  35 = add
Extended Input Alias 36 = c289
Extended Input Name  36 = {{<p282> A|<p283> B}|$116\n$add|{<p284> Y}}
Extended Input Type  36 = add
Extended Input Alias 37 = v69
Extended Input Name  37 = 0
Extended Input Type  37 = value
Extended Input Alias 38 = v68
Extended Input Name  38 = 25165884
Extended Input Type  38 = value
Extended Input Alias 39 = v67
Extended Input Name  39 = 25165876
Extended Input Type  39 = value
Extended Input Alias 40 = v66
Extended Input Name  40 = 25165868
Extended Input Type  40 = value
Extended Input Alias 41 = v65
Extended Input Name  41 = 25165860
Extended Input Type  41 = value
Extended Input Alias 42 = v64
Extended Input Name  42 = 25165852
Extended Input Type  42 = value
Extended Input Alias 43 = v63
Extended Input Name  43 = 25165844
Extended Input Type  43 = value
Extended Input Alias 44 = v62
Extended Input Name  44 = 25165836
Extended Input Type  44 = value
Extended Input Alias 45 = v61
Extended Input Name  45 = 25165828
Extended Input Type  45 = value
Extended Input Alias 46 = 0v17
Extended Input Name  46 = 9'000000011
Extended Input Type  46 = value
Extended Input Alias 47 = v126
Extended Input Name  47 = 0
Extended Input Type  47 = value
Extended Input Alias 48 = v127
Extended Input Name  48 = 25165880
Extended Input Type  48 = value
Extended Input Alias 49 = v125
Extended Input Name  49 = 25165872
Extended Input Type  49 = value
Extended Input Alias 50 = v124
Extended Input Name  50 = 25165864
Extended Input Type  50 = value
Extended Input Alias 51 = v123
Extended Input Name  51 = 25165856
Extended Input Type  51 = value
Extended Input Alias 52 = v122
Extended Input Name  52 = 25165848
Extended Input Type  52 = value
Extended Input Alias 53 = v121
Extended Input Name  53 = 25165840
Extended Input Type  53 = value
Extended Input Alias 54 = v120
Extended Input Name  54 = 25165832
Extended Input Type  54 = value
Extended Input Alias 55 = v119
Extended Input Name  55 = 25165824
Extended Input Type  55 = value
Extended Input Alias 56 = c285
Extended Input Name  56 = {{<p282> A|<p283> B}|$631\n$add|{<p284> Y}}
Extended Input Type  56 = add
Extended Input Alias 57 = 0v21
Extended Input Name  57 = 9'000000011
Extended Input Type  57 = value
Extended Input Alias 58 = v79
Extended Input Name  58 = 1'0
Extended Input Type  58 = value
Extended Input Alias 59 = v80
Extended Input Name  59 = 1'1
Extended Input Type  59 = value
Extended Input Alias 60 = v78
Extended Input Name  60 = 1'1
Extended Input Type  60 = value
Extended Input Alias 61 = v77
Extended Input Name  61 = 1'1
Extended Input Type  61 = value
Extended Input Alias 62 = v76
Extended Input Name  62 = 1'1
Extended Input Type  62 = value
Extended Input Alias 63 = v75
Extended Input Name  63 = 1'1
Extended Input Type  63 = value
Extended Input Alias 64 = v74
Extended Input Name  64 = 1'1
Extended Input Type  64 = value
Extended Input Alias 65 = v73
Extended Input Name  65 = 1'1
Extended Input Type  65 = value
Extended Input Alias 66 = v72
Extended Input Name  66 = 1'1
Extended Input Type  66 = value
Extended Input Alias 67 = v71
Extended Input Name  67 = 1'1
Extended Input Type  67 = value
Extended Input Alias 68 = v70
Extended Input Name  68 = 1'0
Extended Input Type  68 = value
Extended Input Alias 69 = v117
Extended Input Name  69 = 1'0
Extended Input Type  69 = value
Extended Input Alias 70 = v118
Extended Input Name  70 = 1'1
Extended Input Type  70 = value
Extended Input Alias 71 = v116
Extended Input Name  71 = 1'1
Extended Input Type  71 = value
Extended Input Alias 72 = v115
Extended Input Name  72 = 1'1
Extended Input Type  72 = value
Extended Input Alias 73 = v114
Extended Input Name  73 = 1'1
Extended Input Type  73 = value
Extended Input Alias 74 = v113
Extended Input Name  74 = 1'1
Extended Input Type  74 = value
Extended Input Alias 75 = v112
Extended Input Name  75 = 1'1
Extended Input Type  75 = value
Extended Input Alias 76 = v111
Extended Input Name  76 = 1'1
Extended Input Type  76 = value
Extended Input Alias 77 = v110
Extended Input Name  77 = 1'1
Extended Input Type  77 = value
Extended Input Alias 78 = v128
Extended Input Name  78 = 1'0
Extended Input Type  78 = value
Extended Input Alias 79 = 0v30
Extended Input Name  79 = 1'1
Extended Input Type  79 = value
Extended Input Alias 80 = 0v31
Extended Input Name  80 = 1'1
Extended Input Type  80 = value
##################################################################################
**************************** OCM Reduced Node ***********************************************
Node Alias= 0c121
Node Module = memory_controller
Node Name = {{<0p109> address_a|<0p110> address_b|<0p15> clk|<0p113> clken}|maincoefficients\n$paramod$950470a600a1942a0a9653135c0e51794650d6782a0d13\\rom_dual_port|{<0p118> q_a|<0p119> q_b}}
Node Type = mem_dual_port

Node inOutType = NON

Node numInputs = 5
Input Alias 0 = 0n10
Input Name 0 = 
Input Type 0 = NON
Input Alias 1 = 0n15
Input Name 1 = clk_1_bit
Input Type 1 = port
Input Alias 2 = 0n24
Input Name 2 = maincoefficients_address_a_4_bit
Input Type 2 = wire
Input Alias 3 = 0n25
Input Name 3 = maincoefficients_address_b_4_bit
Input Type 3 = wire
Input Alias 4 = 
Input Name 4 = 
Input Type 4 = 

Node numExtInputs = 24
Extended Input Alias 0 = 0n15
Extended Input Name  0 = clk_1_bit
Extended Input Type  0 = port
Extended Input Alias 1 = c286
Extended Input Name  1 = {{<p282> A|<p283> B}|$641\n$add|{<p284> Y}}
Extended Input Type  1 = add
Extended Input Alias 2 = c289
Extended Input Name  2 = {{<p282> A|<p283> B}|$116\n$add|{<p284> Y}}
Extended Input Type  2 = add
Extended Input Alias 3 = v69
Extended Input Name  3 = 0
Extended Input Type  3 = value
Extended Input Alias 4 = v68
Extended Input Name  4 = 25165884
Extended Input Type  4 = value
Extended Input Alias 5 = v67
Extended Input Name  5 = 25165876
Extended Input Type  5 = value
Extended Input Alias 6 = v66
Extended Input Name  6 = 25165868
Extended Input Type  6 = value
Extended Input Alias 7 = v65
Extended Input Name  7 = 25165860
Extended Input Type  7 = value
Extended Input Alias 8 = v64
Extended Input Name  8 = 25165852
Extended Input Type  8 = value
Extended Input Alias 9 = v63
Extended Input Name  9 = 25165844
Extended Input Type  9 = value
Extended Input Alias 10 = v62
Extended Input Name  10 = 25165836
Extended Input Type  10 = value
Extended Input Alias 11 = v61
Extended Input Name  11 = 25165828
Extended Input Type  11 = value
Extended Input Alias 12 = 0v15
Extended Input Name  12 = 9'000000010
Extended Input Type  12 = value
Extended Input Alias 13 = v126
Extended Input Name  13 = 0
Extended Input Type  13 = value
Extended Input Alias 14 = v127
Extended Input Name  14 = 25165880
Extended Input Type  14 = value
Extended Input Alias 15 = v125
Extended Input Name  15 = 25165872
Extended Input Type  15 = value
Extended Input Alias 16 = v124
Extended Input Name  16 = 25165864
Extended Input Type  16 = value
Extended Input Alias 17 = v123
Extended Input Name  17 = 25165856
Extended Input Type  17 = value
Extended Input Alias 18 = v122
Extended Input Name  18 = 25165848
Extended Input Type  18 = value
Extended Input Alias 19 = v121
Extended Input Name  19 = 25165840
Extended Input Type  19 = value
Extended Input Alias 20 = v120
Extended Input Name  20 = 25165832
Extended Input Type  20 = value
Extended Input Alias 21 = v119
Extended Input Name  21 = 25165824
Extended Input Type  21 = value
Extended Input Alias 22 = c285
Extended Input Name  22 = {{<p282> A|<p283> B}|$631\n$add|{<p284> Y}}
Extended Input Type  22 = add
Extended Input Alias 23 = 0v19
Extended Input Name  23 = 9'000000010
Extended Input Type  23 = value
##################################################################################
**************************** OCM Reduced Node ***********************************************
Node Alias= 0n15
Node Module = memory_controller
Node Name = clk_1_bit
Node Type = port

Node inOutType = in

Node numInputs = 1
Input Alias 0 = 
Input Name 0 = 
Input Type 0 = 

Node numExtInputs = 0
##################################################################################
**************************** OCM Reduced Node ***********************************************
Node Alias= c285
Node Module = top
Node Name = {{<p282> A|<p283> B}|$631\n$add|{<p284> Y}}
Node Type = add

Node inOutType = NON

Node numInputs = 3
Input Alias 0 = x1
Input Name 0 = <s1> 29:0 - 31:2 |<s0> 1:0 - 1:0 
Input Type 0 = wire
Input Alias 1 = v0
Input Name 1 = 16777216
Input Type 1 = value
Input Alias 2 = 
Input Name 2 = 
Input Type 2 = 

Node numExtInputs = 4
Extended Input Alias 0 = c288
Extended Input Name  0 = {{<p282> A|<p283> B}|$735\n$add|{<p284> Y}}
Extended Input Type  0 = add
Extended Input Alias 1 = v54
Extended Input Name  1 = 0
Extended Input Type  1 = value
Extended Input Alias 2 = v2
Extended Input Name  2 = 2'00
Extended Input Type  2 = value
Extended Input Alias 3 = v0
Extended Input Name  3 = 16777216
Extended Input Type  3 = value
##################################################################################
**************************** OCM Reduced Node ***********************************************
Node Alias= c286
Node Module = top
Node Name = {{<p282> A|<p283> B}|$641\n$add|{<p284> Y}}
Node Type = add

Node inOutType = NON

Node numInputs = 3
Input Alias 0 = x4
Input Name 0 = <s1> 29:0 - 31:2 |<s0> 1:0 - 1:0 
Input Type 0 = wire
Input Alias 1 = v3
Input Name 1 = 25165824
Input Type 1 = value
Input Alias 2 = 
Input Name 2 = 
Input Type 2 = 

Node numExtInputs = 3
Extended Input Alias 0 = c546
Extended Input Name  0 = {{<p282> A|<p283> B}|$719\n$sub|{<p284> Y}}
Extended Input Type  0 = sub
Extended Input Alias 1 = v5
Extended Input Name  1 = 2'00
Extended Input Type  1 = value
Extended Input Alias 2 = v3
Extended Input Name  2 = 25165824
Extended Input Type  2 = value
##################################################################################
**************************** OCM Reduced Node ***********************************************
Node Alias= c287
Node Module = top
Node Name = {{<p282> A|<p283> B}|$715\n$add|{<p284> Y}}
Node Type = add

Node inOutType = NON

Node numInputs = 3
Input Alias 0 = n256
Input Name 0 = main_signed_add_32_0_op0_32_bit
Input Type 0 = wire
Input Alias 1 = v6
Input Name 1 = 1
Input Type 1 = value
Input Alias 2 = 
Input Name 2 = 
Input Type 2 = 

Node numExtInputs = 4
Extended Input Alias 0 = c287
Extended Input Name  0 = {{<p282> A|<p283> B}|$715\n$add|{<p284> Y}}
Extended Input Type  0 = add
Extended Input Alias 1 = v182
Extended Input Name  1 = 0
Extended Input Type  1 = value
Extended Input Alias 2 = v181
Extended Input Name  2 = 0
Extended Input Type  2 = value
Extended Input Alias 3 = v6
Extended Input Name  3 = 1
Extended Input Type  3 = value
##################################################################################
**************************** OCM Reduced Node ***********************************************
Node Alias= c288
Node Module = top
Node Name = {{<p282> A|<p283> B}|$735\n$add|{<p284> Y}}
Node Type = add

Node inOutType = NON

Node numInputs = 3
Input Alias 0 = n258
Input Name 0 = main_signed_add_32_1_op0_32_bit
Input Type 0 = wire
Input Alias 1 = n259
Input Name 1 = main_signed_add_32_1_op1_32_bit
Input Type 1 = wire
Input Alias 2 = 
Input Name 2 = 
Input Type 2 = 

Node numExtInputs = 7
Extended Input Alias 0 = c288
Extended Input Name  0 = {{<p282> A|<p283> B}|$735\n$add|{<p284> Y}}
Extended Input Type  0 = add
Extended Input Alias 1 = v54
Extended Input Name  1 = 0
Extended Input Type  1 = value
Extended Input Alias 2 = v57
Extended Input Name  2 = 0
Extended Input Type  2 = value
Extended Input Alias 3 = c337
Extended Input Name  3 = {{<p282> A|<p283> B}|$726\n$mul|{<p284> Y}}
Extended Input Type  3 = mul
Extended Input Alias 4 = v53
Extended Input Name  4 = 0
Extended Input Type  4 = value
Extended Input Alias 5 = v55
Extended Input Name  5 = 0
Extended Input Type  5 = value
Extended Input Alias 6 = v58
Extended Input Name  6 = 1
Extended Input Type  6 = value
##################################################################################
**************************** OCM Reduced Node ***********************************************
Node Alias= c289
Node Module = top
Node Name = {{<p282> A|<p283> B}|$116\n$add|{<p284> Y}}
Node Type = add

Node inOutType = NON

Node numInputs = 3
Input Alias 0 = x8
Input Name 0 = <s1> 29:0 - 31:2 |<s0> 1:0 - 1:0 
Input Type 0 = wire
Input Alias 1 = v7
Input Name 1 = 25165824
Input Type 1 = value
Input Alias 2 = 
Input Name 2 = 
Input Type 2 = 

Node numExtInputs = 4
Extended Input Alias 0 = c287
Extended Input Name  0 = {{<p282> A|<p283> B}|$715\n$add|{<p284> Y}}
Extended Input Type  0 = add
Extended Input Alias 1 = v181
Extended Input Name  1 = 0
Extended Input Type  1 = value
Extended Input Alias 2 = v9
Extended Input Name  2 = 2'00
Extended Input Type  2 = value
Extended Input Alias 3 = v7
Extended Input Name  3 = 25165824
Extended Input Type  3 = value
##################################################################################
**************************** OCM Reduced Node ***********************************************
Node Alias= c337
Node Module = top
Node Name = {{<p282> A|<p283> B}|$726\n$mul|{<p284> Y}}
Node Type = mul

Node inOutType = NON

Node numInputs = 3
Input Alias 0 = x39
Input Name 0 = <s0> 31:0 - 31:0 
Input Type 0 = wire
Input Alias 1 = n240
Input Name 1 = main_preheaderi_37_reg_32_bit
Input Type 1 = reg
Input Alias 2 = 
Input Name 2 = 
Input Type 2 = 

Node numExtInputs = 50
Extended Input Alias 0 = c286
Extended Input Name  0 = {{<p282> A|<p283> B}|$641\n$add|{<p284> Y}}
Extended Input Type  0 = add
Extended Input Alias 1 = c289
Extended Input Name  1 = {{<p282> A|<p283> B}|$116\n$add|{<p284> Y}}
Extended Input Type  1 = add
Extended Input Alias 2 = v69
Extended Input Name  2 = 0
Extended Input Type  2 = value
Extended Input Alias 3 = v68
Extended Input Name  3 = 25165884
Extended Input Type  3 = value
Extended Input Alias 4 = v67
Extended Input Name  4 = 25165876
Extended Input Type  4 = value
Extended Input Alias 5 = v66
Extended Input Name  5 = 25165868
Extended Input Type  5 = value
Extended Input Alias 6 = v65
Extended Input Name  6 = 25165860
Extended Input Type  6 = value
Extended Input Alias 7 = v64
Extended Input Name  7 = 25165852
Extended Input Type  7 = value
Extended Input Alias 8 = v63
Extended Input Name  8 = 25165844
Extended Input Type  8 = value
Extended Input Alias 9 = v62
Extended Input Name  9 = 25165836
Extended Input Type  9 = value
Extended Input Alias 10 = v61
Extended Input Name  10 = 25165828
Extended Input Type  10 = value
Extended Input Alias 11 = 0v15
Extended Input Name  11 = 9'000000010
Extended Input Type  11 = value
Extended Input Alias 12 = 0c121
Extended Input Name  12 = {{<0p109> address_a|<0p110> address_b|<0p15> clk|<0p113> clken}|maincoefficients\n$paramod$950470a600a1942a0a9653135c0e51794650d6782a0d13\\rom_dual_port|{<0p118> q_a|<0p119> q_b}}
Extended Input Type  12 = mem_dual_port
Extended Input Alias 13 = v79
Extended Input Name  13 = 1'0
Extended Input Type  13 = value
Extended Input Alias 14 = v80
Extended Input Name  14 = 1'1
Extended Input Type  14 = value
Extended Input Alias 15 = v78
Extended Input Name  15 = 1'1
Extended Input Type  15 = value
Extended Input Alias 16 = v77
Extended Input Name  16 = 1'1
Extended Input Type  16 = value
Extended Input Alias 17 = v76
Extended Input Name  17 = 1'1
Extended Input Type  17 = value
Extended Input Alias 18 = v75
Extended Input Name  18 = 1'1
Extended Input Type  18 = value
Extended Input Alias 19 = v74
Extended Input Name  19 = 1'1
Extended Input Type  19 = value
Extended Input Alias 20 = v73
Extended Input Name  20 = 1'1
Extended Input Type  20 = value
Extended Input Alias 21 = v72
Extended Input Name  21 = 1'1
Extended Input Type  21 = value
Extended Input Alias 22 = v71
Extended Input Name  22 = 1'1
Extended Input Type  22 = value
Extended Input Alias 23 = v60
Extended Input Name  23 = 1'1
Extended Input Type  23 = value
Extended Input Alias 24 = 0v17
Extended Input Name  24 = 9'000000011
Extended Input Type  24 = value
Extended Input Alias 25 = 0c120
Extended Input Name  25 = {{<0p109> address_a|<0p110> address_b|<0p111> byteena_a|<0p112> byteena_b|<0p15> clk|<0p113> clken|<0p114> data_a|<0p115> data_b|<0p116> wren_a|<0p117> wren_b}|main_0_previous\n$paramod$0b7430f040f990e70a30d5705933da0b2c0c238860e520f8ff\\ram_dual_port|{<0p118> q_a|<0p119> q_b}}
Extended Input Type  25 = mem_dual_port
Extended Input Alias 26 = v126
Extended Input Name  26 = 0
Extended Input Type  26 = value
Extended Input Alias 27 = v127
Extended Input Name  27 = 25165880
Extended Input Type  27 = value
Extended Input Alias 28 = v125
Extended Input Name  28 = 25165872
Extended Input Type  28 = value
Extended Input Alias 29 = v124
Extended Input Name  29 = 25165864
Extended Input Type  29 = value
Extended Input Alias 30 = v123
Extended Input Name  30 = 25165856
Extended Input Type  30 = value
Extended Input Alias 31 = v122
Extended Input Name  31 = 25165848
Extended Input Type  31 = value
Extended Input Alias 32 = v121
Extended Input Name  32 = 25165840
Extended Input Type  32 = value
Extended Input Alias 33 = v120
Extended Input Name  33 = 25165832
Extended Input Type  33 = value
Extended Input Alias 34 = v119
Extended Input Name  34 = 25165824
Extended Input Type  34 = value
Extended Input Alias 35 = c285
Extended Input Name  35 = {{<p282> A|<p283> B}|$631\n$add|{<p284> Y}}
Extended Input Type  35 = add
Extended Input Alias 36 = 0v19
Extended Input Name  36 = 9'000000010
Extended Input Type  36 = value
Extended Input Alias 37 = 0c121
Extended Input Name  37 = {{<0p109> address_a|<0p110> address_b|<0p15> clk|<0p113> clken}|maincoefficients\n$paramod$950470a600a1942a0a9653135c0e51794650d6782a0d13\\rom_dual_port|{<0p118> q_a|<0p119> q_b}}
Extended Input Type  37 = mem_dual_port
Extended Input Alias 38 = v117
Extended Input Name  38 = 1'0
Extended Input Type  38 = value
Extended Input Alias 39 = v118
Extended Input Name  39 = 1'1
Extended Input Type  39 = value
Extended Input Alias 40 = v116
Extended Input Name  40 = 1'1
Extended Input Type  40 = value
Extended Input Alias 41 = v115
Extended Input Name  41 = 1'1
Extended Input Type  41 = value
Extended Input Alias 42 = v114
Extended Input Name  42 = 1'1
Extended Input Type  42 = value
Extended Input Alias 43 = v113
Extended Input Name  43 = 1'1
Extended Input Type  43 = value
Extended Input Alias 44 = v112
Extended Input Name  44 = 1'1
Extended Input Type  44 = value
Extended Input Alias 45 = v111
Extended Input Name  45 = 1'1
Extended Input Type  45 = value
Extended Input Alias 46 = v110
Extended Input Name  46 = 1'1
Extended Input Type  46 = value
Extended Input Alias 47 = v109
Extended Input Name  47 = 1'1
Extended Input Type  47 = value
Extended Input Alias 48 = 0v21
Extended Input Name  48 = 9'000000011
Extended Input Type  48 = value
Extended Input Alias 49 = 0c120
Extended Input Name  49 = {{<0p109> address_a|<0p110> address_b|<0p111> byteena_a|<0p112> byteena_b|<0p15> clk|<0p113> clken|<0p114> data_a|<0p115> data_b|<0p116> wren_a|<0p117> wren_b}|main_0_previous\n$paramod$0b7430f040f990e70a30d5705933da0b2c0c238860e520f8ff\\ram_dual_port|{<0p118> q_a|<0p119> q_b}}
Extended Input Type  49 = mem_dual_port
##################################################################################
**************************** OCM Reduced Node ***********************************************
Node Alias= c546
Node Module = top
Node Name = {{<p282> A|<p283> B}|$719\n$sub|{<p284> Y}}
Node Type = sub

Node inOutType = NON

Node numInputs = 3
Input Alias 0 = n250
Input Name 0 = main_preheaderi_j02i_reg_32_bit
Input Type 0 = reg
Input Alias 1 = v184
Input Name 1 = 15
Input Type 1 = value
Input Alias 2 = 
Input Name 2 = 
Input Type 2 = 

Node numExtInputs = 3
Extended Input Alias 0 = c288
Extended Input Name  0 = {{<p282> A|<p283> B}|$735\n$add|{<p284> Y}}
Extended Input Type  0 = add
Extended Input Alias 1 = v54
Extended Input Name  1 = 0
Extended Input Type  1 = value
Extended Input Alias 2 = v184
Extended Input Name  2 = 15
Extended Input Type  2 = value
##################################################################################
**************************** OCM Reduced Node ***********************************************
Node Alias= n181
Node Module = top
Node Name = clk_1_bit
Node Type = port

Node inOutType = in

Node numInputs = 1
Input Alias 0 = 
Input Name 0 = 
Input Type 0 = 

Node numExtInputs = 0
##################################################################################
**************************** OCM Reduced Node ***********************************************
Node Alias= n182
Node Module = top
Node Name = clk1x_follower_1_bit
Node Type = port

Node inOutType = in

Node numInputs = 1
Input Alias 0 = 
Input Name 0 = 
Input Type 0 = 

Node numExtInputs = 0
##################################################################################
**************************** OCM Reduced Node ***********************************************
Node Alias= n183
Node Module = top
Node Name = clk2x_1_bit
Node Type = port

Node inOutType = in

Node numInputs = 1
Input Alias 0 = 
Input Name 0 = 
Input Type 0 = 

Node numExtInputs = 0
##################################################################################
**************************** OCM Reduced Node ***********************************************
Node Alias= n185
Node Module = top
Node Name = finish_1_bit
Node Type = port

Node inOutType = out

Node numInputs = 3
Input Alias 0 = c366
Input Name 0 = {{<p338> CLK|<p339> D}|$2210\n$dff|{<p340> Q}}
Input Type 0 = dff
Input Alias 1 = c368
Input Name 1 = {{<p338> CLK|<p339> D}|$2212\n$dff|{<p340> Q}}
Input Type 1 = dff
Input Alias 2 = 
Input Name 2 = 
Input Type 2 = 

Node numExtInputs = 6
Extended Input Alias 0 = n185
Extended Input Name  0 = finish_1_bit
Extended Input Type  0 = port
Extended Input Alias 1 = v59
Extended Input Name  1 = 1'0
Extended Input Type  1 = value
Extended Input Alias 2 = n185
Extended Input Name  2 = finish_1_bit
Extended Input Type  2 = port
Extended Input Alias 3 = v157
Extended Input Name  3 = 1'0
Extended Input Type  3 = value
Extended Input Alias 4 = n185
Extended Input Name  4 = finish_1_bit
Extended Input Type  4 = port
Extended Input Alias 5 = n185
Extended Input Name  5 = finish_1_bit
Extended Input Type  5 = port
##################################################################################
**************************** OCM Reduced Node ***********************************************
Node Alias= n279
Node Module = top
Node Name = reset_1_bit
Node Type = port

Node inOutType = in

Node numInputs = 1
Input Alias 0 = 
Input Name 0 = 
Input Type 0 = 

Node numExtInputs = 0
##################################################################################
**************************** OCM Reduced Node ***********************************************
Node Alias= n280
Node Module = top
Node Name = return_val_32_bit
Node Type = port

Node inOutType = out

Node numInputs = 2
Input Alias 0 = c367
Input Name 0 = {{<p338> CLK|<p339> D}|$2211\n$dff|{<p340> Q}}
Input Type 0 = dff
Input Alias 1 = 
Input Name 1 = 
Input Type 1 = 

Node numExtInputs = 3
Extended Input Alias 0 = n280
Extended Input Name  0 = return_val_32_bit
Extended Input Type  0 = port
Extended Input Alias 1 = v156
Extended Input Name  1 = 0
Extended Input Type  1 = value
Extended Input Alias 2 = c288
Extended Input Name  2 = {{<p282> A|<p283> B}|$735\n$add|{<p284> Y}}
Extended Input Type  2 = add
##################################################################################
**************************** OCM Reduced Node ***********************************************
Node Alias= n281
Node Module = top
Node Name = start_1_bit
Node Type = port

Node inOutType = in

Node numInputs = 1
Input Alias 0 = 
Input Name 0 = 
Input Type 0 = 

Node numExtInputs = 0
##################################################################################
