formatted row data object is NOT connected to output yet!!!!
operation =   store i32 0, i32* %s.i.0, align 4 with operand name=   %s.i.0 = getelementptr [16 x i32]* %previous, i32 0, i32 %indvar4
operationFuId= main_mem_dual_port_0 operandFuId= NOFu
Press Enter to continue.

operation =   store i32 0, i32* %s.i.0, align 4 with operand name=   %s.i.0 = getelementptr [16 x i32]* %previous, i32 0, i32 %indvar4
operationFuId= main_mem_dual_port_1 operandFuId= NOFu
Press Enter to continue.

  store i32 0, i32* %s.i.0, align 4 assigned to = main_mem_dual_port_0
operation =   %indvar.next5 = add i32 %indvar4, 1 with operand name=   %indvar4 = phi i32 [ %indvar.next5, %2 ], [ 0, %0 ]
operationFuId= main_signed_add_32_0 operandFuId= NOFu
Press Enter to continue.

operation =   %indvar.next5 = add i32 %indvar4, 1 with operand name=   %indvar4 = phi i32 [ %indvar.next5, %2 ], [ 0, %0 ]
operationFuId= main_signed_add_32_1 operandFuId= NOFu
Press Enter to continue.

  %indvar.next5 = add i32 %indvar4, 1 assigned to = main_signed_add_32_0
operation =   store i32 %33, i32* %5, align 4, !tbaa !1 with operand name=   %33 = phi i32 [ %32, %FIRFilterStreaming.exit ], [ 0, %legup_memset_4.exit ]
operationFuId= main_mem_dual_port_0 operandFuId= NOFu
Press Enter to continue.

operation =   store i32 %33, i32* %5, align 4, !tbaa !1 with operand name=   %5 = getelementptr inbounds [16 x i32]* %previous, i32 0, i32 15
operationFuId= main_mem_dual_port_0 operandFuId= NOFu
Press Enter to continue.

operation =   store i32 %33, i32* %5, align 4, !tbaa !1 with operand name=   %33 = phi i32 [ %32, %FIRFilterStreaming.exit ], [ 0, %legup_memset_4.exit ]
operationFuId= main_mem_dual_port_1 operandFuId= NOFu
Press Enter to continue.

operation =   store i32 %33, i32* %5, align 4, !tbaa !1 with operand name=   %5 = getelementptr inbounds [16 x i32]* %previous, i32 0, i32 15
operationFuId= main_mem_dual_port_1 operandFuId= NOFu
Press Enter to continue.

operation =   store i32 %32, i32* %4, align 4, !tbaa !1 with operand name=   %32 = phi i32 [ %31, %FIRFilterStreaming.exit ], [ 0, %legup_memset_4.exit ]
operationFuId= main_mem_dual_port_0 operandFuId= NOFu
Press Enter to continue.

operation =   store i32 %32, i32* %4, align 4, !tbaa !1 with operand name=   %4 = getelementptr inbounds [16 x i32]* %previous, i32 0, i32 14
operationFuId= main_mem_dual_port_0 operandFuId= NOFu
Press Enter to continue.

operation =   store i32 %32, i32* %4, align 4, !tbaa !1 with operand name=   %32 = phi i32 [ %31, %FIRFilterStreaming.exit ], [ 0, %legup_memset_4.exit ]
operationFuId= main_mem_dual_port_1 operandFuId= NOFu
Press Enter to continue.

operation =   store i32 %32, i32* %4, align 4, !tbaa !1 with operand name=   %4 = getelementptr inbounds [16 x i32]* %previous, i32 0, i32 14
operationFuId= main_mem_dual_port_1 operandFuId= NOFu
Press Enter to continue.

  store i32 %33, i32* %5, align 4, !tbaa !1 assigned to = main_mem_dual_port_0
  store i32 %32, i32* %4, align 4, !tbaa !1 assigned to = main_mem_dual_port_1
operation =   %i.01 = add i32 %indvar, 1 with operand name=   %indvar = phi i32 [ %indvar.next, %FIRFilterStreaming.exit ], [ 0, %legup_memset_4.exit ]
operationFuId= main_signed_add_32_0 operandFuId= NOFu
Press Enter to continue.

operation =   %i.01 = add i32 %indvar, 1 with operand name=   %indvar = phi i32 [ %indvar.next, %FIRFilterStreaming.exit ], [ 0, %legup_memset_4.exit ]
operationFuId= main_signed_add_32_1 operandFuId= NOFu
Press Enter to continue.

  %i.01 = add i32 %indvar, 1 assigned to = main_signed_add_32_0
operation =   store i32 %31, i32* %6, align 4, !tbaa !1 with operand name=   %31 = phi i32 [ %30, %FIRFilterStreaming.exit ], [ 0, %legup_memset_4.exit ]
operationFuId= main_mem_dual_port_0 operandFuId= NOFu
Press Enter to continue.

operation =   store i32 %31, i32* %6, align 4, !tbaa !1 with operand name=   %6 = getelementptr inbounds [16 x i32]* %previous, i32 0, i32 13
operationFuId= main_mem_dual_port_0 operandFuId= NOFu
Press Enter to continue.

operation =   store i32 %31, i32* %6, align 4, !tbaa !1 with operand name=   %31 = phi i32 [ %30, %FIRFilterStreaming.exit ], [ 0, %legup_memset_4.exit ]
operationFuId= main_mem_dual_port_1 operandFuId= NOFu
Press Enter to continue.

operation =   store i32 %31, i32* %6, align 4, !tbaa !1 with operand name=   %6 = getelementptr inbounds [16 x i32]* %previous, i32 0, i32 13
operationFuId= main_mem_dual_port_1 operandFuId= NOFu
Press Enter to continue.

operation =   store i32 %30, i32* %7, align 4, !tbaa !1 with operand name=   %30 = phi i32 [ %29, %FIRFilterStreaming.exit ], [ 0, %legup_memset_4.exit ]
operationFuId= main_mem_dual_port_0 operandFuId= NOFu
Press Enter to continue.

operation =   store i32 %30, i32* %7, align 4, !tbaa !1 with operand name=   %7 = getelementptr inbounds [16 x i32]* %previous, i32 0, i32 12
operationFuId= main_mem_dual_port_0 operandFuId= NOFu
Press Enter to continue.

operation =   store i32 %30, i32* %7, align 4, !tbaa !1 with operand name=   %30 = phi i32 [ %29, %FIRFilterStreaming.exit ], [ 0, %legup_memset_4.exit ]
operationFuId= main_mem_dual_port_1 operandFuId= NOFu
Press Enter to continue.

operation =   store i32 %30, i32* %7, align 4, !tbaa !1 with operand name=   %7 = getelementptr inbounds [16 x i32]* %previous, i32 0, i32 12
operationFuId= main_mem_dual_port_1 operandFuId= NOFu
Press Enter to continue.

  store i32 %31, i32* %6, align 4, !tbaa !1 assigned to = main_mem_dual_port_0
  store i32 %30, i32* %7, align 4, !tbaa !1 assigned to = main_mem_dual_port_1
operation =   store i32 %29, i32* %8, align 4, !tbaa !1 with operand name=   %29 = phi i32 [ %28, %FIRFilterStreaming.exit ], [ 0, %legup_memset_4.exit ]
operationFuId= main_mem_dual_port_0 operandFuId= NOFu
Press Enter to continue.

operation =   store i32 %29, i32* %8, align 4, !tbaa !1 with operand name=   %8 = getelementptr inbounds [16 x i32]* %previous, i32 0, i32 11
operationFuId= main_mem_dual_port_0 operandFuId= NOFu
Press Enter to continue.

operation =   store i32 %29, i32* %8, align 4, !tbaa !1 with operand name=   %29 = phi i32 [ %28, %FIRFilterStreaming.exit ], [ 0, %legup_memset_4.exit ]
operationFuId= main_mem_dual_port_1 operandFuId= NOFu
Press Enter to continue.

operation =   store i32 %29, i32* %8, align 4, !tbaa !1 with operand name=   %8 = getelementptr inbounds [16 x i32]* %previous, i32 0, i32 11
operationFuId= main_mem_dual_port_1 operandFuId= NOFu
Press Enter to continue.

operation =   store i32 %28, i32* %9, align 4, !tbaa !1 with operand name=   %28 = phi i32 [ %27, %FIRFilterStreaming.exit ], [ 0, %legup_memset_4.exit ]
operationFuId= main_mem_dual_port_0 operandFuId= NOFu
Press Enter to continue.

operation =   store i32 %28, i32* %9, align 4, !tbaa !1 with operand name=   %9 = getelementptr inbounds [16 x i32]* %previous, i32 0, i32 10
operationFuId= main_mem_dual_port_0 operandFuId= NOFu
Press Enter to continue.

operation =   store i32 %28, i32* %9, align 4, !tbaa !1 with operand name=   %28 = phi i32 [ %27, %FIRFilterStreaming.exit ], [ 0, %legup_memset_4.exit ]
operationFuId= main_mem_dual_port_1 operandFuId= NOFu
Press Enter to continue.

operation =   store i32 %28, i32* %9, align 4, !tbaa !1 with operand name=   %9 = getelementptr inbounds [16 x i32]* %previous, i32 0, i32 10
operationFuId= main_mem_dual_port_1 operandFuId= NOFu
Press Enter to continue.

  store i32 %29, i32* %8, align 4, !tbaa !1 assigned to = main_mem_dual_port_0
  store i32 %28, i32* %9, align 4, !tbaa !1 assigned to = main_mem_dual_port_1
operation =   store i32 %27, i32* %10, align 4, !tbaa !1 with operand name=   %27 = phi i32 [ %26, %FIRFilterStreaming.exit ], [ 0, %legup_memset_4.exit ]
operationFuId= main_mem_dual_port_0 operandFuId= NOFu
Press Enter to continue.

operation =   store i32 %27, i32* %10, align 4, !tbaa !1 with operand name=   %10 = getelementptr inbounds [16 x i32]* %previous, i32 0, i32 9
operationFuId= main_mem_dual_port_0 operandFuId= NOFu
Press Enter to continue.

operation =   store i32 %27, i32* %10, align 4, !tbaa !1 with operand name=   %27 = phi i32 [ %26, %FIRFilterStreaming.exit ], [ 0, %legup_memset_4.exit ]
operationFuId= main_mem_dual_port_1 operandFuId= NOFu
Press Enter to continue.

operation =   store i32 %27, i32* %10, align 4, !tbaa !1 with operand name=   %10 = getelementptr inbounds [16 x i32]* %previous, i32 0, i32 9
operationFuId= main_mem_dual_port_1 operandFuId= NOFu
Press Enter to continue.

operation =   store i32 %26, i32* %11, align 4, !tbaa !1 with operand name=   %26 = phi i32 [ %25, %FIRFilterStreaming.exit ], [ 0, %legup_memset_4.exit ]
operationFuId= main_mem_dual_port_0 operandFuId= NOFu
Press Enter to continue.

operation =   store i32 %26, i32* %11, align 4, !tbaa !1 with operand name=   %11 = getelementptr inbounds [16 x i32]* %previous, i32 0, i32 8
operationFuId= main_mem_dual_port_0 operandFuId= NOFu
Press Enter to continue.

operation =   store i32 %26, i32* %11, align 4, !tbaa !1 with operand name=   %26 = phi i32 [ %25, %FIRFilterStreaming.exit ], [ 0, %legup_memset_4.exit ]
operationFuId= main_mem_dual_port_1 operandFuId= NOFu
Press Enter to continue.

operation =   store i32 %26, i32* %11, align 4, !tbaa !1 with operand name=   %11 = getelementptr inbounds [16 x i32]* %previous, i32 0, i32 8
operationFuId= main_mem_dual_port_1 operandFuId= NOFu
Press Enter to continue.

  store i32 %27, i32* %10, align 4, !tbaa !1 assigned to = main_mem_dual_port_0
  store i32 %26, i32* %11, align 4, !tbaa !1 assigned to = main_mem_dual_port_1
operation =   store i32 %25, i32* %12, align 4, !tbaa !1 with operand name=   %25 = phi i32 [ %24, %FIRFilterStreaming.exit ], [ 0, %legup_memset_4.exit ]
operationFuId= main_mem_dual_port_0 operandFuId= NOFu
Press Enter to continue.

operation =   store i32 %25, i32* %12, align 4, !tbaa !1 with operand name=   %12 = getelementptr inbounds [16 x i32]* %previous, i32 0, i32 7
operationFuId= main_mem_dual_port_0 operandFuId= NOFu
Press Enter to continue.

operation =   store i32 %25, i32* %12, align 4, !tbaa !1 with operand name=   %25 = phi i32 [ %24, %FIRFilterStreaming.exit ], [ 0, %legup_memset_4.exit ]
operationFuId= main_mem_dual_port_1 operandFuId= NOFu
Press Enter to continue.

operation =   store i32 %25, i32* %12, align 4, !tbaa !1 with operand name=   %12 = getelementptr inbounds [16 x i32]* %previous, i32 0, i32 7
operationFuId= main_mem_dual_port_1 operandFuId= NOFu
Press Enter to continue.

operation =   store i32 %24, i32* %13, align 4, !tbaa !1 with operand name=   %24 = phi i32 [ %23, %FIRFilterStreaming.exit ], [ 0, %legup_memset_4.exit ]
operationFuId= main_mem_dual_port_0 operandFuId= NOFu
Press Enter to continue.

operation =   store i32 %24, i32* %13, align 4, !tbaa !1 with operand name=   %13 = getelementptr inbounds [16 x i32]* %previous, i32 0, i32 6
operationFuId= main_mem_dual_port_0 operandFuId= NOFu
Press Enter to continue.

operation =   store i32 %24, i32* %13, align 4, !tbaa !1 with operand name=   %24 = phi i32 [ %23, %FIRFilterStreaming.exit ], [ 0, %legup_memset_4.exit ]
operationFuId= main_mem_dual_port_1 operandFuId= NOFu
Press Enter to continue.

operation =   store i32 %24, i32* %13, align 4, !tbaa !1 with operand name=   %13 = getelementptr inbounds [16 x i32]* %previous, i32 0, i32 6
operationFuId= main_mem_dual_port_1 operandFuId= NOFu
Press Enter to continue.

  store i32 %25, i32* %12, align 4, !tbaa !1 assigned to = main_mem_dual_port_0
  store i32 %24, i32* %13, align 4, !tbaa !1 assigned to = main_mem_dual_port_1
operation =   store i32 %23, i32* %14, align 4, !tbaa !1 with operand name=   %23 = phi i32 [ %22, %FIRFilterStreaming.exit ], [ 0, %legup_memset_4.exit ]
operationFuId= main_mem_dual_port_0 operandFuId= NOFu
Press Enter to continue.

operation =   store i32 %23, i32* %14, align 4, !tbaa !1 with operand name=   %14 = getelementptr inbounds [16 x i32]* %previous, i32 0, i32 5
operationFuId= main_mem_dual_port_0 operandFuId= NOFu
Press Enter to continue.

operation =   store i32 %23, i32* %14, align 4, !tbaa !1 with operand name=   %23 = phi i32 [ %22, %FIRFilterStreaming.exit ], [ 0, %legup_memset_4.exit ]
operationFuId= main_mem_dual_port_1 operandFuId= NOFu
Press Enter to continue.

operation =   store i32 %23, i32* %14, align 4, !tbaa !1 with operand name=   %14 = getelementptr inbounds [16 x i32]* %previous, i32 0, i32 5
operationFuId= main_mem_dual_port_1 operandFuId= NOFu
Press Enter to continue.

operation =   store i32 %22, i32* %15, align 4, !tbaa !1 with operand name=   %22 = phi i32 [ %21, %FIRFilterStreaming.exit ], [ 0, %legup_memset_4.exit ]
operationFuId= main_mem_dual_port_0 operandFuId= NOFu
Press Enter to continue.

operation =   store i32 %22, i32* %15, align 4, !tbaa !1 with operand name=   %15 = getelementptr inbounds [16 x i32]* %previous, i32 0, i32 4
operationFuId= main_mem_dual_port_0 operandFuId= NOFu
Press Enter to continue.

operation =   store i32 %22, i32* %15, align 4, !tbaa !1 with operand name=   %22 = phi i32 [ %21, %FIRFilterStreaming.exit ], [ 0, %legup_memset_4.exit ]
operationFuId= main_mem_dual_port_1 operandFuId= NOFu
Press Enter to continue.

operation =   store i32 %22, i32* %15, align 4, !tbaa !1 with operand name=   %15 = getelementptr inbounds [16 x i32]* %previous, i32 0, i32 4
operationFuId= main_mem_dual_port_1 operandFuId= NOFu
Press Enter to continue.

  store i32 %23, i32* %14, align 4, !tbaa !1 assigned to = main_mem_dual_port_0
  store i32 %22, i32* %15, align 4, !tbaa !1 assigned to = main_mem_dual_port_1
operation =   store i32 %21, i32* %16, align 4, !tbaa !1 with operand name=   %21 = phi i32 [ %20, %FIRFilterStreaming.exit ], [ 0, %legup_memset_4.exit ]
operationFuId= main_mem_dual_port_0 operandFuId= NOFu
Press Enter to continue.

operation =   store i32 %21, i32* %16, align 4, !tbaa !1 with operand name=   %16 = getelementptr inbounds [16 x i32]* %previous, i32 0, i32 3
operationFuId= main_mem_dual_port_0 operandFuId= NOFu
Press Enter to continue.

operation =   store i32 %21, i32* %16, align 4, !tbaa !1 with operand name=   %21 = phi i32 [ %20, %FIRFilterStreaming.exit ], [ 0, %legup_memset_4.exit ]
operationFuId= main_mem_dual_port_1 operandFuId= NOFu
Press Enter to continue.

operation =   store i32 %21, i32* %16, align 4, !tbaa !1 with operand name=   %16 = getelementptr inbounds [16 x i32]* %previous, i32 0, i32 3
operationFuId= main_mem_dual_port_1 operandFuId= NOFu
Press Enter to continue.

operation =   store i32 %20, i32* %17, align 4, !tbaa !1 with operand name=   %20 = phi i32 [ %indvar, %FIRFilterStreaming.exit ], [ 0, %legup_memset_4.exit ]
operationFuId= main_mem_dual_port_0 operandFuId= NOFu
Press Enter to continue.

operation =   store i32 %20, i32* %17, align 4, !tbaa !1 with operand name=   %17 = getelementptr inbounds [16 x i32]* %previous, i32 0, i32 2
operationFuId= main_mem_dual_port_0 operandFuId= NOFu
Press Enter to continue.

operation =   store i32 %20, i32* %17, align 4, !tbaa !1 with operand name=   %20 = phi i32 [ %indvar, %FIRFilterStreaming.exit ], [ 0, %legup_memset_4.exit ]
operationFuId= main_mem_dual_port_1 operandFuId= NOFu
Press Enter to continue.

operation =   store i32 %20, i32* %17, align 4, !tbaa !1 with operand name=   %17 = getelementptr inbounds [16 x i32]* %previous, i32 0, i32 2
operationFuId= main_mem_dual_port_1 operandFuId= NOFu
Press Enter to continue.

  store i32 %21, i32* %16, align 4, !tbaa !1 assigned to = main_mem_dual_port_0
  store i32 %20, i32* %17, align 4, !tbaa !1 assigned to = main_mem_dual_port_1
operation =   store i32 %indvar, i32* %18, align 4, !tbaa !1 with operand name=   %indvar = phi i32 [ %indvar.next, %FIRFilterStreaming.exit ], [ 0, %legup_memset_4.exit ]
operationFuId= main_mem_dual_port_0 operandFuId= NOFu
Press Enter to continue.

operation =   store i32 %indvar, i32* %18, align 4, !tbaa !1 with operand name=   %18 = getelementptr inbounds [16 x i32]* %previous, i32 0, i32 1
operationFuId= main_mem_dual_port_0 operandFuId= NOFu
Press Enter to continue.

operation =   store i32 %indvar, i32* %18, align 4, !tbaa !1 with operand name=   %indvar = phi i32 [ %indvar.next, %FIRFilterStreaming.exit ], [ 0, %legup_memset_4.exit ]
operationFuId= main_mem_dual_port_1 operandFuId= NOFu
Press Enter to continue.

operation =   store i32 %indvar, i32* %18, align 4, !tbaa !1 with operand name=   %18 = getelementptr inbounds [16 x i32]* %previous, i32 0, i32 1
operationFuId= main_mem_dual_port_1 operandFuId= NOFu
Press Enter to continue.

operation =   store i32 %i.01, i32* %3, align 4, !tbaa !1 with operand name=   %i.01 = add i32 %indvar, 1
operationFuId= main_mem_dual_port_0 operandFuId= main_signed_add_32_0
Press Enter to continue.

operation =   store i32 %i.01, i32* %3, align 4, !tbaa !1 with operand name=   %3 = getelementptr inbounds [16 x i32]* %previous, i32 0, i32 0
operationFuId= main_mem_dual_port_0 operandFuId= NOFu
Press Enter to continue.

operation =   store i32 %i.01, i32* %3, align 4, !tbaa !1 with operand name=   %i.01 = add i32 %indvar, 1
operationFuId= main_mem_dual_port_1 operandFuId= main_signed_add_32_0
Press Enter to continue.

operation =   store i32 %i.01, i32* %3, align 4, !tbaa !1 with operand name=   %3 = getelementptr inbounds [16 x i32]* %previous, i32 0, i32 0
operationFuId= main_mem_dual_port_1 operandFuId= NOFu
Press Enter to continue.

  store i32 %indvar, i32* %18, align 4, !tbaa !1 assigned to = main_mem_dual_port_0
  store i32 %i.01, i32* %3, align 4, !tbaa !1 assigned to = main_mem_dual_port_1
operation =   %37 = load i32* %scevgep, align 4, !tbaa !1 with operand name=   %scevgep = getelementptr [16 x i32]* @main.coefficients, i32 0, i32 %j.02.i
operationFuId= main_mem_dual_port_0 operandFuId= NOFu
Press Enter to continue.

operation =   %37 = load i32* %scevgep, align 4, !tbaa !1 with operand name=   %scevgep = getelementptr [16 x i32]* @main.coefficients, i32 0, i32 %j.02.i
operationFuId= main_mem_dual_port_1 operandFuId= NOFu
Press Enter to continue.

  %37 = load i32* %scevgep, align 4, !tbaa !1 assigned to = main_mem_dual_port_1
operation =   %40 = add nsw i32 %j.02.i, 1 with operand name=   %j.02.i = phi i32 [ %40, %.preheader.i ], [ 0, %.preheader.i.preheader ]
operationFuId= main_signed_add_32_0 operandFuId= NOFu
Press Enter to continue.

operation =   %40 = add nsw i32 %j.02.i, 1 with operand name=   %j.02.i = phi i32 [ %40, %.preheader.i ], [ 0, %.preheader.i.preheader ]
operationFuId= main_signed_add_32_1 operandFuId= NOFu
Press Enter to continue.

  %40 = add nsw i32 %j.02.i, 1 assigned to = main_signed_add_32_1
operation =   %35 = sub i32 15, %j.02.i with operand name=   %j.02.i = phi i32 [ %40, %.preheader.i ], [ 0, %.preheader.i.preheader ]
operationFuId= main_signed_subtract_32_0 operandFuId= NOFu
Press Enter to continue.

  %35 = sub i32 15, %j.02.i assigned to = main_signed_subtract_32_0
operation =   %36 = load i32* %scevgep2, align 4, !tbaa !1 with operand name=   %scevgep2 = getelementptr [16 x i32]* %previous, i32 0, i32 %35
operationFuId= main_mem_dual_port_0 operandFuId= NOFu
Press Enter to continue.

operation =   %36 = load i32* %scevgep2, align 4, !tbaa !1 with operand name=   %scevgep2 = getelementptr [16 x i32]* %previous, i32 0, i32 %35
operationFuId= main_mem_dual_port_1 operandFuId= NOFu
Press Enter to continue.

  %36 = load i32* %scevgep2, align 4, !tbaa !1 assigned to = main_mem_dual_port_0
operation =   %38 = mul nsw i32 %37, %36 with operand name=   %37 = load i32* %scevgep, align 4, !tbaa !1
operationFuId= main_signed_multiply_32_0 operandFuId= main_mem_dual_port_1
Press Enter to continue.

operation =   %38 = mul nsw i32 %37, %36 with operand name=   %36 = load i32* %scevgep2, align 4, !tbaa !1
operationFuId= main_signed_multiply_32_0 operandFuId= main_mem_dual_port_0
Press Enter to continue.

  %38 = mul nsw i32 %37, %36 assigned to = main_signed_multiply_32_0
operation =   %39 = add nsw i32 %38, %temp.01.i with operand name=   %38 = mul nsw i32 %37, %36
operationFuId= main_signed_add_32_0 operandFuId= main_signed_multiply_32_0
Press Enter to continue.

operation =   %39 = add nsw i32 %38, %temp.01.i with operand name=   %temp.01.i = phi i32 [ %39, %.preheader.i ], [ 0, %.preheader.i.preheader ]
operationFuId= main_signed_add_32_0 operandFuId= NOFu
Press Enter to continue.

operation =   %39 = add nsw i32 %38, %temp.01.i with operand name=   %38 = mul nsw i32 %37, %36
operationFuId= main_signed_add_32_1 operandFuId= main_signed_multiply_32_0
Press Enter to continue.

operation =   %39 = add nsw i32 %38, %temp.01.i with operand name=   %temp.01.i = phi i32 [ %39, %.preheader.i ], [ 0, %.preheader.i.preheader ]
operationFuId= main_signed_add_32_1 operandFuId= NOFu
Press Enter to continue.

  %39 = add nsw i32 %38, %temp.01.i assigned to = main_signed_add_32_1
operation =   %41 = add i32 %.0.i, %total.02 with operand name=   %.0.i = phi i32 [ 0, %19 ], [ %39, %FIRFilterStreaming.exit.loopexit ]
operationFuId= main_signed_add_32_0 operandFuId= NOFu
Press Enter to continue.

operation =   %41 = add i32 %.0.i, %total.02 with operand name=   %total.02 = phi i32 [ %41, %FIRFilterStreaming.exit ], [ 0, %legup_memset_4.exit ]
operationFuId= main_signed_add_32_0 operandFuId= NOFu
Press Enter to continue.

operation =   %41 = add i32 %.0.i, %total.02 with operand name=   %.0.i = phi i32 [ 0, %19 ], [ %39, %FIRFilterStreaming.exit.loopexit ]
operationFuId= main_signed_add_32_1 operandFuId= NOFu
Press Enter to continue.

operation =   %41 = add i32 %.0.i, %total.02 with operand name=   %total.02 = phi i32 [ %41, %FIRFilterStreaming.exit ], [ 0, %legup_memset_4.exit ]
operationFuId= main_signed_add_32_1 operandFuId= NOFu
Press Enter to continue.

operation =   %indvar.next = add i32 %indvar, 1 with operand name=   %indvar = phi i32 [ %indvar.next, %FIRFilterStreaming.exit ], [ 0, %legup_memset_4.exit ]
operationFuId= main_signed_add_32_0 operandFuId= NOFu
Press Enter to continue.

operation =   %indvar.next = add i32 %indvar, 1 with operand name=   %indvar = phi i32 [ %indvar.next, %FIRFilterStreaming.exit ], [ 0, %legup_memset_4.exit ]
operationFuId= main_signed_add_32_1 operandFuId= NOFu
Press Enter to continue.

  %41 = add i32 %.0.i, %total.02 assigned to = main_signed_add_32_1
  %indvar.next = add i32 %indvar, 1 assigned to = main_signed_add_32_0

