//----------------------------------------------------------------------------//
// Generated by LegUp High-Level Synthesis Tool Version 4.0 (http://legup.org)
// Compiled: Sun Jul 26 12:56:54 2015
// University of Toronto
// For research and academic purposes only. Commercial use is prohibited.
// Please send bugs to: legup@eecg.toronto.edu
// Date: Mon Nov 12 01:42:18 2018
//----------------------------------------------------------------------------//

-----------------Function: main---------------
-------------------------1---------------------------
-----------------Delay of path:4.99 ns---------------
-----------------State:LEGUP_F_main_BB_FIRFilterStreamingexit_22-----------------
(2.50 ns) --- (2.50 ns) ---   %indvar.next = add i32 %indvar, 1
(2.49 ns) --- (4.99 ns) ---   %exitcond3 = icmp eq i32 %indvar.next, 32
(0.00 ns) --- (4.99 ns) ---   br i1 %exitcond3, label %42, label %19

-----------------Function: main---------------
-------------------------2---------------------------
-----------------Delay of path:4.99 ns---------------
-----------------State:LEGUP_F_main_BB_preheaderi_16-----------------
(0.00 ns) --- (0.00 ns) ---   %j.02.i = phi i32 [ %40, %.preheader.i ], [ 0, %.preheader.i.preheader ]
(2.50 ns) --- (2.50 ns) ---   %40 = add nsw i32 %j.02.i, 1
(2.49 ns) --- (4.99 ns) ---   %exitcond1 = icmp eq i32 %40, 16
(0.00 ns) --- (4.99 ns) ---   br i1 %exitcond1, label %FIRFilterStreaming.exit.loopexit, label %.preheader.i

-----------------Function: main---------------
-------------------------3---------------------------
-----------------Delay of path:2.59 ns---------------
-----------------State:LEGUP_F_main_BB_preheaderi_19-----------------
(2.59 ns) --- (2.59 ns) ---   %38 = mul nsw i32 %37, %36

-----------------Function: main---------------
-------------------------4---------------------------
-----------------Delay of path:2.50 ns---------------
-----------------State:LEGUP_F_main_BB_FIRFilterStreamingexit_22-----------------
(0.00 ns) --- (0.00 ns) ---   %.0.i = phi i32 [ 0, %19 ], [ %39, %FIRFilterStreaming.exit.loopexit ]
(2.50 ns) --- (2.50 ns) ---   %41 = add i32 %.0.i, %total.02

-----------------Function: main---------------
-------------------------5---------------------------
-----------------Delay of path:2.50 ns---------------
-----------------State:LEGUP_F_main_BB_preheaderi_20-----------------
(2.50 ns) --- (2.50 ns) ---   %39 = add nsw i32 %38, %temp.01.i

-----------------Function: main---------------
-------------------------6---------------------------
-----------------Delay of path:2.50 ns---------------
-----------------State:LEGUP_F_main_BB__19_6-----------------
(0.00 ns) --- (0.00 ns) ---   %indvar = phi i32 [ %indvar.next, %FIRFilterStreaming.exit ], [ 0, %legup_memset_4.exit ]
(2.50 ns) --- (2.50 ns) ---   %i.01 = add i32 %indvar, 1

-----------------Function: main---------------
-------------------------7---------------------------
-----------------Delay of path:2.50 ns---------------
-----------------State:LEGUP_F_main_BB__2_3-----------------
(2.50 ns) --- (2.50 ns) ---   %indvar.next5 = add i32 %indvar4, 1

-----------------Function: main---------------
-------------------------8---------------------------
-----------------Delay of path:2.49 ns---------------
-----------------State:LEGUP_F_main_BB__42_23-----------------
(2.49 ns) --- (2.49 ns) ---   %44 = icmp eq i32 %41, 44880
(0.00 ns) --- (2.49 ns) ---   br i1 %44, label %45, label %47

-----------------Function: main---------------
-------------------------9---------------------------
-----------------Delay of path:2.49 ns---------------
-----------------State:LEGUP_F_main_BB__19_6-----------------
(0.00 ns) --- (0.00 ns) ---   %33 = phi i32 [ %32, %FIRFilterStreaming.exit ], [ 0, %legup_memset_4.exit ]
(2.49 ns) --- (2.49 ns) ---   %34 = icmp eq i32 %33, 0
(0.00 ns) --- (2.49 ns) ---   br i1 %34, label %FIRFilterStreaming.exit, label %.preheader.i.preheader

-----------------Function: main---------------
-------------------------10---------------------------
-----------------Delay of path:2.49 ns---------------
-----------------State:LEGUP_F_main_BB__1_2-----------------
(0.00 ns) --- (0.00 ns) ---   %indvar4 = phi i32 [ %indvar.next5, %2 ], [ 0, %0 ]
(2.49 ns) --- (2.49 ns) ---   %exitcond = icmp eq i32 %indvar4, 16
(0.00 ns) --- (2.49 ns) ---   br i1 %exitcond, label %legup_memset_4.exit, label %2


