//----------------------------------------------------------------------------//
// Generated by LegUp High-Level Synthesis Tool Version 4.0 (http://legup.org)
// Compiled: Sun Jul 26 12:56:54 2015
// University of Toronto
// For research and academic purposes only. Commercial use is prohibited.
// Please send bugs to: legup@eecg.toronto.edu
// Date: Sun Jun 23 09:13:20 2019
//----------------------------------------------------------------------------//

--------------------------------------------------------------------------------
Function: main
--------------------------------------------------------------------------------
Function unit type:           Number Required               
bitoff_local_mem_dual_port    1                             
inData_local_mem_dual_port    1                             
main_0_Ki_local_mem_dual_port 2                             
main_0_LARc_local_mem_dual_port2                             
main_0_Pi_local_mem_dual_port 2                             
main_0_so_local_mem_dual_port 2                             
mem_dual_port                 1                             
outData_local_mem_dual_port   1                             

Running Bipartite Weighted Matching on function: main
State: LEGUP_F_main_BB__1
Binding functional unit type: inData_local_mem_dual_port
Weight matrix for operation/function unit matching:
                                                  main_inData_local_mem_dual_port_0
  %2 = load i16* %scevgep49, a... (idx: 0)        10                            
Solving Bipartite Weighted Matching (minimize weights)...
Assignment matrix after operation/function unit matching:
                                                  main_inData_local_mem_dual_port_0
  %2 = load i16* %scevgep49, a... (idx: 0)        1                             
Checking that every operator was assigned to a functional unit...yes
Binding operator -> functional unit assignments:
  %2 = load i16* %scevgep49, a... (idx: 0) -> main_inData_local_mem_dual_port_0 (mux inputs: 1)
State: LEGUP_F_main_BB__1
Binding functional unit type: main_0_so_local_mem_dual_port
Weight matrix for operation/function unit matching:
                                                  main_main_0_so_local_mem_dual_port_0main_main_0_so_local_mem_dual_port_1
  store i16 %2, i16* %scevgep4... (idx: 0)        20                            20                            
Solving Bipartite Weighted Matching (minimize weights)...
Assignment matrix after operation/function unit matching:
                                                  main_main_0_so_local_mem_dual_port_0main_main_0_so_local_mem_dual_port_1
  store i16 %2, i16* %scevgep4... (idx: 0)        1                             0                             
Checking that every operator was assigned to a functional unit...yes
Binding operator -> functional unit assignments:
  store i16 %2, i16* %scevgep4... (idx: 0) -> main_main_0_so_local_mem_dual_port_0 (mux inputs: 2)
State: LEGUP_F_main_BB__4
Binding functional unit type: main_0_so_local_mem_dual_port
Weight matrix for operation/function unit matching:
  %5 = load i16* %scevgep46, a... can share an output register with another operation already assigned to main_main_0_so_local_mem_dual_port_0
                                                  main_main_0_so_local_mem_dual_port_0main_main_0_so_local_mem_dual_port_1
  %5 = load i16* %scevgep46, a... (idx: 0)        7                             10                            
Solving Bipartite Weighted Matching (minimize weights)...
Assignment matrix after operation/function unit matching:
                                                  main_main_0_so_local_mem_dual_port_0main_main_0_so_local_mem_dual_port_1
  %5 = load i16* %scevgep46, a... (idx: 0)        1                             0                             
Checking that every operator was assigned to a functional unit...yes
Binding operator -> functional unit assignments:
  %5 = load i16* %scevgep46, a... (idx: 0) -> main_main_0_so_local_mem_dual_port_0 (mux inputs: 3)
State: LEGUP_F_main_BB__29
Binding functional unit type: bitoff_local_mem_dual_port
Weight matrix for operation/function unit matching:
                                                  main_bitoff_local_mem_dual_port_0
  %32 = load i8* %31, align 1,... (idx: 0)        10                            
Solving Bipartite Weighted Matching (minimize weights)...
Assignment matrix after operation/function unit matching:
                                                  main_bitoff_local_mem_dual_port_0
  %32 = load i8* %31, align 1,... (idx: 0)        1                             
Checking that every operator was assigned to a functional unit...yes
Binding operator -> functional unit assignments:
  %32 = load i8* %31, align 1,... (idx: 0) -> main_bitoff_local_mem_dual_port_0 (mux inputs: 1)
State: LEGUP_F_main_BB__35
Binding functional unit type: bitoff_local_mem_dual_port
Weight matrix for operation/function unit matching:
  %39 = load i8* %38, align 1,... can share an output register with another operation already assigned to main_bitoff_local_mem_dual_port_0
                                                  main_bitoff_local_mem_dual_port_0
  %39 = load i8* %38, align 1,... (idx: 0)        6                             
Solving Bipartite Weighted Matching (minimize weights)...
Assignment matrix after operation/function unit matching:
                                                  main_bitoff_local_mem_dual_port_0
  %39 = load i8* %38, align 1,... (idx: 0)        1                             
Checking that every operator was assigned to a functional unit...yes
Binding operator -> functional unit assignments:
  %39 = load i8* %38, align 1,... (idx: 0) -> main_bitoff_local_mem_dual_port_0 (mux inputs: 2)
State: LEGUP_F_main_BB__45
Binding functional unit type: bitoff_local_mem_dual_port
Weight matrix for operation/function unit matching:
  %49 = load i8* %48, align 1,... can share an output register with another operation already assigned to main_bitoff_local_mem_dual_port_0
                                                  main_bitoff_local_mem_dual_port_0
  %49 = load i8* %48, align 1,... (idx: 0)        7                             
Solving Bipartite Weighted Matching (minimize weights)...
Assignment matrix after operation/function unit matching:
                                                  main_bitoff_local_mem_dual_port_0
  %49 = load i8* %48, align 1,... (idx: 0)        1                             
Checking that every operator was assigned to a functional unit...yes
Binding operator -> functional unit assignments:
  %49 = load i8* %48, align 1,... (idx: 0) -> main_bitoff_local_mem_dual_port_0 (mux inputs: 3)
State: LEGUP_F_main_BB__52
Binding functional unit type: bitoff_local_mem_dual_port
Weight matrix for operation/function unit matching:
  %55 = load i8* %54, align 1,... can share an output register with another operation already assigned to main_bitoff_local_mem_dual_port_0
                                                  main_bitoff_local_mem_dual_port_0
  %55 = load i8* %54, align 1,... (idx: 0)        8                             
Solving Bipartite Weighted Matching (minimize weights)...
Assignment matrix after operation/function unit matching:
                                                  main_bitoff_local_mem_dual_port_0
  %55 = load i8* %54, align 1,... (idx: 0)        1                             
Checking that every operator was assigned to a functional unit...yes
Binding operator -> functional unit assignments:
  %55 = load i8* %54, align 1,... (idx: 0) -> main_bitoff_local_mem_dual_port_0 (mux inputs: 4)
State: LEGUP_F_main_BB_preheader6splitusi
Binding functional unit type: main_0_so_local_mem_dual_port
Weight matrix for operation/function unit matching:
  %67 = load i16* %scevgep42, ... can share an output register with another operation already assigned to main_main_0_so_local_mem_dual_port_0
                                                  main_main_0_so_local_mem_dual_port_0main_main_0_so_local_mem_dual_port_1
  %67 = load i16* %scevgep42, ... (idx: 0)        8                             10                            
Solving Bipartite Weighted Matching (minimize weights)...
Assignment matrix after operation/function unit matching:
                                                  main_main_0_so_local_mem_dual_port_0main_main_0_so_local_mem_dual_port_1
  %67 = load i16* %scevgep42, ... (idx: 0)        1                             0                             
Checking that every operator was assigned to a functional unit...yes
Binding operator -> functional unit assignments:
  %67 = load i16* %scevgep42, ... (idx: 0) -> main_main_0_so_local_mem_dual_port_0 (mux inputs: 4)
State: LEGUP_F_main_BB_gsm_mult_rexitusi
Binding functional unit type: main_0_so_local_mem_dual_port
Weight matrix for operation/function unit matching:
  store i16 %.0.i.us.i, i16* %... can share an input with another operation already assigned to main_main_0_so_local_mem_dual_port_0
  store i16 %.0.i.us.i, i16* %... can share an output register with another operation already assigned to main_main_0_so_local_mem_dual_port_0
                                                  main_main_0_so_local_mem_dual_port_0main_main_0_so_local_mem_dual_port_1
  store i16 %.0.i.us.i, i16* %... (idx: 0)        9                             20                            
Solving Bipartite Weighted Matching (minimize weights)...
Assignment matrix after operation/function unit matching:
                                                  main_main_0_so_local_mem_dual_port_0main_main_0_so_local_mem_dual_port_1
  store i16 %.0.i.us.i, i16* %... (idx: 0)        1                             0                             
Checking that every operator was assigned to a functional unit...yes
Binding operator -> functional unit assignments:
  store i16 %.0.i.us.i, i16* %... (idx: 0) -> main_main_0_so_local_mem_dual_port_0 (mux inputs: 5)
State: LEGUP_F_main_BB_gsm_mult_rexiti
Binding functional unit type: main_0_so_local_mem_dual_port
Weight matrix for operation/function unit matching:
  %76 = load i16* %scevgep44, ... can share an output register with another operation already assigned to main_main_0_so_local_mem_dual_port_0
                                                  main_main_0_so_local_mem_dual_port_0main_main_0_so_local_mem_dual_port_1
  %76 = load i16* %scevgep44, ... (idx: 0)        10                            10                            
Solving Bipartite Weighted Matching (minimize weights)...
Assignment matrix after operation/function unit matching:
                                                  main_main_0_so_local_mem_dual_port_0main_main_0_so_local_mem_dual_port_1
  %76 = load i16* %scevgep44, ... (idx: 0)        1                             0                             
Checking that every operator was assigned to a functional unit...yes
Binding operator -> functional unit assignments:
  %76 = load i16* %scevgep44, ... (idx: 0) -> main_main_0_so_local_mem_dual_port_0 (mux inputs: 6)
State: LEGUP_F_main_BB_gsm_mult_rexiti
Binding functional unit type: main_0_so_local_mem_dual_port
Weight matrix for operation/function unit matching:
  store i16 %81, i16* %scevgep... can share an input with another operation already assigned to main_main_0_so_local_mem_dual_port_0
  store i16 %81, i16* %scevgep... can share an output register with another operation already assigned to main_main_0_so_local_mem_dual_port_0
                                                  main_main_0_so_local_mem_dual_port_0main_main_0_so_local_mem_dual_port_1
  store i16 %81, i16* %scevgep... (idx: 0)        11                            20                            
Solving Bipartite Weighted Matching (minimize weights)...
Assignment matrix after operation/function unit matching:
                                                  main_main_0_so_local_mem_dual_port_0main_main_0_so_local_mem_dual_port_1
  store i16 %81, i16* %scevgep... (idx: 0)        1                             0                             
Checking that every operator was assigned to a functional unit...yes
Binding operator -> functional unit assignments:
  store i16 %81, i16* %scevgep... (idx: 0) -> main_main_0_so_local_mem_dual_port_0 (mux inputs: 7)
State: LEGUP_F_main_BB_threadi
Binding functional unit type: main_0_so_local_mem_dual_port
Weight matrix for operation/function unit matching:
  %84 = load i16* %14, align 2... can share an output register with another operation already assigned to main_main_0_so_local_mem_dual_port_0
  %88 = load i16* %87, align 2... can share an output register with another operation already assigned to main_main_0_so_local_mem_dual_port_0
                                                  main_main_0_so_local_mem_dual_port_0main_main_0_so_local_mem_dual_port_1
  %84 = load i16* %14, align 2... (idx: 0)        12                            10                            
  %88 = load i16* %87, align 2... (idx: 1)        12                            10                            
Solving Bipartite Weighted Matching (minimize weights)...
Assignment matrix after operation/function unit matching:
                                                  main_main_0_so_local_mem_dual_port_0main_main_0_so_local_mem_dual_port_1
  %84 = load i16* %14, align 2... (idx: 0)        1                             0                             
  %88 = load i16* %87, align 2... (idx: 1)        0                             1                             
Checking that every operator was assigned to a functional unit...yes
Binding operator -> functional unit assignments:
  %84 = load i16* %14, align 2... (idx: 0) -> main_main_0_so_local_mem_dual_port_0 (mux inputs: 8)
  %88 = load i16* %87, align 2... (idx: 1) -> main_main_0_so_local_mem_dual_port_1 (mux inputs: 1)
State: LEGUP_F_main_BB_threadi
Binding functional unit type: main_0_so_local_mem_dual_port
Weight matrix for operation/function unit matching:
  %93 = load i16* %92, align 2... can share an output register with another operation already assigned to main_main_0_so_local_mem_dual_port_0
  %93 = load i16* %92, align 2... can share an output register with another operation already assigned to main_main_0_so_local_mem_dual_port_1
  %101 = load i16* %100, align... can share an output register with another operation already assigned to main_main_0_so_local_mem_dual_port_0
  %101 = load i16* %100, align... can share an output register with another operation already assigned to main_main_0_so_local_mem_dual_port_1
                                                  main_main_0_so_local_mem_dual_port_0main_main_0_so_local_mem_dual_port_1
  %93 = load i16* %92, align 2... (idx: 0)        13                            6                             
  %101 = load i16* %100, align... (idx: 1)        13                            6                             
Solving Bipartite Weighted Matching (minimize weights)...
Assignment matrix after operation/function unit matching:
                                                  main_main_0_so_local_mem_dual_port_0main_main_0_so_local_mem_dual_port_1
  %93 = load i16* %92, align 2... (idx: 0)        1                             0                             
  %101 = load i16* %100, align... (idx: 1)        0                             1                             
Checking that every operator was assigned to a functional unit...yes
Binding operator -> functional unit assignments:
  %93 = load i16* %92, align 2... (idx: 0) -> main_main_0_so_local_mem_dual_port_0 (mux inputs: 9)
  %101 = load i16* %100, align... (idx: 1) -> main_main_0_so_local_mem_dual_port_1 (mux inputs: 2)
State: LEGUP_F_main_BB_threadi
Binding functional unit type: main_0_so_local_mem_dual_port
Weight matrix for operation/function unit matching:
  %111 = load i16* %110, align... can share an output register with another operation already assigned to main_main_0_so_local_mem_dual_port_0
  %111 = load i16* %110, align... can share an output register with another operation already assigned to main_main_0_so_local_mem_dual_port_1
  %123 = load i16* %122, align... can share an output register with another operation already assigned to main_main_0_so_local_mem_dual_port_0
  %123 = load i16* %122, align... can share an output register with another operation already assigned to main_main_0_so_local_mem_dual_port_1
                                                  main_main_0_so_local_mem_dual_port_0main_main_0_so_local_mem_dual_port_1
  %111 = load i16* %110, align... (idx: 0)        14                            7                             
  %123 = load i16* %122, align... (idx: 1)        14                            7                             
Solving Bipartite Weighted Matching (minimize weights)...
Assignment matrix after operation/function unit matching:
                                                  main_main_0_so_local_mem_dual_port_0main_main_0_so_local_mem_dual_port_1
  %111 = load i16* %110, align... (idx: 0)        1                             0                             
  %123 = load i16* %122, align... (idx: 1)        0                             1                             
Checking that every operator was assigned to a functional unit...yes
Binding operator -> functional unit assignments:
  %111 = load i16* %110, align... (idx: 0) -> main_main_0_so_local_mem_dual_port_0 (mux inputs: 10)
  %123 = load i16* %122, align... (idx: 1) -> main_main_0_so_local_mem_dual_port_1 (mux inputs: 3)
State: LEGUP_F_main_BB_threadi
Binding functional unit type: main_0_so_local_mem_dual_port
Weight matrix for operation/function unit matching:
  %137 = load i16* %136, align... can share an output register with another operation already assigned to main_main_0_so_local_mem_dual_port_0
  %137 = load i16* %136, align... can share an output register with another operation already assigned to main_main_0_so_local_mem_dual_port_1
  %153 = load i16* %152, align... can share an output register with another operation already assigned to main_main_0_so_local_mem_dual_port_0
                                                  main_main_0_so_local_mem_dual_port_0main_main_0_so_local_mem_dual_port_1
  %137 = load i16* %136, align... (idx: 0)        15                            8                             
  %153 = load i16* %152, align... (idx: 1)        15                            13                            
Solving Bipartite Weighted Matching (minimize weights)...
Assignment matrix after operation/function unit matching:
                                                  main_main_0_so_local_mem_dual_port_0main_main_0_so_local_mem_dual_port_1
  %137 = load i16* %136, align... (idx: 0)        0                             1                             
  %153 = load i16* %152, align... (idx: 1)        1                             0                             
Checking that every operator was assigned to a functional unit...yes
Binding operator -> functional unit assignments:
  %153 = load i16* %152, align... (idx: 1) -> main_main_0_so_local_mem_dual_port_0 (mux inputs: 11)
  %137 = load i16* %136, align... (idx: 0) -> main_main_0_so_local_mem_dual_port_1 (mux inputs: 4)
State: LEGUP_F_main_BB__179
Binding functional unit type: main_0_so_local_mem_dual_port
Weight matrix for operation/function unit matching:
  %197 = load i16* %scevgep40,... can share an output register with another operation already assigned to main_main_0_so_local_mem_dual_port_0
  %197 = load i16* %scevgep40,... can share an output register with another operation already assigned to main_main_0_so_local_mem_dual_port_1
  %204 = load i16* %scevgep39,... can share an output register with another operation already assigned to main_main_0_so_local_mem_dual_port_0
  %204 = load i16* %scevgep39,... can share an output register with another operation already assigned to main_main_0_so_local_mem_dual_port_1
                                                  main_main_0_so_local_mem_dual_port_0main_main_0_so_local_mem_dual_port_1
  %197 = load i16* %scevgep40,... (idx: 0)        16                            9                             
  %204 = load i16* %scevgep39,... (idx: 1)        16                            9                             
Solving Bipartite Weighted Matching (minimize weights)...
Assignment matrix after operation/function unit matching:
                                                  main_main_0_so_local_mem_dual_port_0main_main_0_so_local_mem_dual_port_1
  %197 = load i16* %scevgep40,... (idx: 0)        1                             0                             
  %204 = load i16* %scevgep39,... (idx: 1)        0                             1                             
Checking that every operator was assigned to a functional unit...yes
Binding operator -> functional unit assignments:
  %197 = load i16* %scevgep40,... (idx: 0) -> main_main_0_so_local_mem_dual_port_0 (mux inputs: 12)
  %204 = load i16* %scevgep39,... (idx: 1) -> main_main_0_so_local_mem_dual_port_1 (mux inputs: 5)
State: LEGUP_F_main_BB__179
Binding functional unit type: main_0_so_local_mem_dual_port
Weight matrix for operation/function unit matching:
  %208 = load i16* %scevgep38,... can share an output register with another operation already assigned to main_main_0_so_local_mem_dual_port_0
  %208 = load i16* %scevgep38,... can share an output register with another operation already assigned to main_main_0_so_local_mem_dual_port_1
  %212 = load i16* %scevgep37,... can share an output register with another operation already assigned to main_main_0_so_local_mem_dual_port_0
  %212 = load i16* %scevgep37,... can share an output register with another operation already assigned to main_main_0_so_local_mem_dual_port_1
                                                  main_main_0_so_local_mem_dual_port_0main_main_0_so_local_mem_dual_port_1
  %208 = load i16* %scevgep38,... (idx: 0)        17                            10                            
  %212 = load i16* %scevgep37,... (idx: 1)        17                            10                            
Solving Bipartite Weighted Matching (minimize weights)...
Assignment matrix after operation/function unit matching:
                                                  main_main_0_so_local_mem_dual_port_0main_main_0_so_local_mem_dual_port_1
  %208 = load i16* %scevgep38,... (idx: 0)        1                             0                             
  %212 = load i16* %scevgep37,... (idx: 1)        0                             1                             
Checking that every operator was assigned to a functional unit...yes
Binding operator -> functional unit assignments:
  %208 = load i16* %scevgep38,... (idx: 0) -> main_main_0_so_local_mem_dual_port_0 (mux inputs: 13)
  %212 = load i16* %scevgep37,... (idx: 1) -> main_main_0_so_local_mem_dual_port_1 (mux inputs: 6)
State: LEGUP_F_main_BB__179
Binding functional unit type: main_0_so_local_mem_dual_port
Weight matrix for operation/function unit matching:
  %216 = load i16* %scevgep36,... can share an output register with another operation already assigned to main_main_0_so_local_mem_dual_port_0
  %216 = load i16* %scevgep36,... can share an output register with another operation already assigned to main_main_0_so_local_mem_dual_port_1
  %220 = load i16* %scevgep35,... can share an output register with another operation already assigned to main_main_0_so_local_mem_dual_port_0
  %220 = load i16* %scevgep35,... can share an output register with another operation already assigned to main_main_0_so_local_mem_dual_port_1
                                                  main_main_0_so_local_mem_dual_port_0main_main_0_so_local_mem_dual_port_1
  %216 = load i16* %scevgep36,... (idx: 0)        18                            11                            
  %220 = load i16* %scevgep35,... (idx: 1)        18                            11                            
Solving Bipartite Weighted Matching (minimize weights)...
Assignment matrix after operation/function unit matching:
                                                  main_main_0_so_local_mem_dual_port_0main_main_0_so_local_mem_dual_port_1
  %216 = load i16* %scevgep36,... (idx: 0)        1                             0                             
  %220 = load i16* %scevgep35,... (idx: 1)        0                             1                             
Checking that every operator was assigned to a functional unit...yes
Binding operator -> functional unit assignments:
  %216 = load i16* %scevgep36,... (idx: 0) -> main_main_0_so_local_mem_dual_port_0 (mux inputs: 14)
  %220 = load i16* %scevgep35,... (idx: 1) -> main_main_0_so_local_mem_dual_port_1 (mux inputs: 7)
State: LEGUP_F_main_BB__179
Binding functional unit type: main_0_so_local_mem_dual_port
Weight matrix for operation/function unit matching:
  %224 = load i16* %scevgep34,... can share an output register with another operation already assigned to main_main_0_so_local_mem_dual_port_0
  %224 = load i16* %scevgep34,... can share an output register with another operation already assigned to main_main_0_so_local_mem_dual_port_1
  %228 = load i16* %scevgep33,... can share an output register with another operation already assigned to main_main_0_so_local_mem_dual_port_0
  %228 = load i16* %scevgep33,... can share an output register with another operation already assigned to main_main_0_so_local_mem_dual_port_1
                                                  main_main_0_so_local_mem_dual_port_0main_main_0_so_local_mem_dual_port_1
  %224 = load i16* %scevgep34,... (idx: 0)        19                            12                            
  %228 = load i16* %scevgep33,... (idx: 1)        19                            12                            
Solving Bipartite Weighted Matching (minimize weights)...
Assignment matrix after operation/function unit matching:
                                                  main_main_0_so_local_mem_dual_port_0main_main_0_so_local_mem_dual_port_1
  %224 = load i16* %scevgep34,... (idx: 0)        1                             0                             
  %228 = load i16* %scevgep33,... (idx: 1)        0                             1                             
Checking that every operator was assigned to a functional unit...yes
Binding operator -> functional unit assignments:
  %224 = load i16* %scevgep34,... (idx: 0) -> main_main_0_so_local_mem_dual_port_0 (mux inputs: 15)
  %228 = load i16* %scevgep33,... (idx: 1) -> main_main_0_so_local_mem_dual_port_1 (mux inputs: 8)
State: LEGUP_F_main_BB_preheaderi
Binding functional unit type: main_0_so_local_mem_dual_port
Weight matrix for operation/function unit matching:
  store i16 %235, i16* %.08.i,... can share an output register with another operation already assigned to main_main_0_so_local_mem_dual_port_0
  store i16 %235, i16* %.08.i,... can share an output register with another operation already assigned to main_main_0_so_local_mem_dual_port_1
                                                  main_main_0_so_local_mem_dual_port_0main_main_0_so_local_mem_dual_port_1
  store i16 %235, i16* %.08.i,... (idx: 0)        30                            23                            
Solving Bipartite Weighted Matching (minimize weights)...
Assignment matrix after operation/function unit matching:
                                                  main_main_0_so_local_mem_dual_port_0main_main_0_so_local_mem_dual_port_1
  store i16 %235, i16* %.08.i,... (idx: 0)        0                             1                             
Checking that every operator was assigned to a functional unit...yes
Binding operator -> functional unit assignments:
  store i16 %235, i16* %.08.i,... (idx: 0) -> main_main_0_so_local_mem_dual_port_1 (mux inputs: 10)
State: LEGUP_F_main_BB__crit_edgei
Binding functional unit type: main_0_so_local_mem_dual_port
Weight matrix for operation/function unit matching:
  %.pre.i = load i16* %scevgep... can share an output register with another operation already assigned to main_main_0_so_local_mem_dual_port_0
  %.pre.i = load i16* %scevgep... can share an output register with another operation already assigned to main_main_0_so_local_mem_dual_port_1
                                                  main_main_0_so_local_mem_dual_port_0main_main_0_so_local_mem_dual_port_1
  %.pre.i = load i16* %scevgep... (idx: 0)        20                            15                            
Solving Bipartite Weighted Matching (minimize weights)...
Assignment matrix after operation/function unit matching:
                                                  main_main_0_so_local_mem_dual_port_0main_main_0_so_local_mem_dual_port_1
  %.pre.i = load i16* %scevgep... (idx: 0)        0                             1                             
Checking that every operator was assigned to a functional unit...yes
Binding operator -> functional unit assignments:
  %.pre.i = load i16* %scevgep... (idx: 0) -> main_main_0_so_local_mem_dual_port_1 (mux inputs: 11)
State: LEGUP_F_main_BB__240
Binding functional unit type: mem_dual_port
Weight matrix for operation/function unit matching:
                                                  main_mem_dual_port_0          
  store i16 0, i16* %s.i.0, al... (idx: 0)        10                            
Solving Bipartite Weighted Matching (minimize weights)...
Assignment matrix after operation/function unit matching:
                                                  main_mem_dual_port_0          
  store i16 0, i16* %s.i.0, al... (idx: 0)        1                             
Checking that every operator was assigned to a functional unit...yes
Binding operator -> functional unit assignments:
  store i16 0, i16* %s.i.0, al... (idx: 0) -> main_mem_dual_port_0 (mux inputs: 1)
State: LEGUP_F_main_BB__254
Binding functional unit type: bitoff_local_mem_dual_port
Weight matrix for operation/function unit matching:
  %257 = load i8* %256, align ... can share an output register with another operation already assigned to main_bitoff_local_mem_dual_port_0
                                                  main_bitoff_local_mem_dual_port_0
  %257 = load i8* %256, align ... (idx: 0)        9                             
Solving Bipartite Weighted Matching (minimize weights)...
Assignment matrix after operation/function unit matching:
                                                  main_bitoff_local_mem_dual_port_0
  %257 = load i8* %256, align ... (idx: 0)        1                             
Checking that every operator was assigned to a functional unit...yes
Binding operator -> functional unit assignments:
  %257 = load i8* %256, align ... (idx: 0) -> main_bitoff_local_mem_dual_port_0 (mux inputs: 5)
State: LEGUP_F_main_BB__260
Binding functional unit type: bitoff_local_mem_dual_port
Weight matrix for operation/function unit matching:
  %264 = load i8* %263, align ... can share an output register with another operation already assigned to main_bitoff_local_mem_dual_port_0
                                                  main_bitoff_local_mem_dual_port_0
  %264 = load i8* %263, align ... (idx: 0)        10                            
Solving Bipartite Weighted Matching (minimize weights)...
Assignment matrix after operation/function unit matching:
                                                  main_bitoff_local_mem_dual_port_0
  %264 = load i8* %263, align ... (idx: 0)        1                             
Checking that every operator was assigned to a functional unit...yes
Binding operator -> functional unit assignments:
  %264 = load i8* %263, align ... (idx: 0) -> main_bitoff_local_mem_dual_port_0 (mux inputs: 6)
State: LEGUP_F_main_BB__270
Binding functional unit type: bitoff_local_mem_dual_port
Weight matrix for operation/function unit matching:
  %274 = load i8* %273, align ... can share an output register with another operation already assigned to main_bitoff_local_mem_dual_port_0
                                                  main_bitoff_local_mem_dual_port_0
  %274 = load i8* %273, align ... (idx: 0)        11                            
Solving Bipartite Weighted Matching (minimize weights)...
Assignment matrix after operation/function unit matching:
                                                  main_bitoff_local_mem_dual_port_0
  %274 = load i8* %273, align ... (idx: 0)        1                             
Checking that every operator was assigned to a functional unit...yes
Binding operator -> functional unit assignments:
  %274 = load i8* %273, align ... (idx: 0) -> main_bitoff_local_mem_dual_port_0 (mux inputs: 7)
State: LEGUP_F_main_BB__277
Binding functional unit type: bitoff_local_mem_dual_port
Weight matrix for operation/function unit matching:
  %280 = load i8* %279, align ... can share an output register with another operation already assigned to main_bitoff_local_mem_dual_port_0
                                                  main_bitoff_local_mem_dual_port_0
  %280 = load i8* %279, align ... (idx: 0)        12                            
Solving Bipartite Weighted Matching (minimize weights)...
Assignment matrix after operation/function unit matching:
                                                  main_bitoff_local_mem_dual_port_0
  %280 = load i8* %279, align ... (idx: 0)        1                             
Checking that every operator was assigned to a functional unit...yes
Binding operator -> functional unit assignments:
  %280 = load i8* %279, align ... (idx: 0) -> main_bitoff_local_mem_dual_port_0 (mux inputs: 8)
State: LEGUP_F_main_BB_gsm_normexiti
Binding functional unit type: main_0_Ki_local_mem_dual_port
Weight matrix for operation/function unit matching:
                                                  main_main_0_Ki_local_mem_dual_port_0main_main_0_Ki_local_mem_dual_port_1
  store i16 %289, i16* %311, a... (idx: 0)        20                            20                            
  store i16 %292, i16* %312, a... (idx: 1)        20                            20                            
Solving Bipartite Weighted Matching (minimize weights)...
Assignment matrix after operation/function unit matching:
                                                  main_main_0_Ki_local_mem_dual_port_0main_main_0_Ki_local_mem_dual_port_1
  store i16 %289, i16* %311, a... (idx: 0)        1                             0                             
  store i16 %292, i16* %312, a... (idx: 1)        0                             1                             
Checking that every operator was assigned to a functional unit...yes
Binding operator -> functional unit assignments:
  store i16 %289, i16* %311, a... (idx: 0) -> main_main_0_Ki_local_mem_dual_port_0 (mux inputs: 2)
  store i16 %292, i16* %312, a... (idx: 1) -> main_main_0_Ki_local_mem_dual_port_1 (mux inputs: 2)
State: LEGUP_F_main_BB_gsm_normexiti
Binding functional unit type: main_0_Pi_local_mem_dual_port
Weight matrix for operation/function unit matching:
                                                  main_main_0_Pi_local_mem_dual_port_0main_main_0_Pi_local_mem_dual_port_1
  store i16 %286, i16* %318, a... (idx: 0)        20                            20                            
  store i16 %289, i16* %319, a... (idx: 1)        20                            20                            
Solving Bipartite Weighted Matching (minimize weights)...
Assignment matrix after operation/function unit matching:
                                                  main_main_0_Pi_local_mem_dual_port_0main_main_0_Pi_local_mem_dual_port_1
  store i16 %286, i16* %318, a... (idx: 0)        1                             0                             
  store i16 %289, i16* %319, a... (idx: 1)        0                             1                             
Checking that every operator was assigned to a functional unit...yes
Binding operator -> functional unit assignments:
  store i16 %286, i16* %318, a... (idx: 0) -> main_main_0_Pi_local_mem_dual_port_0 (mux inputs: 2)
  store i16 %289, i16* %319, a... (idx: 1) -> main_main_0_Pi_local_mem_dual_port_1 (mux inputs: 2)
State: LEGUP_F_main_BB_gsm_normexiti
Binding functional unit type: main_0_Ki_local_mem_dual_port
Weight matrix for operation/function unit matching:
  store i16 %295, i16* %313, a... can share an output register with another operation already assigned to main_main_0_Ki_local_mem_dual_port_0
  store i16 %295, i16* %313, a... can share an output register with another operation already assigned to main_main_0_Ki_local_mem_dual_port_1
  store i16 %298, i16* %314, a... can share an output register with another operation already assigned to main_main_0_Ki_local_mem_dual_port_0
  store i16 %298, i16* %314, a... can share an output register with another operation already assigned to main_main_0_Ki_local_mem_dual_port_1
                                                  main_main_0_Ki_local_mem_dual_port_0main_main_0_Ki_local_mem_dual_port_1
  store i16 %295, i16* %313, a... (idx: 0)        17                            17                            
  store i16 %298, i16* %314, a... (idx: 1)        17                            17                            
Solving Bipartite Weighted Matching (minimize weights)...
Assignment matrix after operation/function unit matching:
                                                  main_main_0_Ki_local_mem_dual_port_0main_main_0_Ki_local_mem_dual_port_1
  store i16 %295, i16* %313, a... (idx: 0)        1                             0                             
  store i16 %298, i16* %314, a... (idx: 1)        0                             1                             
Checking that every operator was assigned to a functional unit...yes
Binding operator -> functional unit assignments:
  store i16 %295, i16* %313, a... (idx: 0) -> main_main_0_Ki_local_mem_dual_port_0 (mux inputs: 4)
  store i16 %298, i16* %314, a... (idx: 1) -> main_main_0_Ki_local_mem_dual_port_1 (mux inputs: 4)
State: LEGUP_F_main_BB_gsm_normexiti
Binding functional unit type: main_0_Pi_local_mem_dual_port
Weight matrix for operation/function unit matching:
  store i16 %292, i16* %320, a... can share an output register with another operation already assigned to main_main_0_Pi_local_mem_dual_port_0
  store i16 %292, i16* %320, a... can share an output register with another operation already assigned to main_main_0_Pi_local_mem_dual_port_1
  store i16 %295, i16* %321, a... can share an output register with another operation already assigned to main_main_0_Pi_local_mem_dual_port_0
  store i16 %295, i16* %321, a... can share an output register with another operation already assigned to main_main_0_Pi_local_mem_dual_port_1
                                                  main_main_0_Pi_local_mem_dual_port_0main_main_0_Pi_local_mem_dual_port_1
  store i16 %292, i16* %320, a... (idx: 0)        17                            17                            
  store i16 %295, i16* %321, a... (idx: 1)        17                            17                            
Solving Bipartite Weighted Matching (minimize weights)...
Assignment matrix after operation/function unit matching:
                                                  main_main_0_Pi_local_mem_dual_port_0main_main_0_Pi_local_mem_dual_port_1
  store i16 %292, i16* %320, a... (idx: 0)        1                             0                             
  store i16 %295, i16* %321, a... (idx: 1)        0                             1                             
Checking that every operator was assigned to a functional unit...yes
Binding operator -> functional unit assignments:
  store i16 %292, i16* %320, a... (idx: 0) -> main_main_0_Pi_local_mem_dual_port_0 (mux inputs: 4)
  store i16 %295, i16* %321, a... (idx: 1) -> main_main_0_Pi_local_mem_dual_port_1 (mux inputs: 4)
State: LEGUP_F_main_BB_gsm_normexiti
Binding functional unit type: main_0_Ki_local_mem_dual_port
Weight matrix for operation/function unit matching:
  store i16 %301, i16* %315, a... can share an output register with another operation already assigned to main_main_0_Ki_local_mem_dual_port_0
  store i16 %301, i16* %315, a... can share an output register with another operation already assigned to main_main_0_Ki_local_mem_dual_port_1
  store i16 %304, i16* %316, a... can share an output register with another operation already assigned to main_main_0_Ki_local_mem_dual_port_0
  store i16 %304, i16* %316, a... can share an output register with another operation already assigned to main_main_0_Ki_local_mem_dual_port_1
                                                  main_main_0_Ki_local_mem_dual_port_0main_main_0_Ki_local_mem_dual_port_1
  store i16 %301, i16* %315, a... (idx: 0)        19                            19                            
  store i16 %304, i16* %316, a... (idx: 1)        19                            19                            
Solving Bipartite Weighted Matching (minimize weights)...
Assignment matrix after operation/function unit matching:
                                                  main_main_0_Ki_local_mem_dual_port_0main_main_0_Ki_local_mem_dual_port_1
  store i16 %301, i16* %315, a... (idx: 0)        1                             0                             
  store i16 %304, i16* %316, a... (idx: 1)        0                             1                             
Checking that every operator was assigned to a functional unit...yes
Binding operator -> functional unit assignments:
  store i16 %301, i16* %315, a... (idx: 0) -> main_main_0_Ki_local_mem_dual_port_0 (mux inputs: 6)
  store i16 %304, i16* %316, a... (idx: 1) -> main_main_0_Ki_local_mem_dual_port_1 (mux inputs: 6)
State: LEGUP_F_main_BB_gsm_normexiti
Binding functional unit type: main_0_Pi_local_mem_dual_port
Weight matrix for operation/function unit matching:
  store i16 %298, i16* %322, a... can share an output register with another operation already assigned to main_main_0_Pi_local_mem_dual_port_0
  store i16 %298, i16* %322, a... can share an output register with another operation already assigned to main_main_0_Pi_local_mem_dual_port_1
  store i16 %301, i16* %323, a... can share an output register with another operation already assigned to main_main_0_Pi_local_mem_dual_port_0
  store i16 %301, i16* %323, a... can share an output register with another operation already assigned to main_main_0_Pi_local_mem_dual_port_1
                                                  main_main_0_Pi_local_mem_dual_port_0main_main_0_Pi_local_mem_dual_port_1
  store i16 %298, i16* %322, a... (idx: 0)        19                            19                            
  store i16 %301, i16* %323, a... (idx: 1)        19                            19                            
Solving Bipartite Weighted Matching (minimize weights)...
Assignment matrix after operation/function unit matching:
                                                  main_main_0_Pi_local_mem_dual_port_0main_main_0_Pi_local_mem_dual_port_1
  store i16 %298, i16* %322, a... (idx: 0)        1                             0                             
  store i16 %301, i16* %323, a... (idx: 1)        0                             1                             
Checking that every operator was assigned to a functional unit...yes
Binding operator -> functional unit assignments:
  store i16 %298, i16* %322, a... (idx: 0) -> main_main_0_Pi_local_mem_dual_port_0 (mux inputs: 6)
  store i16 %301, i16* %323, a... (idx: 1) -> main_main_0_Pi_local_mem_dual_port_1 (mux inputs: 6)
State: LEGUP_F_main_BB_gsm_normexiti
Binding functional unit type: main_0_Ki_local_mem_dual_port
Weight matrix for operation/function unit matching:
  store i16 %307, i16* %317, a... can share an output register with another operation already assigned to main_main_0_Ki_local_mem_dual_port_0
  store i16 %307, i16* %317, a... can share an output register with another operation already assigned to main_main_0_Ki_local_mem_dual_port_1
                                                  main_main_0_Ki_local_mem_dual_port_0main_main_0_Ki_local_mem_dual_port_1
  store i16 %307, i16* %317, a... (idx: 0)        21                            21                            
Solving Bipartite Weighted Matching (minimize weights)...
Assignment matrix after operation/function unit matching:
                                                  main_main_0_Ki_local_mem_dual_port_0main_main_0_Ki_local_mem_dual_port_1
  store i16 %307, i16* %317, a... (idx: 0)        1                             0                             
Checking that every operator was assigned to a functional unit...yes
Binding operator -> functional unit assignments:
  store i16 %307, i16* %317, a... (idx: 0) -> main_main_0_Ki_local_mem_dual_port_0 (mux inputs: 8)
State: LEGUP_F_main_BB_gsm_normexiti
Binding functional unit type: main_0_Pi_local_mem_dual_port
Weight matrix for operation/function unit matching:
  store i16 %304, i16* %324, a... can share an output register with another operation already assigned to main_main_0_Pi_local_mem_dual_port_0
  store i16 %304, i16* %324, a... can share an output register with another operation already assigned to main_main_0_Pi_local_mem_dual_port_1
  store i16 %307, i16* %325, a... can share an output register with another operation already assigned to main_main_0_Pi_local_mem_dual_port_0
  store i16 %307, i16* %325, a... can share an output register with another operation already assigned to main_main_0_Pi_local_mem_dual_port_1
                                                  main_main_0_Pi_local_mem_dual_port_0main_main_0_Pi_local_mem_dual_port_1
  store i16 %304, i16* %324, a... (idx: 0)        21                            21                            
  store i16 %307, i16* %325, a... (idx: 1)        21                            21                            
Solving Bipartite Weighted Matching (minimize weights)...
Assignment matrix after operation/function unit matching:
                                                  main_main_0_Pi_local_mem_dual_port_0main_main_0_Pi_local_mem_dual_port_1
  store i16 %304, i16* %324, a... (idx: 0)        1                             0                             
  store i16 %307, i16* %325, a... (idx: 1)        0                             1                             
Checking that every operator was assigned to a functional unit...yes
Binding operator -> functional unit assignments:
  store i16 %304, i16* %324, a... (idx: 0) -> main_main_0_Pi_local_mem_dual_port_0 (mux inputs: 8)
  store i16 %307, i16* %325, a... (idx: 1) -> main_main_0_Pi_local_mem_dual_port_1 (mux inputs: 8)
State: LEGUP_F_main_BB_gsm_normexiti
Binding functional unit type: main_0_Pi_local_mem_dual_port
Weight matrix for operation/function unit matching:
  store i16 %310, i16* %326, a... can share an output register with another operation already assigned to main_main_0_Pi_local_mem_dual_port_0
  store i16 %310, i16* %326, a... can share an output register with another operation already assigned to main_main_0_Pi_local_mem_dual_port_1
                                                  main_main_0_Pi_local_mem_dual_port_0main_main_0_Pi_local_mem_dual_port_1
  store i16 %310, i16* %326, a... (idx: 0)        23                            23                            
Solving Bipartite Weighted Matching (minimize weights)...
Assignment matrix after operation/function unit matching:
                                                  main_main_0_Pi_local_mem_dual_port_0main_main_0_Pi_local_mem_dual_port_1
  store i16 %310, i16* %326, a... (idx: 0)        1                             0                             
Checking that every operator was assigned to a functional unit...yes
Binding operator -> functional unit assignments:
  store i16 %310, i16* %326, a... (idx: 0) -> main_main_0_Pi_local_mem_dual_port_0 (mux inputs: 10)
State: LEGUP_F_main_BB_gsm_absexiti6
Binding functional unit type: main_0_Pi_local_mem_dual_port
Weight matrix for operation/function unit matching:
  %336 = load i16* %318, align... can share an input with another operation already assigned to main_main_0_Pi_local_mem_dual_port_0
  %336 = load i16* %318, align... can share an output register with another operation already assigned to main_main_0_Pi_local_mem_dual_port_0
  %336 = load i16* %318, align... can share an output register with another operation already assigned to main_main_0_Pi_local_mem_dual_port_1
                                                  main_main_0_Pi_local_mem_dual_port_0main_main_0_Pi_local_mem_dual_port_1
  %336 = load i16* %318, align... (idx: 0)        5                             13                            
Solving Bipartite Weighted Matching (minimize weights)...
Assignment matrix after operation/function unit matching:
                                                  main_main_0_Pi_local_mem_dual_port_0main_main_0_Pi_local_mem_dual_port_1
  %336 = load i16* %318, align... (idx: 0)        1                             0                             
Checking that every operator was assigned to a functional unit...yes
Binding operator -> functional unit assignments:
  %336 = load i16* %318, align... (idx: 0) -> main_main_0_Pi_local_mem_dual_port_0 (mux inputs: 10)
State: LEGUP_F_main_BB_lrphi
Binding functional unit type: main_0_LARc_local_mem_dual_port
Weight matrix for operation/function unit matching:
                                                  main_main_0_LARc_local_mem_dual_port_0main_main_0_LARc_local_mem_dual_port_1
  store i16 0, i16* %.224.i, a... (idx: 0)        10                            10                            
Solving Bipartite Weighted Matching (minimize weights)...
Assignment matrix after operation/function unit matching:
                                                  main_main_0_LARc_local_mem_dual_port_0main_main_0_LARc_local_mem_dual_port_1
  store i16 0, i16* %.224.i, a... (idx: 0)        1                             0                             
Checking that every operator was assigned to a functional unit...yes
Binding operator -> functional unit assignments:
  store i16 0, i16* %.224.i, a... (idx: 0) -> main_main_0_LARc_local_mem_dual_port_0 (mux inputs: 1)
State: LEGUP_F_main_BB_gsm_divexiti
Binding functional unit type: main_0_LARc_local_mem_dual_port
Weight matrix for operation/function unit matching:
  store i16 %427, i16* %.128.i... can share an output register with another operation already assigned to main_main_0_LARc_local_mem_dual_port_0
                                                  main_main_0_LARc_local_mem_dual_port_0main_main_0_LARc_local_mem_dual_port_1
  store i16 %427, i16* %.128.i... (idx: 0)        16                            20                            
Solving Bipartite Weighted Matching (minimize weights)...
Assignment matrix after operation/function unit matching:
                                                  main_main_0_LARc_local_mem_dual_port_0main_main_0_LARc_local_mem_dual_port_1
  store i16 %427, i16* %.128.i... (idx: 0)        1                             0                             
Checking that every operator was assigned to a functional unit...yes
Binding operator -> functional unit assignments:
  store i16 %427, i16* %.128.i... (idx: 0) -> main_main_0_LARc_local_mem_dual_port_0 (mux inputs: 3)
State: LEGUP_F_main_BB_gsm_divexiti
Binding functional unit type: main_0_Pi_local_mem_dual_port
Weight matrix for operation/function unit matching:
  %428 = load i16* %319, align... can share an output register with another operation already assigned to main_main_0_Pi_local_mem_dual_port_0
  %428 = load i16* %319, align... can share an input with another operation already assigned to main_main_0_Pi_local_mem_dual_port_1
  %428 = load i16* %319, align... can share an output register with another operation already assigned to main_main_0_Pi_local_mem_dual_port_1
                                                  main_main_0_Pi_local_mem_dual_port_0main_main_0_Pi_local_mem_dual_port_1
  %428 = load i16* %319, align... (idx: 0)        15                            3                             
Solving Bipartite Weighted Matching (minimize weights)...
Assignment matrix after operation/function unit matching:
                                                  main_main_0_Pi_local_mem_dual_port_0main_main_0_Pi_local_mem_dual_port_1
  %428 = load i16* %319, align... (idx: 0)        0                             1                             
Checking that every operator was assigned to a functional unit...yes
Binding operator -> functional unit assignments:
  %428 = load i16* %319, align... (idx: 0) -> main_main_0_Pi_local_mem_dual_port_1 (mux inputs: 8)
State: LEGUP_F_main_BB__430
Binding functional unit type: main_0_LARc_local_mem_dual_port
Weight matrix for operation/function unit matching:
  store i16 %431, i16* %.128.i... can share an input with another operation already assigned to main_main_0_LARc_local_mem_dual_port_0
  store i16 %431, i16* %.128.i... can share an output register with another operation already assigned to main_main_0_LARc_local_mem_dual_port_0
                                                  main_main_0_LARc_local_mem_dual_port_0main_main_0_LARc_local_mem_dual_port_1
  store i16 %431, i16* %.128.i... (idx: 0)        8                             20                            
Solving Bipartite Weighted Matching (minimize weights)...
Assignment matrix after operation/function unit matching:
                                                  main_main_0_LARc_local_mem_dual_port_0main_main_0_LARc_local_mem_dual_port_1
  store i16 %431, i16* %.128.i... (idx: 0)        1                             0                             
Checking that every operator was assigned to a functional unit...yes
Binding operator -> functional unit assignments:
  store i16 %431, i16* %.128.i... (idx: 0) -> main_main_0_LARc_local_mem_dual_port_0 (mux inputs: 4)
State: LEGUP_F_main_BB__435
Binding functional unit type: main_0_Pi_local_mem_dual_port
Weight matrix for operation/function unit matching:
  %436 = load i16* %319, align... can share an output register with another operation already assigned to main_main_0_Pi_local_mem_dual_port_0
  %436 = load i16* %319, align... can share an input with another operation already assigned to main_main_0_Pi_local_mem_dual_port_1
  %436 = load i16* %319, align... can share an output register with another operation already assigned to main_main_0_Pi_local_mem_dual_port_1
                                                  main_main_0_Pi_local_mem_dual_port_0main_main_0_Pi_local_mem_dual_port_1
  %436 = load i16* %319, align... (idx: 0)        15                            3                             
Solving Bipartite Weighted Matching (minimize weights)...
Assignment matrix after operation/function unit matching:
                                                  main_main_0_Pi_local_mem_dual_port_0main_main_0_Pi_local_mem_dual_port_1
  %436 = load i16* %319, align... (idx: 0)        0                             1                             
Checking that every operator was assigned to a functional unit...yes
Binding operator -> functional unit assignments:
  %436 = load i16* %319, align... (idx: 0) -> main_main_0_Pi_local_mem_dual_port_1 (mux inputs: 8)
State: LEGUP_F_main_BB_gsm_mult_rexit11i
Binding functional unit type: main_0_Pi_local_mem_dual_port
Weight matrix for operation/function unit matching:
  %445 = load i16* %318, align... can share an input with another operation already assigned to main_main_0_Pi_local_mem_dual_port_0
  %445 = load i16* %318, align... can share an output register with another operation already assigned to main_main_0_Pi_local_mem_dual_port_0
  %445 = load i16* %318, align... can share an output register with another operation already assigned to main_main_0_Pi_local_mem_dual_port_1
                                                  main_main_0_Pi_local_mem_dual_port_0main_main_0_Pi_local_mem_dual_port_1
  %445 = load i16* %318, align... (idx: 0)        5                             13                            
Solving Bipartite Weighted Matching (minimize weights)...
Assignment matrix after operation/function unit matching:
                                                  main_main_0_Pi_local_mem_dual_port_0main_main_0_Pi_local_mem_dual_port_1
  %445 = load i16* %318, align... (idx: 0)        1                             0                             
Checking that every operator was assigned to a functional unit...yes
Binding operator -> functional unit assignments:
  %445 = load i16* %318, align... (idx: 0) -> main_main_0_Pi_local_mem_dual_port_0 (mux inputs: 10)
State: LEGUP_F_main_BB_gsm_addexit8i
Binding functional unit type: main_0_Pi_local_mem_dual_port
Weight matrix for operation/function unit matching:
  store i16 %452, i16* %318, a... can share an input with another operation already assigned to main_main_0_Pi_local_mem_dual_port_0
  store i16 %452, i16* %318, a... can share an output register with another operation already assigned to main_main_0_Pi_local_mem_dual_port_0
  store i16 %452, i16* %318, a... can share an output register with another operation already assigned to main_main_0_Pi_local_mem_dual_port_1
                                                  main_main_0_Pi_local_mem_dual_port_0main_main_0_Pi_local_mem_dual_port_1
  store i16 %452, i16* %318, a... (idx: 0)        15                            23                            
Solving Bipartite Weighted Matching (minimize weights)...
Assignment matrix after operation/function unit matching:
                                                  main_main_0_Pi_local_mem_dual_port_0main_main_0_Pi_local_mem_dual_port_1
  store i16 %452, i16* %318, a... (idx: 0)        1                             0                             
Checking that every operator was assigned to a functional unit...yes
Binding operator -> functional unit assignments:
  store i16 %452, i16* %318, a... (idx: 0) -> main_main_0_Pi_local_mem_dual_port_0 (mux inputs: 11)
State: LEGUP_F_main_BB_lrph27i
Binding functional unit type: main_0_LARc_local_mem_dual_port
Weight matrix for operation/function unit matching:
  %457 = load i16* %.128.i, al... can share an input with another operation already assigned to main_main_0_LARc_local_mem_dual_port_0
  %457 = load i16* %.128.i, al... can share an output register with another operation already assigned to main_main_0_LARc_local_mem_dual_port_0
                                                  main_main_0_LARc_local_mem_dual_port_0main_main_0_LARc_local_mem_dual_port_1
  %457 = load i16* %.128.i, al... (idx: 0)        -1                            10                            
Solving Bipartite Weighted Matching (minimize weights)...
Assignment matrix after operation/function unit matching:
                                                  main_main_0_LARc_local_mem_dual_port_0main_main_0_LARc_local_mem_dual_port_1
  %457 = load i16* %.128.i, al... (idx: 0)        1                             0                             
Checking that every operator was assigned to a functional unit...yes
Binding operator -> functional unit assignments:
  %457 = load i16* %.128.i, al... (idx: 0) -> main_main_0_LARc_local_mem_dual_port_0 (mux inputs: 4)
State: LEGUP_F_main_BB_lrph27i
Binding functional unit type: main_0_Ki_local_mem_dual_port
Weight matrix for operation/function unit matching:
  %456 = load i16* %scevgep23,... can share an output register with another operation already assigned to main_main_0_Ki_local_mem_dual_port_0
  %456 = load i16* %scevgep23,... can share an output register with another operation already assigned to main_main_0_Ki_local_mem_dual_port_1
                                                  main_main_0_Ki_local_mem_dual_port_0main_main_0_Ki_local_mem_dual_port_1
  %456 = load i16* %scevgep23,... (idx: 0)        13                            11                            
Solving Bipartite Weighted Matching (minimize weights)...
Assignment matrix after operation/function unit matching:
                                                  main_main_0_Ki_local_mem_dual_port_0main_main_0_Ki_local_mem_dual_port_1
  %456 = load i16* %scevgep23,... (idx: 0)        0                             1                             
Checking that every operator was assigned to a functional unit...yes
Binding operator -> functional unit assignments:
  %456 = load i16* %scevgep23,... (idx: 0) -> main_main_0_Ki_local_mem_dual_port_1 (mux inputs: 7)
State: LEGUP_F_main_BB_gsm_mult_rexit6i
Binding functional unit type: main_0_Pi_local_mem_dual_port
Weight matrix for operation/function unit matching:
  %466 = load i16* %scevgep22,... can share an output register with another operation already assigned to main_main_0_Pi_local_mem_dual_port_0
  %466 = load i16* %scevgep22,... can share an output register with another operation already assigned to main_main_0_Pi_local_mem_dual_port_1
                                                  main_main_0_Pi_local_mem_dual_port_0main_main_0_Pi_local_mem_dual_port_1
  %466 = load i16* %scevgep22,... (idx: 0)        16                            13                            
Solving Bipartite Weighted Matching (minimize weights)...
Assignment matrix after operation/function unit matching:
                                                  main_main_0_Pi_local_mem_dual_port_0main_main_0_Pi_local_mem_dual_port_1
  %466 = load i16* %scevgep22,... (idx: 0)        0                             1                             
Checking that every operator was assigned to a functional unit...yes
Binding operator -> functional unit assignments:
  %466 = load i16* %scevgep22,... (idx: 0) -> main_main_0_Pi_local_mem_dual_port_1 (mux inputs: 9)
State: LEGUP_F_main_BB_gsm_addexit3i
Binding functional unit type: main_0_LARc_local_mem_dual_port
Weight matrix for operation/function unit matching:
  %474 = load i16* %.128.i, al... can share an input with another operation already assigned to main_main_0_LARc_local_mem_dual_port_0
  %474 = load i16* %.128.i, al... can share an output register with another operation already assigned to main_main_0_LARc_local_mem_dual_port_0
                                                  main_main_0_LARc_local_mem_dual_port_0main_main_0_LARc_local_mem_dual_port_1
  %474 = load i16* %.128.i, al... (idx: 0)        -1                            10                            
Solving Bipartite Weighted Matching (minimize weights)...
Assignment matrix after operation/function unit matching:
                                                  main_main_0_LARc_local_mem_dual_port_0main_main_0_LARc_local_mem_dual_port_1
  %474 = load i16* %.128.i, al... (idx: 0)        1                             0                             
Checking that every operator was assigned to a functional unit...yes
Binding operator -> functional unit assignments:
  %474 = load i16* %.128.i, al... (idx: 0) -> main_main_0_LARc_local_mem_dual_port_0 (mux inputs: 4)
State: LEGUP_F_main_BB_gsm_addexit3i
Binding functional unit type: main_0_Pi_local_mem_dual_port
Weight matrix for operation/function unit matching:
  store i16 %473, i16* %scevge... can share an output register with another operation already assigned to main_main_0_Pi_local_mem_dual_port_0
  store i16 %473, i16* %scevge... can share an output register with another operation already assigned to main_main_0_Pi_local_mem_dual_port_1
                                                  main_main_0_Pi_local_mem_dual_port_0main_main_0_Pi_local_mem_dual_port_1
  store i16 %473, i16* %scevge... (idx: 0)        26                            24                            
Solving Bipartite Weighted Matching (minimize weights)...
Assignment matrix after operation/function unit matching:
                                                  main_main_0_Pi_local_mem_dual_port_0main_main_0_Pi_local_mem_dual_port_1
  store i16 %473, i16* %scevge... (idx: 0)        0                             1                             
Checking that every operator was assigned to a functional unit...yes
Binding operator -> functional unit assignments:
  store i16 %473, i16* %scevge... (idx: 0) -> main_main_0_Pi_local_mem_dual_port_1 (mux inputs: 11)
State: LEGUP_F_main_BB_gsm_addexiti
Binding functional unit type: main_0_Ki_local_mem_dual_port
Weight matrix for operation/function unit matching:
  store i16 %488, i16* %scevge... can share an output register with another operation already assigned to main_main_0_Ki_local_mem_dual_port_0
  store i16 %488, i16* %scevge... can share an input with another operation already assigned to main_main_0_Ki_local_mem_dual_port_1
  store i16 %488, i16* %scevge... can share an output register with another operation already assigned to main_main_0_Ki_local_mem_dual_port_1
                                                  main_main_0_Ki_local_mem_dual_port_0main_main_0_Ki_local_mem_dual_port_1
  store i16 %488, i16* %scevge... (idx: 0)        23                            12                            
Solving Bipartite Weighted Matching (minimize weights)...
Assignment matrix after operation/function unit matching:
                                                  main_main_0_Ki_local_mem_dual_port_0main_main_0_Ki_local_mem_dual_port_1
  store i16 %488, i16* %scevge... (idx: 0)        0                             1                             
Checking that every operator was assigned to a functional unit...yes
Binding operator -> functional unit assignments:
  store i16 %488, i16* %scevge... (idx: 0) -> main_main_0_Ki_local_mem_dual_port_1 (mux inputs: 8)
State: LEGUP_F_main_BB__crit_edge43i
Binding functional unit type: main_0_Pi_local_mem_dual_port
Weight matrix for operation/function unit matching:
  %.pre.i12 = load i16* %319, ... can share an output register with another operation already assigned to main_main_0_Pi_local_mem_dual_port_0
  %.pre.i12 = load i16* %319, ... can share an input with another operation already assigned to main_main_0_Pi_local_mem_dual_port_1
  %.pre.i12 = load i16* %319, ... can share an output register with another operation already assigned to main_main_0_Pi_local_mem_dual_port_1
                                                  main_main_0_Pi_local_mem_dual_port_0main_main_0_Pi_local_mem_dual_port_1
  %.pre.i12 = load i16* %319, ... (idx: 0)        16                            6                             
Solving Bipartite Weighted Matching (minimize weights)...
Assignment matrix after operation/function unit matching:
                                                  main_main_0_Pi_local_mem_dual_port_0main_main_0_Pi_local_mem_dual_port_1
  %.pre.i12 = load i16* %319, ... (idx: 0)        0                             1                             
Checking that every operator was assigned to a functional unit...yes
Binding operator -> functional unit assignments:
  %.pre.i12 = load i16* %319, ... (idx: 0) -> main_main_0_Pi_local_mem_dual_port_1 (mux inputs: 11)
State: LEGUP_F_main_BB_Reflection_coefficientsexit
Binding functional unit type: main_0_LARc_local_mem_dual_port
Weight matrix for operation/function unit matching:
  %490 = load i16* %.01.i.i, a... can share an output register with another operation already assigned to main_main_0_LARc_local_mem_dual_port_0
                                                  main_main_0_LARc_local_mem_dual_port_0main_main_0_LARc_local_mem_dual_port_1
  %490 = load i16* %.01.i.i, a... (idx: 0)        9                             10                            
Solving Bipartite Weighted Matching (minimize weights)...
Assignment matrix after operation/function unit matching:
                                                  main_main_0_LARc_local_mem_dual_port_0main_main_0_LARc_local_mem_dual_port_1
  %490 = load i16* %.01.i.i, a... (idx: 0)        1                             0                             
Checking that every operator was assigned to a functional unit...yes
Binding operator -> functional unit assignments:
  %490 = load i16* %.01.i.i, a... (idx: 0) -> main_main_0_LARc_local_mem_dual_port_0 (mux inputs: 5)
State: LEGUP_F_main_BB__508
Binding functional unit type: main_0_LARc_local_mem_dual_port
Weight matrix for operation/function unit matching:
  store i16 %510, i16* %.01.i.... can share an input with another operation already assigned to main_main_0_LARc_local_mem_dual_port_0
  store i16 %510, i16* %.01.i.... can share an output register with another operation already assigned to main_main_0_LARc_local_mem_dual_port_0
                                                  main_main_0_LARc_local_mem_dual_port_0main_main_0_LARc_local_mem_dual_port_1
  store i16 %510, i16* %.01.i.... (idx: 0)        10                            20                            
Solving Bipartite Weighted Matching (minimize weights)...
Assignment matrix after operation/function unit matching:
                                                  main_main_0_LARc_local_mem_dual_port_0main_main_0_LARc_local_mem_dual_port_1
  store i16 %510, i16* %.01.i.... (idx: 0)        1                             0                             
Checking that every operator was assigned to a functional unit...yes
Binding operator -> functional unit assignments:
  store i16 %510, i16* %.01.i.... (idx: 0) -> main_main_0_LARc_local_mem_dual_port_0 (mux inputs: 6)
State: LEGUP_F_main_BB_Gsm_LPC_Analysisexit
Binding functional unit type: main_0_LARc_local_mem_dual_port
Weight matrix for operation/function unit matching:
  store i16 32, i16* %15, alig... can share an output register with another operation already assigned to main_main_0_LARc_local_mem_dual_port_0
  store i16 32, i16* %511, ali... can share an output register with another operation already assigned to main_main_0_LARc_local_mem_dual_port_0
                                                  main_main_0_LARc_local_mem_dual_port_0main_main_0_LARc_local_mem_dual_port_1
  store i16 32, i16* %15, alig... (idx: 0)        11                            10                            
  store i16 32, i16* %511, ali... (idx: 1)        11                            10                            
Solving Bipartite Weighted Matching (minimize weights)...
Assignment matrix after operation/function unit matching:
                                                  main_main_0_LARc_local_mem_dual_port_0main_main_0_LARc_local_mem_dual_port_1
  store i16 32, i16* %15, alig... (idx: 0)        1                             0                             
  store i16 32, i16* %511, ali... (idx: 1)        0                             1                             
Checking that every operator was assigned to a functional unit...yes
Binding operator -> functional unit assignments:
  store i16 32, i16* %15, alig... (idx: 0) -> main_main_0_LARc_local_mem_dual_port_0 (mux inputs: 7)
  store i16 32, i16* %511, ali... (idx: 1) -> main_main_0_LARc_local_mem_dual_port_1 (mux inputs: 1)
State: LEGUP_F_main_BB_Gsm_LPC_Analysisexit
Binding functional unit type: main_0_LARc_local_mem_dual_port
Weight matrix for operation/function unit matching:
  store i16 20, i16* %512, ali... can share an output register with another operation already assigned to main_main_0_LARc_local_mem_dual_port_0
  store i16 20, i16* %512, ali... can share an output register with another operation already assigned to main_main_0_LARc_local_mem_dual_port_1
  store i16 11, i16* %513, ali... can share an output register with another operation already assigned to main_main_0_LARc_local_mem_dual_port_0
  store i16 11, i16* %513, ali... can share an output register with another operation already assigned to main_main_0_LARc_local_mem_dual_port_1
                                                  main_main_0_LARc_local_mem_dual_port_0main_main_0_LARc_local_mem_dual_port_1
  store i16 20, i16* %512, ali... (idx: 0)        12                            6                             
  store i16 11, i16* %513, ali... (idx: 1)        12                            6                             
Solving Bipartite Weighted Matching (minimize weights)...
Assignment matrix after operation/function unit matching:
                                                  main_main_0_LARc_local_mem_dual_port_0main_main_0_LARc_local_mem_dual_port_1
  store i16 20, i16* %512, ali... (idx: 0)        1                             0                             
  store i16 11, i16* %513, ali... (idx: 1)        0                             1                             
Checking that every operator was assigned to a functional unit...yes
Binding operator -> functional unit assignments:
  store i16 20, i16* %512, ali... (idx: 0) -> main_main_0_LARc_local_mem_dual_port_0 (mux inputs: 8)
  store i16 11, i16* %513, ali... (idx: 1) -> main_main_0_LARc_local_mem_dual_port_1 (mux inputs: 2)
State: LEGUP_F_main_BB_Gsm_LPC_Analysisexit
Binding functional unit type: main_0_LARc_local_mem_dual_port
Weight matrix for operation/function unit matching:
  store i16 8, i16* %514, alig... can share an output register with another operation already assigned to main_main_0_LARc_local_mem_dual_port_0
  store i16 8, i16* %514, alig... can share an output register with another operation already assigned to main_main_0_LARc_local_mem_dual_port_1
  store i16 5, i16* %515, alig... can share an output register with another operation already assigned to main_main_0_LARc_local_mem_dual_port_0
  store i16 5, i16* %515, alig... can share an output register with another operation already assigned to main_main_0_LARc_local_mem_dual_port_1
                                                  main_main_0_LARc_local_mem_dual_port_0main_main_0_LARc_local_mem_dual_port_1
  store i16 8, i16* %514, alig... (idx: 0)        13                            7                             
  store i16 5, i16* %515, alig... (idx: 1)        13                            7                             
Solving Bipartite Weighted Matching (minimize weights)...
Assignment matrix after operation/function unit matching:
                                                  main_main_0_LARc_local_mem_dual_port_0main_main_0_LARc_local_mem_dual_port_1
  store i16 8, i16* %514, alig... (idx: 0)        1                             0                             
  store i16 5, i16* %515, alig... (idx: 1)        0                             1                             
Checking that every operator was assigned to a functional unit...yes
Binding operator -> functional unit assignments:
  store i16 8, i16* %514, alig... (idx: 0) -> main_main_0_LARc_local_mem_dual_port_0 (mux inputs: 9)
  store i16 5, i16* %515, alig... (idx: 1) -> main_main_0_LARc_local_mem_dual_port_1 (mux inputs: 3)
State: LEGUP_F_main_BB_Gsm_LPC_Analysisexit
Binding functional unit type: main_0_LARc_local_mem_dual_port
Weight matrix for operation/function unit matching:
  store i16 3, i16* %516, alig... can share an output register with another operation already assigned to main_main_0_LARc_local_mem_dual_port_0
  store i16 3, i16* %516, alig... can share an output register with another operation already assigned to main_main_0_LARc_local_mem_dual_port_1
  store i16 2, i16* %517, alig... can share an output register with another operation already assigned to main_main_0_LARc_local_mem_dual_port_0
  store i16 2, i16* %517, alig... can share an output register with another operation already assigned to main_main_0_LARc_local_mem_dual_port_1
                                                  main_main_0_LARc_local_mem_dual_port_0main_main_0_LARc_local_mem_dual_port_1
  store i16 3, i16* %516, alig... (idx: 0)        14                            8                             
  store i16 2, i16* %517, alig... (idx: 1)        14                            8                             
Solving Bipartite Weighted Matching (minimize weights)...
Assignment matrix after operation/function unit matching:
                                                  main_main_0_LARc_local_mem_dual_port_0main_main_0_LARc_local_mem_dual_port_1
  store i16 3, i16* %516, alig... (idx: 0)        1                             0                             
  store i16 2, i16* %517, alig... (idx: 1)        0                             1                             
Checking that every operator was assigned to a functional unit...yes
Binding operator -> functional unit assignments:
  store i16 3, i16* %516, alig... (idx: 0) -> main_main_0_LARc_local_mem_dual_port_0 (mux inputs: 10)
  store i16 2, i16* %517, alig... (idx: 1) -> main_main_0_LARc_local_mem_dual_port_1 (mux inputs: 4)
State: LEGUP_F_main_BB__521
Binding functional unit type: main_0_so_local_mem_dual_port
Weight matrix for operation/function unit matching:
  %522 = load i16* %scevgep6, ... can share an output register with another operation already assigned to main_main_0_so_local_mem_dual_port_0
  %522 = load i16* %scevgep6, ... can share an output register with another operation already assigned to main_main_0_so_local_mem_dual_port_1
                                                  main_main_0_so_local_mem_dual_port_0main_main_0_so_local_mem_dual_port_1
  %522 = load i16* %scevgep6, ... (idx: 0)        20                            16                            
Solving Bipartite Weighted Matching (minimize weights)...
Assignment matrix after operation/function unit matching:
                                                  main_main_0_so_local_mem_dual_port_0main_main_0_so_local_mem_dual_port_1
  %522 = load i16* %scevgep6, ... (idx: 0)        0                             1                             
Checking that every operator was assigned to a functional unit...yes
Binding operator -> functional unit assignments:
  %522 = load i16* %scevgep6, ... (idx: 0) -> main_main_0_so_local_mem_dual_port_1 (mux inputs: 12)
State: LEGUP_F_main_BB__521
Binding functional unit type: outData_local_mem_dual_port
Weight matrix for operation/function unit matching:
                                                  main_outData_local_mem_dual_port_0
  %523 = load i16* %scevgep, a... (idx: 0)        10                            
Solving Bipartite Weighted Matching (minimize weights)...
Assignment matrix after operation/function unit matching:
                                                  main_outData_local_mem_dual_port_0
  %523 = load i16* %scevgep, a... (idx: 0)        1                             
Checking that every operator was assigned to a functional unit...yes
Binding operator -> functional unit assignments:
  %523 = load i16* %scevgep, a... (idx: 0) -> main_outData_local_mem_dual_port_0 (mux inputs: 1)

