//----------------------------------------------------------------------------//
// Generated by LegUp High-Level Synthesis Tool Version 4.0 (http://legup.org)
// Compiled: Sun Jul 26 12:56:54 2015
// University of Toronto
// For research and academic purposes only. Commercial use is prohibited.
// Please send bugs to: legup@eecg.toronto.edu
// Date: Sun Mar 31 16:25:08 2019
//----------------------------------------------------------------------------//

--------------------------------------------------------------------------------
Function: main
--------------------------------------------------------------------------------
Function unit type:           Number Required               
a_input_local_mem_dual_port   1                             
b_input_local_mem_dual_port   1                             
countLeadingZeros32countLeadingZerosHigh_local_mem_dual_port1                             
signed_add_32                 2                             
signed_add_64                 2                             
signed_multiply_64            4                             
signed_subtract_32            1                             
signed_subtract_64            3                             
unsigned_divide_64            1                             
z_output_local_mem_dual_port  1                             

Running Bipartite Weighted Matching on function: main
State: LEGUP_F_main_BB__1
Binding functional unit type: a_input_local_mem_dual_port
Weight matrix for operation/function unit matching:
                                                  main_a_input_local_mem_dual_port_0
  %3 = load i64* %2, align 8, ... (idx: 0)        100                           
Solving Bipartite Weighted Matching (minimize weights)...
Assignment matrix after operation/function unit matching:
                                                  main_a_input_local_mem_dual_port_0
  %3 = load i64* %2, align 8, ... (idx: 0)        1                             
Checking that every operator was assigned to a functional unit...yes
Binding operator -> functional unit assignments:
  %3 = load i64* %2, align 8, ... (idx: 0) -> main_a_input_local_mem_dual_port_0 (mux inputs: 1)
State: LEGUP_F_main_BB__1
Binding functional unit type: b_input_local_mem_dual_port
Weight matrix for operation/function unit matching:
                                                  main_b_input_local_mem_dual_port_0
  %5 = load i64* %4, align 8, ... (idx: 0)        100                           
Solving Bipartite Weighted Matching (minimize weights)...
Assignment matrix after operation/function unit matching:
                                                  main_b_input_local_mem_dual_port_0
  %5 = load i64* %4, align 8, ... (idx: 0)        1                             
Checking that every operator was assigned to a functional unit...yes
Binding operator -> functional unit assignments:
  %5 = load i64* %4, align 8, ... (idx: 0) -> main_b_input_local_mem_dual_port_0 (mux inputs: 1)
State: LEGUP_F_main_BB__1
Binding functional unit type: signed_add_32
Weight matrix for operation/function unit matching:
                                                  main_signed_add_32_0          main_signed_add_32_1          
  %gep = add i32 %gep_int, %ge... (idx: 0)        100                           100                           
  %gep3 = add i32 %gep_int1, %... (idx: 1)        100                           100                           
Solving Bipartite Weighted Matching (minimize weights)...
Assignment matrix after operation/function unit matching:
                                                  main_signed_add_32_0          main_signed_add_32_1          
  %gep = add i32 %gep_int, %ge... (idx: 0)        1                             0                             
  %gep3 = add i32 %gep_int1, %... (idx: 1)        0                             1                             
Checking that every operator was assigned to a functional unit...yes
Binding operator -> functional unit assignments:
  %gep = add i32 %gep_int, %ge... (idx: 0) -> main_signed_add_32_0 (mux inputs: 2)
  %gep3 = add i32 %gep_int1, %... (idx: 1) -> main_signed_add_32_1 (mux inputs: 2)
State: LEGUP_F_main_BB_normalizeFloat64Subnormalexit10i
Binding functional unit type: signed_add_32
Weight matrix for operation/function unit matching:
                                                  main_signed_add_32_0          main_signed_add_32_1          
  %106 = add nsw i32 %shiftCou... (idx: 0)        100                           100                           
Solving Bipartite Weighted Matching (minimize weights)...
Assignment matrix after operation/function unit matching:
                                                  main_signed_add_32_0          main_signed_add_32_1          
  %106 = add nsw i32 %shiftCou... (idx: 0)        1                             0                             
Checking that every operator was assigned to a functional unit...yes
Binding operator -> functional unit assignments:
  %106 = add nsw i32 %shiftCou... (idx: 0) -> main_signed_add_32_0 (mux inputs: 4)
State: LEGUP_F_main_BB_normalizeFloat64Subnormalexit10i
Binding functional unit type: countLeadingZeros32countLeadingZerosHigh_local_mem_dual_port
Weight matrix for operation/function unit matching:
                                                  main_countLeadingZeros32countLeadingZerosHigh_local_mem_dual_port_0
  %105 = load i32* %104, align... (idx: 0)        100                           
Solving Bipartite Weighted Matching (minimize weights)...
Assignment matrix after operation/function unit matching:
                                                  main_countLeadingZeros32countLeadingZerosHigh_local_mem_dual_port_0
  %105 = load i32* %104, align... (idx: 0)        1                             
Checking that every operator was assigned to a functional unit...yes
Binding operator -> functional unit assignments:
  %105 = load i32* %104, align... (idx: 0) -> main_countLeadingZeros32countLeadingZerosHigh_local_mem_dual_port_0 (mux inputs: 1)
State: LEGUP_F_main_BB_normalizeFloat64Subnormalexit10i
Binding functional unit type: signed_add_32
Weight matrix for operation/function unit matching:
                                                  main_signed_add_32_0          main_signed_add_32_1          
  %gep6 = add i32 %gep_int4, %... (idx: 0)        100                           100                           
Solving Bipartite Weighted Matching (minimize weights)...
Assignment matrix after operation/function unit matching:
                                                  main_signed_add_32_0          main_signed_add_32_1          
  %gep6 = add i32 %gep_int4, %... (idx: 0)        1                             0                             
Checking that every operator was assigned to a functional unit...yes
Binding operator -> functional unit assignments:
  %gep6 = add i32 %gep_int4, %... (idx: 0) -> main_signed_add_32_0 (mux inputs: 6)
State: LEGUP_F_main_BB_normalizeFloat64Subnormalexit10i
Binding functional unit type: signed_add_32
Weight matrix for operation/function unit matching:
                                                  main_signed_add_32_0          main_signed_add_32_1          
  %107 = add i32 %106, %105 (idx: 0)              100                           100                           
  %108 = add nsw i32 %107, -11 (idx: 1)           100                           100                           
Solving Bipartite Weighted Matching (minimize weights)...
Assignment matrix after operation/function unit matching:
                                                  main_signed_add_32_0          main_signed_add_32_1          
  %107 = add i32 %106, %105 (idx: 0)              1                             0                             
  %108 = add nsw i32 %107, -11 (idx: 1)           0                             1                             
Checking that every operator was assigned to a functional unit...yes
Binding operator -> functional unit assignments:
  %107 = add i32 %106, %105 (idx: 0) -> main_signed_add_32_0 (mux inputs: 8)
  %108 = add nsw i32 %107, -11 (idx: 1) -> main_signed_add_32_1 (mux inputs: 3)
State: LEGUP_F_main_BB_normalizeFloat64Subnormalexit10i
Binding functional unit type: signed_subtract_32
Weight matrix for operation/function unit matching:
                                                  main_signed_subtract_32_0     
  %111 = sub i32 12, %107 (idx: 0)                100                           
Solving Bipartite Weighted Matching (minimize weights)...
Assignment matrix after operation/function unit matching:
                                                  main_signed_subtract_32_0     
  %111 = sub i32 12, %107 (idx: 0)                1                             
Checking that every operator was assigned to a functional unit...yes
Binding operator -> functional unit assignments:
  %111 = sub i32 12, %107 (idx: 0) -> main_signed_subtract_32_0 (mux inputs: 1)
State: LEGUP_F_main_BB_normalizeFloat64Subnormalexiti
Binding functional unit type: signed_add_32
Weight matrix for operation/function unit matching:
                                                  main_signed_add_32_0          main_signed_add_32_1          
  %132 = add nsw i32 %shiftCou... (idx: 0)        100                           100                           
Solving Bipartite Weighted Matching (minimize weights)...
Assignment matrix after operation/function unit matching:
                                                  main_signed_add_32_0          main_signed_add_32_1          
  %132 = add nsw i32 %shiftCou... (idx: 0)        1                             0                             
Checking that every operator was assigned to a functional unit...yes
Binding operator -> functional unit assignments:
  %132 = add nsw i32 %shiftCou... (idx: 0) -> main_signed_add_32_0 (mux inputs: 10)
State: LEGUP_F_main_BB_normalizeFloat64Subnormalexiti
Binding functional unit type: countLeadingZeros32countLeadingZerosHigh_local_mem_dual_port
Weight matrix for operation/function unit matching:
                                                  main_countLeadingZeros32countLeadingZerosHigh_local_mem_dual_port_0
  %131 = load i32* %130, align... (idx: 0)        100                           
Solving Bipartite Weighted Matching (minimize weights)...
Assignment matrix after operation/function unit matching:
                                                  main_countLeadingZeros32countLeadingZerosHigh_local_mem_dual_port_0
  %131 = load i32* %130, align... (idx: 0)        1                             
Checking that every operator was assigned to a functional unit...yes
Binding operator -> functional unit assignments:
  %131 = load i32* %130, align... (idx: 0) -> main_countLeadingZeros32countLeadingZerosHigh_local_mem_dual_port_0 (mux inputs: 2)
State: LEGUP_F_main_BB_normalizeFloat64Subnormalexiti
Binding functional unit type: signed_add_32
Weight matrix for operation/function unit matching:
                                                  main_signed_add_32_0          main_signed_add_32_1          
  %gep9 = add i32 %gep_int7, %... (idx: 0)        100                           100                           
Solving Bipartite Weighted Matching (minimize weights)...
Assignment matrix after operation/function unit matching:
                                                  main_signed_add_32_0          main_signed_add_32_1          
  %gep9 = add i32 %gep_int7, %... (idx: 0)        1                             0                             
Checking that every operator was assigned to a functional unit...yes
Binding operator -> functional unit assignments:
  %gep9 = add i32 %gep_int7, %... (idx: 0) -> main_signed_add_32_0 (mux inputs: 12)
State: LEGUP_F_main_BB_normalizeFloat64Subnormalexiti
Binding functional unit type: signed_add_32
Weight matrix for operation/function unit matching:
                                                  main_signed_add_32_0          main_signed_add_32_1          
  %133 = add i32 %132, %131 (idx: 0)              100                           100                           
  %134 = add nsw i32 %133, -11 (idx: 1)           100                           100                           
Solving Bipartite Weighted Matching (minimize weights)...
Assignment matrix after operation/function unit matching:
                                                  main_signed_add_32_0          main_signed_add_32_1          
  %133 = add i32 %132, %131 (idx: 0)              1                             0                             
  %134 = add nsw i32 %133, -11 (idx: 1)           0                             1                             
Checking that every operator was assigned to a functional unit...yes
Binding operator -> functional unit assignments:
  %133 = add i32 %132, %131 (idx: 0) -> main_signed_add_32_0 (mux inputs: 14)
  %134 = add nsw i32 %133, -11 (idx: 1) -> main_signed_add_32_1 (mux inputs: 4)
State: LEGUP_F_main_BB_normalizeFloat64Subnormalexiti
Binding functional unit type: signed_subtract_32
Weight matrix for operation/function unit matching:
                                                  main_signed_subtract_32_0     
  %137 = sub i32 12, %133 (idx: 0)                100                           
Solving Bipartite Weighted Matching (minimize weights)...
Assignment matrix after operation/function unit matching:
                                                  main_signed_subtract_32_0     
  %137 = sub i32 12, %133 (idx: 0)                1                             
Checking that every operator was assigned to a functional unit...yes
Binding operator -> functional unit assignments:
  %137 = sub i32 12, %133 (idx: 0) -> main_signed_subtract_32_0 (mux inputs: 2)
State: LEGUP_F_main_BB__138
Binding functional unit type: signed_add_32
Weight matrix for operation/function unit matching:
                                                  main_signed_add_32_0          main_signed_add_32_1          
  %142 = add nsw i32 %141, 102... (idx: 0)        100                           100                           
Solving Bipartite Weighted Matching (minimize weights)...
Assignment matrix after operation/function unit matching:
                                                  main_signed_add_32_0          main_signed_add_32_1          
  %142 = add nsw i32 %141, 102... (idx: 0)        1                             0                             
Checking that every operator was assigned to a functional unit...yes
Binding operator -> functional unit assignments:
  %142 = add nsw i32 %141, 102... (idx: 0) -> main_signed_add_32_0 (mux inputs: 15)
State: LEGUP_F_main_BB__138
Binding functional unit type: signed_subtract_32
Weight matrix for operation/function unit matching:
                                                  main_signed_subtract_32_0     
  %141 = sub nsw i32 %139, %11... (idx: 0)        100                           
Solving Bipartite Weighted Matching (minimize weights)...
Assignment matrix after operation/function unit matching:
                                                  main_signed_subtract_32_0     
  %141 = sub nsw i32 %139, %11... (idx: 0)        1                             
Checking that every operator was assigned to a functional unit...yes
Binding operator -> functional unit assignments:
  %141 = sub nsw i32 %139, %11... (idx: 0) -> main_signed_subtract_32_0 (mux inputs: 4)
State: LEGUP_F_main_BB__149
Binding functional unit type: signed_add_32
Weight matrix for operation/function unit matching:
                                                  main_signed_add_32_0          main_signed_add_32_1          
  %151 = add nsw i32 %141, 102... (idx: 0)        100                           100                           
Solving Bipartite Weighted Matching (minimize weights)...
Assignment matrix after operation/function unit matching:
                                                  main_signed_add_32_0          main_signed_add_32_1          
  %151 = add nsw i32 %141, 102... (idx: 0)        1                             0                             
Checking that every operator was assigned to a functional unit...yes
Binding operator -> functional unit assignments:
  %151 = add nsw i32 %141, 102... (idx: 0) -> main_signed_add_32_0 (mux inputs: 15)
State: LEGUP_F_main_BB__159
Binding functional unit type: unsigned_divide_64
Weight matrix for operation/function unit matching:
                                                  main_unsigned_divide_64_0     
  %160 = udiv i64 %153, %156 (idx: 0)             100                           
Solving Bipartite Weighted Matching (minimize weights)...
Assignment matrix after operation/function unit matching:
                                                  main_unsigned_divide_64_0     
  %160 = udiv i64 %153, %156 (idx: 0)             1                             
Checking that every operator was assigned to a functional unit...yes
Binding operator -> functional unit assignments:
  %160 = udiv i64 %153, %156 (idx: 0) -> main_unsigned_divide_64_0 (mux inputs: 2)
State: LEGUP_F_main_BB__162
Binding functional unit type: signed_multiply_64
Weight matrix for operation/function unit matching:
                                                  main_signed_multiply_64_0     main_signed_multiply_64_1     main_signed_multiply_64_2     main_signed_multiply_64_3     
  %166 = mul i64 %164, %165 (idx: 0)              100                           100                           100                           100                           
  %167 = mul i64 %164, %156 (idx: 1)              100                           100                           100                           100                           
Solving Bipartite Weighted Matching (minimize weights)...
Assignment matrix after operation/function unit matching:
                                                  main_signed_multiply_64_0     main_signed_multiply_64_1     main_signed_multiply_64_2     main_signed_multiply_64_3     
  %166 = mul i64 %164, %165 (idx: 0)              1                             0                             0                             0                             
  %167 = mul i64 %164, %156 (idx: 1)              0                             1                             0                             0                             
Checking that every operator was assigned to a functional unit...yes
Binding operator -> functional unit assignments:
  %166 = mul i64 %164, %165 (idx: 0) -> main_signed_multiply_64_0 (mux inputs: 2)
  %167 = mul i64 %164, %156 (idx: 1) -> main_signed_multiply_64_1 (mux inputs: 2)
State: LEGUP_F_main_BB__162
Binding functional unit type: signed_add_64
Weight matrix for operation/function unit matching:
                                                  main_signed_add_64_0          main_signed_add_64_1          
  %173 = add i64 %172, %.neg.i... (idx: 0)        100                           100                           
Solving Bipartite Weighted Matching (minimize weights)...
Assignment matrix after operation/function unit matching:
                                                  main_signed_add_64_0          main_signed_add_64_1          
  %173 = add i64 %172, %.neg.i... (idx: 0)        1                             0                             
Checking that every operator was assigned to a functional unit...yes
Binding operator -> functional unit assignments:
  %173 = add i64 %172, %.neg.i... (idx: 0) -> main_signed_add_64_0 (mux inputs: 2)
State: LEGUP_F_main_BB__162
Binding functional unit type: signed_subtract_64
Weight matrix for operation/function unit matching:
                                                  main_signed_subtract_64_0     main_signed_subtract_64_1     main_signed_subtract_64_2     
  %170 = sub i64 0, %169 (idx: 0)                 100                           100                           100                           
  %.neg3.i.i = sub i64 %153, %... (idx: 1)        100                           100                           100                           
  %172 = sub i64 %.neg3.i.i, %... (idx: 2)        100                           100                           100                           
Solving Bipartite Weighted Matching (minimize weights)...
Assignment matrix after operation/function unit matching:
                                                  main_signed_subtract_64_0     main_signed_subtract_64_1     main_signed_subtract_64_2     
  %170 = sub i64 0, %169 (idx: 0)                 1                             0                             0                             
  %.neg3.i.i = sub i64 %153, %... (idx: 1)        0                             1                             0                             
  %172 = sub i64 %.neg3.i.i, %... (idx: 2)        0                             0                             1                             
Checking that every operator was assigned to a functional unit...yes
Binding operator -> functional unit assignments:
  %170 = sub i64 0, %169 (idx: 0) -> main_signed_subtract_64_0 (mux inputs: 1)
  %.neg3.i.i = sub i64 %153, %... (idx: 1) -> main_signed_subtract_64_1 (mux inputs: 2)
  %172 = sub i64 %.neg3.i.i, %... (idx: 2) -> main_signed_subtract_64_2 (mux inputs: 2)
State: LEGUP_F_main_BB__176
Binding functional unit type: signed_add_64
Weight matrix for operation/function unit matching:
                                                  main_signed_add_64_0          main_signed_add_64_1          
  %179 = add i64 %z.05.i.i, -4... (idx: 0)        100                           100                           
  %180 = add i64 %178, %156 (idx: 1)              100                           100                           
Solving Bipartite Weighted Matching (minimize weights)...
Assignment matrix after operation/function unit matching:
                                                  main_signed_add_64_0          main_signed_add_64_1          
  %179 = add i64 %z.05.i.i, -4... (idx: 0)        1                             0                             
  %180 = add i64 %178, %156 (idx: 1)              0                             1                             
Checking that every operator was assigned to a functional unit...yes
Binding operator -> functional unit assignments:
  %179 = add i64 %z.05.i.i, -4... (idx: 0) -> main_signed_add_64_0 (mux inputs: 3)
  %180 = add i64 %178, %156 (idx: 1) -> main_signed_add_64_1 (mux inputs: 2)
State: LEGUP_F_main_BB__176
Binding functional unit type: signed_add_64
Weight matrix for operation/function unit matching:
                                                  main_signed_add_64_0          main_signed_add_64_1          
  %182 = add i64 %180, %181 (idx: 0)              100                           100                           
Solving Bipartite Weighted Matching (minimize weights)...
Assignment matrix after operation/function unit matching:
                                                  main_signed_add_64_0          main_signed_add_64_1          
  %182 = add i64 %180, %181 (idx: 0)              1                             0                             
Checking that every operator was assigned to a functional unit...yes
Binding operator -> functional unit assignments:
  %182 = add i64 %180, %181 (idx: 0) -> main_signed_add_64_0 (mux inputs: 5)
State: LEGUP_F_main_BB__188
Binding functional unit type: unsigned_divide_64
Weight matrix for operation/function unit matching:
                                                  main_unsigned_divide_64_0     
  %189 = udiv i64 %186, %156 (idx: 0)             100                           
Solving Bipartite Weighted Matching (minimize weights)...
Assignment matrix after operation/function unit matching:
                                                  main_unsigned_divide_64_0     
  %189 = udiv i64 %186, %156 (idx: 0)             1                             
Checking that every operator was assigned to a functional unit...yes
Binding operator -> functional unit assignments:
  %189 = udiv i64 %186, %156 (idx: 0) -> main_unsigned_divide_64_0 (mux inputs: 3)
State: LEGUP_F_main_BB__194
Binding functional unit type: signed_multiply_64
Weight matrix for operation/function unit matching:
                                                  main_signed_multiply_64_0     main_signed_multiply_64_1     main_signed_multiply_64_2     main_signed_multiply_64_3     
  %197 = mul i64 %196, %165 (idx: 0)              100                           100                           100                           100                           
  %198 = mul i64 %195, %165 (idx: 1)              100                           100                           100                           100                           
  %199 = mul i64 %196, %156 (idx: 2)              100                           100                           100                           100                           
  %200 = mul i64 %195, %156 (idx: 3)              100                           100                           100                           100                           
Solving Bipartite Weighted Matching (minimize weights)...
Assignment matrix after operation/function unit matching:
                                                  main_signed_multiply_64_0     main_signed_multiply_64_1     main_signed_multiply_64_2     main_signed_multiply_64_3     
  %197 = mul i64 %196, %165 (idx: 0)              1                             0                             0                             0                             
  %198 = mul i64 %195, %165 (idx: 1)              0                             1                             0                             0                             
  %199 = mul i64 %196, %156 (idx: 2)              0                             0                             1                             0                             
  %200 = mul i64 %195, %156 (idx: 3)              0                             0                             0                             1                             
Checking that every operator was assigned to a functional unit...yes
Binding operator -> functional unit assignments:
  %197 = mul i64 %196, %165 (idx: 0) -> main_signed_multiply_64_0 (mux inputs: 3)
  %198 = mul i64 %195, %165 (idx: 1) -> main_signed_multiply_64_1 (mux inputs: 4)
  %199 = mul i64 %196, %156 (idx: 2) -> main_signed_multiply_64_2 (mux inputs: 2)
  %200 = mul i64 %195, %156 (idx: 3) -> main_signed_multiply_64_3 (mux inputs: 2)
State: LEGUP_F_main_BB__194
Binding functional unit type: signed_subtract_64
Weight matrix for operation/function unit matching:
                                                  main_signed_subtract_64_0     main_signed_subtract_64_1     main_signed_subtract_64_2     
  %.neg31.i = sub i64 %153, %2... (idx: 0)        100                           100                           100                           
Solving Bipartite Weighted Matching (minimize weights)...
Assignment matrix after operation/function unit matching:
                                                  main_signed_subtract_64_0     main_signed_subtract_64_1     main_signed_subtract_64_2     
  %.neg31.i = sub i64 %153, %2... (idx: 0)        1                             0                             0                             
Checking that every operator was assigned to a functional unit...yes
Binding operator -> functional unit assignments:
  %.neg31.i = sub i64 %153, %2... (idx: 0) -> main_signed_subtract_64_0 (mux inputs: 3)
State: LEGUP_F_main_BB__194
Binding functional unit type: signed_add_64
Weight matrix for operation/function unit matching:
                                                  main_signed_add_64_0          main_signed_add_64_1          
  %.neg33.i = add i64 %.neg31.... (idx: 0)        100                           100                           
  %209 = add i64 %208, %.neg.i... (idx: 1)        100                           100                           
Solving Bipartite Weighted Matching (minimize weights)...
Assignment matrix after operation/function unit matching:
                                                  main_signed_add_64_0          main_signed_add_64_1          
  %.neg33.i = add i64 %.neg31.... (idx: 0)        1                             0                             
  %209 = add i64 %208, %.neg.i... (idx: 1)        0                             1                             
Checking that every operator was assigned to a functional unit...yes
Binding operator -> functional unit assignments:
  %.neg33.i = add i64 %.neg31.... (idx: 0) -> main_signed_add_64_0 (mux inputs: 7)
  %209 = add i64 %208, %.neg.i... (idx: 1) -> main_signed_add_64_1 (mux inputs: 4)
State: LEGUP_F_main_BB__194
Binding functional unit type: signed_subtract_64
Weight matrix for operation/function unit matching:
                                                  main_signed_subtract_64_0     main_signed_subtract_64_1     main_signed_subtract_64_2     
  %206 = sub i64 0, %overflow_... (idx: 0)        100                           100                           100                           
  %208 = sub i64 %.neg33.i, %2... (idx: 1)        100                           100                           100                           
Solving Bipartite Weighted Matching (minimize weights)...
Assignment matrix after operation/function unit matching:
                                                  main_signed_subtract_64_0     main_signed_subtract_64_1     main_signed_subtract_64_2     
  %206 = sub i64 0, %overflow_... (idx: 0)        1                             0                             0                             
  %208 = sub i64 %.neg33.i, %2... (idx: 1)        0                             1                             0                             
Checking that every operator was assigned to a functional unit...yes
Binding operator -> functional unit assignments:
  %206 = sub i64 0, %overflow_... (idx: 0) -> main_signed_subtract_64_0 (mux inputs: 4)
  %208 = sub i64 %.neg33.i, %2... (idx: 1) -> main_signed_subtract_64_1 (mux inputs: 4)
State: LEGUP_F_main_BB_lrphi
Binding functional unit type: signed_add_64
Weight matrix for operation/function unit matching:
                                                  main_signed_add_64_0          main_signed_add_64_1          
  %213 = add i64 %zSig.037.i, ... (idx: 0)        100                           100                           
Solving Bipartite Weighted Matching (minimize weights)...
Assignment matrix after operation/function unit matching:
                                                  main_signed_add_64_0          main_signed_add_64_1          
  %213 = add i64 %zSig.037.i, ... (idx: 0)        1                             0                             
Checking that every operator was assigned to a functional unit...yes
Binding operator -> functional unit assignments:
  %213 = add i64 %zSig.037.i, ... (idx: 0) -> main_signed_add_64_0 (mux inputs: 8)
State: LEGUP_F_main_BB_lrphi
Binding functional unit type: signed_add_64
Weight matrix for operation/function unit matching:
                                                  main_signed_add_64_0          main_signed_add_64_1          
  %215 = add i64 %214, %212 (idx: 0)              100                           100                           
Solving Bipartite Weighted Matching (minimize weights)...
Assignment matrix after operation/function unit matching:
                                                  main_signed_add_64_0          main_signed_add_64_1          
  %215 = add i64 %214, %212 (idx: 0)              1                             0                             
Checking that every operator was assigned to a functional unit...yes
Binding operator -> functional unit assignments:
  %215 = add i64 %214, %212 (idx: 0) -> main_signed_add_64_0 (mux inputs: 10)
State: LEGUP_F_main_BB__227
Binding functional unit type: signed_add_64
Weight matrix for operation/function unit matching:
                                                  main_signed_add_64_0          main_signed_add_64_1          
  %228 = add i64 512, %zSig.1.... (idx: 0)        100                           100                           
Solving Bipartite Weighted Matching (minimize weights)...
Assignment matrix after operation/function unit matching:
                                                  main_signed_add_64_0          main_signed_add_64_1          
  %228 = add i64 512, %zSig.1.... (idx: 0)        1                             0                             
Checking that every operator was assigned to a functional unit...yes
Binding operator -> functional unit assignments:
  %228 = add i64 512, %zSig.1.... (idx: 0) -> main_signed_add_64_0 (mux inputs: 11)
State: LEGUP_F_main_BB__238
Binding functional unit type: signed_subtract_32
Weight matrix for operation/function unit matching:
                                                  main_signed_subtract_32_0     
  %239 = sub nsw i32 0, %zExp.... (idx: 0)        100                           
Solving Bipartite Weighted Matching (minimize weights)...
Assignment matrix after operation/function unit matching:
                                                  main_signed_subtract_32_0     
  %239 = sub nsw i32 0, %zExp.... (idx: 0)        1                             
Checking that every operator was assigned to a functional unit...yes
Binding operator -> functional unit assignments:
  %239 = sub nsw i32 0, %zExp.... (idx: 0) -> main_signed_subtract_32_0 (mux inputs: 5)
State: LEGUP_F_main_BB_thread6ii
Binding functional unit type: signed_add_64
Weight matrix for operation/function unit matching:
                                                  main_signed_add_64_0          main_signed_add_64_1          
  %257 = add i64 %zSig57.i.i, ... (idx: 0)        100                           100                           
  %269 = add i64 %267, %268 (idx: 1)              100                           100                           
Solving Bipartite Weighted Matching (minimize weights)...
Assignment matrix after operation/function unit matching:
                                                  main_signed_add_64_0          main_signed_add_64_1          
  %257 = add i64 %zSig57.i.i, ... (idx: 0)        1                             0                             
  %269 = add i64 %267, %268 (idx: 1)              0                             1                             
Checking that every operator was assigned to a functional unit...yes
Binding operator -> functional unit assignments:
  %257 = add i64 %zSig57.i.i, ... (idx: 0) -> main_signed_add_64_0 (mux inputs: 12)
  %269 = add i64 %267, %268 (idx: 1) -> main_signed_add_64_1 (mux inputs: 6)
State: LEGUP_F_main_BB_float64_divexit
Binding functional unit type: signed_add_32
Weight matrix for operation/function unit matching:
                                                  main_signed_add_32_0          main_signed_add_32_1          
  %276 = add nsw i32 %i.01, 1 (idx: 0)            100                           100                           
Solving Bipartite Weighted Matching (minimize weights)...
Assignment matrix after operation/function unit matching:
                                                  main_signed_add_32_0          main_signed_add_32_1          
  %276 = add nsw i32 %i.01, 1 (idx: 0)            1                             0                             
Checking that every operator was assigned to a functional unit...yes
Binding operator -> functional unit assignments:
  %276 = add nsw i32 %i.01, 1 (idx: 0) -> main_signed_add_32_0 (mux inputs: 16)
State: LEGUP_F_main_BB_float64_divexit
Binding functional unit type: signed_add_32
Weight matrix for operation/function unit matching:
                                                  main_signed_add_32_0          main_signed_add_32_1          
  %gep12 = add i32 %gep_int10,... (idx: 0)        100                           100                           
Solving Bipartite Weighted Matching (minimize weights)...
Assignment matrix after operation/function unit matching:
                                                  main_signed_add_32_0          main_signed_add_32_1          
  %gep12 = add i32 %gep_int10,... (idx: 0)        1                             0                             
Checking that every operator was assigned to a functional unit...yes
Binding operator -> functional unit assignments:
  %gep12 = add i32 %gep_int10,... (idx: 0) -> main_signed_add_32_0 (mux inputs: 18)
State: LEGUP_F_main_BB_float64_divexit
Binding functional unit type: z_output_local_mem_dual_port
Weight matrix for operation/function unit matching:
                                                  main_z_output_local_mem_dual_port_0
  %271 = load i64* %270, align... (idx: 0)        100                           
Solving Bipartite Weighted Matching (minimize weights)...
Assignment matrix after operation/function unit matching:
                                                  main_z_output_local_mem_dual_port_0
  %271 = load i64* %270, align... (idx: 0)        1                             
Checking that every operator was assigned to a functional unit...yes
Binding operator -> functional unit assignments:
  %271 = load i64* %270, align... (idx: 0) -> main_z_output_local_mem_dual_port_0 (mux inputs: 1)
State: LEGUP_F_main_BB_float64_divexit
Binding functional unit type: signed_add_32
Weight matrix for operation/function unit matching:
                                                  main_signed_add_32_0          main_signed_add_32_1          
  %274 = add nsw i32 %273, %ma... (idx: 0)        100                           100                           
Solving Bipartite Weighted Matching (minimize weights)...
Assignment matrix after operation/function unit matching:
                                                  main_signed_add_32_0          main_signed_add_32_1          
  %274 = add nsw i32 %273, %ma... (idx: 0)        1                             0                             
Checking that every operator was assigned to a functional unit...yes
Binding operator -> functional unit assignments:
  %274 = add nsw i32 %273, %ma... (idx: 0) -> main_signed_add_32_0 (mux inputs: 20)

