//----------------------------------------------------------------------------//
// Generated by LegUp High-Level Synthesis Tool Version 4.0 (http://legup.org)
// Compiled: Tue Jun 18 03:11:52 2019
// University of Toronto
// For research and academic purposes only. Commercial use is prohibited.
// Please send bugs to: legup@eecg.toronto.edu
// Date: Sun Jun 23 07:42:14 2019
//----------------------------------------------------------------------------//

--------------------------------------------------------------------------------
Function: main
--------------------------------------------------------------------------------
Function unit type:           Number Required               
mem_dual_port                 1                             
signed_add_32                 15                            
signed_multiply_32            1                             
signed_subtract_32            1                             
--------------------------------------------------------------------------------
Function: legup_memset_4
--------------------------------------------------------------------------------
Function unit type:           Number Required               
mem_dual_port                 2                             
signed_add_32                 1                             

Running Bipartite Weighted Matching on function: legup_memset_4
State: LEGUP_F_legup_memset_4_BB__0
Binding functional unit type: mem_dual_port
Weight matrix for operation/function unit matching:
                                                  legup_memset_4_mem_dual_port_0legup_memset_4_mem_dual_port_1
  store i8* %m, i8** %1, align... (idx: 0)        -5                            -5                            
  store i8 %c1, i8* %2, align ... (idx: 1)        -5                            -5                            
Solving Bipartite Weighted Matching (minimize weights)...
Assignment matrix after operation/function unit matching:
                                                  legup_memset_4_mem_dual_port_0legup_memset_4_mem_dual_port_1
  store i8* %m, i8** %1, align... (idx: 0)        1                             0                             
  store i8 %c1, i8* %2, align ... (idx: 1)        0                             1                             
Checking that every operator was assigned to a functional unit...yes
Binding operator -> functional unit assignments:
  store i8* %m, i8** %1, align... (idx: 0) -> legup_memset_4_mem_dual_port_0 (mux inputs: 1)
  store i8 %c1, i8* %2, align ... (idx: 1) -> legup_memset_4_mem_dual_port_1 (mux inputs: 1)
State: LEGUP_F_legup_memset_4_BB__0
Binding functional unit type: mem_dual_port
Weight matrix for operation/function unit matching:
  store i32 %n, i32* %3, align... can share an output register with another operation already assigned to legup_memset_4_mem_dual_port_0
  store i32 %n, i32* %3, align... can share an output register with another operation already assigned to legup_memset_4_mem_dual_port_1
  %4 = load i8* %2, align 1 can share an output register with another operation already assigned to legup_memset_4_mem_dual_port_0
  %4 = load i8* %2, align 1 can share an input with another operation already assigned to legup_memset_4_mem_dual_port_1
  %4 = load i8* %2, align 1 can share an output register with another operation already assigned to legup_memset_4_mem_dual_port_1
                                                  legup_memset_4_mem_dual_port_0legup_memset_4_mem_dual_port_1
  store i32 %n, i32* %3, align... (idx: 0)        -5                            -5                            
  %4 = load i8* %2, align 1 (idx: 1)              -5                            0                             
Solving Bipartite Weighted Matching (minimize weights)...
Assignment matrix after operation/function unit matching:
                                                  legup_memset_4_mem_dual_port_0legup_memset_4_mem_dual_port_1
  store i32 %n, i32* %3, align... (idx: 0)        0                             1                             
  %4 = load i8* %2, align 1 (idx: 1)              1                             0                             
Checking that every operator was assigned to a functional unit...yes
Binding operator -> functional unit assignments:
  %4 = load i8* %2, align 1 (idx: 1) -> legup_memset_4_mem_dual_port_0 (mux inputs: 2)
  store i32 %n, i32* %3, align... (idx: 0) -> legup_memset_4_mem_dual_port_1 (mux inputs: 2)
State: LEGUP_F_legup_memset_4_BB__0
Binding functional unit type: mem_dual_port
Weight matrix for operation/function unit matching:
  store i32 %5, i32* %c, align... can share an output register with another operation already assigned to legup_memset_4_mem_dual_port_0
  store i32 %5, i32* %c, align... can share an output register with another operation already assigned to legup_memset_4_mem_dual_port_1
                                                  legup_memset_4_mem_dual_port_0legup_memset_4_mem_dual_port_1
  store i32 %5, i32* %c, align... (idx: 0)        -20                           -20                           
Solving Bipartite Weighted Matching (minimize weights)...
Assignment matrix after operation/function unit matching:
                                                  legup_memset_4_mem_dual_port_0legup_memset_4_mem_dual_port_1
  store i32 %5, i32* %c, align... (idx: 0)        1                             0                             
Checking that every operator was assigned to a functional unit...yes
Binding operator -> functional unit assignments:
  store i32 %5, i32* %c, align... (idx: 0) -> legup_memset_4_mem_dual_port_0 (mux inputs: 4)
State: LEGUP_F_legup_memset_4_BB__0
Binding functional unit type: mem_dual_port
Weight matrix for operation/function unit matching:
  %6 = load i32* %c, align 4 can share an input with another operation already assigned to legup_memset_4_mem_dual_port_0
  %6 = load i32* %c, align 4 can share an output register with another operation already assigned to legup_memset_4_mem_dual_port_0
  %6 = load i32* %c, align 4 can share an output register with another operation already assigned to legup_memset_4_mem_dual_port_1
  %8 = load i32* %c, align 4 can share an input with another operation already assigned to legup_memset_4_mem_dual_port_0
  %8 = load i32* %c, align 4 can share an output register with another operation already assigned to legup_memset_4_mem_dual_port_0
  %8 = load i32* %c, align 4 can share an output register with another operation already assigned to legup_memset_4_mem_dual_port_1
                                                  legup_memset_4_mem_dual_port_0legup_memset_4_mem_dual_port_1
  %6 = load i32* %c, align 4 (idx: 0)             -30                           -15                           
  %8 = load i32* %c, align 4 (idx: 1)             -30                           -15                           
Solving Bipartite Weighted Matching (minimize weights)...
Assignment matrix after operation/function unit matching:
                                                  legup_memset_4_mem_dual_port_0legup_memset_4_mem_dual_port_1
  %6 = load i32* %c, align 4 (idx: 0)             1                             0                             
  %8 = load i32* %c, align 4 (idx: 1)             0                             1                             
Checking that every operator was assigned to a functional unit...yes
Binding operator -> functional unit assignments:
  %6 = load i32* %c, align 4 (idx: 0) -> legup_memset_4_mem_dual_port_0 (mux inputs: 4)
  %8 = load i32* %c, align 4 (idx: 1) -> legup_memset_4_mem_dual_port_1 (mux inputs: 3)
State: LEGUP_F_legup_memset_4_BB__0
Binding functional unit type: mem_dual_port
Weight matrix for operation/function unit matching:
  store i32 %9, i32* %c, align... can share an input with another operation already assigned to legup_memset_4_mem_dual_port_0
  store i32 %9, i32* %c, align... can share an output register with another operation already assigned to legup_memset_4_mem_dual_port_0
  store i32 %9, i32* %c, align... can share an input with another operation already assigned to legup_memset_4_mem_dual_port_1
  store i32 %9, i32* %c, align... can share an output register with another operation already assigned to legup_memset_4_mem_dual_port_1
                                                  legup_memset_4_mem_dual_port_0legup_memset_4_mem_dual_port_1
  store i32 %9, i32* %c, align... (idx: 0)        -35                           -25                           
Solving Bipartite Weighted Matching (minimize weights)...
Assignment matrix after operation/function unit matching:
                                                  legup_memset_4_mem_dual_port_0legup_memset_4_mem_dual_port_1
  store i32 %9, i32* %c, align... (idx: 0)        1                             0                             
Checking that every operator was assigned to a functional unit...yes
Binding operator -> functional unit assignments:
  store i32 %9, i32* %c, align... (idx: 0) -> legup_memset_4_mem_dual_port_0 (mux inputs: 5)
State: LEGUP_F_legup_memset_4_BB__0
Binding functional unit type: mem_dual_port
Weight matrix for operation/function unit matching:
  %10 = load i32* %c, align 4 can share an input with another operation already assigned to legup_memset_4_mem_dual_port_0
  %10 = load i32* %c, align 4 can share an output register with another operation already assigned to legup_memset_4_mem_dual_port_0
  %10 = load i32* %c, align 4 can share an input with another operation already assigned to legup_memset_4_mem_dual_port_1
  %10 = load i32* %c, align 4 can share an output register with another operation already assigned to legup_memset_4_mem_dual_port_1
  %12 = load i32* %c, align 4 can share an input with another operation already assigned to legup_memset_4_mem_dual_port_0
  %12 = load i32* %c, align 4 can share an output register with another operation already assigned to legup_memset_4_mem_dual_port_0
  %12 = load i32* %c, align 4 can share an input with another operation already assigned to legup_memset_4_mem_dual_port_1
  %12 = load i32* %c, align 4 can share an output register with another operation already assigned to legup_memset_4_mem_dual_port_1
                                                  legup_memset_4_mem_dual_port_0legup_memset_4_mem_dual_port_1
  %10 = load i32* %c, align 4 (idx: 0)            -40                           -20                           
  %12 = load i32* %c, align 4 (idx: 1)            -40                           -20                           
Solving Bipartite Weighted Matching (minimize weights)...
Assignment matrix after operation/function unit matching:
                                                  legup_memset_4_mem_dual_port_0legup_memset_4_mem_dual_port_1
  %10 = load i32* %c, align 4 (idx: 0)            1                             0                             
  %12 = load i32* %c, align 4 (idx: 1)            0                             1                             
Checking that every operator was assigned to a functional unit...yes
Binding operator -> functional unit assignments:
  %10 = load i32* %c, align 4 (idx: 0) -> legup_memset_4_mem_dual_port_0 (mux inputs: 5)
  %12 = load i32* %c, align 4 (idx: 1) -> legup_memset_4_mem_dual_port_1 (mux inputs: 3)
State: LEGUP_F_legup_memset_4_BB__0
Binding functional unit type: mem_dual_port
Weight matrix for operation/function unit matching:
  %14 = load i8** %1, align 4 can share an input with another operation already assigned to legup_memset_4_mem_dual_port_0
  %14 = load i8** %1, align 4 can share an output register with another operation already assigned to legup_memset_4_mem_dual_port_0
  %14 = load i8** %1, align 4 can share an output register with another operation already assigned to legup_memset_4_mem_dual_port_1
  %16 = load i32* %3, align 4 can share an output register with another operation already assigned to legup_memset_4_mem_dual_port_0
  %16 = load i32* %3, align 4 can share an input with another operation already assigned to legup_memset_4_mem_dual_port_1
  %16 = load i32* %3, align 4 can share an output register with another operation already assigned to legup_memset_4_mem_dual_port_1
                                                  legup_memset_4_mem_dual_port_0legup_memset_4_mem_dual_port_1
  %14 = load i8** %1, align 4 (idx: 0)            -40                           -25                           
  %16 = load i32* %3, align 4 (idx: 1)            -45                           -20                           
Solving Bipartite Weighted Matching (minimize weights)...
Assignment matrix after operation/function unit matching:
                                                  legup_memset_4_mem_dual_port_0legup_memset_4_mem_dual_port_1
  %14 = load i8** %1, align 4 (idx: 0)            0                             1                             
  %16 = load i32* %3, align 4 (idx: 1)            1                             0                             
Checking that every operator was assigned to a functional unit...yes
Binding operator -> functional unit assignments:
  %16 = load i32* %3, align 4 (idx: 1) -> legup_memset_4_mem_dual_port_0 (mux inputs: 6)
  %14 = load i8** %1, align 4 (idx: 0) -> legup_memset_4_mem_dual_port_1 (mux inputs: 4)
State: LEGUP_F_legup_memset_4_BB__0
Binding functional unit type: mem_dual_port
Weight matrix for operation/function unit matching:
  store i32 %13, i32* %c, alig... can share an input with another operation already assigned to legup_memset_4_mem_dual_port_0
  store i32 %13, i32* %c, alig... can share an output register with another operation already assigned to legup_memset_4_mem_dual_port_0
  store i32 %13, i32* %c, alig... can share an input with another operation already assigned to legup_memset_4_mem_dual_port_1
  store i32 %13, i32* %c, alig... can share an output register with another operation already assigned to legup_memset_4_mem_dual_port_1
                                                  legup_memset_4_mem_dual_port_0legup_memset_4_mem_dual_port_1
  store i32 %13, i32* %c, alig... (idx: 0)        -55                           -35                           
Solving Bipartite Weighted Matching (minimize weights)...
Assignment matrix after operation/function unit matching:
                                                  legup_memset_4_mem_dual_port_0legup_memset_4_mem_dual_port_1
  store i32 %13, i32* %c, alig... (idx: 0)        1                             0                             
Checking that every operator was assigned to a functional unit...yes
Binding operator -> functional unit assignments:
  store i32 %13, i32* %c, alig... (idx: 0) -> legup_memset_4_mem_dual_port_0 (mux inputs: 7)
State: LEGUP_F_legup_memset_4_BB__0
Binding functional unit type: mem_dual_port
Weight matrix for operation/function unit matching:
  store i32* %15, i32** %s, al... can share an output register with another operation already assigned to legup_memset_4_mem_dual_port_0
  store i32* %15, i32** %s, al... can share an output register with another operation already assigned to legup_memset_4_mem_dual_port_1
  store i32 %17, i32* %3, alig... can share an input with another operation already assigned to legup_memset_4_mem_dual_port_0
  store i32 %17, i32* %3, alig... can share an output register with another operation already assigned to legup_memset_4_mem_dual_port_0
  store i32 %17, i32* %3, alig... can share an input with another operation already assigned to legup_memset_4_mem_dual_port_1
  store i32 %17, i32* %3, alig... can share an output register with another operation already assigned to legup_memset_4_mem_dual_port_1
                                                  legup_memset_4_mem_dual_port_0legup_memset_4_mem_dual_port_1
  store i32* %15, i32** %s, al... (idx: 0)        -70                           -40                           
  store i32 %17, i32* %3, alig... (idx: 1)        -65                           -35                           
Solving Bipartite Weighted Matching (minimize weights)...
Assignment matrix after operation/function unit matching:
                                                  legup_memset_4_mem_dual_port_0legup_memset_4_mem_dual_port_1
  store i32* %15, i32** %s, al... (idx: 0)        1                             0                             
  store i32 %17, i32* %3, alig... (idx: 1)        0                             1                             
Checking that every operator was assigned to a functional unit...yes
Binding operator -> functional unit assignments:
  store i32* %15, i32** %s, al... (idx: 0) -> legup_memset_4_mem_dual_port_0 (mux inputs: 9)
  store i32 %17, i32* %3, alig... (idx: 1) -> legup_memset_4_mem_dual_port_1 (mux inputs: 5)
State: LEGUP_F_legup_memset_4_BB__18
Binding functional unit type: mem_dual_port
Weight matrix for operation/function unit matching:
  %19 = load i32* %3, align 4 can share an input with another operation already assigned to legup_memset_4_mem_dual_port_0
  %19 = load i32* %3, align 4 can share an output register with another operation already assigned to legup_memset_4_mem_dual_port_0
  %19 = load i32* %3, align 4 can share an input with another operation already assigned to legup_memset_4_mem_dual_port_1
  %19 = load i32* %3, align 4 can share an output register with another operation already assigned to legup_memset_4_mem_dual_port_1
                                                  legup_memset_4_mem_dual_port_0legup_memset_4_mem_dual_port_1
  %19 = load i32* %3, align 4 (idx: 0)            -80                           -40                           
Solving Bipartite Weighted Matching (minimize weights)...
Assignment matrix after operation/function unit matching:
                                                  legup_memset_4_mem_dual_port_0legup_memset_4_mem_dual_port_1
  %19 = load i32* %3, align 4 (idx: 0)            1                             0                             
Checking that every operator was assigned to a functional unit...yes
Binding operator -> functional unit assignments:
  %19 = load i32* %3, align 4 (idx: 0) -> legup_memset_4_mem_dual_port_0 (mux inputs: 9)
State: LEGUP_F_legup_memset_4_BB__18
Binding functional unit type: mem_dual_port
Weight matrix for operation/function unit matching:
  store i32 %20, i32* %3, alig... can share an input with another operation already assigned to legup_memset_4_mem_dual_port_0
  store i32 %20, i32* %3, alig... can share an output register with another operation already assigned to legup_memset_4_mem_dual_port_0
  store i32 %20, i32* %3, alig... can share an input with another operation already assigned to legup_memset_4_mem_dual_port_1
  store i32 %20, i32* %3, alig... can share an output register with another operation already assigned to legup_memset_4_mem_dual_port_1
                                                  legup_memset_4_mem_dual_port_0legup_memset_4_mem_dual_port_1
  store i32 %20, i32* %3, alig... (idx: 0)        -85                           -45                           
Solving Bipartite Weighted Matching (minimize weights)...
Assignment matrix after operation/function unit matching:
                                                  legup_memset_4_mem_dual_port_0legup_memset_4_mem_dual_port_1
  store i32 %20, i32* %3, alig... (idx: 0)        1                             0                             
Checking that every operator was assigned to a functional unit...yes
Binding operator -> functional unit assignments:
  store i32 %20, i32* %3, alig... (idx: 0) -> legup_memset_4_mem_dual_port_0 (mux inputs: 10)
State: LEGUP_F_legup_memset_4_BB__18
Binding functional unit type: signed_add_32
Weight matrix for operation/function unit matching:
                                                  legup_memset_4_signed_add_32_0
  %20 = add i32 %19, -1 (idx: 0)                  -5                            
Solving Bipartite Weighted Matching (minimize weights)...
Assignment matrix after operation/function unit matching:
                                                  legup_memset_4_signed_add_32_0
  %20 = add i32 %19, -1 (idx: 0)                  1                             
Checking that every operator was assigned to a functional unit...yes
Binding operator -> functional unit assignments:
  %20 = add i32 %19, -1 (idx: 0) -> legup_memset_4_signed_add_32_0 (mux inputs: 1)
State: LEGUP_F_legup_memset_4_BB__22
Binding functional unit type: mem_dual_port
Weight matrix for operation/function unit matching:
  %23 = load i32* %c, align 4 can share an input with another operation already assigned to legup_memset_4_mem_dual_port_0
  %23 = load i32* %c, align 4 can share an output register with another operation already assigned to legup_memset_4_mem_dual_port_0
  %23 = load i32* %c, align 4 can share an input with another operation already assigned to legup_memset_4_mem_dual_port_1
  %23 = load i32* %c, align 4 can share an output register with another operation already assigned to legup_memset_4_mem_dual_port_1
  %24 = load i32** %s, align 4 can share an input with another operation already assigned to legup_memset_4_mem_dual_port_0
  %24 = load i32** %s, align 4 can share an output register with another operation already assigned to legup_memset_4_mem_dual_port_0
  %24 = load i32** %s, align 4 can share an output register with another operation already assigned to legup_memset_4_mem_dual_port_1
                                                  legup_memset_4_mem_dual_port_0legup_memset_4_mem_dual_port_1
  %23 = load i32* %c, align 4 (idx: 0)            -90                           -40                           
  %24 = load i32** %s, align 4 (idx: 1)           -90                           -45                           
Solving Bipartite Weighted Matching (minimize weights)...
Assignment matrix after operation/function unit matching:
                                                  legup_memset_4_mem_dual_port_0legup_memset_4_mem_dual_port_1
  %23 = load i32* %c, align 4 (idx: 0)            1                             0                             
  %24 = load i32** %s, align 4 (idx: 1)           0                             1                             
Checking that every operator was assigned to a functional unit...yes
Binding operator -> functional unit assignments:
  %23 = load i32* %c, align 4 (idx: 0) -> legup_memset_4_mem_dual_port_0 (mux inputs: 10)
  %24 = load i32** %s, align 4 (idx: 1) -> legup_memset_4_mem_dual_port_1 (mux inputs: 6)
State: LEGUP_F_legup_memset_4_BB__22
Binding functional unit type: mem_dual_port
Weight matrix for operation/function unit matching:
  store i32* %25, i32** %s, al... can share an input with another operation already assigned to legup_memset_4_mem_dual_port_0
  store i32* %25, i32** %s, al... can share an output register with another operation already assigned to legup_memset_4_mem_dual_port_0
  store i32* %25, i32** %s, al... can share an input with another operation already assigned to legup_memset_4_mem_dual_port_1
  store i32* %25, i32** %s, al... can share an output register with another operation already assigned to legup_memset_4_mem_dual_port_1
  store i32 %23, i32* %24, ali... can share an output register with another operation already assigned to legup_memset_4_mem_dual_port_0
  store i32 %23, i32* %24, ali... can share an output register with another operation already assigned to legup_memset_4_mem_dual_port_1
                                                  legup_memset_4_mem_dual_port_0legup_memset_4_mem_dual_port_1
  store i32* %25, i32** %s, al... (idx: 0)        -95                           -55                           
  store i32 %23, i32* %24, ali... (idx: 1)        -100                          -60                           
Solving Bipartite Weighted Matching (minimize weights)...
Assignment matrix after operation/function unit matching:
                                                  legup_memset_4_mem_dual_port_0legup_memset_4_mem_dual_port_1
  store i32* %25, i32** %s, al... (idx: 0)        1                             0                             
  store i32 %23, i32* %24, ali... (idx: 1)        0                             1                             
Checking that every operator was assigned to a functional unit...yes
Binding operator -> functional unit assignments:
  store i32* %25, i32** %s, al... (idx: 0) -> legup_memset_4_mem_dual_port_0 (mux inputs: 11)
  store i32 %23, i32* %24, ali... (idx: 1) -> legup_memset_4_mem_dual_port_1 (mux inputs: 8)
State: LEGUP_F_legup_memset_4_BB__22
Binding functional unit type: signed_add_32
Weight matrix for operation/function unit matching:
  %gep = add i32 %gep_int, 4 can share an output register with another operation already assigned to legup_memset_4_signed_add_32_0
                                                  legup_memset_4_signed_add_32_0
  %gep = add i32 %gep_int, 4 (idx: 0)             -5                            
Solving Bipartite Weighted Matching (minimize weights)...
Assignment matrix after operation/function unit matching:
                                                  legup_memset_4_signed_add_32_0
  %gep = add i32 %gep_int, 4 (idx: 0)             1                             
Checking that every operator was assigned to a functional unit...yes
Binding operator -> functional unit assignments:
  %gep = add i32 %gep_int, 4 (idx: 0) -> legup_memset_4_signed_add_32_0 (mux inputs: 2)

Running Bipartite Weighted Matching on function: main
State: LEGUP_F_main_BB__0
Binding functional unit type: signed_add_32
Weight matrix for operation/function unit matching:
                                                  main_signed_add_32_0          main_signed_add_32_1          main_signed_add_32_2          main_signed_add_32_3          main_signed_add_32_4          main_signed_add_32_5          main_signed_add_32_6          main_signed_add_32_7          main_signed_add_32_8          main_signed_add_32_9          main_signed_add_32_10         main_signed_add_32_11         main_signed_add_32_12         main_signed_add_32_13         main_signed_add_32_14         
  %gep = add i32 %gep_int1, 56 (idx: 0)           -5                            -5                            -5                            -5                            -5                            -5                            -5                            -5                            -5                            -5                            -5                            -5                            -5                            -5                            -5                            
  %gep3 = add i32 %gep_int2, 6... (idx: 1)        -5                            -5                            -5                            -5                            -5                            -5                            -5                            -5                            -5                            -5                            -5                            -5                            -5                            -5                            -5                            
  %gep5 = add i32 %gep_int4, 5... (idx: 2)        -5                            -5                            -5                            -5                            -5                            -5                            -5                            -5                            -5                            -5                            -5                            -5                            -5                            -5                            -5                            
  %gep7 = add i32 %gep_int6, 4... (idx: 3)        -5                            -5                            -5                            -5                            -5                            -5                            -5                            -5                            -5                            -5                            -5                            -5                            -5                            -5                            -5                            
  %gep9 = add i32 %gep_int8, 4... (idx: 4)        -5                            -5                            -5                            -5                            -5                            -5                            -5                            -5                            -5                            -5                            -5                            -5                            -5                            -5                            -5                            
  %gep11 = add i32 %gep_int10,... (idx: 5)        -5                            -5                            -5                            -5                            -5                            -5                            -5                            -5                            -5                            -5                            -5                            -5                            -5                            -5                            -5                            
  %gep13 = add i32 %gep_int12,... (idx: 6)        -5                            -5                            -5                            -5                            -5                            -5                            -5                            -5                            -5                            -5                            -5                            -5                            -5                            -5                            -5                            
  %gep15 = add i32 %gep_int14,... (idx: 7)        -5                            -5                            -5                            -5                            -5                            -5                            -5                            -5                            -5                            -5                            -5                            -5                            -5                            -5                            -5                            
  %gep17 = add i32 %gep_int16,... (idx: 8)        -5                            -5                            -5                            -5                            -5                            -5                            -5                            -5                            -5                            -5                            -5                            -5                            -5                            -5                            -5                            
  %gep19 = add i32 %gep_int18,... (idx: 9)        -5                            -5                            -5                            -5                            -5                            -5                            -5                            -5                            -5                            -5                            -5                            -5                            -5                            -5                            -5                            
  %gep21 = add i32 %gep_int20,... (idx: 10)       -5                            -5                            -5                            -5                            -5                            -5                            -5                            -5                            -5                            -5                            -5                            -5                            -5                            -5                            -5                            
  %gep23 = add i32 %gep_int22,... (idx: 11)       -5                            -5                            -5                            -5                            -5                            -5                            -5                            -5                            -5                            -5                            -5                            -5                            -5                            -5                            -5                            
  %gep25 = add i32 %gep_int24,... (idx: 12)       -5                            -5                            -5                            -5                            -5                            -5                            -5                            -5                            -5                            -5                            -5                            -5                            -5                            -5                            -5                            
  %gep27 = add i32 %gep_int26,... (idx: 13)       -5                            -5                            -5                            -5                            -5                            -5                            -5                            -5                            -5                            -5                            -5                            -5                            -5                            -5                            -5                            
  %gep29 = add i32 %gep_int28,... (idx: 14)       -5                            -5                            -5                            -5                            -5                            -5                            -5                            -5                            -5                            -5                            -5                            -5                            -5                            -5                            -5                            
Solving Bipartite Weighted Matching (minimize weights)...
Assignment matrix after operation/function unit matching:
                                                  main_signed_add_32_0          main_signed_add_32_1          main_signed_add_32_2          main_signed_add_32_3          main_signed_add_32_4          main_signed_add_32_5          main_signed_add_32_6          main_signed_add_32_7          main_signed_add_32_8          main_signed_add_32_9          main_signed_add_32_10         main_signed_add_32_11         main_signed_add_32_12         main_signed_add_32_13         main_signed_add_32_14         
  %gep = add i32 %gep_int1, 56 (idx: 0)           1                             0                             0                             0                             0                             0                             0                             0                             0                             0                             0                             0                             0                             0                             0                             
  %gep3 = add i32 %gep_int2, 6... (idx: 1)        0                             1                             0                             0                             0                             0                             0                             0                             0                             0                             0                             0                             0                             0                             0                             
  %gep5 = add i32 %gep_int4, 5... (idx: 2)        0                             0                             1                             0                             0                             0                             0                             0                             0                             0                             0                             0                             0                             0                             0                             
  %gep7 = add i32 %gep_int6, 4... (idx: 3)        0                             0                             0                             1                             0                             0                             0                             0                             0                             0                             0                             0                             0                             0                             0                             
  %gep9 = add i32 %gep_int8, 4... (idx: 4)        0                             0                             0                             0                             1                             0                             0                             0                             0                             0                             0                             0                             0                             0                             0                             
  %gep11 = add i32 %gep_int10,... (idx: 5)        0                             0                             0                             0                             0                             1                             0                             0                             0                             0                             0                             0                             0                             0                             0                             
  %gep13 = add i32 %gep_int12,... (idx: 6)        0                             0                             0                             0                             0                             0                             1                             0                             0                             0                             0                             0                             0                             0                             0                             
  %gep15 = add i32 %gep_int14,... (idx: 7)        0                             0                             0                             0                             0                             0                             0                             1                             0                             0                             0                             0                             0                             0                             0                             
  %gep17 = add i32 %gep_int16,... (idx: 8)        0                             0                             0                             0                             0                             0                             0                             0                             1                             0                             0                             0                             0                             0                             0                             
  %gep19 = add i32 %gep_int18,... (idx: 9)        0                             0                             0                             0                             0                             0                             0                             0                             0                             1                             0                             0                             0                             0                             0                             
  %gep21 = add i32 %gep_int20,... (idx: 10)       0                             0                             0                             0                             0                             0                             0                             0                             0                             0                             1                             0                             0                             0                             0                             
  %gep23 = add i32 %gep_int22,... (idx: 11)       0                             0                             0                             0                             0                             0                             0                             0                             0                             0                             0                             1                             0                             0                             0                             
  %gep25 = add i32 %gep_int24,... (idx: 12)       0                             0                             0                             0                             0                             0                             0                             0                             0                             0                             0                             0                             1                             0                             0                             
  %gep27 = add i32 %gep_int26,... (idx: 13)       0                             0                             0                             0                             0                             0                             0                             0                             0                             0                             0                             0                             0                             1                             0                             
  %gep29 = add i32 %gep_int28,... (idx: 14)       0                             0                             0                             0                             0                             0                             0                             0                             0                             0                             0                             0                             0                             0                             1                             
Checking that every operator was assigned to a functional unit...yes
Binding operator -> functional unit assignments:
  %gep = add i32 %gep_int1, 56 (idx: 0) -> main_signed_add_32_0 (mux inputs: 1)
  %gep3 = add i32 %gep_int2, 6... (idx: 1) -> main_signed_add_32_1 (mux inputs: 1)
  %gep5 = add i32 %gep_int4, 5... (idx: 2) -> main_signed_add_32_2 (mux inputs: 1)
  %gep7 = add i32 %gep_int6, 4... (idx: 3) -> main_signed_add_32_3 (mux inputs: 1)
  %gep9 = add i32 %gep_int8, 4... (idx: 4) -> main_signed_add_32_4 (mux inputs: 1)
  %gep11 = add i32 %gep_int10,... (idx: 5) -> main_signed_add_32_5 (mux inputs: 1)
  %gep13 = add i32 %gep_int12,... (idx: 6) -> main_signed_add_32_6 (mux inputs: 1)
  %gep15 = add i32 %gep_int14,... (idx: 7) -> main_signed_add_32_7 (mux inputs: 1)
  %gep17 = add i32 %gep_int16,... (idx: 8) -> main_signed_add_32_8 (mux inputs: 1)
  %gep19 = add i32 %gep_int18,... (idx: 9) -> main_signed_add_32_9 (mux inputs: 1)
  %gep21 = add i32 %gep_int20,... (idx: 10) -> main_signed_add_32_10 (mux inputs: 1)
  %gep23 = add i32 %gep_int22,... (idx: 11) -> main_signed_add_32_11 (mux inputs: 1)
  %gep25 = add i32 %gep_int24,... (idx: 12) -> main_signed_add_32_12 (mux inputs: 1)
  %gep27 = add i32 %gep_int26,... (idx: 13) -> main_signed_add_32_13 (mux inputs: 1)
  %gep29 = add i32 %gep_int28,... (idx: 14) -> main_signed_add_32_14 (mux inputs: 1)
State: LEGUP_F_main_BB__18
Binding functional unit type: mem_dual_port
Weight matrix for operation/function unit matching:
                                                  main_mem_dual_port_0          
  store i32 %33, i32* %4, alig... (idx: 0)        -10                           
Solving Bipartite Weighted Matching (minimize weights)...
Assignment matrix after operation/function unit matching:
                                                  main_mem_dual_port_0          
  store i32 %33, i32* %4, alig... (idx: 0)        1                             
Checking that every operator was assigned to a functional unit...yes
Binding operator -> functional unit assignments:
  store i32 %33, i32* %4, alig... (idx: 0) -> main_mem_dual_port_0 (mux inputs: 2)
State: LEGUP_F_main_BB__18
Binding functional unit type: mem_dual_port
Weight matrix for operation/function unit matching:
  store i32 %32, i32* %3, alig... can share an output register with another operation already assigned to main_mem_dual_port_0
                                                  main_mem_dual_port_0          
  store i32 %32, i32* %3, alig... (idx: 0)        -20                           
Solving Bipartite Weighted Matching (minimize weights)...
Assignment matrix after operation/function unit matching:
                                                  main_mem_dual_port_0          
  store i32 %32, i32* %3, alig... (idx: 0)        1                             
Checking that every operator was assigned to a functional unit...yes
Binding operator -> functional unit assignments:
  store i32 %32, i32* %3, alig... (idx: 0) -> main_mem_dual_port_0 (mux inputs: 4)
State: LEGUP_F_main_BB__18
Binding functional unit type: mem_dual_port
Weight matrix for operation/function unit matching:
  store i32 %31, i32* %5, alig... can share an output register with another operation already assigned to main_mem_dual_port_0
                                                  main_mem_dual_port_0          
  store i32 %31, i32* %5, alig... (idx: 0)        -40                           
Solving Bipartite Weighted Matching (minimize weights)...
Assignment matrix after operation/function unit matching:
                                                  main_mem_dual_port_0          
  store i32 %31, i32* %5, alig... (idx: 0)        1                             
Checking that every operator was assigned to a functional unit...yes
Binding operator -> functional unit assignments:
  store i32 %31, i32* %5, alig... (idx: 0) -> main_mem_dual_port_0 (mux inputs: 6)
State: LEGUP_F_main_BB__18
Binding functional unit type: mem_dual_port
Weight matrix for operation/function unit matching:
  store i32 %30, i32* %6, alig... can share an output register with another operation already assigned to main_mem_dual_port_0
                                                  main_mem_dual_port_0          
  store i32 %30, i32* %6, alig... (idx: 0)        -60                           
Solving Bipartite Weighted Matching (minimize weights)...
Assignment matrix after operation/function unit matching:
                                                  main_mem_dual_port_0          
  store i32 %30, i32* %6, alig... (idx: 0)        1                             
Checking that every operator was assigned to a functional unit...yes
Binding operator -> functional unit assignments:
  store i32 %30, i32* %6, alig... (idx: 0) -> main_mem_dual_port_0 (mux inputs: 8)
State: LEGUP_F_main_BB__18
Binding functional unit type: mem_dual_port
Weight matrix for operation/function unit matching:
  store i32 %29, i32* %7, alig... can share an output register with another operation already assigned to main_mem_dual_port_0
                                                  main_mem_dual_port_0          
  store i32 %29, i32* %7, alig... (idx: 0)        -80                           
Solving Bipartite Weighted Matching (minimize weights)...
Assignment matrix after operation/function unit matching:
                                                  main_mem_dual_port_0          
  store i32 %29, i32* %7, alig... (idx: 0)        1                             
Checking that every operator was assigned to a functional unit...yes
Binding operator -> functional unit assignments:
  store i32 %29, i32* %7, alig... (idx: 0) -> main_mem_dual_port_0 (mux inputs: 10)
State: LEGUP_F_main_BB__18
Binding functional unit type: mem_dual_port
Weight matrix for operation/function unit matching:
  store i32 %28, i32* %8, alig... can share an output register with another operation already assigned to main_mem_dual_port_0
                                                  main_mem_dual_port_0          
  store i32 %28, i32* %8, alig... (idx: 0)        -100                          
Solving Bipartite Weighted Matching (minimize weights)...
Assignment matrix after operation/function unit matching:
                                                  main_mem_dual_port_0          
  store i32 %28, i32* %8, alig... (idx: 0)        1                             
Checking that every operator was assigned to a functional unit...yes
Binding operator -> functional unit assignments:
  store i32 %28, i32* %8, alig... (idx: 0) -> main_mem_dual_port_0 (mux inputs: 12)
State: LEGUP_F_main_BB__18
Binding functional unit type: mem_dual_port
Weight matrix for operation/function unit matching:
  store i32 %27, i32* %9, alig... can share an output register with another operation already assigned to main_mem_dual_port_0
                                                  main_mem_dual_port_0          
  store i32 %27, i32* %9, alig... (idx: 0)        -120                          
Solving Bipartite Weighted Matching (minimize weights)...
Assignment matrix after operation/function unit matching:
                                                  main_mem_dual_port_0          
  store i32 %27, i32* %9, alig... (idx: 0)        1                             
Checking that every operator was assigned to a functional unit...yes
Binding operator -> functional unit assignments:
  store i32 %27, i32* %9, alig... (idx: 0) -> main_mem_dual_port_0 (mux inputs: 14)
State: LEGUP_F_main_BB__18
Binding functional unit type: mem_dual_port
Weight matrix for operation/function unit matching:
  store i32 %26, i32* %10, ali... can share an output register with another operation already assigned to main_mem_dual_port_0
                                                  main_mem_dual_port_0          
  store i32 %26, i32* %10, ali... (idx: 0)        -140                          
Solving Bipartite Weighted Matching (minimize weights)...
Assignment matrix after operation/function unit matching:
                                                  main_mem_dual_port_0          
  store i32 %26, i32* %10, ali... (idx: 0)        1                             
Checking that every operator was assigned to a functional unit...yes
Binding operator -> functional unit assignments:
  store i32 %26, i32* %10, ali... (idx: 0) -> main_mem_dual_port_0 (mux inputs: 16)
State: LEGUP_F_main_BB__18
Binding functional unit type: mem_dual_port
Weight matrix for operation/function unit matching:
  store i32 %25, i32* %11, ali... can share an output register with another operation already assigned to main_mem_dual_port_0
                                                  main_mem_dual_port_0          
  store i32 %25, i32* %11, ali... (idx: 0)        -160                          
Solving Bipartite Weighted Matching (minimize weights)...
Assignment matrix after operation/function unit matching:
                                                  main_mem_dual_port_0          
  store i32 %25, i32* %11, ali... (idx: 0)        1                             
Checking that every operator was assigned to a functional unit...yes
Binding operator -> functional unit assignments:
  store i32 %25, i32* %11, ali... (idx: 0) -> main_mem_dual_port_0 (mux inputs: 18)
State: LEGUP_F_main_BB__18
Binding functional unit type: mem_dual_port
Weight matrix for operation/function unit matching:
  store i32 %24, i32* %12, ali... can share an output register with another operation already assigned to main_mem_dual_port_0
                                                  main_mem_dual_port_0          
  store i32 %24, i32* %12, ali... (idx: 0)        -180                          
Solving Bipartite Weighted Matching (minimize weights)...
Assignment matrix after operation/function unit matching:
                                                  main_mem_dual_port_0          
  store i32 %24, i32* %12, ali... (idx: 0)        1                             
Checking that every operator was assigned to a functional unit...yes
Binding operator -> functional unit assignments:
  store i32 %24, i32* %12, ali... (idx: 0) -> main_mem_dual_port_0 (mux inputs: 20)
State: LEGUP_F_main_BB__18
Binding functional unit type: mem_dual_port
Weight matrix for operation/function unit matching:
  store i32 %23, i32* %13, ali... can share an output register with another operation already assigned to main_mem_dual_port_0
                                                  main_mem_dual_port_0          
  store i32 %23, i32* %13, ali... (idx: 0)        -200                          
Solving Bipartite Weighted Matching (minimize weights)...
Assignment matrix after operation/function unit matching:
                                                  main_mem_dual_port_0          
  store i32 %23, i32* %13, ali... (idx: 0)        1                             
Checking that every operator was assigned to a functional unit...yes
Binding operator -> functional unit assignments:
  store i32 %23, i32* %13, ali... (idx: 0) -> main_mem_dual_port_0 (mux inputs: 22)
State: LEGUP_F_main_BB__18
Binding functional unit type: mem_dual_port
Weight matrix for operation/function unit matching:
  store i32 %22, i32* %14, ali... can share an output register with another operation already assigned to main_mem_dual_port_0
                                                  main_mem_dual_port_0          
  store i32 %22, i32* %14, ali... (idx: 0)        -220                          
Solving Bipartite Weighted Matching (minimize weights)...
Assignment matrix after operation/function unit matching:
                                                  main_mem_dual_port_0          
  store i32 %22, i32* %14, ali... (idx: 0)        1                             
Checking that every operator was assigned to a functional unit...yes
Binding operator -> functional unit assignments:
  store i32 %22, i32* %14, ali... (idx: 0) -> main_mem_dual_port_0 (mux inputs: 24)
State: LEGUP_F_main_BB__18
Binding functional unit type: mem_dual_port
Weight matrix for operation/function unit matching:
  store i32 %21, i32* %15, ali... can share an output register with another operation already assigned to main_mem_dual_port_0
                                                  main_mem_dual_port_0          
  store i32 %21, i32* %15, ali... (idx: 0)        -240                          
Solving Bipartite Weighted Matching (minimize weights)...
Assignment matrix after operation/function unit matching:
                                                  main_mem_dual_port_0          
  store i32 %21, i32* %15, ali... (idx: 0)        1                             
Checking that every operator was assigned to a functional unit...yes
Binding operator -> functional unit assignments:
  store i32 %21, i32* %15, ali... (idx: 0) -> main_mem_dual_port_0 (mux inputs: 26)
State: LEGUP_F_main_BB__18
Binding functional unit type: mem_dual_port
Weight matrix for operation/function unit matching:
  store i32 %20, i32* %16, ali... can share an output register with another operation already assigned to main_mem_dual_port_0
                                                  main_mem_dual_port_0          
  store i32 %20, i32* %16, ali... (idx: 0)        -260                          
Solving Bipartite Weighted Matching (minimize weights)...
Assignment matrix after operation/function unit matching:
                                                  main_mem_dual_port_0          
  store i32 %20, i32* %16, ali... (idx: 0)        1                             
Checking that every operator was assigned to a functional unit...yes
Binding operator -> functional unit assignments:
  store i32 %20, i32* %16, ali... (idx: 0) -> main_mem_dual_port_0 (mux inputs: 28)
State: LEGUP_F_main_BB__18
Binding functional unit type: mem_dual_port
Weight matrix for operation/function unit matching:
  store i32 %19, i32* %17, ali... can share an output register with another operation already assigned to main_mem_dual_port_0
                                                  main_mem_dual_port_0          
  store i32 %19, i32* %17, ali... (idx: 0)        -280                          
Solving Bipartite Weighted Matching (minimize weights)...
Assignment matrix after operation/function unit matching:
                                                  main_mem_dual_port_0          
  store i32 %19, i32* %17, ali... (idx: 0)        1                             
Checking that every operator was assigned to a functional unit...yes
Binding operator -> functional unit assignments:
  store i32 %19, i32* %17, ali... (idx: 0) -> main_mem_dual_port_0 (mux inputs: 30)
State: LEGUP_F_main_BB__18
Binding functional unit type: mem_dual_port
Weight matrix for operation/function unit matching:
  store i32 %i.01, i32* %2, al... can share an output register with another operation already assigned to main_mem_dual_port_0
                                                  main_mem_dual_port_0          
  store i32 %i.01, i32* %2, al... (idx: 0)        -300                          
Solving Bipartite Weighted Matching (minimize weights)...
Assignment matrix after operation/function unit matching:
                                                  main_mem_dual_port_0          
  store i32 %i.01, i32* %2, al... (idx: 0)        1                             
Checking that every operator was assigned to a functional unit...yes
Binding operator -> functional unit assignments:
  store i32 %i.01, i32* %2, al... (idx: 0) -> main_mem_dual_port_0 (mux inputs: 32)
State: LEGUP_F_main_BB_preheaderi
Binding functional unit type: signed_add_32
Weight matrix for operation/function unit matching:
                                                  main_signed_add_32_0          main_signed_add_32_1          main_signed_add_32_2          main_signed_add_32_3          main_signed_add_32_4          main_signed_add_32_5          main_signed_add_32_6          main_signed_add_32_7          main_signed_add_32_8          main_signed_add_32_9          main_signed_add_32_10         main_signed_add_32_11         main_signed_add_32_12         main_signed_add_32_13         main_signed_add_32_14         
  %42 = add nsw i32 %j.02.i, 1 (idx: 0)           -15                           -15                           -15                           -15                           -15                           -15                           -15                           -15                           -15                           -15                           -15                           -15                           -15                           -15                           -15                           
Solving Bipartite Weighted Matching (minimize weights)...
Assignment matrix after operation/function unit matching:
                                                  main_signed_add_32_0          main_signed_add_32_1          main_signed_add_32_2          main_signed_add_32_3          main_signed_add_32_4          main_signed_add_32_5          main_signed_add_32_6          main_signed_add_32_7          main_signed_add_32_8          main_signed_add_32_9          main_signed_add_32_10         main_signed_add_32_11         main_signed_add_32_12         main_signed_add_32_13         main_signed_add_32_14         
  %42 = add nsw i32 %j.02.i, 1 (idx: 0)           1                             0                             0                             0                             0                             0                             0                             0                             0                             0                             0                             0                             0                             0                             0                             
Checking that every operator was assigned to a functional unit...yes
Binding operator -> functional unit assignments:
  %42 = add nsw i32 %j.02.i, 1 (idx: 0) -> main_signed_add_32_0 (mux inputs: 2)
State: LEGUP_F_main_BB_preheaderi
Binding functional unit type: signed_subtract_32
Weight matrix for operation/function unit matching:
                                                  main_signed_subtract_32_0     
  %35 = sub i32 15, %j.02.i (idx: 0)              -5                            
Solving Bipartite Weighted Matching (minimize weights)...
Assignment matrix after operation/function unit matching:
                                                  main_signed_subtract_32_0     
  %35 = sub i32 15, %j.02.i (idx: 0)              1                             
Checking that every operator was assigned to a functional unit...yes
Binding operator -> functional unit assignments:
  %35 = sub i32 15, %j.02.i (idx: 0) -> main_signed_subtract_32_0 (mux inputs: 1)
State: LEGUP_F_main_BB_preheaderi
Binding functional unit type: mem_dual_port
Weight matrix for operation/function unit matching:
  %39 = load i32* %38, align 4... can share an output register with another operation already assigned to main_mem_dual_port_0
                                                  main_mem_dual_port_0          
  %39 = load i32* %38, align 4... (idx: 0)        -315                          
Solving Bipartite Weighted Matching (minimize weights)...
Assignment matrix after operation/function unit matching:
                                                  main_mem_dual_port_0          
  %39 = load i32* %38, align 4... (idx: 0)        1                             
Checking that every operator was assigned to a functional unit...yes
Binding operator -> functional unit assignments:
  %39 = load i32* %38, align 4... (idx: 0) -> main_mem_dual_port_0 (mux inputs: 33)
State: LEGUP_F_main_BB_preheaderi
Binding functional unit type: signed_add_32
Weight matrix for operation/function unit matching:
  %gep34 = add i32 %gep_int32,... can share an output register with another operation already assigned to main_signed_add_32_0
  %gep34 = add i32 %gep_int32,... can share an output register with another operation already assigned to main_signed_add_32_1
  %gep34 = add i32 %gep_int32,... can share an output register with another operation already assigned to main_signed_add_32_2
  %gep34 = add i32 %gep_int32,... can share an output register with another operation already assigned to main_signed_add_32_3
  %gep34 = add i32 %gep_int32,... can share an output register with another operation already assigned to main_signed_add_32_4
  %gep34 = add i32 %gep_int32,... can share an output register with another operation already assigned to main_signed_add_32_5
  %gep34 = add i32 %gep_int32,... can share an output register with another operation already assigned to main_signed_add_32_6
  %gep34 = add i32 %gep_int32,... can share an output register with another operation already assigned to main_signed_add_32_7
  %gep34 = add i32 %gep_int32,... can share an output register with another operation already assigned to main_signed_add_32_8
  %gep34 = add i32 %gep_int32,... can share an output register with another operation already assigned to main_signed_add_32_9
  %gep34 = add i32 %gep_int32,... can share an output register with another operation already assigned to main_signed_add_32_10
  %gep34 = add i32 %gep_int32,... can share an output register with another operation already assigned to main_signed_add_32_11
  %gep34 = add i32 %gep_int32,... can share an output register with another operation already assigned to main_signed_add_32_12
  %gep34 = add i32 %gep_int32,... can share an output register with another operation already assigned to main_signed_add_32_13
  %gep34 = add i32 %gep_int32,... can share an output register with another operation already assigned to main_signed_add_32_14
                                                  main_signed_add_32_0          main_signed_add_32_1          main_signed_add_32_2          main_signed_add_32_3          main_signed_add_32_4          main_signed_add_32_5          main_signed_add_32_6          main_signed_add_32_7          main_signed_add_32_8          main_signed_add_32_9          main_signed_add_32_10         main_signed_add_32_11         main_signed_add_32_12         main_signed_add_32_13         main_signed_add_32_14         
  %gep34 = add i32 %gep_int32,... (idx: 0)        -20                           -10                           -10                           -10                           -10                           -10                           -10                           -10                           -10                           -10                           -10                           -10                           -10                           -10                           -10                           
Solving Bipartite Weighted Matching (minimize weights)...
Assignment matrix after operation/function unit matching:
                                                  main_signed_add_32_0          main_signed_add_32_1          main_signed_add_32_2          main_signed_add_32_3          main_signed_add_32_4          main_signed_add_32_5          main_signed_add_32_6          main_signed_add_32_7          main_signed_add_32_8          main_signed_add_32_9          main_signed_add_32_10         main_signed_add_32_11         main_signed_add_32_12         main_signed_add_32_13         main_signed_add_32_14         
  %gep34 = add i32 %gep_int32,... (idx: 0)        1                             0                             0                             0                             0                             0                             0                             0                             0                             0                             0                             0                             0                             0                             0                             
Checking that every operator was assigned to a functional unit...yes
Binding operator -> functional unit assignments:
  %gep34 = add i32 %gep_int32,... (idx: 0) -> main_signed_add_32_0 (mux inputs: 4)
State: LEGUP_F_main_BB_preheaderi
Binding functional unit type: mem_dual_port
Weight matrix for operation/function unit matching:
  %37 = load i32* %36, align 4... can share an output register with another operation already assigned to main_mem_dual_port_0
                                                  main_mem_dual_port_0          
  %37 = load i32* %36, align 4... (idx: 0)        -325                          
Solving Bipartite Weighted Matching (minimize weights)...
Assignment matrix after operation/function unit matching:
                                                  main_mem_dual_port_0          
  %37 = load i32* %36, align 4... (idx: 0)        1                             
Checking that every operator was assigned to a functional unit...yes
Binding operator -> functional unit assignments:
  %37 = load i32* %36, align 4... (idx: 0) -> main_mem_dual_port_0 (mux inputs: 34)
State: LEGUP_F_main_BB_preheaderi
Binding functional unit type: signed_add_32
Weight matrix for operation/function unit matching:
  %gep31 = add i32 %gep_int30,... can share an output register with another operation already assigned to main_signed_add_32_0
  %gep31 = add i32 %gep_int30,... can share an output register with another operation already assigned to main_signed_add_32_1
  %gep31 = add i32 %gep_int30,... can share an output register with another operation already assigned to main_signed_add_32_2
  %gep31 = add i32 %gep_int30,... can share an output register with another operation already assigned to main_signed_add_32_3
  %gep31 = add i32 %gep_int30,... can share an output register with another operation already assigned to main_signed_add_32_4
  %gep31 = add i32 %gep_int30,... can share an output register with another operation already assigned to main_signed_add_32_5
  %gep31 = add i32 %gep_int30,... can share an output register with another operation already assigned to main_signed_add_32_6
  %gep31 = add i32 %gep_int30,... can share an output register with another operation already assigned to main_signed_add_32_7
  %gep31 = add i32 %gep_int30,... can share an output register with another operation already assigned to main_signed_add_32_8
  %gep31 = add i32 %gep_int30,... can share an output register with another operation already assigned to main_signed_add_32_9
  %gep31 = add i32 %gep_int30,... can share an output register with another operation already assigned to main_signed_add_32_10
  %gep31 = add i32 %gep_int30,... can share an output register with another operation already assigned to main_signed_add_32_11
  %gep31 = add i32 %gep_int30,... can share an output register with another operation already assigned to main_signed_add_32_12
  %gep31 = add i32 %gep_int30,... can share an output register with another operation already assigned to main_signed_add_32_13
  %gep31 = add i32 %gep_int30,... can share an output register with another operation already assigned to main_signed_add_32_14
                                                  main_signed_add_32_0          main_signed_add_32_1          main_signed_add_32_2          main_signed_add_32_3          main_signed_add_32_4          main_signed_add_32_5          main_signed_add_32_6          main_signed_add_32_7          main_signed_add_32_8          main_signed_add_32_9          main_signed_add_32_10         main_signed_add_32_11         main_signed_add_32_12         main_signed_add_32_13         main_signed_add_32_14         
  %gep31 = add i32 %gep_int30,... (idx: 0)        -40                           -10                           -10                           -10                           -10                           -10                           -10                           -10                           -10                           -10                           -10                           -10                           -10                           -10                           -10                           
Solving Bipartite Weighted Matching (minimize weights)...
Assignment matrix after operation/function unit matching:
                                                  main_signed_add_32_0          main_signed_add_32_1          main_signed_add_32_2          main_signed_add_32_3          main_signed_add_32_4          main_signed_add_32_5          main_signed_add_32_6          main_signed_add_32_7          main_signed_add_32_8          main_signed_add_32_9          main_signed_add_32_10         main_signed_add_32_11         main_signed_add_32_12         main_signed_add_32_13         main_signed_add_32_14         
  %gep31 = add i32 %gep_int30,... (idx: 0)        1                             0                             0                             0                             0                             0                             0                             0                             0                             0                             0                             0                             0                             0                             0                             
Checking that every operator was assigned to a functional unit...yes
Binding operator -> functional unit assignments:
  %gep31 = add i32 %gep_int30,... (idx: 0) -> main_signed_add_32_0 (mux inputs: 6)
State: LEGUP_F_main_BB_preheaderi
Binding functional unit type: signed_multiply_32
Weight matrix for operation/function unit matching:
                                                  main_signed_multiply_32_0     
  %40 = mul nsw i32 %39, %37 (idx: 0)             -10                           
Solving Bipartite Weighted Matching (minimize weights)...
Assignment matrix after operation/function unit matching:
                                                  main_signed_multiply_32_0     
  %40 = mul nsw i32 %39, %37 (idx: 0)             1                             
Checking that every operator was assigned to a functional unit...yes
Binding operator -> functional unit assignments:
  %40 = mul nsw i32 %39, %37 (idx: 0) -> main_signed_multiply_32_0 (mux inputs: 2)
State: LEGUP_F_main_BB_preheaderi
Binding functional unit type: signed_add_32
Weight matrix for operation/function unit matching:
                                                  main_signed_add_32_0          main_signed_add_32_1          main_signed_add_32_2          main_signed_add_32_3          main_signed_add_32_4          main_signed_add_32_5          main_signed_add_32_6          main_signed_add_32_7          main_signed_add_32_8          main_signed_add_32_9          main_signed_add_32_10         main_signed_add_32_11         main_signed_add_32_12         main_signed_add_32_13         main_signed_add_32_14         
  %41 = add nsw i32 %40, %temp... (idx: 0)        -70                           -20                           -20                           -20                           -20                           -20                           -20                           -20                           -20                           -20                           -20                           -20                           -20                           -20                           -20                           
Solving Bipartite Weighted Matching (minimize weights)...
Assignment matrix after operation/function unit matching:
                                                  main_signed_add_32_0          main_signed_add_32_1          main_signed_add_32_2          main_signed_add_32_3          main_signed_add_32_4          main_signed_add_32_5          main_signed_add_32_6          main_signed_add_32_7          main_signed_add_32_8          main_signed_add_32_9          main_signed_add_32_10         main_signed_add_32_11         main_signed_add_32_12         main_signed_add_32_13         main_signed_add_32_14         
  %41 = add nsw i32 %40, %temp... (idx: 0)        1                             0                             0                             0                             0                             0                             0                             0                             0                             0                             0                             0                             0                             0                             0                             
Checking that every operator was assigned to a functional unit...yes
Binding operator -> functional unit assignments:
  %41 = add nsw i32 %40, %temp... (idx: 0) -> main_signed_add_32_0 (mux inputs: 8)
State: LEGUP_F_main_BB_FIRFilterStreamingexit
Binding functional unit type: signed_add_32
Weight matrix for operation/function unit matching:
  %43 = add i32 %.0.i, %total.... can share an output register with another operation already assigned to main_signed_add_32_0
  %44 = add nsw i32 %i.01, 1 can share an output register with another operation already assigned to main_signed_add_32_0
                                                  main_signed_add_32_0          main_signed_add_32_1          main_signed_add_32_2          main_signed_add_32_3          main_signed_add_32_4          main_signed_add_32_5          main_signed_add_32_6          main_signed_add_32_7          main_signed_add_32_8          main_signed_add_32_9          main_signed_add_32_10         main_signed_add_32_11         main_signed_add_32_12         main_signed_add_32_13         main_signed_add_32_14         
  %43 = add i32 %.0.i, %total.... (idx: 0)        -80                           -20                           -20                           -20                           -20                           -20                           -20                           -20                           -20                           -20                           -20                           -20                           -20                           -20                           -20                           
  %44 = add nsw i32 %i.01, 1 (idx: 1)             -75                           -15                           -15                           -15                           -15                           -15                           -15                           -15                           -15                           -15                           -15                           -15                           -15                           -15                           -15                           
Solving Bipartite Weighted Matching (minimize weights)...
Assignment matrix after operation/function unit matching:
                                                  main_signed_add_32_0          main_signed_add_32_1          main_signed_add_32_2          main_signed_add_32_3          main_signed_add_32_4          main_signed_add_32_5          main_signed_add_32_6          main_signed_add_32_7          main_signed_add_32_8          main_signed_add_32_9          main_signed_add_32_10         main_signed_add_32_11         main_signed_add_32_12         main_signed_add_32_13         main_signed_add_32_14         
  %43 = add i32 %.0.i, %total.... (idx: 0)        1                             0                             0                             0                             0                             0                             0                             0                             0                             0                             0                             0                             0                             0                             0                             
  %44 = add nsw i32 %i.01, 1 (idx: 1)             0                             0                             0                             0                             0                             0                             0                             0                             0                             0                             0                             0                             0                             0                             1                             
Checking that every operator was assigned to a functional unit...yes
Binding operator -> functional unit assignments:
  %43 = add i32 %.0.i, %total.... (idx: 0) -> main_signed_add_32_0 (mux inputs: 10)
  %44 = add nsw i32 %i.01, 1 (idx: 1) -> main_signed_add_32_14 (mux inputs: 2)

