//----------------------------------------------------------------------------//
// Generated by LegUp High-Level Synthesis Tool Version 4.0 (http://legup.org)
// Compiled: Sun Jul 26 12:56:54 2015
// University of Toronto
// For research and academic purposes only. Commercial use is prohibited.
// Please send bugs to: legup@eecg.toronto.edu
// Date: Mon Apr  1 02:02:48 2019
//----------------------------------------------------------------------------//

--------------------------------------------------------------------------------
Function: main
--------------------------------------------------------------------------------
Function unit type:           Number Required               
a_input_local_mem_dual_port   1                             
b_input_local_mem_dual_port   1                             
countLeadingZeros32countLeadingZerosHigh_local_mem_dual_port1                             
signed_add_32                 2                             
signed_add_64                 2                             
signed_multiply_64            4                             
signed_subtract_32            1                             
z_output_local_mem_dual_port  1                             

Running Bipartite Weighted Matching on function: main
State: LEGUP_F_main_BB__1
Binding functional unit type: a_input_local_mem_dual_port
Weight matrix for operation/function unit matching:
                                                  main_a_input_local_mem_dual_port_0
  %3 = load i64* %2, align 8, ... (idx: 0)        110                           
Solving Bipartite Weighted Matching (minimize weights)...
Assignment matrix after operation/function unit matching:
                                                  main_a_input_local_mem_dual_port_0
  %3 = load i64* %2, align 8, ... (idx: 0)        1                             
Checking that every operator was assigned to a functional unit...yes
Binding operator -> functional unit assignments:
  %3 = load i64* %2, align 8, ... (idx: 0) -> main_a_input_local_mem_dual_port_0 (mux inputs: 1)
State: LEGUP_F_main_BB__1
Binding functional unit type: b_input_local_mem_dual_port
Weight matrix for operation/function unit matching:
                                                  main_b_input_local_mem_dual_port_0
  %5 = load i64* %4, align 8, ... (idx: 0)        110                           
Solving Bipartite Weighted Matching (minimize weights)...
Assignment matrix after operation/function unit matching:
                                                  main_b_input_local_mem_dual_port_0
  %5 = load i64* %4, align 8, ... (idx: 0)        1                             
Checking that every operator was assigned to a functional unit...yes
Binding operator -> functional unit assignments:
  %5 = load i64* %4, align 8, ... (idx: 0) -> main_b_input_local_mem_dual_port_0 (mux inputs: 1)
State: LEGUP_F_main_BB__1
Binding functional unit type: signed_add_32
Weight matrix for operation/function unit matching:
                                                  main_signed_add_32_0          main_signed_add_32_1          
  %gep = add i32 %gep_int, %ge... (idx: 0)        21                            21                            
  %gep3 = add i32 %gep_int1, %... (idx: 1)        21                            21                            
Solving Bipartite Weighted Matching (minimize weights)...
Assignment matrix after operation/function unit matching:
                                                  main_signed_add_32_0          main_signed_add_32_1          
  %gep = add i32 %gep_int, %ge... (idx: 0)        1                             0                             
  %gep3 = add i32 %gep_int1, %... (idx: 1)        0                             1                             
Checking that every operator was assigned to a functional unit...yes
Binding operator -> functional unit assignments:
  %gep = add i32 %gep_int, %ge... (idx: 0) -> main_signed_add_32_0 (mux inputs: 2)
  %gep3 = add i32 %gep_int1, %... (idx: 1) -> main_signed_add_32_1 (mux inputs: 2)
State: LEGUP_F_main_BB_normalizeFloat64Subnormalexit9i
Binding functional unit type: signed_add_32
Weight matrix for operation/function unit matching:
  %94 = add nsw i32 %shiftCoun... can share an output register with another operation already assigned to main_signed_add_32_0
  %94 = add nsw i32 %shiftCoun... can share an output register with another operation already assigned to main_signed_add_32_1
                                                  main_signed_add_32_0          main_signed_add_32_1          
  %94 = add nsw i32 %shiftCoun... (idx: 0)        117                           117                           
Solving Bipartite Weighted Matching (minimize weights)...
Assignment matrix after operation/function unit matching:
                                                  main_signed_add_32_0          main_signed_add_32_1          
  %94 = add nsw i32 %shiftCoun... (idx: 0)        1                             0                             
Checking that every operator was assigned to a functional unit...yes
Binding operator -> functional unit assignments:
  %94 = add nsw i32 %shiftCoun... (idx: 0) -> main_signed_add_32_0 (mux inputs: 4)
State: LEGUP_F_main_BB_normalizeFloat64Subnormalexit9i
Binding functional unit type: countLeadingZeros32countLeadingZerosHigh_local_mem_dual_port
Weight matrix for operation/function unit matching:
                                                  main_countLeadingZeros32countLeadingZerosHigh_local_mem_dual_port_0
  %93 = load i32* %92, align 4... (idx: 0)        110                           
Solving Bipartite Weighted Matching (minimize weights)...
Assignment matrix after operation/function unit matching:
                                                  main_countLeadingZeros32countLeadingZerosHigh_local_mem_dual_port_0
  %93 = load i32* %92, align 4... (idx: 0)        1                             
Checking that every operator was assigned to a functional unit...yes
Binding operator -> functional unit assignments:
  %93 = load i32* %92, align 4... (idx: 0) -> main_countLeadingZeros32countLeadingZerosHigh_local_mem_dual_port_0 (mux inputs: 1)
State: LEGUP_F_main_BB_normalizeFloat64Subnormalexit9i
Binding functional unit type: signed_add_32
Weight matrix for operation/function unit matching:
  %gep6 = add i32 %gep_int4, %... can share an output register with another operation already assigned to main_signed_add_32_0
  %gep6 = add i32 %gep_int4, %... can share an output register with another operation already assigned to main_signed_add_32_1
                                                  main_signed_add_32_0          main_signed_add_32_1          
  %gep6 = add i32 %gep_int4, %... (idx: 0)        20                            18                            
Solving Bipartite Weighted Matching (minimize weights)...
Assignment matrix after operation/function unit matching:
                                                  main_signed_add_32_0          main_signed_add_32_1          
  %gep6 = add i32 %gep_int4, %... (idx: 0)        0                             1                             
Checking that every operator was assigned to a functional unit...yes
Binding operator -> functional unit assignments:
  %gep6 = add i32 %gep_int4, %... (idx: 0) -> main_signed_add_32_1 (mux inputs: 4)
State: LEGUP_F_main_BB_normalizeFloat64Subnormalexit9i
Binding functional unit type: signed_add_32
Weight matrix for operation/function unit matching:
  %95 = add i32 %94, %93 can share an output register with another operation already assigned to main_signed_add_32_0
  %95 = add i32 %94, %93 can share an output register with another operation already assigned to main_signed_add_32_1
  %96 = add nsw i32 %95, -11 can share an output register with another operation already assigned to main_signed_add_32_0
  %96 = add nsw i32 %95, -11 can share an output register with another operation already assigned to main_signed_add_32_1
                                                  main_signed_add_32_0          main_signed_add_32_1          
  %95 = add i32 %94, %93 (idx: 0)                 -5                            20                            
  %96 = add nsw i32 %95, -11 (idx: 1)             10                            10                            
Solving Bipartite Weighted Matching (minimize weights)...
Assignment matrix after operation/function unit matching:
                                                  main_signed_add_32_0          main_signed_add_32_1          
  %95 = add i32 %94, %93 (idx: 0)                 1                             0                             
  %96 = add nsw i32 %95, -11 (idx: 1)             0                             1                             
Checking that every operator was assigned to a functional unit...yes
Binding operator -> functional unit assignments:
  %95 = add i32 %94, %93 (idx: 0) -> main_signed_add_32_0 (mux inputs: 6)
  %96 = add nsw i32 %95, -11 (idx: 1) -> main_signed_add_32_1 (mux inputs: 5)
State: LEGUP_F_main_BB_normalizeFloat64Subnormalexit9i
Binding functional unit type: signed_subtract_32
Weight matrix for operation/function unit matching:
                                                  main_signed_subtract_32_0     
  %99 = sub i32 12, %95 (idx: 0)                  0                             
Solving Bipartite Weighted Matching (minimize weights)...
Assignment matrix after operation/function unit matching:
                                                  main_signed_subtract_32_0     
  %99 = sub i32 12, %95 (idx: 0)                  1                             
Checking that every operator was assigned to a functional unit...yes
Binding operator -> functional unit assignments:
  %99 = sub i32 12, %95 (idx: 0) -> main_signed_subtract_32_0 (mux inputs: 1)
State: LEGUP_F_main_BB_normalizeFloat64Subnormalexiti
Binding functional unit type: signed_add_32
Weight matrix for operation/function unit matching:
  %120 = add nsw i32 %shiftCou... can share an output register with another operation already assigned to main_signed_add_32_0
  %120 = add nsw i32 %shiftCou... can share an output register with another operation already assigned to main_signed_add_32_1
                                                  main_signed_add_32_0          main_signed_add_32_1          
  %120 = add nsw i32 %shiftCou... (idx: 0)        -5                            -5                            
Solving Bipartite Weighted Matching (minimize weights)...
Assignment matrix after operation/function unit matching:
                                                  main_signed_add_32_0          main_signed_add_32_1          
  %120 = add nsw i32 %shiftCou... (idx: 0)        1                             0                             
Checking that every operator was assigned to a functional unit...yes
Binding operator -> functional unit assignments:
  %120 = add nsw i32 %shiftCou... (idx: 0) -> main_signed_add_32_0 (mux inputs: 8)
State: LEGUP_F_main_BB_normalizeFloat64Subnormalexiti
Binding functional unit type: countLeadingZeros32countLeadingZerosHigh_local_mem_dual_port
Weight matrix for operation/function unit matching:
  %119 = load i32* %118, align... can share an output register with another operation already assigned to main_countLeadingZeros32countLeadingZerosHigh_local_mem_dual_port_0
                                                  main_countLeadingZeros32countLeadingZerosHigh_local_mem_dual_port_0
  %119 = load i32* %118, align... (idx: 0)        106                           
Solving Bipartite Weighted Matching (minimize weights)...
Assignment matrix after operation/function unit matching:
                                                  main_countLeadingZeros32countLeadingZerosHigh_local_mem_dual_port_0
  %119 = load i32* %118, align... (idx: 0)        1                             
Checking that every operator was assigned to a functional unit...yes
Binding operator -> functional unit assignments:
  %119 = load i32* %118, align... (idx: 0) -> main_countLeadingZeros32countLeadingZerosHigh_local_mem_dual_port_0 (mux inputs: 2)
State: LEGUP_F_main_BB_normalizeFloat64Subnormalexiti
Binding functional unit type: signed_add_32
Weight matrix for operation/function unit matching:
  %gep9 = add i32 %gep_int7, %... can share an output register with another operation already assigned to main_signed_add_32_0
  %gep9 = add i32 %gep_int7, %... can share an output register with another operation already assigned to main_signed_add_32_1
                                                  main_signed_add_32_0          main_signed_add_32_1          
  %gep9 = add i32 %gep_int7, %... (idx: 0)        24                            21                            
Solving Bipartite Weighted Matching (minimize weights)...
Assignment matrix after operation/function unit matching:
                                                  main_signed_add_32_0          main_signed_add_32_1          
  %gep9 = add i32 %gep_int7, %... (idx: 0)        0                             1                             
Checking that every operator was assigned to a functional unit...yes
Binding operator -> functional unit assignments:
  %gep9 = add i32 %gep_int7, %... (idx: 0) -> main_signed_add_32_1 (mux inputs: 7)
State: LEGUP_F_main_BB_normalizeFloat64Subnormalexiti
Binding functional unit type: signed_add_32
Weight matrix for operation/function unit matching:
  %121 = add i32 %120, %119 can share an output register with another operation already assigned to main_signed_add_32_0
  %121 = add i32 %120, %119 can share an output register with another operation already assigned to main_signed_add_32_1
  %122 = add nsw i32 %121, -11 can share an output register with another operation already assigned to main_signed_add_32_0
  %122 = add nsw i32 %121, -11 can share an output register with another operation already assigned to main_signed_add_32_1
                                                  main_signed_add_32_0          main_signed_add_32_1          
  %121 = add i32 %120, %119 (idx: 0)              -5                            23                            
  %122 = add nsw i32 %121, -11 (idx: 1)           14                            13                            
Solving Bipartite Weighted Matching (minimize weights)...
Assignment matrix after operation/function unit matching:
                                                  main_signed_add_32_0          main_signed_add_32_1          
  %121 = add i32 %120, %119 (idx: 0)              1                             0                             
  %122 = add nsw i32 %121, -11 (idx: 1)           0                             1                             
Checking that every operator was assigned to a functional unit...yes
Binding operator -> functional unit assignments:
  %121 = add i32 %120, %119 (idx: 0) -> main_signed_add_32_0 (mux inputs: 10)
  %122 = add nsw i32 %121, -11 (idx: 1) -> main_signed_add_32_1 (mux inputs: 8)
State: LEGUP_F_main_BB_normalizeFloat64Subnormalexiti
Binding functional unit type: signed_subtract_32
Weight matrix for operation/function unit matching:
  %125 = sub i32 12, %121 can share an output register with another operation already assigned to main_signed_subtract_32_0
                                                  main_signed_subtract_32_0     
  %125 = sub i32 12, %121 (idx: 0)                -5                            
Solving Bipartite Weighted Matching (minimize weights)...
Assignment matrix after operation/function unit matching:
                                                  main_signed_subtract_32_0     
  %125 = sub i32 12, %121 (idx: 0)                1                             
Checking that every operator was assigned to a functional unit...yes
Binding operator -> functional unit assignments:
  %125 = sub i32 12, %121 (idx: 0) -> main_signed_subtract_32_0 (mux inputs: 2)
State: LEGUP_F_main_BB__126
Binding functional unit type: signed_add_32
Weight matrix for operation/function unit matching:
  %129 = add nsw i32 %127, %10... can share an output register with another operation already assigned to main_signed_add_32_0
  %129 = add nsw i32 %127, %10... can share an output register with another operation already assigned to main_signed_add_32_1
                                                  main_signed_add_32_0          main_signed_add_32_1          
  %129 = add nsw i32 %127, %10... (idx: 0)        -5                            25                            
Solving Bipartite Weighted Matching (minimize weights)...
Assignment matrix after operation/function unit matching:
                                                  main_signed_add_32_0          main_signed_add_32_1          
  %129 = add nsw i32 %127, %10... (idx: 0)        1                             0                             
Checking that every operator was assigned to a functional unit...yes
Binding operator -> functional unit assignments:
  %129 = add nsw i32 %127, %10... (idx: 0) -> main_signed_add_32_0 (mux inputs: 12)
State: LEGUP_F_main_BB__126
Binding functional unit type: signed_multiply_64
Weight matrix for operation/function unit matching:
                                                  main_signed_multiply_64_0     main_signed_multiply_64_1     main_signed_multiply_64_2     main_signed_multiply_64_3     
  %140 = mul i64 %139, %138 (idx: 0)              120                           120                           120                           120                           
  %142 = mul i64 %134, %138 (idx: 1)              120                           120                           120                           120                           
  %144 = mul i64 %139, %134 (idx: 2)              120                           120                           120                           120                           
  %145 = mul i64 %137, %134 (idx: 3)              120                           120                           120                           120                           
Solving Bipartite Weighted Matching (minimize weights)...
Assignment matrix after operation/function unit matching:
                                                  main_signed_multiply_64_0     main_signed_multiply_64_1     main_signed_multiply_64_2     main_signed_multiply_64_3     
  %140 = mul i64 %139, %138 (idx: 0)              1                             0                             0                             0                             
  %142 = mul i64 %134, %138 (idx: 1)              0                             1                             0                             0                             
  %144 = mul i64 %139, %134 (idx: 2)              0                             0                             1                             0                             
  %145 = mul i64 %137, %134 (idx: 3)              0                             0                             0                             1                             
Checking that every operator was assigned to a functional unit...yes
Binding operator -> functional unit assignments:
  %140 = mul i64 %139, %138 (idx: 0) -> main_signed_multiply_64_0 (mux inputs: 2)
  %142 = mul i64 %134, %138 (idx: 1) -> main_signed_multiply_64_1 (mux inputs: 2)
  %144 = mul i64 %139, %134 (idx: 2) -> main_signed_multiply_64_2 (mux inputs: 2)
  %145 = mul i64 %137, %134 (idx: 3) -> main_signed_multiply_64_3 (mux inputs: 2)
State: LEGUP_F_main_BB__126
Binding functional unit type: signed_add_64
Weight matrix for operation/function unit matching:
                                                  main_signed_add_64_0          main_signed_add_64_1          main_signed_add_64_2          
  %141 = add i64 %140, %138 (idx: 0)              120                           120                           120                           
Solving Bipartite Weighted Matching (minimize weights)...
Assignment matrix after operation/function unit matching:
                                                  main_signed_add_64_0          main_signed_add_64_1          main_signed_add_64_2          
  %141 = add i64 %140, %138 (idx: 0)              1                             0                             0                             
Checking that every operator was assigned to a functional unit...yes
Binding operator -> functional unit assignments:
  %141 = add i64 %140, %138 (idx: 0) -> main_signed_add_64_0 (mux inputs: 2)
State: LEGUP_F_main_BB__126
Binding functional unit type: signed_multiply_64
Weight matrix for operation/function unit matching:
  %143 = mul i64 %142, %137 can share an output register with another operation already assigned to main_signed_multiply_64_0
  %143 = mul i64 %142, %137 can share an output register with another operation already assigned to main_signed_multiply_64_2
  %143 = mul i64 %142, %137 hey can share an input with another operation already assigned to main_signed_multiply_64_3
                                                  main_signed_multiply_64_0     main_signed_multiply_64_1     main_signed_multiply_64_2     main_signed_multiply_64_3     
  %143 = mul i64 %142, %137 (idx: 0)              117                           122                           117                           112                           
Solving Bipartite Weighted Matching (minimize weights)...
Assignment matrix after operation/function unit matching:
                                                  main_signed_multiply_64_0     main_signed_multiply_64_1     main_signed_multiply_64_2     main_signed_multiply_64_3     
  %143 = mul i64 %142, %137 (idx: 0)              0                             0                             0                             1                             
Checking that every operator was assigned to a functional unit...yes
Binding operator -> functional unit assignments:
  %143 = mul i64 %142, %137 (idx: 0) -> main_signed_multiply_64_3 (mux inputs: 3)
State: LEGUP_F_main_BB__126
Binding functional unit type: signed_add_64
Weight matrix for operation/function unit matching:
  %148 = add i64 %147, %145 can share an output register with another operation already assigned to main_signed_add_64_0
                                                  main_signed_add_64_0          main_signed_add_64_1          main_signed_add_64_2          
  %148 = add i64 %147, %145 (idx: 0)              117                           120                           120                           
Solving Bipartite Weighted Matching (minimize weights)...
Assignment matrix after operation/function unit matching:
                                                  main_signed_add_64_0          main_signed_add_64_1          main_signed_add_64_2          
  %148 = add i64 %147, %145 (idx: 0)              1                             0                             0                             
Checking that every operator was assigned to a functional unit...yes
Binding operator -> functional unit assignments:
  %148 = add i64 %147, %145 (idx: 0) -> main_signed_add_64_0 (mux inputs: 4)
State: LEGUP_F_main_BB__126
Binding functional unit type: signed_add_32
Weight matrix for operation/function unit matching:
  %.20.i = add i32 %129, %.20.... can share an output register with another operation already assigned to main_signed_add_32_0
  %.20.i = add i32 %129, %.20.... can share an output register with another operation already assigned to main_signed_add_32_1
                                                  main_signed_add_32_0          main_signed_add_32_1          
  %.20.i = add i32 %129, %.20.... (idx: 0)        -5                            -5                            
Solving Bipartite Weighted Matching (minimize weights)...
Assignment matrix after operation/function unit matching:
                                                  main_signed_add_32_0          main_signed_add_32_1          
  %.20.i = add i32 %129, %.20.... (idx: 0)        1                             0                             
Checking that every operator was assigned to a functional unit...yes
Binding operator -> functional unit assignments:
  %.20.i = add i32 %129, %.20.... (idx: 0) -> main_signed_add_32_0 (mux inputs: 14)
State: LEGUP_F_main_BB__126
Binding functional unit type: signed_add_64
Weight matrix for operation/function unit matching:
  %151 = add i64 %148, %150 can share an output register with another operation already assigned to main_signed_add_64_0
                                                  main_signed_add_64_0          main_signed_add_64_1          main_signed_add_64_2          
  %151 = add i64 %148, %150 (idx: 0)              119                           120                           120                           
Solving Bipartite Weighted Matching (minimize weights)...
Assignment matrix after operation/function unit matching:
                                                  main_signed_add_64_0          main_signed_add_64_1          main_signed_add_64_2          
  %151 = add i64 %148, %150 (idx: 0)              1                             0                             0                             
Checking that every operator was assigned to a functional unit...yes
Binding operator -> functional unit assignments:
  %151 = add i64 %148, %150 (idx: 0) -> main_signed_add_64_0 (mux inputs: 6)
State: LEGUP_F_main_BB__164
Binding functional unit type: signed_add_64
Weight matrix for operation/function unit matching:
  %165 = add i64 512, %..i can share an output register with another operation already assigned to main_signed_add_64_0
                                                  main_signed_add_64_0          main_signed_add_64_1          main_signed_add_64_2          
  %165 = add i64 512, %..i (idx: 0)               111                           110                           110                           
Solving Bipartite Weighted Matching (minimize weights)...
Assignment matrix after operation/function unit matching:
                                                  main_signed_add_64_0          main_signed_add_64_1          main_signed_add_64_2          
  %165 = add i64 512, %..i (idx: 0)               0                             1                             0                             
Checking that every operator was assigned to a functional unit...yes
Binding operator -> functional unit assignments:
  %165 = add i64 512, %..i (idx: 0) -> main_signed_add_64_1 (mux inputs: 1)
State: LEGUP_F_main_BB__175
Binding functional unit type: signed_subtract_32
Weight matrix for operation/function unit matching:
  %176 = sub nsw i32 0, %.20.i can share an output register with another operation already assigned to main_signed_subtract_32_0
                                                  main_signed_subtract_32_0     
  %176 = sub nsw i32 0, %.20.i (idx: 0)           -5                            
Solving Bipartite Weighted Matching (minimize weights)...
Assignment matrix after operation/function unit matching:
                                                  main_signed_subtract_32_0     
  %176 = sub nsw i32 0, %.20.i (idx: 0)           1                             
Checking that every operator was assigned to a functional unit...yes
Binding operator -> functional unit assignments:
  %176 = sub nsw i32 0, %.20.i (idx: 0) -> main_signed_subtract_32_0 (mux inputs: 3)
State: LEGUP_F_main_BB_thread6ii
Binding functional unit type: signed_add_64
Weight matrix for operation/function unit matching:
  %194 = add i64 %zSig57.i.i, ... can share an output register with another operation already assigned to main_signed_add_64_0
  %194 = add i64 %zSig57.i.i, ... can share an output register with another operation already assigned to main_signed_add_64_1
  %206 = add i64 %204, %205 can share an output register with another operation already assigned to main_signed_add_64_0
  %206 = add i64 %204, %205 can share an output register with another operation already assigned to main_signed_add_64_1
                                                  main_signed_add_64_0          main_signed_add_64_1          main_signed_add_64_2          
  %194 = add i64 %zSig57.i.i, ... (idx: 0)        111                           106                           110                           
  %206 = add i64 %204, %205 (idx: 1)              121                           116                           120                           
Solving Bipartite Weighted Matching (minimize weights)...
Assignment matrix after operation/function unit matching:
                                                  main_signed_add_64_0          main_signed_add_64_1          main_signed_add_64_2          
  %194 = add i64 %zSig57.i.i, ... (idx: 0)        0                             1                             0                             
  %206 = add i64 %204, %205 (idx: 1)              0                             0                             1                             
Checking that every operator was assigned to a functional unit...yes
Binding operator -> functional unit assignments:
  %194 = add i64 %zSig57.i.i, ... (idx: 0) -> main_signed_add_64_1 (mux inputs: 2)
  %206 = add i64 %204, %205 (idx: 1) -> main_signed_add_64_2 (mux inputs: 2)
State: LEGUP_F_main_BB_float64_mulexit
Binding functional unit type: signed_add_32
Weight matrix for operation/function unit matching:
  %213 = add nsw i32 %i.01, 1 can share an output register with another operation already assigned to main_signed_add_32_0
  %213 = add nsw i32 %i.01, 1 can share an output register with another operation already assigned to main_signed_add_32_1
                                                  main_signed_add_32_0          main_signed_add_32_1          
  %213 = add nsw i32 %i.01, 1 (idx: 0)            -5                            14                            
Solving Bipartite Weighted Matching (minimize weights)...
Assignment matrix after operation/function unit matching:
                                                  main_signed_add_32_0          main_signed_add_32_1          
  %213 = add nsw i32 %i.01, 1 (idx: 0)            1                             0                             
Checking that every operator was assigned to a functional unit...yes
Binding operator -> functional unit assignments:
  %213 = add nsw i32 %i.01, 1 (idx: 0) -> main_signed_add_32_0 (mux inputs: 15)
State: LEGUP_F_main_BB_float64_mulexit
Binding functional unit type: signed_add_32
Weight matrix for operation/function unit matching:
  %gep12 = add i32 %gep_int10,... can share an output register with another operation already assigned to main_signed_add_32_0
  %gep12 = add i32 %gep_int10,... can share an output register with another operation already assigned to main_signed_add_32_1
                                                  main_signed_add_32_0          main_signed_add_32_1          
  %gep12 = add i32 %gep_int10,... (idx: 0)        31                            24                            
Solving Bipartite Weighted Matching (minimize weights)...
Assignment matrix after operation/function unit matching:
                                                  main_signed_add_32_0          main_signed_add_32_1          
  %gep12 = add i32 %gep_int10,... (idx: 0)        0                             1                             
Checking that every operator was assigned to a functional unit...yes
Binding operator -> functional unit assignments:
  %gep12 = add i32 %gep_int10,... (idx: 0) -> main_signed_add_32_1 (mux inputs: 10)
State: LEGUP_F_main_BB_float64_mulexit
Binding functional unit type: z_output_local_mem_dual_port
Weight matrix for operation/function unit matching:
                                                  main_z_output_local_mem_dual_port_0
  %208 = load i64* %207, align... (idx: 0)        110                           
Solving Bipartite Weighted Matching (minimize weights)...
Assignment matrix after operation/function unit matching:
                                                  main_z_output_local_mem_dual_port_0
  %208 = load i64* %207, align... (idx: 0)        1                             
Checking that every operator was assigned to a functional unit...yes
Binding operator -> functional unit assignments:
  %208 = load i64* %207, align... (idx: 0) -> main_z_output_local_mem_dual_port_0 (mux inputs: 1)
State: LEGUP_F_main_BB_float64_mulexit
Binding functional unit type: signed_add_32
Weight matrix for operation/function unit matching:
  %211 = add nsw i32 %210, %ma... can share an output register with another operation already assigned to main_signed_add_32_0
  %211 = add nsw i32 %210, %ma... can share an output register with another operation already assigned to main_signed_add_32_1
                                                  main_signed_add_32_0          main_signed_add_32_1          
  %211 = add nsw i32 %210, %ma... (idx: 0)        -5                            -5                            
Solving Bipartite Weighted Matching (minimize weights)...
Assignment matrix after operation/function unit matching:
                                                  main_signed_add_32_0          main_signed_add_32_1          
  %211 = add nsw i32 %210, %ma... (idx: 0)        1                             0                             
Checking that every operator was assigned to a functional unit...yes
Binding operator -> functional unit assignments:
  %211 = add nsw i32 %210, %ma... (idx: 0) -> main_signed_add_32_0 (mux inputs: 17)

