//----------------------------------------------------------------------------//
// Generated by LegUp High-Level Synthesis Tool Version 4.0 (http://legup.org)
// Compiled: Tue Jun 18 03:11:52 2019
// University of Toronto
// For research and academic purposes only. Commercial use is prohibited.
// Please send bugs to: legup@eecg.toronto.edu
// Date: Sun Jun 23 12:20:08 2019
//----------------------------------------------------------------------------//

--------------------------------------------------------------------------------
Function: main
--------------------------------------------------------------------------------
Function unit type:           Number Required               
a_input_local_mem_dual_port   1                             
b_input_local_mem_dual_port   1                             
countLeadingZeros32countLeadingZerosHigh_local_mem_dual_port1                             
signed_add_32                 2                             
signed_add_64                 3                             
signed_multiply_64            4                             
z_output_local_mem_dual_port  1                             

Running Bipartite Weighted Matching on function: main
State: LEGUP_F_main_BB__1
Binding functional unit type: a_input_local_mem_dual_port
Weight matrix for operation/function unit matching:
                                                  main_a_input_local_mem_dual_port_0
  %3 = load i64* %2, align 8, ... (idx: 0)        95                            
Solving Bipartite Weighted Matching (minimize weights)...
Assignment matrix after operation/function unit matching:
                                                  main_a_input_local_mem_dual_port_0
  %3 = load i64* %2, align 8, ... (idx: 0)        1                             
Checking that every operator was assigned to a functional unit...yes
Binding operator -> functional unit assignments:
  %3 = load i64* %2, align 8, ... (idx: 0) -> main_a_input_local_mem_dual_port_0 (mux inputs: 1)
State: LEGUP_F_main_BB__1
Binding functional unit type: b_input_local_mem_dual_port
Weight matrix for operation/function unit matching:
                                                  main_b_input_local_mem_dual_port_0
  %5 = load i64* %4, align 8, ... (idx: 0)        95                            
Solving Bipartite Weighted Matching (minimize weights)...
Assignment matrix after operation/function unit matching:
                                                  main_b_input_local_mem_dual_port_0
  %5 = load i64* %4, align 8, ... (idx: 0)        1                             
Checking that every operator was assigned to a functional unit...yes
Binding operator -> functional unit assignments:
  %5 = load i64* %4, align 8, ... (idx: 0) -> main_b_input_local_mem_dual_port_0 (mux inputs: 1)
State: LEGUP_F_main_BB__1
Binding functional unit type: signed_add_32
Weight matrix for operation/function unit matching:
                                                  main_signed_add_32_0          main_signed_add_32_1          
  %gep = add i32 %gep_int, %ge... (idx: 0)        -9                            -9                            
  %gep3 = add i32 %gep_int1, %... (idx: 1)        -9                            -9                            
Solving Bipartite Weighted Matching (minimize weights)...
Assignment matrix after operation/function unit matching:
                                                  main_signed_add_32_0          main_signed_add_32_1          
  %gep = add i32 %gep_int, %ge... (idx: 0)        1                             0                             
  %gep3 = add i32 %gep_int1, %... (idx: 1)        0                             1                             
Checking that every operator was assigned to a functional unit...yes
Binding operator -> functional unit assignments:
  %gep = add i32 %gep_int, %ge... (idx: 0) -> main_signed_add_32_0 (mux inputs: 2)
  %gep3 = add i32 %gep_int1, %... (idx: 1) -> main_signed_add_32_1 (mux inputs: 2)
State: LEGUP_F_main_BB_normalizeFloat64Subnormalexit9i
Binding functional unit type: signed_add_32
Weight matrix for operation/function unit matching:
  %95 = add nsw i32 %94, %shif... can share an output register with another operation already assigned to main_signed_add_32_0
  %95 = add nsw i32 %94, %shif... can share an output register with another operation already assigned to main_signed_add_32_1
                                                  main_signed_add_32_0          main_signed_add_32_1          
  %95 = add nsw i32 %94, %shif... (idx: 0)        80                            80                            
Solving Bipartite Weighted Matching (minimize weights)...
Assignment matrix after operation/function unit matching:
                                                  main_signed_add_32_0          main_signed_add_32_1          
  %95 = add nsw i32 %94, %shif... (idx: 0)        1                             0                             
Checking that every operator was assigned to a functional unit...yes
Binding operator -> functional unit assignments:
  %95 = add nsw i32 %94, %shif... (idx: 0) -> main_signed_add_32_0 (mux inputs: 4)
State: LEGUP_F_main_BB_normalizeFloat64Subnormalexit9i
Binding functional unit type: countLeadingZeros32countLeadingZerosHigh_local_mem_dual_port
Weight matrix for operation/function unit matching:
                                                  main_countLeadingZeros32countLeadingZerosHigh_local_mem_dual_port_0
  %93 = load i32* %92, align 4... (idx: 0)        95                            
Solving Bipartite Weighted Matching (minimize weights)...
Assignment matrix after operation/function unit matching:
                                                  main_countLeadingZeros32countLeadingZerosHigh_local_mem_dual_port_0
  %93 = load i32* %92, align 4... (idx: 0)        1                             
Checking that every operator was assigned to a functional unit...yes
Binding operator -> functional unit assignments:
  %93 = load i32* %92, align 4... (idx: 0) -> main_countLeadingZeros32countLeadingZerosHigh_local_mem_dual_port_0 (mux inputs: 1)
State: LEGUP_F_main_BB_normalizeFloat64Subnormalexit9i
Binding functional unit type: signed_add_32
Weight matrix for operation/function unit matching:
  %gep6 = add i32 %gep_int4, %... can share an output register with another operation already assigned to main_signed_add_32_0
  %gep6 = add i32 %gep_int4, %... can share an output register with another operation already assigned to main_signed_add_32_1
                                                  main_signed_add_32_0          main_signed_add_32_1          
  %gep6 = add i32 %gep_int4, %... (idx: 0)        -39                           -19                           
Solving Bipartite Weighted Matching (minimize weights)...
Assignment matrix after operation/function unit matching:
                                                  main_signed_add_32_0          main_signed_add_32_1          
  %gep6 = add i32 %gep_int4, %... (idx: 0)        1                             0                             
Checking that every operator was assigned to a functional unit...yes
Binding operator -> functional unit assignments:
  %gep6 = add i32 %gep_int4, %... (idx: 0) -> main_signed_add_32_0 (mux inputs: 6)
State: LEGUP_F_main_BB_normalizeFloat64Subnormalexit9i
Binding functional unit type: signed_add_32
Weight matrix for operation/function unit matching:
  %96 = add i32 %95, %93 can share an output register with another operation already assigned to main_signed_add_32_0
  %96 = add i32 %95, %93 can share an output register with another operation already assigned to main_signed_add_32_1
                                                  main_signed_add_32_0          main_signed_add_32_1          
  %96 = add i32 %95, %93 (idx: 0)                 -60                           -19                           
Solving Bipartite Weighted Matching (minimize weights)...
Assignment matrix after operation/function unit matching:
                                                  main_signed_add_32_0          main_signed_add_32_1          
  %96 = add i32 %95, %93 (idx: 0)                 1                             0                             
Checking that every operator was assigned to a functional unit...yes
Binding operator -> functional unit assignments:
  %96 = add i32 %95, %93 (idx: 0) -> main_signed_add_32_0 (mux inputs: 8)
State: LEGUP_F_main_BB_normalizeFloat64Subnormalexiti
Binding functional unit type: signed_add_32
Weight matrix for operation/function unit matching:
  %119 = add nsw i32 %118, %sh... can share an output register with another operation already assigned to main_signed_add_32_0
  %119 = add nsw i32 %118, %sh... can share an output register with another operation already assigned to main_signed_add_32_1
                                                  main_signed_add_32_0          main_signed_add_32_1          
  %119 = add nsw i32 %118, %sh... (idx: 0)        -80                           -20                           
Solving Bipartite Weighted Matching (minimize weights)...
Assignment matrix after operation/function unit matching:
                                                  main_signed_add_32_0          main_signed_add_32_1          
  %119 = add nsw i32 %118, %sh... (idx: 0)        1                             0                             
Checking that every operator was assigned to a functional unit...yes
Binding operator -> functional unit assignments:
  %119 = add nsw i32 %118, %sh... (idx: 0) -> main_signed_add_32_0 (mux inputs: 10)
State: LEGUP_F_main_BB_normalizeFloat64Subnormalexiti
Binding functional unit type: countLeadingZeros32countLeadingZerosHigh_local_mem_dual_port
Weight matrix for operation/function unit matching:
  %117 = load i32* %116, align... can share an output register with another operation already assigned to main_countLeadingZeros32countLeadingZerosHigh_local_mem_dual_port_0
                                                  main_countLeadingZeros32countLeadingZerosHigh_local_mem_dual_port_0
  %117 = load i32* %116, align... (idx: 0)        95                            
Solving Bipartite Weighted Matching (minimize weights)...
Assignment matrix after operation/function unit matching:
                                                  main_countLeadingZeros32countLeadingZerosHigh_local_mem_dual_port_0
  %117 = load i32* %116, align... (idx: 0)        1                             
Checking that every operator was assigned to a functional unit...yes
Binding operator -> functional unit assignments:
  %117 = load i32* %116, align... (idx: 0) -> main_countLeadingZeros32countLeadingZerosHigh_local_mem_dual_port_0 (mux inputs: 2)
State: LEGUP_F_main_BB_normalizeFloat64Subnormalexiti
Binding functional unit type: signed_add_32
Weight matrix for operation/function unit matching:
  %gep9 = add i32 %gep_int7, %... can share an output register with another operation already assigned to main_signed_add_32_0
  %gep9 = add i32 %gep_int7, %... can share an output register with another operation already assigned to main_signed_add_32_1
                                                  main_signed_add_32_0          main_signed_add_32_1          
  %gep9 = add i32 %gep_int7, %... (idx: 0)        -99                           -19                           
Solving Bipartite Weighted Matching (minimize weights)...
Assignment matrix after operation/function unit matching:
                                                  main_signed_add_32_0          main_signed_add_32_1          
  %gep9 = add i32 %gep_int7, %... (idx: 0)        1                             0                             
Checking that every operator was assigned to a functional unit...yes
Binding operator -> functional unit assignments:
  %gep9 = add i32 %gep_int7, %... (idx: 0) -> main_signed_add_32_0 (mux inputs: 12)
State: LEGUP_F_main_BB_normalizeFloat64Subnormalexiti
Binding functional unit type: signed_add_32
Weight matrix for operation/function unit matching:
  %120 = add i32 %119, %117 can share an output register with another operation already assigned to main_signed_add_32_0
  %120 = add i32 %119, %117 can share an output register with another operation already assigned to main_signed_add_32_1
                                                  main_signed_add_32_0          main_signed_add_32_1          
  %120 = add i32 %119, %117 (idx: 0)              -120                          -19                           
Solving Bipartite Weighted Matching (minimize weights)...
Assignment matrix after operation/function unit matching:
                                                  main_signed_add_32_0          main_signed_add_32_1          
  %120 = add i32 %119, %117 (idx: 0)              1                             0                             
Checking that every operator was assigned to a functional unit...yes
Binding operator -> functional unit assignments:
  %120 = add i32 %119, %117 (idx: 0) -> main_signed_add_32_0 (mux inputs: 14)
State: LEGUP_F_main_BB_roundAndPackFloat64exiti
Binding functional unit type: signed_multiply_64
Weight matrix for operation/function unit matching:
                                                  main_signed_multiply_64_0     main_signed_multiply_64_1     main_signed_multiply_64_2     main_signed_multiply_64_3     
  %134 = mul i64 %133, %132 (idx: 0)              90                            90                            90                            90                            
  %135 = mul i64 %131, %132 (idx: 1)              90                            90                            90                            90                            
  %136 = mul i64 %133, %128 (idx: 2)              90                            90                            90                            90                            
  %137 = mul i64 %131, %128 (idx: 3)              90                            90                            90                            90                            
Solving Bipartite Weighted Matching (minimize weights)...
Assignment matrix after operation/function unit matching:
                                                  main_signed_multiply_64_0     main_signed_multiply_64_1     main_signed_multiply_64_2     main_signed_multiply_64_3     
  %134 = mul i64 %133, %132 (idx: 0)              1                             0                             0                             0                             
  %135 = mul i64 %131, %132 (idx: 1)              0                             1                             0                             0                             
  %136 = mul i64 %133, %128 (idx: 2)              0                             0                             1                             0                             
  %137 = mul i64 %131, %128 (idx: 3)              0                             0                             0                             1                             
Checking that every operator was assigned to a functional unit...yes
Binding operator -> functional unit assignments:
  %134 = mul i64 %133, %132 (idx: 0) -> main_signed_multiply_64_0 (mux inputs: 2)
  %135 = mul i64 %131, %132 (idx: 1) -> main_signed_multiply_64_1 (mux inputs: 2)
  %136 = mul i64 %133, %128 (idx: 2) -> main_signed_multiply_64_2 (mux inputs: 2)
  %137 = mul i64 %131, %128 (idx: 3) -> main_signed_multiply_64_3 (mux inputs: 2)
State: LEGUP_F_main_BB_roundAndPackFloat64exiti
Binding functional unit type: signed_add_64
Weight matrix for operation/function unit matching:
                                                  main_signed_add_64_0          main_signed_add_64_1          main_signed_add_64_2          
  %144 = add i64 %143, %137 (idx: 0)              90                            90                            90                            
  %145 = add i64 %144, %141 (idx: 1)              90                            90                            90                            
  %154 = add i64 512, %..i (idx: 2)               95                            95                            95                            
Solving Bipartite Weighted Matching (minimize weights)...
Assignment matrix after operation/function unit matching:
                                                  main_signed_add_64_0          main_signed_add_64_1          main_signed_add_64_2          
  %144 = add i64 %143, %137 (idx: 0)              1                             0                             0                             
  %145 = add i64 %144, %141 (idx: 1)              0                             1                             0                             
  %154 = add i64 512, %..i (idx: 2)               0                             0                             1                             
Checking that every operator was assigned to a functional unit...yes
Binding operator -> functional unit assignments:
  %144 = add i64 %143, %137 (idx: 0) -> main_signed_add_64_0 (mux inputs: 2)
  %145 = add i64 %144, %141 (idx: 1) -> main_signed_add_64_1 (mux inputs: 2)
  %154 = add i64 512, %..i (idx: 2) -> main_signed_add_64_2 (mux inputs: 1)
State: LEGUP_F_main_BB_float64_mulexit
Binding functional unit type: signed_add_32
Weight matrix for operation/function unit matching:
  %169 = add nsw i32 %i.01, 1 can share an output register with another operation already assigned to main_signed_add_32_0
  %169 = add nsw i32 %i.01, 1 can share an output register with another operation already assigned to main_signed_add_32_1
                                                  main_signed_add_32_0          main_signed_add_32_1          
  %169 = add nsw i32 %i.01, 1 (idx: 0)            -135                          -14                           
Solving Bipartite Weighted Matching (minimize weights)...
Assignment matrix after operation/function unit matching:
                                                  main_signed_add_32_0          main_signed_add_32_1          
  %169 = add nsw i32 %i.01, 1 (idx: 0)            1                             0                             
Checking that every operator was assigned to a functional unit...yes
Binding operator -> functional unit assignments:
  %169 = add nsw i32 %i.01, 1 (idx: 0) -> main_signed_add_32_0 (mux inputs: 15)
State: LEGUP_F_main_BB_float64_mulexit
Binding functional unit type: signed_add_32
Weight matrix for operation/function unit matching:
  %gep12 = add i32 %gep_int10,... can share an output register with another operation already assigned to main_signed_add_32_0
  %gep12 = add i32 %gep_int10,... can share an output register with another operation already assigned to main_signed_add_32_1
                                                  main_signed_add_32_0          main_signed_add_32_1          
  %gep12 = add i32 %gep_int10,... (idx: 0)        -149                          -19                           
Solving Bipartite Weighted Matching (minimize weights)...
Assignment matrix after operation/function unit matching:
                                                  main_signed_add_32_0          main_signed_add_32_1          
  %gep12 = add i32 %gep_int10,... (idx: 0)        1                             0                             
Checking that every operator was assigned to a functional unit...yes
Binding operator -> functional unit assignments:
  %gep12 = add i32 %gep_int10,... (idx: 0) -> main_signed_add_32_0 (mux inputs: 17)
State: LEGUP_F_main_BB_float64_mulexit
Binding functional unit type: z_output_local_mem_dual_port
Weight matrix for operation/function unit matching:
                                                  main_z_output_local_mem_dual_port_0
  %164 = load i64* %163, align... (idx: 0)        95                            
Solving Bipartite Weighted Matching (minimize weights)...
Assignment matrix after operation/function unit matching:
                                                  main_z_output_local_mem_dual_port_0
  %164 = load i64* %163, align... (idx: 0)        1                             
Checking that every operator was assigned to a functional unit...yes
Binding operator -> functional unit assignments:
  %164 = load i64* %163, align... (idx: 0) -> main_z_output_local_mem_dual_port_0 (mux inputs: 1)
State: LEGUP_F_main_BB_float64_mulexit
Binding functional unit type: signed_add_32
Weight matrix for operation/function unit matching:
  %167 = add nsw i32 %166, %ma... can share an output register with another operation already assigned to main_signed_add_32_0
  %167 = add nsw i32 %166, %ma... can share an output register with another operation already assigned to main_signed_add_32_1
                                                  main_signed_add_32_0          main_signed_add_32_1          
  %167 = add nsw i32 %166, %ma... (idx: 0)        -170                          -20                           
Solving Bipartite Weighted Matching (minimize weights)...
Assignment matrix after operation/function unit matching:
                                                  main_signed_add_32_0          main_signed_add_32_1          
  %167 = add nsw i32 %166, %ma... (idx: 0)        1                             0                             
Checking that every operator was assigned to a functional unit...yes
Binding operator -> functional unit assignments:
  %167 = add nsw i32 %166, %ma... (idx: 0) -> main_signed_add_32_0 (mux inputs: 19)

