//----------------------------------------------------------------------------//
// Generated by LegUp High-Level Synthesis Tool Version 4.0 (http://legup.org)
// Compiled: Sun Jul 26 12:56:54 2015
// University of Toronto
// For research and academic purposes only. Commercial use is prohibited.
// Please send bugs to: legup@eecg.toronto.edu
// Date: Sun Jun 23 07:55:53 2019
//----------------------------------------------------------------------------//

--------------------------------------------------------------------------------
Function: main
--------------------------------------------------------------------------------
Function unit type:           Number Required               
mem_dual_port                 2                             

Running Bipartite Weighted Matching on function: main
State: LEGUP_F_main_BB__2
Binding functional unit type: mem_dual_port
Weight matrix for operation/function unit matching:
                                                  main_mem_dual_port_0          main_mem_dual_port_1          
  store i32 0, i32* %s.i.0, al... (idx: 0)        10                            10                            
Solving Bipartite Weighted Matching (minimize weights)...
Assignment matrix after operation/function unit matching:
                                                  main_mem_dual_port_0          main_mem_dual_port_1          
  store i32 0, i32* %s.i.0, al... (idx: 0)        1                             0                             
Checking that every operator was assigned to a functional unit...yes
Binding operator -> functional unit assignments:
  store i32 0, i32* %s.i.0, al... (idx: 0) -> main_mem_dual_port_0 (mux inputs: 1)
State: LEGUP_F_main_BB__19
Binding functional unit type: mem_dual_port
Weight matrix for operation/function unit matching:
  store i32 %33, i32* %5, alig... can share an output register with another operation already assigned to main_mem_dual_port_0
  store i32 %32, i32* %4, alig... can share an output register with another operation already assigned to main_mem_dual_port_0
                                                  main_mem_dual_port_0          main_mem_dual_port_1          
  store i32 %33, i32* %5, alig... (idx: 0)        16                            20                            
  store i32 %32, i32* %4, alig... (idx: 1)        16                            20                            
Solving Bipartite Weighted Matching (minimize weights)...
Assignment matrix after operation/function unit matching:
                                                  main_mem_dual_port_0          main_mem_dual_port_1          
  store i32 %33, i32* %5, alig... (idx: 0)        1                             0                             
  store i32 %32, i32* %4, alig... (idx: 1)        0                             1                             
Checking that every operator was assigned to a functional unit...yes
Binding operator -> functional unit assignments:
  store i32 %33, i32* %5, alig... (idx: 0) -> main_mem_dual_port_0 (mux inputs: 3)
  store i32 %32, i32* %4, alig... (idx: 1) -> main_mem_dual_port_1 (mux inputs: 2)
State: LEGUP_F_main_BB__19
Binding functional unit type: mem_dual_port
Weight matrix for operation/function unit matching:
  store i32 %31, i32* %6, alig... can share an output register with another operation already assigned to main_mem_dual_port_0
  store i32 %31, i32* %6, alig... can share an output register with another operation already assigned to main_mem_dual_port_1
  store i32 %30, i32* %7, alig... can share an output register with another operation already assigned to main_mem_dual_port_0
  store i32 %30, i32* %7, alig... can share an output register with another operation already assigned to main_mem_dual_port_1
                                                  main_mem_dual_port_0          main_mem_dual_port_1          
  store i32 %31, i32* %6, alig... (idx: 0)        18                            17                            
  store i32 %30, i32* %7, alig... (idx: 1)        18                            17                            
Solving Bipartite Weighted Matching (minimize weights)...
Assignment matrix after operation/function unit matching:
                                                  main_mem_dual_port_0          main_mem_dual_port_1          
  store i32 %31, i32* %6, alig... (idx: 0)        1                             0                             
  store i32 %30, i32* %7, alig... (idx: 1)        0                             1                             
Checking that every operator was assigned to a functional unit...yes
Binding operator -> functional unit assignments:
  store i32 %31, i32* %6, alig... (idx: 0) -> main_mem_dual_port_0 (mux inputs: 5)
  store i32 %30, i32* %7, alig... (idx: 1) -> main_mem_dual_port_1 (mux inputs: 4)
State: LEGUP_F_main_BB__19
Binding functional unit type: mem_dual_port
Weight matrix for operation/function unit matching:
  store i32 %29, i32* %8, alig... can share an output register with another operation already assigned to main_mem_dual_port_0
  store i32 %29, i32* %8, alig... can share an output register with another operation already assigned to main_mem_dual_port_1
  store i32 %28, i32* %9, alig... can share an output register with another operation already assigned to main_mem_dual_port_0
  store i32 %28, i32* %9, alig... can share an output register with another operation already assigned to main_mem_dual_port_1
                                                  main_mem_dual_port_0          main_mem_dual_port_1          
  store i32 %29, i32* %8, alig... (idx: 0)        20                            19                            
  store i32 %28, i32* %9, alig... (idx: 1)        20                            19                            
Solving Bipartite Weighted Matching (minimize weights)...
Assignment matrix after operation/function unit matching:
                                                  main_mem_dual_port_0          main_mem_dual_port_1          
  store i32 %29, i32* %8, alig... (idx: 0)        1                             0                             
  store i32 %28, i32* %9, alig... (idx: 1)        0                             1                             
Checking that every operator was assigned to a functional unit...yes
Binding operator -> functional unit assignments:
  store i32 %29, i32* %8, alig... (idx: 0) -> main_mem_dual_port_0 (mux inputs: 7)
  store i32 %28, i32* %9, alig... (idx: 1) -> main_mem_dual_port_1 (mux inputs: 6)
State: LEGUP_F_main_BB__19
Binding functional unit type: mem_dual_port
Weight matrix for operation/function unit matching:
  store i32 %27, i32* %10, ali... can share an output register with another operation already assigned to main_mem_dual_port_0
  store i32 %27, i32* %10, ali... can share an output register with another operation already assigned to main_mem_dual_port_1
  store i32 %26, i32* %11, ali... can share an output register with another operation already assigned to main_mem_dual_port_0
  store i32 %26, i32* %11, ali... can share an output register with another operation already assigned to main_mem_dual_port_1
                                                  main_mem_dual_port_0          main_mem_dual_port_1          
  store i32 %27, i32* %10, ali... (idx: 0)        22                            21                            
  store i32 %26, i32* %11, ali... (idx: 1)        22                            21                            
Solving Bipartite Weighted Matching (minimize weights)...
Assignment matrix after operation/function unit matching:
                                                  main_mem_dual_port_0          main_mem_dual_port_1          
  store i32 %27, i32* %10, ali... (idx: 0)        1                             0                             
  store i32 %26, i32* %11, ali... (idx: 1)        0                             1                             
Checking that every operator was assigned to a functional unit...yes
Binding operator -> functional unit assignments:
  store i32 %27, i32* %10, ali... (idx: 0) -> main_mem_dual_port_0 (mux inputs: 9)
  store i32 %26, i32* %11, ali... (idx: 1) -> main_mem_dual_port_1 (mux inputs: 8)
State: LEGUP_F_main_BB__19
Binding functional unit type: mem_dual_port
Weight matrix for operation/function unit matching:
  store i32 %25, i32* %12, ali... can share an output register with another operation already assigned to main_mem_dual_port_0
  store i32 %25, i32* %12, ali... can share an output register with another operation already assigned to main_mem_dual_port_1
  store i32 %24, i32* %13, ali... can share an output register with another operation already assigned to main_mem_dual_port_0
  store i32 %24, i32* %13, ali... can share an output register with another operation already assigned to main_mem_dual_port_1
                                                  main_mem_dual_port_0          main_mem_dual_port_1          
  store i32 %25, i32* %12, ali... (idx: 0)        24                            23                            
  store i32 %24, i32* %13, ali... (idx: 1)        24                            23                            
Solving Bipartite Weighted Matching (minimize weights)...
Assignment matrix after operation/function unit matching:
                                                  main_mem_dual_port_0          main_mem_dual_port_1          
  store i32 %25, i32* %12, ali... (idx: 0)        1                             0                             
  store i32 %24, i32* %13, ali... (idx: 1)        0                             1                             
Checking that every operator was assigned to a functional unit...yes
Binding operator -> functional unit assignments:
  store i32 %25, i32* %12, ali... (idx: 0) -> main_mem_dual_port_0 (mux inputs: 11)
  store i32 %24, i32* %13, ali... (idx: 1) -> main_mem_dual_port_1 (mux inputs: 10)
State: LEGUP_F_main_BB__19
Binding functional unit type: mem_dual_port
Weight matrix for operation/function unit matching:
  store i32 %23, i32* %14, ali... can share an output register with another operation already assigned to main_mem_dual_port_0
  store i32 %23, i32* %14, ali... can share an output register with another operation already assigned to main_mem_dual_port_1
  store i32 %22, i32* %15, ali... can share an output register with another operation already assigned to main_mem_dual_port_0
  store i32 %22, i32* %15, ali... can share an output register with another operation already assigned to main_mem_dual_port_1
                                                  main_mem_dual_port_0          main_mem_dual_port_1          
  store i32 %23, i32* %14, ali... (idx: 0)        26                            25                            
  store i32 %22, i32* %15, ali... (idx: 1)        26                            25                            
Solving Bipartite Weighted Matching (minimize weights)...
Assignment matrix after operation/function unit matching:
                                                  main_mem_dual_port_0          main_mem_dual_port_1          
  store i32 %23, i32* %14, ali... (idx: 0)        1                             0                             
  store i32 %22, i32* %15, ali... (idx: 1)        0                             1                             
Checking that every operator was assigned to a functional unit...yes
Binding operator -> functional unit assignments:
  store i32 %23, i32* %14, ali... (idx: 0) -> main_mem_dual_port_0 (mux inputs: 13)
  store i32 %22, i32* %15, ali... (idx: 1) -> main_mem_dual_port_1 (mux inputs: 12)
State: LEGUP_F_main_BB__19
Binding functional unit type: mem_dual_port
Weight matrix for operation/function unit matching:
  store i32 %21, i32* %16, ali... can share an output register with another operation already assigned to main_mem_dual_port_0
  store i32 %21, i32* %16, ali... can share an output register with another operation already assigned to main_mem_dual_port_1
  store i32 %20, i32* %17, ali... can share an output register with another operation already assigned to main_mem_dual_port_0
  store i32 %20, i32* %17, ali... can share an output register with another operation already assigned to main_mem_dual_port_1
                                                  main_mem_dual_port_0          main_mem_dual_port_1          
  store i32 %21, i32* %16, ali... (idx: 0)        28                            27                            
  store i32 %20, i32* %17, ali... (idx: 1)        28                            27                            
Solving Bipartite Weighted Matching (minimize weights)...
Assignment matrix after operation/function unit matching:
                                                  main_mem_dual_port_0          main_mem_dual_port_1          
  store i32 %21, i32* %16, ali... (idx: 0)        1                             0                             
  store i32 %20, i32* %17, ali... (idx: 1)        0                             1                             
Checking that every operator was assigned to a functional unit...yes
Binding operator -> functional unit assignments:
  store i32 %21, i32* %16, ali... (idx: 0) -> main_mem_dual_port_0 (mux inputs: 15)
  store i32 %20, i32* %17, ali... (idx: 1) -> main_mem_dual_port_1 (mux inputs: 14)
State: LEGUP_F_main_BB__19
Binding functional unit type: mem_dual_port
Weight matrix for operation/function unit matching:
  store i32 %indvar3, i32* %18... can share an output register with another operation already assigned to main_mem_dual_port_0
  store i32 %indvar3, i32* %18... can share an output register with another operation already assigned to main_mem_dual_port_1
  store i32 %i.03, i32* %3, al... can share an output register with another operation already assigned to main_mem_dual_port_0
  store i32 %i.03, i32* %3, al... can share an output register with another operation already assigned to main_mem_dual_port_1
                                                  main_mem_dual_port_0          main_mem_dual_port_1          
  store i32 %indvar3, i32* %18... (idx: 0)        30                            29                            
  store i32 %i.03, i32* %3, al... (idx: 1)        30                            29                            
Solving Bipartite Weighted Matching (minimize weights)...
Assignment matrix after operation/function unit matching:
                                                  main_mem_dual_port_0          main_mem_dual_port_1          
  store i32 %indvar3, i32* %18... (idx: 0)        1                             0                             
  store i32 %i.03, i32* %3, al... (idx: 1)        0                             1                             
Checking that every operator was assigned to a functional unit...yes
Binding operator -> functional unit assignments:
  store i32 %indvar3, i32* %18... (idx: 0) -> main_mem_dual_port_0 (mux inputs: 17)
  store i32 %i.03, i32* %3, al... (idx: 1) -> main_mem_dual_port_1 (mux inputs: 16)
State: LEGUP_F_main_BB__crit_edgei
Binding functional unit type: mem_dual_port
Weight matrix for operation/function unit matching:
  %42 = load i32* %scevgep2, a... can share an output register with another operation already assigned to main_mem_dual_port_0
  %42 = load i32* %scevgep2, a... can share an output register with another operation already assigned to main_mem_dual_port_1
  %43 = load i32* %scevgep, al... can share an output register with another operation already assigned to main_mem_dual_port_0
  %43 = load i32* %scevgep, al... can share an output register with another operation already assigned to main_mem_dual_port_1
                                                  main_mem_dual_port_0          main_mem_dual_port_1          
  %42 = load i32* %scevgep2, a... (idx: 0)        22                            21                            
  %43 = load i32* %scevgep, al... (idx: 1)        22                            21                            
Solving Bipartite Weighted Matching (minimize weights)...
Assignment matrix after operation/function unit matching:
                                                  main_mem_dual_port_0          main_mem_dual_port_1          
  %42 = load i32* %scevgep2, a... (idx: 0)        1                             0                             
  %43 = load i32* %scevgep, al... (idx: 1)        0                             1                             
Checking that every operator was assigned to a functional unit...yes
Binding operator -> functional unit assignments:
  %42 = load i32* %scevgep2, a... (idx: 0) -> main_mem_dual_port_0 (mux inputs: 18)
  %43 = load i32* %scevgep, al... (idx: 1) -> main_mem_dual_port_1 (mux inputs: 17)
State: LEGUP_F_main_BB__crit_edgei_crit_edgei_crit_edge
Binding functional unit type: mem_dual_port
Weight matrix for operation/function unit matching:
  %.pre.i.pre = load i32* %.ph... can share an output register with another operation already assigned to main_mem_dual_port_0
  %.pre.i.pre = load i32* %.ph... can share an output register with another operation already assigned to main_mem_dual_port_1
                                                  main_mem_dual_port_0          main_mem_dual_port_1          
  %.pre.i.pre = load i32* %.ph... (idx: 0)        23                            22                            
Solving Bipartite Weighted Matching (minimize weights)...
Assignment matrix after operation/function unit matching:
                                                  main_mem_dual_port_0          main_mem_dual_port_1          
  %.pre.i.pre = load i32* %.ph... (idx: 0)        0                             1                             
Checking that every operator was assigned to a functional unit...yes
Binding operator -> functional unit assignments:
  %.pre.i.pre = load i32* %.ph... (idx: 0) -> main_mem_dual_port_1 (mux inputs: 18)

