//----------------------------------------------------------------------------//
// Generated by LegUp High-Level Synthesis Tool Version 4.0 (http://legup.org)
// Compiled: Sun Jul 26 12:56:54 2015
// University of Toronto
// For research and academic purposes only. Commercial use is prohibited.
// Please send bugs to: legup@eecg.toronto.edu
// Date: Sun Jun 23 14:53:11 2019
//----------------------------------------------------------------------------//

--------------------------------------------------------------------------------
Function: main
--------------------------------------------------------------------------------
Function unit type:           Number Required               
mem_dual_port                 2                             

Running Bipartite Weighted Matching on function: main
State: LEGUP_F_main_BB__0
Binding functional unit type: mem_dual_port
Weight matrix for operation/function unit matching:
                                                  main_mem_dual_port_0          main_mem_dual_port_1          
  store i8* getelementptr inbo... (idx: 0)        0                             0                             
  store i32 68157440, i32* @ld... (idx: 1)        0                             0                             
Solving Bipartite Weighted Matching (minimize weights)...
Assignment matrix after operation/function unit matching:
                                                  main_mem_dual_port_0          main_mem_dual_port_1          
  store i8* getelementptr inbo... (idx: 0)        1                             0                             
  store i32 68157440, i32* @ld... (idx: 1)        0                             1                             
Checking that every operator was assigned to a functional unit...yes
Binding operator -> functional unit assignments:
  store i8* getelementptr inbo... (idx: 0) -> main_mem_dual_port_0 (mux inputs: 0)
  store i32 68157440, i32* @ld... (idx: 1) -> main_mem_dual_port_1 (mux inputs: 0)
State: LEGUP_F_main_BB__0
Binding functional unit type: mem_dual_port
Weight matrix for operation/function unit matching:
  store i32 0, i32* @ld_Incnt,... can share an output register with another operation already assigned to main_mem_dual_port_0
  store i32 0, i32* @ld_Incnt,... can share an output register with another operation already assigned to main_mem_dual_port_1
                                                  main_mem_dual_port_0          main_mem_dual_port_1          
  store i32 0, i32* @ld_Incnt,... (idx: 0)        -5                            -5                            
Solving Bipartite Weighted Matching (minimize weights)...
Assignment matrix after operation/function unit matching:
                                                  main_mem_dual_port_0          main_mem_dual_port_1          
  store i32 0, i32* @ld_Incnt,... (idx: 0)        1                             0                             
Checking that every operator was assigned to a functional unit...yes
Binding operator -> functional unit assignments:
  store i32 0, i32* @ld_Incnt,... (idx: 0) -> main_mem_dual_port_0 (mux inputs: 0)
State: LEGUP_F_main_BB_lrphiiii
Binding functional unit type: mem_dual_port
Weight matrix for operation/function unit matching:
  %1 = load i8* %p2.02.i.i.i.i... can share an output register with another operation already assigned to main_mem_dual_port_0
  %1 = load i8* %p2.02.i.i.i.i... can share an output register with another operation already assigned to main_mem_dual_port_1
                                                  main_mem_dual_port_0          main_mem_dual_port_1          
  %1 = load i8* %p2.02.i.i.i.i... (idx: 0)        5                             5                             
Solving Bipartite Weighted Matching (minimize weights)...
Assignment matrix after operation/function unit matching:
                                                  main_mem_dual_port_0          main_mem_dual_port_1          
  %1 = load i8* %p2.02.i.i.i.i... (idx: 0)        1                             0                             
Checking that every operator was assigned to a functional unit...yes
Binding operator -> functional unit assignments:
  %1 = load i8* %p2.02.i.i.i.i... (idx: 0) -> main_mem_dual_port_0 (mux inputs: 1)
State: LEGUP_F_main_BB_lrphiiii
Binding functional unit type: mem_dual_port
Weight matrix for operation/function unit matching:
  store i8 %1, i8* %p1.01.i.i.... can share an output register with another operation already assigned to main_mem_dual_port_0
  store i8 %1, i8* %p1.01.i.i.... can share an output register with another operation already assigned to main_mem_dual_port_1
                                                  main_mem_dual_port_0          main_mem_dual_port_1          
  store i8 %1, i8* %p1.01.i.i.... (idx: 0)        16                            15                            
Solving Bipartite Weighted Matching (minimize weights)...
Assignment matrix after operation/function unit matching:
                                                  main_mem_dual_port_0          main_mem_dual_port_1          
  store i8 %1, i8* %p1.01.i.i.... (idx: 0)        0                             1                             
Checking that every operator was assigned to a functional unit...yes
Binding operator -> functional unit assignments:
  store i8 %1, i8* %p1.01.i.i.... (idx: 0) -> main_mem_dual_port_1 (mux inputs: 2)
State: LEGUP_F_main_BB_Get_Bitsexiti
Binding functional unit type: mem_dual_port
Weight matrix for operation/function unit matching:
  %2 = load i8* getelementptr ... can share an output register with another operation already assigned to main_mem_dual_port_0
  %2 = load i8* getelementptr ... can share an output register with another operation already assigned to main_mem_dual_port_1
  %.pre.i = load i8* getelemen... can share an output register with another operation already assigned to main_mem_dual_port_0
  %.pre.i = load i8* getelemen... can share an output register with another operation already assigned to main_mem_dual_port_1
                                                  main_mem_dual_port_0          main_mem_dual_port_1          
  %2 = load i8* getelementptr ... (idx: 0)        -4                            -3                            
  %.pre.i = load i8* getelemen... (idx: 1)        -4                            -3                            
Solving Bipartite Weighted Matching (minimize weights)...
Assignment matrix after operation/function unit matching:
                                                  main_mem_dual_port_0          main_mem_dual_port_1          
  %2 = load i8* getelementptr ... (idx: 0)        1                             0                             
  %.pre.i = load i8* getelemen... (idx: 1)        0                             1                             
Checking that every operator was assigned to a functional unit...yes
Binding operator -> functional unit assignments:
  %2 = load i8* getelementptr ... (idx: 0) -> main_mem_dual_port_0 (mux inputs: 1)
  %.pre.i = load i8* getelemen... (idx: 1) -> main_mem_dual_port_1 (mux inputs: 2)
State: LEGUP_F_main_BB_Get_Bitsexiti
Binding functional unit type: mem_dual_port
Weight matrix for operation/function unit matching:
  %.pre1.i = load i8* geteleme... can share an output register with another operation already assigned to main_mem_dual_port_0
  %.pre1.i = load i8* geteleme... can share an output register with another operation already assigned to main_mem_dual_port_1
  %.pre2.i = load i8* geteleme... can share an output register with another operation already assigned to main_mem_dual_port_0
  %.pre2.i = load i8* geteleme... can share an output register with another operation already assigned to main_mem_dual_port_1
                                                  main_mem_dual_port_0          main_mem_dual_port_1          
  %.pre1.i = load i8* geteleme... (idx: 0)        -4                            -3                            
  %.pre2.i = load i8* geteleme... (idx: 1)        -4                            -3                            
Solving Bipartite Weighted Matching (minimize weights)...
Assignment matrix after operation/function unit matching:
                                                  main_mem_dual_port_0          main_mem_dual_port_1          
  %.pre1.i = load i8* geteleme... (idx: 0)        1                             0                             
  %.pre2.i = load i8* geteleme... (idx: 1)        0                             1                             
Checking that every operator was assigned to a functional unit...yes
Binding operator -> functional unit assignments:
  %.pre1.i = load i8* geteleme... (idx: 0) -> main_mem_dual_port_0 (mux inputs: 1)
  %.pre2.i = load i8* geteleme... (idx: 1) -> main_mem_dual_port_1 (mux inputs: 2)
State: LEGUP_F_main_BB_Get_Bitsexiti
Binding functional unit type: mem_dual_port
Weight matrix for operation/function unit matching:
  store i8* getelementptr inbo... can share an output register with another operation already assigned to main_mem_dual_port_0
  store i8* getelementptr inbo... can share an output register with another operation already assigned to main_mem_dual_port_1
  store i32 31, i32* @ld_Incnt... can share an output register with another operation already assigned to main_mem_dual_port_0
  store i32 31, i32* @ld_Incnt... can share an output register with another operation already assigned to main_mem_dual_port_1
                                                  main_mem_dual_port_0          main_mem_dual_port_1          
  store i8* getelementptr inbo... (idx: 0)        -4                            -3                            
  store i32 31, i32* @ld_Incnt... (idx: 1)        -4                            -3                            
Solving Bipartite Weighted Matching (minimize weights)...
Assignment matrix after operation/function unit matching:
                                                  main_mem_dual_port_0          main_mem_dual_port_1          
  store i8* getelementptr inbo... (idx: 0)        1                             0                             
  store i32 31, i32* @ld_Incnt... (idx: 1)        0                             1                             
Checking that every operator was assigned to a functional unit...yes
Binding operator -> functional unit assignments:
  store i8* getelementptr inbo... (idx: 0) -> main_mem_dual_port_0 (mux inputs: 1)
  store i32 31, i32* @ld_Incnt... (idx: 1) -> main_mem_dual_port_1 (mux inputs: 2)
State: LEGUP_F_main_BB_Get_Bitsexiti
Binding functional unit type: mem_dual_port
Weight matrix for operation/function unit matching:
  store i32 %9, i32* @ld_Bfr, ... can share an output register with another operation already assigned to main_mem_dual_port_0
  store i32 %9, i32* @ld_Bfr, ... can share an output register with another operation already assigned to main_mem_dual_port_1
                                                  main_mem_dual_port_0          main_mem_dual_port_1          
  store i32 %9, i32* @ld_Bfr, ... (idx: 0)        6                             7                             
Solving Bipartite Weighted Matching (minimize weights)...
Assignment matrix after operation/function unit matching:
                                                  main_mem_dual_port_0          main_mem_dual_port_1          
  store i32 %9, i32* @ld_Bfr, ... (idx: 0)        1                             0                             
Checking that every operator was assigned to a functional unit...yes
Binding operator -> functional unit assignments:
  store i32 %9, i32* @ld_Bfr, ... (idx: 0) -> main_mem_dual_port_0 (mux inputs: 2)
State: LEGUP_F_main_BB__12
Binding functional unit type: mem_dual_port
Weight matrix for operation/function unit matching:
  %13 = load i32* @ld_Bfr, ali... can share an output register with another operation already assigned to main_mem_dual_port_0
  %13 = load i32* @ld_Bfr, ali... can share an output register with another operation already assigned to main_mem_dual_port_1
  %15 = load i32* @ld_Incnt, a... can share an output register with another operation already assigned to main_mem_dual_port_0
  %15 = load i32* @ld_Incnt, a... can share an output register with another operation already assigned to main_mem_dual_port_1
                                                  main_mem_dual_port_0          main_mem_dual_port_1          
  %13 = load i32* @ld_Bfr, ali... (idx: 0)        -3                            -3                            
  %15 = load i32* @ld_Incnt, a... (idx: 1)        -3                            -3                            
Solving Bipartite Weighted Matching (minimize weights)...
Assignment matrix after operation/function unit matching:
                                                  main_mem_dual_port_0          main_mem_dual_port_1          
  %13 = load i32* @ld_Bfr, ali... (idx: 0)        1                             0                             
  %15 = load i32* @ld_Incnt, a... (idx: 1)        0                             1                             
Checking that every operator was assigned to a functional unit...yes
Binding operator -> functional unit assignments:
  %13 = load i32* @ld_Bfr, ali... (idx: 0) -> main_mem_dual_port_0 (mux inputs: 2)
  %15 = load i32* @ld_Incnt, a... (idx: 1) -> main_mem_dual_port_1 (mux inputs: 2)
State: LEGUP_F_main_BB__12
Binding functional unit type: mem_dual_port
Weight matrix for operation/function unit matching:
  store i32 %16, i32* @ld_Incn... can share an output register with another operation already assigned to main_mem_dual_port_0
  store i32 %16, i32* @ld_Incn... can share an output register with another operation already assigned to main_mem_dual_port_1
                                                  main_mem_dual_port_0          main_mem_dual_port_1          
  store i32 %16, i32* @ld_Incn... (idx: 0)        7                             7                             
Solving Bipartite Weighted Matching (minimize weights)...
Assignment matrix after operation/function unit matching:
                                                  main_mem_dual_port_0          main_mem_dual_port_1          
  store i32 %16, i32* @ld_Incn... (idx: 0)        1                             0                             
Checking that every operator was assigned to a functional unit...yes
Binding operator -> functional unit assignments:
  store i32 %16, i32* @ld_Incn... (idx: 0) -> main_mem_dual_port_0 (mux inputs: 3)
State: LEGUP_F_main_BB__18
Binding functional unit type: mem_dual_port
Weight matrix for operation/function unit matching:
  %19 = load i8** @ld_Rdptr, a... can share an output register with another operation already assigned to main_mem_dual_port_0
  %19 = load i8** @ld_Rdptr, a... can share an output register with another operation already assigned to main_mem_dual_port_1
                                                  main_mem_dual_port_0          main_mem_dual_port_1          
  %19 = load i8** @ld_Rdptr, a... (idx: 0)        -2                            -3                            
Solving Bipartite Weighted Matching (minimize weights)...
Assignment matrix after operation/function unit matching:
                                                  main_mem_dual_port_0          main_mem_dual_port_1          
  %19 = load i8** @ld_Rdptr, a... (idx: 0)        0                             1                             
Checking that every operator was assigned to a functional unit...yes
Binding operator -> functional unit assignments:
  %19 = load i8** @ld_Rdptr, a... (idx: 0) -> main_mem_dual_port_1 (mux inputs: 2)
State: LEGUP_F_main_BB_lrphiiiiii
Binding functional unit type: mem_dual_port
Weight matrix for operation/function unit matching:
  %27 = load i8* %p2.02.i.i.i.... can share an output register with another operation already assigned to main_mem_dual_port_0
  %27 = load i8* %p2.02.i.i.i.... can share an output register with another operation already assigned to main_mem_dual_port_1
                                                  main_mem_dual_port_0          main_mem_dual_port_1          
  %27 = load i8* %p2.02.i.i.i.... (idx: 0)        8                             7                             
Solving Bipartite Weighted Matching (minimize weights)...
Assignment matrix after operation/function unit matching:
                                                  main_mem_dual_port_0          main_mem_dual_port_1          
  %27 = load i8* %p2.02.i.i.i.... (idx: 0)        0                             1                             
Checking that every operator was assigned to a functional unit...yes
Binding operator -> functional unit assignments:
  %27 = load i8* %p2.02.i.i.i.... (idx: 0) -> main_mem_dual_port_1 (mux inputs: 3)
State: LEGUP_F_main_BB_lrphiiiiii
Binding functional unit type: mem_dual_port
Weight matrix for operation/function unit matching:
  store i8 %27, i8* %p1.01.i.i... can share an output register with another operation already assigned to main_mem_dual_port_0
  store i8 %27, i8* %p1.01.i.i... can share an output register with another operation already assigned to main_mem_dual_port_1
                                                  main_mem_dual_port_0          main_mem_dual_port_1          
  store i8 %27, i8* %p1.01.i.i... (idx: 0)        18                            18                            
Solving Bipartite Weighted Matching (minimize weights)...
Assignment matrix after operation/function unit matching:
                                                  main_mem_dual_port_0          main_mem_dual_port_1          
  store i8 %27, i8* %p1.01.i.i... (idx: 0)        1                             0                             
Checking that every operator was assigned to a functional unit...yes
Binding operator -> functional unit assignments:
  store i8 %27, i8* %p1.01.i.i... (idx: 0) -> main_mem_dual_port_0 (mux inputs: 5)
State: LEGUP_F_main_BB_loopexitiiii
Binding functional unit type: mem_dual_port
Weight matrix for operation/function unit matching:
  store i32 -1, i32* @ld_Bfr, ... can share an output register with another operation already assigned to main_mem_dual_port_0
  store i32 -1, i32* @ld_Bfr, ... can share an output register with another operation already assigned to main_mem_dual_port_1
                                                  main_mem_dual_port_0          main_mem_dual_port_1          
  store i32 -1, i32* @ld_Bfr, ... (idx: 0)        0                             -2                            
Solving Bipartite Weighted Matching (minimize weights)...
Assignment matrix after operation/function unit matching:
                                                  main_mem_dual_port_0          main_mem_dual_port_1          
  store i32 -1, i32* @ld_Bfr, ... (idx: 0)        0                             1                             
Checking that every operator was assigned to a functional unit...yes
Binding operator -> functional unit assignments:
  store i32 -1, i32* @ld_Bfr, ... (idx: 0) -> main_mem_dual_port_1 (mux inputs: 3)
State: LEGUP_F_main_BB_loopexitiiii
Binding functional unit type: mem_dual_port
Weight matrix for operation/function unit matching:
  store i8* %scevgep30, i8** @... can share an output register with another operation already assigned to main_mem_dual_port_0
  store i8* %scevgep30, i8** @... can share an output register with another operation already assigned to main_mem_dual_port_1
                                                  main_mem_dual_port_0          main_mem_dual_port_1          
  store i8* %scevgep30, i8** @... (idx: 0)        10                            8                             
Solving Bipartite Weighted Matching (minimize weights)...
Assignment matrix after operation/function unit matching:
                                                  main_mem_dual_port_0          main_mem_dual_port_1          
  store i8* %scevgep30, i8** @... (idx: 0)        0                             1                             
Checking that every operator was assigned to a functional unit...yes
Binding operator -> functional unit assignments:
  store i8* %scevgep30, i8** @... (idx: 0) -> main_mem_dual_port_1 (mux inputs: 4)
State: LEGUP_F_main_BB_loopexit2iloopexitiii
Binding functional unit type: mem_dual_port
Weight matrix for operation/function unit matching:
  store i8* %29, i8** @ld_Rdpt... can share an output register with another operation already assigned to main_mem_dual_port_0
  store i8* %29, i8** @ld_Rdpt... can share an output register with another operation already assigned to main_mem_dual_port_1
  store i32 -1, i32* @ld_Bfr, ... can share an output register with another operation already assigned to main_mem_dual_port_0
  store i32 -1, i32* @ld_Bfr, ... can share an output register with another operation already assigned to main_mem_dual_port_1
                                                  main_mem_dual_port_0          main_mem_dual_port_1          
  store i8* %29, i8** @ld_Rdpt... (idx: 0)        10                            9                             
  store i32 -1, i32* @ld_Bfr, ... (idx: 1)        0                             -1                            
Solving Bipartite Weighted Matching (minimize weights)...
Assignment matrix after operation/function unit matching:
                                                  main_mem_dual_port_0          main_mem_dual_port_1          
  store i8* %29, i8** @ld_Rdpt... (idx: 0)        1                             0                             
  store i32 -1, i32* @ld_Bfr, ... (idx: 1)        0                             1                             
Checking that every operator was assigned to a functional unit...yes
Binding operator -> functional unit assignments:
  store i8* %29, i8** @ld_Rdpt... (idx: 0) -> main_mem_dual_port_0 (mux inputs: 6)
  store i32 -1, i32* @ld_Bfr, ... (idx: 1) -> main_mem_dual_port_1 (mux inputs: 4)
State: LEGUP_F_main_BB_loopexit2iiii
Binding functional unit type: mem_dual_port
Weight matrix for operation/function unit matching:
  store i32 %Incnt.2.i.i.i.i, ... can share an output register with another operation already assigned to main_mem_dual_port_0
  store i32 %Incnt.2.i.i.i.i, ... can share an output register with another operation already assigned to main_mem_dual_port_1
                                                  main_mem_dual_port_0          main_mem_dual_port_1          
  store i32 %Incnt.2.i.i.i.i, ... (idx: 0)        11                            9                             
Solving Bipartite Weighted Matching (minimize weights)...
Assignment matrix after operation/function unit matching:
                                                  main_mem_dual_port_0          main_mem_dual_port_1          
  store i32 %Incnt.2.i.i.i.i, ... (idx: 0)        0                             1                             
Checking that every operator was assigned to a functional unit...yes
Binding operator -> functional unit assignments:
  store i32 %Incnt.2.i.i.i.i, ... (idx: 0) -> main_mem_dual_port_1 (mux inputs: 5)
State: LEGUP_F_main_BB__58
Binding functional unit type: mem_dual_port
Weight matrix for operation/function unit matching:
  %59 = load i32* @ld_Bfr, ali... can share an output register with another operation already assigned to main_mem_dual_port_0
  %59 = load i32* @ld_Bfr, ali... can share an output register with another operation already assigned to main_mem_dual_port_1
  %61 = load i32* @ld_Incnt, a... can share an output register with another operation already assigned to main_mem_dual_port_0
  %61 = load i32* @ld_Incnt, a... can share an output register with another operation already assigned to main_mem_dual_port_1
                                                  main_mem_dual_port_0          main_mem_dual_port_1          
  %59 = load i32* @ld_Bfr, ali... (idx: 0)        1                             0                             
  %61 = load i32* @ld_Incnt, a... (idx: 1)        1                             0                             
Solving Bipartite Weighted Matching (minimize weights)...
Assignment matrix after operation/function unit matching:
                                                  main_mem_dual_port_0          main_mem_dual_port_1          
  %59 = load i32* @ld_Bfr, ali... (idx: 0)        1                             0                             
  %61 = load i32* @ld_Incnt, a... (idx: 1)        0                             1                             
Checking that every operator was assigned to a functional unit...yes
Binding operator -> functional unit assignments:
  %59 = load i32* @ld_Bfr, ali... (idx: 0) -> main_mem_dual_port_0 (mux inputs: 6)
  %61 = load i32* @ld_Incnt, a... (idx: 1) -> main_mem_dual_port_1 (mux inputs: 5)
State: LEGUP_F_main_BB__58
Binding functional unit type: mem_dual_port
Weight matrix for operation/function unit matching:
  store i32 %62, i32* @ld_Incn... can share an output register with another operation already assigned to main_mem_dual_port_0
  store i32 %62, i32* @ld_Incn... can share an output register with another operation already assigned to main_mem_dual_port_1
                                                  main_mem_dual_port_0          main_mem_dual_port_1          
  store i32 %62, i32* @ld_Incn... (idx: 0)        11                            10                            
Solving Bipartite Weighted Matching (minimize weights)...
Assignment matrix after operation/function unit matching:
                                                  main_mem_dual_port_0          main_mem_dual_port_1          
  store i32 %62, i32* @ld_Incn... (idx: 0)        0                             1                             
Checking that every operator was assigned to a functional unit...yes
Binding operator -> functional unit assignments:
  store i32 %62, i32* @ld_Incn... (idx: 0) -> main_mem_dual_port_1 (mux inputs: 6)
State: LEGUP_F_main_BB__64
Binding functional unit type: mem_dual_port
Weight matrix for operation/function unit matching:
  %65 = load i8** @ld_Rdptr, a... can share an output register with another operation already assigned to main_mem_dual_port_0
  %65 = load i8** @ld_Rdptr, a... can share an output register with another operation already assigned to main_mem_dual_port_1
                                                  main_mem_dual_port_0          main_mem_dual_port_1          
  %65 = load i8** @ld_Rdptr, a... (idx: 0)        1                             1                             
Solving Bipartite Weighted Matching (minimize weights)...
Assignment matrix after operation/function unit matching:
                                                  main_mem_dual_port_0          main_mem_dual_port_1          
  %65 = load i8** @ld_Rdptr, a... (idx: 0)        1                             0                             
Checking that every operator was assigned to a functional unit...yes
Binding operator -> functional unit assignments:
  %65 = load i8** @ld_Rdptr, a... (idx: 0) -> main_mem_dual_port_0 (mux inputs: 6)
State: LEGUP_F_main_BB_lrphiiii17ii
Binding functional unit type: mem_dual_port
Weight matrix for operation/function unit matching:
  %73 = load i8* %p2.02.i.i.i.... can share an output register with another operation already assigned to main_mem_dual_port_0
  %73 = load i8* %p2.02.i.i.i.... can share an output register with another operation already assigned to main_mem_dual_port_1
                                                  main_mem_dual_port_0          main_mem_dual_port_1          
  %73 = load i8* %p2.02.i.i.i.... (idx: 0)        11                            11                            
Solving Bipartite Weighted Matching (minimize weights)...
Assignment matrix after operation/function unit matching:
                                                  main_mem_dual_port_0          main_mem_dual_port_1          
  %73 = load i8* %p2.02.i.i.i.... (idx: 0)        1                             0                             
Checking that every operator was assigned to a functional unit...yes
Binding operator -> functional unit assignments:
  %73 = load i8* %p2.02.i.i.i.... (idx: 0) -> main_mem_dual_port_0 (mux inputs: 7)
State: LEGUP_F_main_BB_lrphiiii17ii
Binding functional unit type: mem_dual_port
Weight matrix for operation/function unit matching:
  store i8 %73, i8* %p1.01.i.i... can share an output register with another operation already assigned to main_mem_dual_port_0
  store i8 %73, i8* %p1.01.i.i... can share an output register with another operation already assigned to main_mem_dual_port_1
                                                  main_mem_dual_port_0          main_mem_dual_port_1          
  store i8 %73, i8* %p1.01.i.i... (idx: 0)        22                            21                            
Solving Bipartite Weighted Matching (minimize weights)...
Assignment matrix after operation/function unit matching:
                                                  main_mem_dual_port_0          main_mem_dual_port_1          
  store i8 %73, i8* %p1.01.i.i... (idx: 0)        0                             1                             
Checking that every operator was assigned to a functional unit...yes
Binding operator -> functional unit assignments:
  store i8 %73, i8* %p1.01.i.i... (idx: 0) -> main_mem_dual_port_1 (mux inputs: 8)
State: LEGUP_F_main_BB_loopexitii20ii
Binding functional unit type: mem_dual_port
Weight matrix for operation/function unit matching:
  store i32 -1, i32* @ld_Bfr, ... can share an output register with another operation already assigned to main_mem_dual_port_0
  store i32 -1, i32* @ld_Bfr, ... can share an output register with another operation already assigned to main_mem_dual_port_1
                                                  main_mem_dual_port_0          main_mem_dual_port_1          
  store i32 -1, i32* @ld_Bfr, ... (idx: 0)        2                             3                             
Solving Bipartite Weighted Matching (minimize weights)...
Assignment matrix after operation/function unit matching:
                                                  main_mem_dual_port_0          main_mem_dual_port_1          
  store i32 -1, i32* @ld_Bfr, ... (idx: 0)        1                             0                             
Checking that every operator was assigned to a functional unit...yes
Binding operator -> functional unit assignments:
  store i32 -1, i32* @ld_Bfr, ... (idx: 0) -> main_mem_dual_port_0 (mux inputs: 7)
State: LEGUP_F_main_BB_loopexitii20ii
Binding functional unit type: mem_dual_port
Weight matrix for operation/function unit matching:
  store i8* %scevgep, i8** @ld... can share an output register with another operation already assigned to main_mem_dual_port_0
  store i8* %scevgep, i8** @ld... can share an output register with another operation already assigned to main_mem_dual_port_1
                                                  main_mem_dual_port_0          main_mem_dual_port_1          
  store i8* %scevgep, i8** @ld... (idx: 0)        12                            13                            
Solving Bipartite Weighted Matching (minimize weights)...
Assignment matrix after operation/function unit matching:
                                                  main_mem_dual_port_0          main_mem_dual_port_1          
  store i8* %scevgep, i8** @ld... (idx: 0)        1                             0                             
Checking that every operator was assigned to a functional unit...yes
Binding operator -> functional unit assignments:
  store i8* %scevgep, i8** @ld... (idx: 0) -> main_mem_dual_port_0 (mux inputs: 8)
State: LEGUP_F_main_BB_loopexit2iloopexiti21ii
Binding functional unit type: mem_dual_port
Weight matrix for operation/function unit matching:
  store i8* %75, i8** @ld_Rdpt... can share an output register with another operation already assigned to main_mem_dual_port_0
  store i8* %75, i8** @ld_Rdpt... can share an output register with another operation already assigned to main_mem_dual_port_1
  store i32 -1, i32* @ld_Bfr, ... can share an output register with another operation already assigned to main_mem_dual_port_0
  store i32 -1, i32* @ld_Bfr, ... can share an output register with another operation already assigned to main_mem_dual_port_1
                                                  main_mem_dual_port_0          main_mem_dual_port_1          
  store i8* %75, i8** @ld_Rdpt... (idx: 0)        13                            13                            
  store i32 -1, i32* @ld_Bfr, ... (idx: 1)        3                             3                             
Solving Bipartite Weighted Matching (minimize weights)...
Assignment matrix after operation/function unit matching:
                                                  main_mem_dual_port_0          main_mem_dual_port_1          
  store i8* %75, i8** @ld_Rdpt... (idx: 0)        1                             0                             
  store i32 -1, i32* @ld_Bfr, ... (idx: 1)        0                             1                             
Checking that every operator was assigned to a functional unit...yes
Binding operator -> functional unit assignments:
  store i8* %75, i8** @ld_Rdpt... (idx: 0) -> main_mem_dual_port_0 (mux inputs: 9)
  store i32 -1, i32* @ld_Bfr, ... (idx: 1) -> main_mem_dual_port_1 (mux inputs: 8)
State: LEGUP_F_main_BB_loopexit2ii23ii
Binding functional unit type: mem_dual_port
Weight matrix for operation/function unit matching:
  store i32 %Incnt.2.i.i22.i.i... can share an output register with another operation already assigned to main_mem_dual_port_0
  store i32 %Incnt.2.i.i22.i.i... can share an output register with another operation already assigned to main_mem_dual_port_1
                                                  main_mem_dual_port_0          main_mem_dual_port_1          
  store i32 %Incnt.2.i.i22.i.i... (idx: 0)        14                            13                            
Solving Bipartite Weighted Matching (minimize weights)...
Assignment matrix after operation/function unit matching:
                                                  main_mem_dual_port_0          main_mem_dual_port_1          
  store i32 %Incnt.2.i.i22.i.i... (idx: 0)        0                             1                             
Checking that every operator was assigned to a functional unit...yes
Binding operator -> functional unit assignments:
  store i32 %Incnt.2.i.i22.i.i... (idx: 0) -> main_mem_dual_port_1 (mux inputs: 9)

