//----------------------------------------------------------------------------//
// Generated by LegUp High-Level Synthesis Tool Version 4.0 (http://legup.org)
// Compiled: Sun Jul 26 12:56:54 2015
// University of Toronto
// For research and academic purposes only. Commercial use is prohibited.
// Please send bugs to: legup@eecg.toronto.edu
// Date: Sun Mar 31 16:43:25 2019
//----------------------------------------------------------------------------//

--------------------------------------------------------------------------------
Function: main
--------------------------------------------------------------------------------
Function unit type:           Number Required               
indata_local_mem_dual_port    2                             
mem_dual_port                 2                             
signed_add_32                 6                             

Running Bipartite Weighted Matching on function: main
State: LEGUP_F_main_BB__crit_edge10i
Binding functional unit type: mem_dual_port
Weight matrix for operation/function unit matching:
                                                  main_mem_dual_port_0          main_mem_dual_port_1          
  store i32 1732584193, i32* @... (idx: 0)        100                           100                           
  store i32 -271733879, i32* @... (idx: 1)        100                           100                           
Solving Bipartite Weighted Matching (minimize weights)...
Assignment matrix after operation/function unit matching:
                                                  main_mem_dual_port_0          main_mem_dual_port_1          
  store i32 1732584193, i32* @... (idx: 0)        1                             0                             
  store i32 -271733879, i32* @... (idx: 1)        0                             1                             
Checking that every operator was assigned to a functional unit...yes
Binding operator -> functional unit assignments:
  store i32 1732584193, i32* @... (idx: 0) -> main_mem_dual_port_0 (mux inputs: 0)
  store i32 -271733879, i32* @... (idx: 1) -> main_mem_dual_port_1 (mux inputs: 0)
State: LEGUP_F_main_BB__crit_edge10i
Binding functional unit type: mem_dual_port
Weight matrix for operation/function unit matching:
                                                  main_mem_dual_port_0          main_mem_dual_port_1          
  store i32 -1732584194, i32* ... (idx: 0)        100                           100                           
  store i32 271733878, i32* @s... (idx: 1)        100                           100                           
Solving Bipartite Weighted Matching (minimize weights)...
Assignment matrix after operation/function unit matching:
                                                  main_mem_dual_port_0          main_mem_dual_port_1          
  store i32 -1732584194, i32* ... (idx: 0)        1                             0                             
  store i32 271733878, i32* @s... (idx: 1)        0                             1                             
Checking that every operator was assigned to a functional unit...yes
Binding operator -> functional unit assignments:
  store i32 -1732584194, i32* ... (idx: 0) -> main_mem_dual_port_0 (mux inputs: 0)
  store i32 271733878, i32* @s... (idx: 1) -> main_mem_dual_port_1 (mux inputs: 0)
State: LEGUP_F_main_BB__crit_edge10i
Binding functional unit type: mem_dual_port
Weight matrix for operation/function unit matching:
                                                  main_mem_dual_port_0          main_mem_dual_port_1          
  store i32 -1009589776, i32* ... (idx: 0)        100                           100                           
Solving Bipartite Weighted Matching (minimize weights)...
Assignment matrix after operation/function unit matching:
                                                  main_mem_dual_port_0          main_mem_dual_port_1          
  store i32 -1009589776, i32* ... (idx: 0)        1                             0                             
Checking that every operator was assigned to a functional unit...yes
Binding operator -> functional unit assignments:
  store i32 -1009589776, i32* ... (idx: 0) -> main_mem_dual_port_0 (mux inputs: 0)
State: LEGUP_F_main_BB__0
Binding functional unit type: indata_local_mem_dual_port
Weight matrix for operation/function unit matching:
                                                  main_indata_local_mem_dual_port_0main_indata_local_mem_dual_port_1
  %3 = load i8* %p2.01.i.i, al... (idx: 0)        100                           100                           
  %6 = load i8* %2, align 1, !... (idx: 1)        100                           100                           
Solving Bipartite Weighted Matching (minimize weights)...
Assignment matrix after operation/function unit matching:
                                                  main_indata_local_mem_dual_port_0main_indata_local_mem_dual_port_1
  %3 = load i8* %p2.01.i.i, al... (idx: 0)        1                             0                             
  %6 = load i8* %2, align 1, !... (idx: 1)        0                             1                             
Checking that every operator was assigned to a functional unit...yes
Binding operator -> functional unit assignments:
  %3 = load i8* %p2.01.i.i, al... (idx: 0) -> main_indata_local_mem_dual_port_0 (mux inputs: 1)
  %6 = load i8* %2, align 1, !... (idx: 1) -> main_indata_local_mem_dual_port_1 (mux inputs: 1)
State: LEGUP_F_main_BB__0
Binding functional unit type: signed_add_32
Weight matrix for operation/function unit matching:
                                                  main_signed_add_32_0          main_signed_add_32_1          main_signed_add_32_2          main_signed_add_32_3          main_signed_add_32_4          main_signed_add_32_5          
  %1 = add nsw i32 %m.03.i.i, ... (idx: 0)        100                           100                           100                           100                           100                           100                           
  %gep = add i32 %gep_int, 1 (idx: 1)             100                           100                           100                           100                           100                           100                           
  %gep2 = add i32 %gep_int1, 2 (idx: 2)           100                           100                           100                           100                           100                           100                           
  %gep4 = add i32 %gep_int3, 3 (idx: 3)           100                           100                           100                           100                           100                           100                           
  %gep6 = add i32 %gep_int5, 4 (idx: 4)           100                           100                           100                           100                           100                           100                           
  %gep8 = add i32 %gep_int7, 4 (idx: 5)           100                           100                           100                           100                           100                           100                           
Solving Bipartite Weighted Matching (minimize weights)...
Assignment matrix after operation/function unit matching:
                                                  main_signed_add_32_0          main_signed_add_32_1          main_signed_add_32_2          main_signed_add_32_3          main_signed_add_32_4          main_signed_add_32_5          
  %1 = add nsw i32 %m.03.i.i, ... (idx: 0)        1                             0                             0                             0                             0                             0                             
  %gep = add i32 %gep_int, 1 (idx: 1)             0                             1                             0                             0                             0                             0                             
  %gep2 = add i32 %gep_int1, 2 (idx: 2)           0                             0                             1                             0                             0                             0                             
  %gep4 = add i32 %gep_int3, 3 (idx: 3)           0                             0                             0                             1                             0                             0                             
  %gep6 = add i32 %gep_int5, 4 (idx: 4)           0                             0                             0                             0                             1                             0                             
  %gep8 = add i32 %gep_int7, 4 (idx: 5)           0                             0                             0                             0                             0                             1                             
Checking that every operator was assigned to a functional unit...yes
Binding operator -> functional unit assignments:
  %1 = add nsw i32 %m.03.i.i, ... (idx: 0) -> main_signed_add_32_0 (mux inputs: 1)
  %gep = add i32 %gep_int, 1 (idx: 1) -> main_signed_add_32_1 (mux inputs: 1)
  %gep2 = add i32 %gep_int1, 2 (idx: 2) -> main_signed_add_32_2 (mux inputs: 1)
  %gep4 = add i32 %gep_int3, 3 (idx: 3) -> main_signed_add_32_3 (mux inputs: 1)
  %gep6 = add i32 %gep_int5, 4 (idx: 4) -> main_signed_add_32_4 (mux inputs: 1)
  %gep8 = add i32 %gep_int7, 4 (idx: 5) -> main_signed_add_32_5 (mux inputs: 1)
State: LEGUP_F_main_BB__0
Binding functional unit type: indata_local_mem_dual_port
Weight matrix for operation/function unit matching:
                                                  main_indata_local_mem_dual_port_0main_indata_local_mem_dual_port_1
  %11 = load i8* %5, align 1, ... (idx: 0)        100                           100                           
  %16 = load i8* %10, align 1,... (idx: 1)        100                           100                           
Solving Bipartite Weighted Matching (minimize weights)...
Assignment matrix after operation/function unit matching:
                                                  main_indata_local_mem_dual_port_0main_indata_local_mem_dual_port_1
  %11 = load i8* %5, align 1, ... (idx: 0)        1                             0                             
  %16 = load i8* %10, align 1,... (idx: 1)        0                             1                             
Checking that every operator was assigned to a functional unit...yes
Binding operator -> functional unit assignments:
  %11 = load i8* %5, align 1, ... (idx: 0) -> main_indata_local_mem_dual_port_0 (mux inputs: 2)
  %16 = load i8* %10, align 1,... (idx: 1) -> main_indata_local_mem_dual_port_1 (mux inputs: 2)
State: LEGUP_F_main_BB__0
Binding functional unit type: mem_dual_port
Weight matrix for operation/function unit matching:
                                                  main_mem_dual_port_0          main_mem_dual_port_1          
  store i32 %19, i32* %p1.02.i... (idx: 0)        100                           100                           
Solving Bipartite Weighted Matching (minimize weights)...
Assignment matrix after operation/function unit matching:
                                                  main_mem_dual_port_0          main_mem_dual_port_1          
  store i32 %19, i32* %p1.02.i... (idx: 0)        1                             0                             
Checking that every operator was assigned to a functional unit...yes
Binding operator -> functional unit assignments:
  store i32 %19, i32* %p1.02.i... (idx: 0) -> main_mem_dual_port_0 (mux inputs: 2)
State: LEGUP_F_main_BB_memcpyexiti
Binding functional unit type: signed_add_32
Weight matrix for operation/function unit matching:
                                                  main_signed_add_32_0          main_signed_add_32_1          main_signed_add_32_2          main_signed_add_32_3          main_signed_add_32_4          main_signed_add_32_5          
  %gep10 = add i32 %gep_int9, ... (idx: 0)        100                           100                           100                           100                           100                           100                           
  %23 = add nsw i32 %.07.i, -6... (idx: 1)        100                           100                           100                           100                           100                           100                           
Solving Bipartite Weighted Matching (minimize weights)...
Assignment matrix after operation/function unit matching:
                                                  main_signed_add_32_0          main_signed_add_32_1          main_signed_add_32_2          main_signed_add_32_3          main_signed_add_32_4          main_signed_add_32_5          
  %gep10 = add i32 %gep_int9, ... (idx: 0)        1                             0                             0                             0                             0                             0                             
  %23 = add nsw i32 %.07.i, -6... (idx: 1)        0                             1                             0                             0                             0                             0                             
Checking that every operator was assigned to a functional unit...yes
Binding operator -> functional unit assignments:
  %gep10 = add i32 %gep_int9, ... (idx: 0) -> main_signed_add_32_0 (mux inputs: 2)
  %23 = add nsw i32 %.07.i, -6... (idx: 1) -> main_signed_add_32_1 (mux inputs: 2)
State: LEGUP_F_main_BB__25
Binding functional unit type: indata_local_mem_dual_port
Weight matrix for operation/function unit matching:
                                                  main_indata_local_mem_dual_port_0main_indata_local_mem_dual_port_1
  %28 = load i8* %p2.01.i.i8, ... (idx: 0)        100                           100                           
  %31 = load i8* %27, align 1,... (idx: 1)        100                           100                           
Solving Bipartite Weighted Matching (minimize weights)...
Assignment matrix after operation/function unit matching:
                                                  main_indata_local_mem_dual_port_0main_indata_local_mem_dual_port_1
  %28 = load i8* %p2.01.i.i8, ... (idx: 0)        1                             0                             
  %31 = load i8* %27, align 1,... (idx: 1)        0                             1                             
Checking that every operator was assigned to a functional unit...yes
Binding operator -> functional unit assignments:
  %28 = load i8* %p2.01.i.i8, ... (idx: 0) -> main_indata_local_mem_dual_port_0 (mux inputs: 3)
  %31 = load i8* %27, align 1,... (idx: 1) -> main_indata_local_mem_dual_port_1 (mux inputs: 3)
State: LEGUP_F_main_BB__25
Binding functional unit type: signed_add_32
Weight matrix for operation/function unit matching:
                                                  main_signed_add_32_0          main_signed_add_32_1          main_signed_add_32_2          main_signed_add_32_3          main_signed_add_32_4          main_signed_add_32_5          
  %26 = add nsw i32 %m.03.i.i6... (idx: 0)        100                           100                           100                           100                           100                           100                           
  %gep12 = add i32 %gep_int11,... (idx: 1)        100                           100                           100                           100                           100                           100                           
  %gep14 = add i32 %gep_int13,... (idx: 2)        100                           100                           100                           100                           100                           100                           
  %gep16 = add i32 %gep_int15,... (idx: 3)        100                           100                           100                           100                           100                           100                           
  %gep18 = add i32 %gep_int17,... (idx: 4)        100                           100                           100                           100                           100                           100                           
  %gep20 = add i32 %gep_int19,... (idx: 5)        100                           100                           100                           100                           100                           100                           
Solving Bipartite Weighted Matching (minimize weights)...
Assignment matrix after operation/function unit matching:
                                                  main_signed_add_32_0          main_signed_add_32_1          main_signed_add_32_2          main_signed_add_32_3          main_signed_add_32_4          main_signed_add_32_5          
  %26 = add nsw i32 %m.03.i.i6... (idx: 0)        1                             0                             0                             0                             0                             0                             
  %gep12 = add i32 %gep_int11,... (idx: 1)        0                             1                             0                             0                             0                             0                             
  %gep14 = add i32 %gep_int13,... (idx: 2)        0                             0                             1                             0                             0                             0                             
  %gep16 = add i32 %gep_int15,... (idx: 3)        0                             0                             0                             1                             0                             0                             
  %gep18 = add i32 %gep_int17,... (idx: 4)        0                             0                             0                             0                             1                             0                             
  %gep20 = add i32 %gep_int19,... (idx: 5)        0                             0                             0                             0                             0                             1                             
Checking that every operator was assigned to a functional unit...yes
Binding operator -> functional unit assignments:
  %26 = add nsw i32 %m.03.i.i6... (idx: 0) -> main_signed_add_32_0 (mux inputs: 3)
  %gep12 = add i32 %gep_int11,... (idx: 1) -> main_signed_add_32_1 (mux inputs: 3)
  %gep14 = add i32 %gep_int13,... (idx: 2) -> main_signed_add_32_2 (mux inputs: 2)
  %gep16 = add i32 %gep_int15,... (idx: 3) -> main_signed_add_32_3 (mux inputs: 2)
  %gep18 = add i32 %gep_int17,... (idx: 4) -> main_signed_add_32_4 (mux inputs: 2)
  %gep20 = add i32 %gep_int19,... (idx: 5) -> main_signed_add_32_5 (mux inputs: 2)
State: LEGUP_F_main_BB__25
Binding functional unit type: indata_local_mem_dual_port
Weight matrix for operation/function unit matching:
                                                  main_indata_local_mem_dual_port_0main_indata_local_mem_dual_port_1
  %36 = load i8* %30, align 1,... (idx: 0)        100                           100                           
  %41 = load i8* %35, align 1,... (idx: 1)        100                           100                           
Solving Bipartite Weighted Matching (minimize weights)...
Assignment matrix after operation/function unit matching:
                                                  main_indata_local_mem_dual_port_0main_indata_local_mem_dual_port_1
  %36 = load i8* %30, align 1,... (idx: 0)        1                             0                             
  %41 = load i8* %35, align 1,... (idx: 1)        0                             1                             
Checking that every operator was assigned to a functional unit...yes
Binding operator -> functional unit assignments:
  %36 = load i8* %30, align 1,... (idx: 0) -> main_indata_local_mem_dual_port_0 (mux inputs: 4)
  %41 = load i8* %35, align 1,... (idx: 1) -> main_indata_local_mem_dual_port_1 (mux inputs: 4)
State: LEGUP_F_main_BB__25
Binding functional unit type: mem_dual_port
Weight matrix for operation/function unit matching:
                                                  main_mem_dual_port_0          main_mem_dual_port_1          
  store i32 %44, i32* %p1.02.i... (idx: 0)        100                           100                           
Solving Bipartite Weighted Matching (minimize weights)...
Assignment matrix after operation/function unit matching:
                                                  main_mem_dual_port_0          main_mem_dual_port_1          
  store i32 %44, i32* %p1.02.i... (idx: 0)        1                             0                             
Checking that every operator was assigned to a functional unit...yes
Binding operator -> functional unit assignments:
  store i32 %44, i32* %p1.02.i... (idx: 0) -> main_mem_dual_port_0 (mux inputs: 4)
State: LEGUP_F_main_BB_memcpyexiti9
Binding functional unit type: signed_add_32
Weight matrix for operation/function unit matching:
                                                  main_signed_add_32_0          main_signed_add_32_1          main_signed_add_32_2          main_signed_add_32_3          main_signed_add_32_4          main_signed_add_32_5          
  %gep22 = add i32 %gep_int21,... (idx: 0)        100                           100                           100                           100                           100                           100                           
  %48 = add nsw i32 %.07.i3, -... (idx: 1)        100                           100                           100                           100                           100                           100                           
Solving Bipartite Weighted Matching (minimize weights)...
Assignment matrix after operation/function unit matching:
                                                  main_signed_add_32_0          main_signed_add_32_1          main_signed_add_32_2          main_signed_add_32_3          main_signed_add_32_4          main_signed_add_32_5          
  %gep22 = add i32 %gep_int21,... (idx: 0)        1                             0                             0                             0                             0                             0                             
  %48 = add nsw i32 %.07.i3, -... (idx: 1)        0                             1                             0                             0                             0                             0                             
Checking that every operator was assigned to a functional unit...yes
Binding operator -> functional unit assignments:
  %gep22 = add i32 %gep_int21,... (idx: 0) -> main_signed_add_32_0 (mux inputs: 4)
  %48 = add nsw i32 %.07.i3, -... (idx: 1) -> main_signed_add_32_1 (mux inputs: 4)
State: LEGUP_F_main_BB_lrphi8preheaderi
Binding functional unit type: mem_dual_port
Weight matrix for operation/function unit matching:
                                                  main_mem_dual_port_0          main_mem_dual_port_1          
  store i32 128, i32* geteleme... (idx: 0)        100                           100                           
Solving Bipartite Weighted Matching (minimize weights)...
Assignment matrix after operation/function unit matching:
                                                  main_mem_dual_port_0          main_mem_dual_port_1          
  store i32 128, i32* geteleme... (idx: 0)        1                             0                             
Checking that every operator was assigned to a functional unit...yes
Binding operator -> functional unit assignments:
  store i32 128, i32* geteleme... (idx: 0) -> main_mem_dual_port_0 (mux inputs: 4)
State: LEGUP_F_main_BB_lrphi8i
Binding functional unit type: mem_dual_port
Weight matrix for operation/function unit matching:
                                                  main_mem_dual_port_0          main_mem_dual_port_1          
  store i32 0, i32* %p.11.i7.i... (idx: 0)        100                           100                           
Solving Bipartite Weighted Matching (minimize weights)...
Assignment matrix after operation/function unit matching:
                                                  main_mem_dual_port_0          main_mem_dual_port_1          
  store i32 0, i32* %p.11.i7.i... (idx: 0)        1                             0                             
Checking that every operator was assigned to a functional unit...yes
Binding operator -> functional unit assignments:
  store i32 0, i32* %p.11.i7.i... (idx: 0) -> main_mem_dual_port_0 (mux inputs: 5)
State: LEGUP_F_main_BB_lrphi8i
Binding functional unit type: signed_add_32
Weight matrix for operation/function unit matching:
                                                  main_signed_add_32_0          main_signed_add_32_1          main_signed_add_32_2          main_signed_add_32_3          main_signed_add_32_4          main_signed_add_32_5          
  %50 = add nsw i32 %m.02.i6.i... (idx: 0)        100                           100                           100                           100                           100                           100                           
  %gep24 = add i32 %gep_int23,... (idx: 1)        100                           100                           100                           100                           100                           100                           
Solving Bipartite Weighted Matching (minimize weights)...
Assignment matrix after operation/function unit matching:
                                                  main_signed_add_32_0          main_signed_add_32_1          main_signed_add_32_2          main_signed_add_32_3          main_signed_add_32_4          main_signed_add_32_5          
  %50 = add nsw i32 %m.02.i6.i... (idx: 0)        1                             0                             0                             0                             0                             0                             
  %gep24 = add i32 %gep_int23,... (idx: 1)        0                             1                             0                             0                             0                             0                             
Checking that every operator was assigned to a functional unit...yes
Binding operator -> functional unit assignments:
  %50 = add nsw i32 %m.02.i6.i... (idx: 0) -> main_signed_add_32_0 (mux inputs: 5)
  %gep24 = add i32 %gep_int23,... (idx: 1) -> main_signed_add_32_1 (mux inputs: 5)
State: LEGUP_F_main_BB_sha_finalexit
Binding functional unit type: mem_dual_port
Weight matrix for operation/function unit matching:
                                                  main_mem_dual_port_0          main_mem_dual_port_1          
  store i32 0, i32* getelement... (idx: 0)        100                           100                           
  store i32 131072, i32* getel... (idx: 1)        100                           100                           
Solving Bipartite Weighted Matching (minimize weights)...
Assignment matrix after operation/function unit matching:
                                                  main_mem_dual_port_0          main_mem_dual_port_1          
  store i32 0, i32* getelement... (idx: 0)        1                             0                             
  store i32 131072, i32* getel... (idx: 1)        0                             1                             
Checking that every operator was assigned to a functional unit...yes
Binding operator -> functional unit assignments:
  store i32 0, i32* getelement... (idx: 0) -> main_mem_dual_port_0 (mux inputs: 5)
  store i32 131072, i32* getel... (idx: 1) -> main_mem_dual_port_1 (mux inputs: 0)
State: LEGUP_F_main_BB_sha_finalexit
Binding functional unit type: mem_dual_port
Weight matrix for operation/function unit matching:
                                                  main_mem_dual_port_0          main_mem_dual_port_1          
  %53 = load i32* @sha_info_di... (idx: 0)        100                           100                           
  %56 = load i32* @sha_info_di... (idx: 1)        100                           100                           
Solving Bipartite Weighted Matching (minimize weights)...
Assignment matrix after operation/function unit matching:
                                                  main_mem_dual_port_0          main_mem_dual_port_1          
  %53 = load i32* @sha_info_di... (idx: 0)        1                             0                             
  %56 = load i32* @sha_info_di... (idx: 1)        0                             1                             
Checking that every operator was assigned to a functional unit...yes
Binding operator -> functional unit assignments:
  %53 = load i32* @sha_info_di... (idx: 0) -> main_mem_dual_port_0 (mux inputs: 5)
  %56 = load i32* @sha_info_di... (idx: 1) -> main_mem_dual_port_1 (mux inputs: 0)
State: LEGUP_F_main_BB_sha_finalexit
Binding functional unit type: mem_dual_port
Weight matrix for operation/function unit matching:
                                                  main_mem_dual_port_0          main_mem_dual_port_1          
  %60 = load i32* @sha_info_di... (idx: 0)        100                           100                           
  %64 = load i32* @sha_info_di... (idx: 1)        100                           100                           
Solving Bipartite Weighted Matching (minimize weights)...
Assignment matrix after operation/function unit matching:
                                                  main_mem_dual_port_0          main_mem_dual_port_1          
  %60 = load i32* @sha_info_di... (idx: 0)        1                             0                             
  %64 = load i32* @sha_info_di... (idx: 1)        0                             1                             
Checking that every operator was assigned to a functional unit...yes
Binding operator -> functional unit assignments:
  %60 = load i32* @sha_info_di... (idx: 0) -> main_mem_dual_port_0 (mux inputs: 5)
  %64 = load i32* @sha_info_di... (idx: 1) -> main_mem_dual_port_1 (mux inputs: 0)
State: LEGUP_F_main_BB_sha_finalexit
Binding functional unit type: mem_dual_port
Weight matrix for operation/function unit matching:
                                                  main_mem_dual_port_0          main_mem_dual_port_1          
  %68 = load i32* @sha_info_di... (idx: 0)        100                           100                           
Solving Bipartite Weighted Matching (minimize weights)...
Assignment matrix after operation/function unit matching:
                                                  main_mem_dual_port_0          main_mem_dual_port_1          
  %68 = load i32* @sha_info_di... (idx: 0)        1                             0                             
Checking that every operator was assigned to a functional unit...yes
Binding operator -> functional unit assignments:
  %68 = load i32* @sha_info_di... (idx: 0) -> main_mem_dual_port_0 (mux inputs: 5)
State: LEGUP_F_main_BB_sha_finalexit
Binding functional unit type: signed_add_32
Weight matrix for operation/function unit matching:
                                                  main_signed_add_32_0          main_signed_add_32_1          main_signed_add_32_2          main_signed_add_32_3          main_signed_add_32_4          main_signed_add_32_5          
  %59 = add nuw nsw i32 %58, %... (idx: 0)        100                           100                           100                           100                           100                           100                           
Solving Bipartite Weighted Matching (minimize weights)...
Assignment matrix after operation/function unit matching:
                                                  main_signed_add_32_0          main_signed_add_32_1          main_signed_add_32_2          main_signed_add_32_3          main_signed_add_32_4          main_signed_add_32_5          
  %59 = add nuw nsw i32 %58, %... (idx: 0)        1                             0                             0                             0                             0                             0                             
Checking that every operator was assigned to a functional unit...yes
Binding operator -> functional unit assignments:
  %59 = add nuw nsw i32 %58, %... (idx: 0) -> main_signed_add_32_0 (mux inputs: 7)
State: LEGUP_F_main_BB_sha_finalexit
Binding functional unit type: signed_add_32
Weight matrix for operation/function unit matching:
                                                  main_signed_add_32_0          main_signed_add_32_1          main_signed_add_32_2          main_signed_add_32_3          main_signed_add_32_4          main_signed_add_32_5          
  %63 = add nuw nsw i32 %62, %... (idx: 0)        100                           100                           100                           100                           100                           100                           
  %67 = add nuw nsw i32 %66, %... (idx: 1)        100                           100                           100                           100                           100                           100                           
Solving Bipartite Weighted Matching (minimize weights)...
Assignment matrix after operation/function unit matching:
                                                  main_signed_add_32_0          main_signed_add_32_1          main_signed_add_32_2          main_signed_add_32_3          main_signed_add_32_4          main_signed_add_32_5          
  %63 = add nuw nsw i32 %62, %... (idx: 0)        1                             0                             0                             0                             0                             0                             
  %67 = add nuw nsw i32 %66, %... (idx: 1)        0                             1                             0                             0                             0                             0                             
Checking that every operator was assigned to a functional unit...yes
Binding operator -> functional unit assignments:
  %63 = add nuw nsw i32 %62, %... (idx: 0) -> main_signed_add_32_0 (mux inputs: 9)
  %67 = add nuw nsw i32 %66, %... (idx: 1) -> main_signed_add_32_1 (mux inputs: 7)
State: LEGUP_F_main_BB_sha_finalexit
Binding functional unit type: signed_add_32
Weight matrix for operation/function unit matching:
                                                  main_signed_add_32_0          main_signed_add_32_1          main_signed_add_32_2          main_signed_add_32_3          main_signed_add_32_4          main_signed_add_32_5          
  %71 = add nuw nsw i32 %70, %... (idx: 0)        100                           100                           100                           100                           100                           100                           
Solving Bipartite Weighted Matching (minimize weights)...
Assignment matrix after operation/function unit matching:
                                                  main_signed_add_32_0          main_signed_add_32_1          main_signed_add_32_2          main_signed_add_32_3          main_signed_add_32_4          main_signed_add_32_5          
  %71 = add nuw nsw i32 %70, %... (idx: 0)        1                             0                             0                             0                             0                             0                             
Checking that every operator was assigned to a functional unit...yes
Binding operator -> functional unit assignments:
  %71 = add nuw nsw i32 %70, %... (idx: 0) -> main_signed_add_32_0 (mux inputs: 11)

