//----------------------------------------------------------------------------//
// Generated by LegUp High-Level Synthesis Tool Version 4.0 (http://legup.org)
// Compiled: Sun Jul 26 12:56:54 2015
// University of Toronto
// For research and academic purposes only. Commercial use is prohibited.
// Please send bugs to: legup@eecg.toronto.edu
// Date: Mon Apr  1 06:46:46 2019
//----------------------------------------------------------------------------//

--------------------------------------------------------------------------------
Function: main
--------------------------------------------------------------------------------
Function unit type:           Number Required               
a_input_local_mem_dual_port   1                             
b_input_local_mem_dual_port   1                             
countLeadingZeros32countLeadingZerosHigh_local_mem_dual_port1                             
signed_add_32                 2                             
signed_add_64                 2                             
signed_multiply_64            4                             
signed_subtract_32            1                             
z_output_local_mem_dual_port  1                             

Running Bipartite Weighted Matching on function: main
State: LEGUP_F_main_BB__1
Binding functional unit type: a_input_local_mem_dual_port
Weight matrix for operation/function unit matching:
                                                  main_a_input_local_mem_dual_port_0
  %3 = load i64* %2, align 8, ... (idx: 0)        -5                            
Solving Bipartite Weighted Matching (minimize weights)...
Assignment matrix after operation/function unit matching:
                                                  main_a_input_local_mem_dual_port_0
  %3 = load i64* %2, align 8, ... (idx: 0)        1                             
Checking that every operator was assigned to a functional unit...yes
Binding operator -> functional unit assignments:
  %3 = load i64* %2, align 8, ... (idx: 0) -> main_a_input_local_mem_dual_port_0 (mux inputs: 1)
State: LEGUP_F_main_BB__1
Binding functional unit type: b_input_local_mem_dual_port
Weight matrix for operation/function unit matching:
                                                  main_b_input_local_mem_dual_port_0
  %5 = load i64* %4, align 8, ... (idx: 0)        -5                            
Solving Bipartite Weighted Matching (minimize weights)...
Assignment matrix after operation/function unit matching:
                                                  main_b_input_local_mem_dual_port_0
  %5 = load i64* %4, align 8, ... (idx: 0)        1                             
Checking that every operator was assigned to a functional unit...yes
Binding operator -> functional unit assignments:
  %5 = load i64* %4, align 8, ... (idx: 0) -> main_b_input_local_mem_dual_port_0 (mux inputs: 1)
State: LEGUP_F_main_BB__1
Binding functional unit type: signed_add_32
Weight matrix for operation/function unit matching:
                                                  main_signed_add_32_0          main_signed_add_32_1          
  %gep = add i32 %gep_int, %ge... (idx: 0)        -10                           -10                           
  %gep3 = add i32 %gep_int1, %... (idx: 1)        -10                           -10                           
Solving Bipartite Weighted Matching (minimize weights)...
Assignment matrix after operation/function unit matching:
                                                  main_signed_add_32_0          main_signed_add_32_1          
  %gep = add i32 %gep_int, %ge... (idx: 0)        1                             0                             
  %gep3 = add i32 %gep_int1, %... (idx: 1)        0                             1                             
Checking that every operator was assigned to a functional unit...yes
Binding operator -> functional unit assignments:
  %gep = add i32 %gep_int, %ge... (idx: 0) -> main_signed_add_32_0 (mux inputs: 2)
  %gep3 = add i32 %gep_int1, %... (idx: 1) -> main_signed_add_32_1 (mux inputs: 2)
State: LEGUP_F_main_BB_normalizeFloat64Subnormalexit9i
Binding functional unit type: signed_add_32
Weight matrix for operation/function unit matching:
                                                  main_signed_add_32_0          main_signed_add_32_1          
  %94 = add nsw i32 %shiftCoun... (idx: 0)        -20                           -20                           
Solving Bipartite Weighted Matching (minimize weights)...
Assignment matrix after operation/function unit matching:
                                                  main_signed_add_32_0          main_signed_add_32_1          
  %94 = add nsw i32 %shiftCoun... (idx: 0)        1                             0                             
Checking that every operator was assigned to a functional unit...yes
Binding operator -> functional unit assignments:
  %94 = add nsw i32 %shiftCoun... (idx: 0) -> main_signed_add_32_0 (mux inputs: 4)
State: LEGUP_F_main_BB_normalizeFloat64Subnormalexit9i
Binding functional unit type: countLeadingZeros32countLeadingZerosHigh_local_mem_dual_port
Weight matrix for operation/function unit matching:
                                                  main_countLeadingZeros32countLeadingZerosHigh_local_mem_dual_port_0
  %93 = load i32* %92, align 4... (idx: 0)        -5                            
Solving Bipartite Weighted Matching (minimize weights)...
Assignment matrix after operation/function unit matching:
                                                  main_countLeadingZeros32countLeadingZerosHigh_local_mem_dual_port_0
  %93 = load i32* %92, align 4... (idx: 0)        1                             
Checking that every operator was assigned to a functional unit...yes
Binding operator -> functional unit assignments:
  %93 = load i32* %92, align 4... (idx: 0) -> main_countLeadingZeros32countLeadingZerosHigh_local_mem_dual_port_0 (mux inputs: 1)
State: LEGUP_F_main_BB_normalizeFloat64Subnormalexit9i
Binding functional unit type: signed_add_32
Weight matrix for operation/function unit matching:
                                                  main_signed_add_32_0          main_signed_add_32_1          
  %gep6 = add i32 %gep_int4, %... (idx: 0)        -40                           -20                           
Solving Bipartite Weighted Matching (minimize weights)...
Assignment matrix after operation/function unit matching:
                                                  main_signed_add_32_0          main_signed_add_32_1          
  %gep6 = add i32 %gep_int4, %... (idx: 0)        1                             0                             
Checking that every operator was assigned to a functional unit...yes
Binding operator -> functional unit assignments:
  %gep6 = add i32 %gep_int4, %... (idx: 0) -> main_signed_add_32_0 (mux inputs: 6)
State: LEGUP_F_main_BB_normalizeFloat64Subnormalexit9i
Binding functional unit type: signed_add_32
Weight matrix for operation/function unit matching:
                                                  main_signed_add_32_0          main_signed_add_32_1          
  %95 = add i32 %94, %93 (idx: 0)                 -60                           -20                           
  %96 = add nsw i32 %95, -11 (idx: 1)             -55                           -15                           
Solving Bipartite Weighted Matching (minimize weights)...
Assignment matrix after operation/function unit matching:
                                                  main_signed_add_32_0          main_signed_add_32_1          
  %95 = add i32 %94, %93 (idx: 0)                 1                             0                             
  %96 = add nsw i32 %95, -11 (idx: 1)             0                             1                             
Checking that every operator was assigned to a functional unit...yes
Binding operator -> functional unit assignments:
  %95 = add i32 %94, %93 (idx: 0) -> main_signed_add_32_0 (mux inputs: 8)
  %96 = add nsw i32 %95, -11 (idx: 1) -> main_signed_add_32_1 (mux inputs: 3)
State: LEGUP_F_main_BB_normalizeFloat64Subnormalexit9i
Binding functional unit type: signed_subtract_32
Weight matrix for operation/function unit matching:
                                                  main_signed_subtract_32_0     
  %99 = sub i32 12, %95 (idx: 0)                  -5                            
Solving Bipartite Weighted Matching (minimize weights)...
Assignment matrix after operation/function unit matching:
                                                  main_signed_subtract_32_0     
  %99 = sub i32 12, %95 (idx: 0)                  1                             
Checking that every operator was assigned to a functional unit...yes
Binding operator -> functional unit assignments:
  %99 = sub i32 12, %95 (idx: 0) -> main_signed_subtract_32_0 (mux inputs: 1)
State: LEGUP_F_main_BB_normalizeFloat64Subnormalexiti
Binding functional unit type: signed_add_32
Weight matrix for operation/function unit matching:
                                                  main_signed_add_32_0          main_signed_add_32_1          
  %120 = add nsw i32 %shiftCou... (idx: 0)        -80                           -30                           
Solving Bipartite Weighted Matching (minimize weights)...
Assignment matrix after operation/function unit matching:
                                                  main_signed_add_32_0          main_signed_add_32_1          
  %120 = add nsw i32 %shiftCou... (idx: 0)        1                             0                             
Checking that every operator was assigned to a functional unit...yes
Binding operator -> functional unit assignments:
  %120 = add nsw i32 %shiftCou... (idx: 0) -> main_signed_add_32_0 (mux inputs: 10)
State: LEGUP_F_main_BB_normalizeFloat64Subnormalexiti
Binding functional unit type: countLeadingZeros32countLeadingZerosHigh_local_mem_dual_port
Weight matrix for operation/function unit matching:
                                                  main_countLeadingZeros32countLeadingZerosHigh_local_mem_dual_port_0
  %119 = load i32* %118, align... (idx: 0)        -5                            
Solving Bipartite Weighted Matching (minimize weights)...
Assignment matrix after operation/function unit matching:
                                                  main_countLeadingZeros32countLeadingZerosHigh_local_mem_dual_port_0
  %119 = load i32* %118, align... (idx: 0)        1                             
Checking that every operator was assigned to a functional unit...yes
Binding operator -> functional unit assignments:
  %119 = load i32* %118, align... (idx: 0) -> main_countLeadingZeros32countLeadingZerosHigh_local_mem_dual_port_0 (mux inputs: 2)
State: LEGUP_F_main_BB_normalizeFloat64Subnormalexiti
Binding functional unit type: signed_add_32
Weight matrix for operation/function unit matching:
                                                  main_signed_add_32_0          main_signed_add_32_1          
  %gep9 = add i32 %gep_int7, %... (idx: 0)        -100                          -30                           
Solving Bipartite Weighted Matching (minimize weights)...
Assignment matrix after operation/function unit matching:
                                                  main_signed_add_32_0          main_signed_add_32_1          
  %gep9 = add i32 %gep_int7, %... (idx: 0)        1                             0                             
Checking that every operator was assigned to a functional unit...yes
Binding operator -> functional unit assignments:
  %gep9 = add i32 %gep_int7, %... (idx: 0) -> main_signed_add_32_0 (mux inputs: 12)
State: LEGUP_F_main_BB_normalizeFloat64Subnormalexiti
Binding functional unit type: signed_add_32
Weight matrix for operation/function unit matching:
                                                  main_signed_add_32_0          main_signed_add_32_1          
  %121 = add i32 %120, %119 (idx: 0)              -120                          -30                           
  %122 = add nsw i32 %121, -11 (idx: 1)           -115                          -25                           
Solving Bipartite Weighted Matching (minimize weights)...
Assignment matrix after operation/function unit matching:
                                                  main_signed_add_32_0          main_signed_add_32_1          
  %121 = add i32 %120, %119 (idx: 0)              1                             0                             
  %122 = add nsw i32 %121, -11 (idx: 1)           0                             1                             
Checking that every operator was assigned to a functional unit...yes
Binding operator -> functional unit assignments:
  %121 = add i32 %120, %119 (idx: 0) -> main_signed_add_32_0 (mux inputs: 14)
  %122 = add nsw i32 %121, -11 (idx: 1) -> main_signed_add_32_1 (mux inputs: 4)
State: LEGUP_F_main_BB_normalizeFloat64Subnormalexiti
Binding functional unit type: signed_subtract_32
Weight matrix for operation/function unit matching:
                                                  main_signed_subtract_32_0     
  %125 = sub i32 12, %121 (idx: 0)                -5                            
Solving Bipartite Weighted Matching (minimize weights)...
Assignment matrix after operation/function unit matching:
                                                  main_signed_subtract_32_0     
  %125 = sub i32 12, %121 (idx: 0)                1                             
Checking that every operator was assigned to a functional unit...yes
Binding operator -> functional unit assignments:
  %125 = sub i32 12, %121 (idx: 0) -> main_signed_subtract_32_0 (mux inputs: 2)
State: LEGUP_F_main_BB__126
Binding functional unit type: signed_add_32
Weight matrix for operation/function unit matching:
                                                  main_signed_add_32_0          main_signed_add_32_1          
  %129 = add nsw i32 %127, %10... (idx: 0)        -140                          -40                           
Solving Bipartite Weighted Matching (minimize weights)...
Assignment matrix after operation/function unit matching:
                                                  main_signed_add_32_0          main_signed_add_32_1          
  %129 = add nsw i32 %127, %10... (idx: 0)        1                             0                             
Checking that every operator was assigned to a functional unit...yes
Binding operator -> functional unit assignments:
  %129 = add nsw i32 %127, %10... (idx: 0) -> main_signed_add_32_0 (mux inputs: 16)
State: LEGUP_F_main_BB__126
Binding functional unit type: signed_multiply_64
Weight matrix for operation/function unit matching:
                                                  main_signed_multiply_64_0     main_signed_multiply_64_1     main_signed_multiply_64_2     main_signed_multiply_64_3     
  %140 = mul i64 %139, %138 (idx: 0)              -10                           -10                           -10                           -10                           
  %142 = mul i64 %134, %138 (idx: 1)              -10                           -10                           -10                           -10                           
  %144 = mul i64 %139, %134 (idx: 2)              -10                           -10                           -10                           -10                           
  %145 = mul i64 %137, %134 (idx: 3)              -10                           -10                           -10                           -10                           
Solving Bipartite Weighted Matching (minimize weights)...
Assignment matrix after operation/function unit matching:
                                                  main_signed_multiply_64_0     main_signed_multiply_64_1     main_signed_multiply_64_2     main_signed_multiply_64_3     
  %140 = mul i64 %139, %138 (idx: 0)              1                             0                             0                             0                             
  %142 = mul i64 %134, %138 (idx: 1)              0                             1                             0                             0                             
  %144 = mul i64 %139, %134 (idx: 2)              0                             0                             1                             0                             
  %145 = mul i64 %137, %134 (idx: 3)              0                             0                             0                             1                             
Checking that every operator was assigned to a functional unit...yes
Binding operator -> functional unit assignments:
  %140 = mul i64 %139, %138 (idx: 0) -> main_signed_multiply_64_0 (mux inputs: 2)
  %142 = mul i64 %134, %138 (idx: 1) -> main_signed_multiply_64_1 (mux inputs: 2)
  %144 = mul i64 %139, %134 (idx: 2) -> main_signed_multiply_64_2 (mux inputs: 2)
  %145 = mul i64 %137, %134 (idx: 3) -> main_signed_multiply_64_3 (mux inputs: 2)
State: LEGUP_F_main_BB__126
Binding functional unit type: signed_add_64
Weight matrix for operation/function unit matching:
                                                  main_signed_add_64_0          main_signed_add_64_1          
  %141 = add i64 %140, %138 (idx: 0)              -10                           -10                           
Solving Bipartite Weighted Matching (minimize weights)...
Assignment matrix after operation/function unit matching:
                                                  main_signed_add_64_0          main_signed_add_64_1          
  %141 = add i64 %140, %138 (idx: 0)              1                             0                             
Checking that every operator was assigned to a functional unit...yes
Binding operator -> functional unit assignments:
  %141 = add i64 %140, %138 (idx: 0) -> main_signed_add_64_0 (mux inputs: 2)
State: LEGUP_F_main_BB__126
Binding functional unit type: signed_multiply_64
Weight matrix for operation/function unit matching:
                                                  main_signed_multiply_64_0     main_signed_multiply_64_1     main_signed_multiply_64_2     main_signed_multiply_64_3     
  %143 = mul i64 %142, %137 (idx: 0)              -20                           -30                           -20                           -25                           
Solving Bipartite Weighted Matching (minimize weights)...
Assignment matrix after operation/function unit matching:
                                                  main_signed_multiply_64_0     main_signed_multiply_64_1     main_signed_multiply_64_2     main_signed_multiply_64_3     
  %143 = mul i64 %142, %137 (idx: 0)              0                             1                             0                             0                             
Checking that every operator was assigned to a functional unit...yes
Binding operator -> functional unit assignments:
  %143 = mul i64 %142, %137 (idx: 0) -> main_signed_multiply_64_1 (mux inputs: 4)
State: LEGUP_F_main_BB__126
Binding functional unit type: signed_add_64
Weight matrix for operation/function unit matching:
                                                  main_signed_add_64_0          main_signed_add_64_1          
  %148 = add i64 %147, %145 (idx: 0)              -30                           -10                           
  %150 = add i64 %141, %149 (idx: 1)              -30                           -10                           
Solving Bipartite Weighted Matching (minimize weights)...
Assignment matrix after operation/function unit matching:
                                                  main_signed_add_64_0          main_signed_add_64_1          
  %148 = add i64 %147, %145 (idx: 0)              1                             0                             
  %150 = add i64 %141, %149 (idx: 1)              0                             1                             
Checking that every operator was assigned to a functional unit...yes
Binding operator -> functional unit assignments:
  %148 = add i64 %147, %145 (idx: 0) -> main_signed_add_64_0 (mux inputs: 4)
  %150 = add i64 %141, %149 (idx: 1) -> main_signed_add_64_1 (mux inputs: 2)
State: LEGUP_F_main_BB__152
Binding functional unit type: signed_multiply_64
Weight matrix for operation/function unit matching:
                                                  main_signed_multiply_64_0     main_signed_multiply_64_1     main_signed_multiply_64_2     main_signed_multiply_64_3     
  %153 = mul i64 %150, %149 (idx: 0)              -20                           -40                           -20                           -20                           
Solving Bipartite Weighted Matching (minimize weights)...
Assignment matrix after operation/function unit matching:
                                                  main_signed_multiply_64_0     main_signed_multiply_64_1     main_signed_multiply_64_2     main_signed_multiply_64_3     
  %153 = mul i64 %150, %149 (idx: 0)              0                             1                             0                             0                             
Checking that every operator was assigned to a functional unit...yes
Binding operator -> functional unit assignments:
  %153 = mul i64 %150, %149 (idx: 0) -> main_signed_multiply_64_1 (mux inputs: 6)
State: LEGUP_F_main_BB_mul64To128exiti
Binding functional unit type: signed_add_32
Weight matrix for operation/function unit matching:
                                                  main_signed_add_32_0          main_signed_add_32_1          
  %.20.i = add i32 %129, %.20.... (idx: 0)        -160                          -40                           
Solving Bipartite Weighted Matching (minimize weights)...
Assignment matrix after operation/function unit matching:
                                                  main_signed_add_32_0          main_signed_add_32_1          
  %.20.i = add i32 %129, %.20.... (idx: 0)        1                             0                             
Checking that every operator was assigned to a functional unit...yes
Binding operator -> functional unit assignments:
  %.20.i = add i32 %129, %.20.... (idx: 0) -> main_signed_add_32_0 (mux inputs: 18)
State: LEGUP_F_main_BB_mul64To128exiti
Binding functional unit type: signed_add_64
Weight matrix for operation/function unit matching:
                                                  main_signed_add_64_0          main_signed_add_64_1          
  %156 = add i64 %148, %155 (idx: 0)              -40                           -30                           
Solving Bipartite Weighted Matching (minimize weights)...
Assignment matrix after operation/function unit matching:
                                                  main_signed_add_64_0          main_signed_add_64_1          
  %156 = add i64 %148, %155 (idx: 0)              1                             0                             
Checking that every operator was assigned to a functional unit...yes
Binding operator -> functional unit assignments:
  %156 = add i64 %148, %155 (idx: 0) -> main_signed_add_64_0 (mux inputs: 6)
State: LEGUP_F_main_BB__169
Binding functional unit type: signed_add_64
Weight matrix for operation/function unit matching:
                                                  main_signed_add_64_0          main_signed_add_64_1          
  %170 = add i64 512, %..i (idx: 0)               -55                           -15                           
Solving Bipartite Weighted Matching (minimize weights)...
Assignment matrix after operation/function unit matching:
                                                  main_signed_add_64_0          main_signed_add_64_1          
  %170 = add i64 512, %..i (idx: 0)               1                             0                             
Checking that every operator was assigned to a functional unit...yes
Binding operator -> functional unit assignments:
  %170 = add i64 512, %..i (idx: 0) -> main_signed_add_64_0 (mux inputs: 7)
State: LEGUP_F_main_BB__180
Binding functional unit type: signed_subtract_32
Weight matrix for operation/function unit matching:
                                                  main_signed_subtract_32_0     
  %181 = sub nsw i32 0, %.20.i (idx: 0)           -15                           
Solving Bipartite Weighted Matching (minimize weights)...
Assignment matrix after operation/function unit matching:
                                                  main_signed_subtract_32_0     
  %181 = sub nsw i32 0, %.20.i (idx: 0)           1                             
Checking that every operator was assigned to a functional unit...yes
Binding operator -> functional unit assignments:
  %181 = sub nsw i32 0, %.20.i (idx: 0) -> main_signed_subtract_32_0 (mux inputs: 3)
State: LEGUP_F_main_BB_thread6ii
Binding functional unit type: signed_add_64
Weight matrix for operation/function unit matching:
                                                  main_signed_add_64_0          main_signed_add_64_1          
  %199 = add i64 %zSig57.i.i, ... (idx: 0)        -65                           -15                           
  %211 = add i64 %209, %210 (idx: 1)              -70                           -20                           
Solving Bipartite Weighted Matching (minimize weights)...
Assignment matrix after operation/function unit matching:
                                                  main_signed_add_64_0          main_signed_add_64_1          
  %199 = add i64 %zSig57.i.i, ... (idx: 0)        1                             0                             
  %211 = add i64 %209, %210 (idx: 1)              0                             1                             
Checking that every operator was assigned to a functional unit...yes
Binding operator -> functional unit assignments:
  %199 = add i64 %zSig57.i.i, ... (idx: 0) -> main_signed_add_64_0 (mux inputs: 8)
  %211 = add i64 %209, %210 (idx: 1) -> main_signed_add_64_1 (mux inputs: 4)
State: LEGUP_F_main_BB_float64_mulexit
Binding functional unit type: signed_add_32
Weight matrix for operation/function unit matching:
                                                  main_signed_add_32_0          main_signed_add_32_1          
  %218 = add nsw i32 %i.01, 1 (idx: 0)            -175                          -35                           
Solving Bipartite Weighted Matching (minimize weights)...
Assignment matrix after operation/function unit matching:
                                                  main_signed_add_32_0          main_signed_add_32_1          
  %218 = add nsw i32 %i.01, 1 (idx: 0)            1                             0                             
Checking that every operator was assigned to a functional unit...yes
Binding operator -> functional unit assignments:
  %218 = add nsw i32 %i.01, 1 (idx: 0) -> main_signed_add_32_0 (mux inputs: 19)
State: LEGUP_F_main_BB_float64_mulexit
Binding functional unit type: signed_add_32
Weight matrix for operation/function unit matching:
                                                  main_signed_add_32_0          main_signed_add_32_1          
  %gep12 = add i32 %gep_int10,... (idx: 0)        -190                          -40                           
Solving Bipartite Weighted Matching (minimize weights)...
Assignment matrix after operation/function unit matching:
                                                  main_signed_add_32_0          main_signed_add_32_1          
  %gep12 = add i32 %gep_int10,... (idx: 0)        1                             0                             
Checking that every operator was assigned to a functional unit...yes
Binding operator -> functional unit assignments:
  %gep12 = add i32 %gep_int10,... (idx: 0) -> main_signed_add_32_0 (mux inputs: 21)
State: LEGUP_F_main_BB_float64_mulexit
Binding functional unit type: z_output_local_mem_dual_port
Weight matrix for operation/function unit matching:
                                                  main_z_output_local_mem_dual_port_0
  %213 = load i64* %212, align... (idx: 0)        -5                            
Solving Bipartite Weighted Matching (minimize weights)...
Assignment matrix after operation/function unit matching:
                                                  main_z_output_local_mem_dual_port_0
  %213 = load i64* %212, align... (idx: 0)        1                             
Checking that every operator was assigned to a functional unit...yes
Binding operator -> functional unit assignments:
  %213 = load i64* %212, align... (idx: 0) -> main_z_output_local_mem_dual_port_0 (mux inputs: 1)
State: LEGUP_F_main_BB_float64_mulexit
Binding functional unit type: signed_add_32
Weight matrix for operation/function unit matching:
                                                  main_signed_add_32_0          main_signed_add_32_1          
  %216 = add nsw i32 %215, %ma... (idx: 0)        -210                          -40                           
Solving Bipartite Weighted Matching (minimize weights)...
Assignment matrix after operation/function unit matching:
                                                  main_signed_add_32_0          main_signed_add_32_1          
  %216 = add nsw i32 %215, %ma... (idx: 0)        1                             0                             
Checking that every operator was assigned to a functional unit...yes
Binding operator -> functional unit assignments:
  %216 = add nsw i32 %215, %ma... (idx: 0) -> main_signed_add_32_0 (mux inputs: 23)

