//----------------------------------------------------------------------------//
// Generated by LegUp High-Level Synthesis Tool Version 4.0 (http://legup.org)
// Compiled: Sun Jul 26 12:56:54 2015
// University of Toronto
// For research and academic purposes only. Commercial use is prohibited.
// Please send bugs to: legup@eecg.toronto.edu
// Date: Tue Jun 18 16:44:03 2019
//----------------------------------------------------------------------------//

--------------------------------------------------------------------------------
Function: main
--------------------------------------------------------------------------------
Function unit type:           Number Required               
indata_local_mem_dual_port    2                             
mem_dual_port                 2                             

Running Bipartite Weighted Matching on function: main
State: LEGUP_F_main_BB__crit_edge10i
Binding functional unit type: mem_dual_port
Weight matrix for operation/function unit matching:
                                                  main_mem_dual_port_0          main_mem_dual_port_1          
  store i1 true, i1* @sha_info... (idx: 0)        0                             0                             
  store i1 true, i1* @sha_info... (idx: 1)        0                             0                             
Solving Bipartite Weighted Matching (minimize weights)...
Assignment matrix after operation/function unit matching:
                                                  main_mem_dual_port_0          main_mem_dual_port_1          
  store i1 true, i1* @sha_info... (idx: 0)        1                             0                             
  store i1 true, i1* @sha_info... (idx: 1)        0                             1                             
Checking that every operator was assigned to a functional unit...yes
Binding operator -> functional unit assignments:
  store i1 true, i1* @sha_info... (idx: 0) -> main_mem_dual_port_0 (mux inputs: 0)
  store i1 true, i1* @sha_info... (idx: 1) -> main_mem_dual_port_1 (mux inputs: 0)
State: LEGUP_F_main_BB__crit_edge10i
Binding functional unit type: mem_dual_port
Weight matrix for operation/function unit matching:
  store i1 true, i1* @sha_info... can share an output register with another operation already assigned to main_mem_dual_port_0
  store i1 true, i1* @sha_info... can share an output register with another operation already assigned to main_mem_dual_port_1
  store i1 true, i1* @sha_info... can share an output register with another operation already assigned to main_mem_dual_port_0
  store i1 true, i1* @sha_info... can share an output register with another operation already assigned to main_mem_dual_port_1
                                                  main_mem_dual_port_0          main_mem_dual_port_1          
  store i1 true, i1* @sha_info... (idx: 0)        -5                            -5                            
  store i1 true, i1* @sha_info... (idx: 1)        -5                            -5                            
Solving Bipartite Weighted Matching (minimize weights)...
Assignment matrix after operation/function unit matching:
                                                  main_mem_dual_port_0          main_mem_dual_port_1          
  store i1 true, i1* @sha_info... (idx: 0)        1                             0                             
  store i1 true, i1* @sha_info... (idx: 1)        0                             1                             
Checking that every operator was assigned to a functional unit...yes
Binding operator -> functional unit assignments:
  store i1 true, i1* @sha_info... (idx: 0) -> main_mem_dual_port_0 (mux inputs: 0)
  store i1 true, i1* @sha_info... (idx: 1) -> main_mem_dual_port_1 (mux inputs: 0)
State: LEGUP_F_main_BB__crit_edge10i
Binding functional unit type: mem_dual_port
Weight matrix for operation/function unit matching:
  store i32 -1009589776, i32* ... can share an output register with another operation already assigned to main_mem_dual_port_0
  store i32 -1009589776, i32* ... can share an output register with another operation already assigned to main_mem_dual_port_1
                                                  main_mem_dual_port_0          main_mem_dual_port_1          
  store i32 -1009589776, i32* ... (idx: 0)        -5                            -5                            
Solving Bipartite Weighted Matching (minimize weights)...
Assignment matrix after operation/function unit matching:
                                                  main_mem_dual_port_0          main_mem_dual_port_1          
  store i32 -1009589776, i32* ... (idx: 0)        1                             0                             
Checking that every operator was assigned to a functional unit...yes
Binding operator -> functional unit assignments:
  store i32 -1009589776, i32* ... (idx: 0) -> main_mem_dual_port_0 (mux inputs: 0)
State: LEGUP_F_main_BB__4
Binding functional unit type: indata_local_mem_dual_port
Weight matrix for operation/function unit matching:
                                                  main_indata_local_mem_dual_port_0main_indata_local_mem_dual_port_1
  %10 = load i8* %p2.01.i.i, a... (idx: 0)        10                            10                            
  %12 = load i8* %scevgep23, a... (idx: 1)        10                            10                            
Solving Bipartite Weighted Matching (minimize weights)...
Assignment matrix after operation/function unit matching:
                                                  main_indata_local_mem_dual_port_0main_indata_local_mem_dual_port_1
  %10 = load i8* %p2.01.i.i, a... (idx: 0)        1                             0                             
  %12 = load i8* %scevgep23, a... (idx: 1)        0                             1                             
Checking that every operator was assigned to a functional unit...yes
Binding operator -> functional unit assignments:
  %10 = load i8* %p2.01.i.i, a... (idx: 0) -> main_indata_local_mem_dual_port_0 (mux inputs: 1)
  %12 = load i8* %scevgep23, a... (idx: 1) -> main_indata_local_mem_dual_port_1 (mux inputs: 1)
State: LEGUP_F_main_BB__4
Binding functional unit type: indata_local_mem_dual_port
Weight matrix for operation/function unit matching:
  %16 = load i8* %scevgep21, a... can share an output register with another operation already assigned to main_indata_local_mem_dual_port_0
  %16 = load i8* %scevgep21, a... can share an output register with another operation already assigned to main_indata_local_mem_dual_port_1
  %20 = load i8* %scevgep20, a... can share an output register with another operation already assigned to main_indata_local_mem_dual_port_0
  %20 = load i8* %scevgep20, a... can share an output register with another operation already assigned to main_indata_local_mem_dual_port_1
                                                  main_indata_local_mem_dual_port_0main_indata_local_mem_dual_port_1
  %16 = load i8* %scevgep21, a... (idx: 0)        6                             6                             
  %20 = load i8* %scevgep20, a... (idx: 1)        6                             6                             
Solving Bipartite Weighted Matching (minimize weights)...
Assignment matrix after operation/function unit matching:
                                                  main_indata_local_mem_dual_port_0main_indata_local_mem_dual_port_1
  %16 = load i8* %scevgep21, a... (idx: 0)        1                             0                             
  %20 = load i8* %scevgep20, a... (idx: 1)        0                             1                             
Checking that every operator was assigned to a functional unit...yes
Binding operator -> functional unit assignments:
  %16 = load i8* %scevgep21, a... (idx: 0) -> main_indata_local_mem_dual_port_0 (mux inputs: 2)
  %20 = load i8* %scevgep20, a... (idx: 1) -> main_indata_local_mem_dual_port_1 (mux inputs: 2)
State: LEGUP_F_main_BB__4
Binding functional unit type: mem_dual_port
Weight matrix for operation/function unit matching:
  store i32 %23, i32* %p1.02.i... can share an output register with another operation already assigned to main_mem_dual_port_0
  store i32 %23, i32* %p1.02.i... can share an output register with another operation already assigned to main_mem_dual_port_1
                                                  main_mem_dual_port_0          main_mem_dual_port_1          
  store i32 %23, i32* %p1.02.i... (idx: 0)        15                            15                            
Solving Bipartite Weighted Matching (minimize weights)...
Assignment matrix after operation/function unit matching:
                                                  main_mem_dual_port_0          main_mem_dual_port_1          
  store i32 %23, i32* %p1.02.i... (idx: 0)        1                             0                             
Checking that every operator was assigned to a functional unit...yes
Binding operator -> functional unit assignments:
  store i32 %23, i32* %p1.02.i... (idx: 0) -> main_mem_dual_port_0 (mux inputs: 2)
State: LEGUP_F_main_BB__28
Binding functional unit type: indata_local_mem_dual_port
Weight matrix for operation/function unit matching:
  %34 = load i8* %p2.01.i.i11,... can share an output register with another operation already assigned to main_indata_local_mem_dual_port_0
  %34 = load i8* %p2.01.i.i11,... can share an output register with another operation already assigned to main_indata_local_mem_dual_port_1
  %36 = load i8* %scevgep8, al... can share an output register with another operation already assigned to main_indata_local_mem_dual_port_0
  %36 = load i8* %scevgep8, al... can share an output register with another operation already assigned to main_indata_local_mem_dual_port_1
                                                  main_indata_local_mem_dual_port_0main_indata_local_mem_dual_port_1
  %34 = load i8* %p2.01.i.i11,... (idx: 0)        7                             7                             
  %36 = load i8* %scevgep8, al... (idx: 1)        7                             7                             
Solving Bipartite Weighted Matching (minimize weights)...
Assignment matrix after operation/function unit matching:
                                                  main_indata_local_mem_dual_port_0main_indata_local_mem_dual_port_1
  %34 = load i8* %p2.01.i.i11,... (idx: 0)        1                             0                             
  %36 = load i8* %scevgep8, al... (idx: 1)        0                             1                             
Checking that every operator was assigned to a functional unit...yes
Binding operator -> functional unit assignments:
  %34 = load i8* %p2.01.i.i11,... (idx: 0) -> main_indata_local_mem_dual_port_0 (mux inputs: 3)
  %36 = load i8* %scevgep8, al... (idx: 1) -> main_indata_local_mem_dual_port_1 (mux inputs: 3)
State: LEGUP_F_main_BB__28
Binding functional unit type: indata_local_mem_dual_port
Weight matrix for operation/function unit matching:
  %40 = load i8* %scevgep6, al... can share an output register with another operation already assigned to main_indata_local_mem_dual_port_0
  %40 = load i8* %scevgep6, al... can share an output register with another operation already assigned to main_indata_local_mem_dual_port_1
  %44 = load i8* %scevgep, ali... can share an output register with another operation already assigned to main_indata_local_mem_dual_port_0
  %44 = load i8* %scevgep, ali... can share an output register with another operation already assigned to main_indata_local_mem_dual_port_1
                                                  main_indata_local_mem_dual_port_0main_indata_local_mem_dual_port_1
  %40 = load i8* %scevgep6, al... (idx: 0)        8                             8                             
  %44 = load i8* %scevgep, ali... (idx: 1)        8                             8                             
Solving Bipartite Weighted Matching (minimize weights)...
Assignment matrix after operation/function unit matching:
                                                  main_indata_local_mem_dual_port_0main_indata_local_mem_dual_port_1
  %40 = load i8* %scevgep6, al... (idx: 0)        1                             0                             
  %44 = load i8* %scevgep, ali... (idx: 1)        0                             1                             
Checking that every operator was assigned to a functional unit...yes
Binding operator -> functional unit assignments:
  %40 = load i8* %scevgep6, al... (idx: 0) -> main_indata_local_mem_dual_port_0 (mux inputs: 4)
  %44 = load i8* %scevgep, ali... (idx: 1) -> main_indata_local_mem_dual_port_1 (mux inputs: 4)
State: LEGUP_F_main_BB__28
Binding functional unit type: mem_dual_port
Weight matrix for operation/function unit matching:
  store i32 %47, i32* %p1.02.i... can share an output register with another operation already assigned to main_mem_dual_port_0
  store i32 %47, i32* %p1.02.i... can share an output register with another operation already assigned to main_mem_dual_port_1
                                                  main_mem_dual_port_0          main_mem_dual_port_1          
  store i32 %47, i32* %p1.02.i... (idx: 0)        17                            15                            
Solving Bipartite Weighted Matching (minimize weights)...
Assignment matrix after operation/function unit matching:
                                                  main_mem_dual_port_0          main_mem_dual_port_1          
  store i32 %47, i32* %p1.02.i... (idx: 0)        0                             1                             
Checking that every operator was assigned to a functional unit...yes
Binding operator -> functional unit assignments:
  store i32 %47, i32* %p1.02.i... (idx: 0) -> main_mem_dual_port_1 (mux inputs: 2)
State: LEGUP_F_main_BB_lrphi8preheaderi
Binding functional unit type: mem_dual_port
Weight matrix for operation/function unit matching:
  store i32 128, i32* geteleme... can share an output register with another operation already assigned to main_mem_dual_port_0
  store i32 128, i32* geteleme... can share an output register with another operation already assigned to main_mem_dual_port_1
                                                  main_mem_dual_port_0          main_mem_dual_port_1          
  store i32 128, i32* geteleme... (idx: 0)        -3                            -3                            
Solving Bipartite Weighted Matching (minimize weights)...
Assignment matrix after operation/function unit matching:
                                                  main_mem_dual_port_0          main_mem_dual_port_1          
  store i32 128, i32* geteleme... (idx: 0)        1                             0                             
Checking that every operator was assigned to a functional unit...yes
Binding operator -> functional unit assignments:
  store i32 128, i32* geteleme... (idx: 0) -> main_mem_dual_port_0 (mux inputs: 2)
State: LEGUP_F_main_BB_lrphi8i
Binding functional unit type: mem_dual_port
Weight matrix for operation/function unit matching:
  store i32 0, i32* %p.11.i7.i... can share an output register with another operation already assigned to main_mem_dual_port_0
  store i32 0, i32* %p.11.i7.i... can share an output register with another operation already assigned to main_mem_dual_port_1
                                                  main_mem_dual_port_0          main_mem_dual_port_1          
  store i32 0, i32* %p.11.i7.i... (idx: 0)        7                             7                             
Solving Bipartite Weighted Matching (minimize weights)...
Assignment matrix after operation/function unit matching:
                                                  main_mem_dual_port_0          main_mem_dual_port_1          
  store i32 0, i32* %p.11.i7.i... (idx: 0)        1                             0                             
Checking that every operator was assigned to a functional unit...yes
Binding operator -> functional unit assignments:
  store i32 0, i32* %p.11.i7.i... (idx: 0) -> main_mem_dual_port_0 (mux inputs: 3)
State: LEGUP_F_main_BB__49
Binding functional unit type: mem_dual_port
Weight matrix for operation/function unit matching:
  store i32 0, i32* getelement... can share an output register with another operation already assigned to main_mem_dual_port_0
  store i32 0, i32* getelement... can share an output register with another operation already assigned to main_mem_dual_port_1
  store i32 131072, i32* getel... can share an output register with another operation already assigned to main_mem_dual_port_0
  store i32 131072, i32* getel... can share an output register with another operation already assigned to main_mem_dual_port_1
                                                  main_mem_dual_port_0          main_mem_dual_port_1          
  store i32 0, i32* getelement... (idx: 0)        -2                            -3                            
  store i32 131072, i32* getel... (idx: 1)        -2                            -3                            
Solving Bipartite Weighted Matching (minimize weights)...
Assignment matrix after operation/function unit matching:
                                                  main_mem_dual_port_0          main_mem_dual_port_1          
  store i32 0, i32* getelement... (idx: 0)        1                             0                             
  store i32 131072, i32* getel... (idx: 1)        0                             1                             
Checking that every operator was assigned to a functional unit...yes
Binding operator -> functional unit assignments:
  store i32 0, i32* getelement... (idx: 0) -> main_mem_dual_port_0 (mux inputs: 3)
  store i32 131072, i32* getel... (idx: 1) -> main_mem_dual_port_1 (mux inputs: 2)
State: LEGUP_F_main_BB__49
Binding functional unit type: mem_dual_port
Weight matrix for operation/function unit matching:
  %50 = load i32* @sha_info_di... can share an output register with another operation already assigned to main_mem_dual_port_0
  %50 = load i32* @sha_info_di... can share an output register with another operation already assigned to main_mem_dual_port_1
                                                  main_mem_dual_port_0          main_mem_dual_port_1          
  %50 = load i32* @sha_info_di... (idx: 0)        -2                            -3                            
Solving Bipartite Weighted Matching (minimize weights)...
Assignment matrix after operation/function unit matching:
                                                  main_mem_dual_port_0          main_mem_dual_port_1          
  %50 = load i32* @sha_info_di... (idx: 0)        0                             1                             
Checking that every operator was assigned to a functional unit...yes
Binding operator -> functional unit assignments:
  %50 = load i32* @sha_info_di... (idx: 0) -> main_mem_dual_port_1 (mux inputs: 2)

