//----------------------------------------------------------------------------//
// Generated by LegUp High-Level Synthesis Tool Version 4.0 (http://legup.org)
// Compiled: Sun Jul 26 12:56:54 2015
// University of Toronto
// For research and academic purposes only. Commercial use is prohibited.
// Please send bugs to: legup@eecg.toronto.edu
// Date: Mon Nov 12 01:54:01 2018
//----------------------------------------------------------------------------//

-------------------------- Datapath Operation Usage --------------------------

Operation "unknown" x 56 
Operation "signed_add_32" x 6 
Operation "signed_comp_eq_32" x 5 
Operation "signed_multiply_32" x 1 
Operation "signed_subtract_32" x 1 

----------------------------- General Information -----------------------------

Number of declared variables in main: 55
Critical path contains operation: signed_multiply_32

------------------------------ Resource Estimate ------------------------------

Fmax: 310 MHz
Note: Assuming only 87 DSPs available
Warning: These estimates don't account for binding yet!
Logic Elements: 1339
    Combinational: 308
    Registers: 1605
DSP Elements: 2
