//----------------------------------------------------------------------------//
// Generated by LegUp High-Level Synthesis Tool Version 4.0 (http://legup.org)
// Compiled: Sun Jul 26 12:56:54 2015
// University of Toronto
// For research and academic purposes only. Commercial use is prohibited.
// Please send bugs to: legup@eecg.toronto.edu
// Date: Mon Nov 12 01:54:01 2018
//----------------------------------------------------------------------------//

Target Family: CycloneV
Clock period constraint: 2.000000e+01ns
Start Function: main
state: LEGUP_0
   Transition: if (start): LEGUP_F_main_BB__0_1 default: LEGUP_0
state: LEGUP_F_main_BB__0_1
   %previous = alloca [16 x i32], align 4 (endState: LEGUP_F_main_BB__0_1)
   br label %1
   Transition: default: LEGUP_F_main_BB__1_2
state: LEGUP_F_main_BB__1_2
   %indvar4 = phi i32 [ %indvar.next5, %2 ], [ 0, %0 ] (endState: LEGUP_F_main_BB__1_2)
   %exitcond = icmp eq i32 %indvar4, 16 (endState: LEGUP_F_main_BB__1_2)
   br i1 %exitcond, label %legup_memset_4.exit, label %2
   Transition: if (%exitcond): LEGUP_F_main_BB_legup_memset_4exit_5 default: LEGUP_F_main_BB__2_3
state: LEGUP_F_main_BB__2_3
   %s.i.0 = getelementptr [16 x i32]* %previous, i32 0, i32 %indvar4 (endState: LEGUP_F_main_BB__2_3)
   store i32 0, i32* %s.i.0, align 4 (endState: LEGUP_F_main_BB__2_4)
   %indvar.next5 = add i32 %indvar4, 1 (endState: LEGUP_F_main_BB__2_3)
   Transition: default: LEGUP_F_main_BB__2_4
state: LEGUP_F_main_BB__2_4
   br label %1
   Transition: default: LEGUP_F_main_BB__1_2
state: LEGUP_F_main_BB_legup_memset_4exit_5
   %3 = getelementptr inbounds [16 x i32]* %previous, i32 0, i32 0 (endState: LEGUP_F_main_BB_legup_memset_4exit_5)
   %4 = getelementptr inbounds [16 x i32]* %previous, i32 0, i32 14 (endState: LEGUP_F_main_BB_legup_memset_4exit_5)
   %5 = getelementptr inbounds [16 x i32]* %previous, i32 0, i32 15 (endState: LEGUP_F_main_BB_legup_memset_4exit_5)
   %6 = getelementptr inbounds [16 x i32]* %previous, i32 0, i32 13 (endState: LEGUP_F_main_BB_legup_memset_4exit_5)
   %7 = getelementptr inbounds [16 x i32]* %previous, i32 0, i32 12 (endState: LEGUP_F_main_BB_legup_memset_4exit_5)
   %8 = getelementptr inbounds [16 x i32]* %previous, i32 0, i32 11 (endState: LEGUP_F_main_BB_legup_memset_4exit_5)
   %9 = getelementptr inbounds [16 x i32]* %previous, i32 0, i32 10 (endState: LEGUP_F_main_BB_legup_memset_4exit_5)
   %10 = getelementptr inbounds [16 x i32]* %previous, i32 0, i32 9 (endState: LEGUP_F_main_BB_legup_memset_4exit_5)
   %11 = getelementptr inbounds [16 x i32]* %previous, i32 0, i32 8 (endState: LEGUP_F_main_BB_legup_memset_4exit_5)
   %12 = getelementptr inbounds [16 x i32]* %previous, i32 0, i32 7 (endState: LEGUP_F_main_BB_legup_memset_4exit_5)
   %13 = getelementptr inbounds [16 x i32]* %previous, i32 0, i32 6 (endState: LEGUP_F_main_BB_legup_memset_4exit_5)
   %14 = getelementptr inbounds [16 x i32]* %previous, i32 0, i32 5 (endState: LEGUP_F_main_BB_legup_memset_4exit_5)
   %15 = getelementptr inbounds [16 x i32]* %previous, i32 0, i32 4 (endState: LEGUP_F_main_BB_legup_memset_4exit_5)
   %16 = getelementptr inbounds [16 x i32]* %previous, i32 0, i32 3 (endState: LEGUP_F_main_BB_legup_memset_4exit_5)
   %17 = getelementptr inbounds [16 x i32]* %previous, i32 0, i32 2 (endState: LEGUP_F_main_BB_legup_memset_4exit_5)
   %18 = getelementptr inbounds [16 x i32]* %previous, i32 0, i32 1 (endState: LEGUP_F_main_BB_legup_memset_4exit_5)
   br label %19
   Transition: default: LEGUP_F_main_BB__19_6
state: LEGUP_F_main_BB__19_6
   %indvar = phi i32 [ %indvar.next, %FIRFilterStreaming.exit ], [ 0, %legup_memset_4.exit ] (endState: LEGUP_F_main_BB__19_6)
   %20 = phi i32 [ %indvar, %FIRFilterStreaming.exit ], [ 0, %legup_memset_4.exit ] (endState: LEGUP_F_main_BB__19_6)
   %21 = phi i32 [ %20, %FIRFilterStreaming.exit ], [ 0, %legup_memset_4.exit ] (endState: LEGUP_F_main_BB__19_6)
   %22 = phi i32 [ %21, %FIRFilterStreaming.exit ], [ 0, %legup_memset_4.exit ] (endState: LEGUP_F_main_BB__19_6)
   %23 = phi i32 [ %22, %FIRFilterStreaming.exit ], [ 0, %legup_memset_4.exit ] (endState: LEGUP_F_main_BB__19_6)
   %24 = phi i32 [ %23, %FIRFilterStreaming.exit ], [ 0, %legup_memset_4.exit ] (endState: LEGUP_F_main_BB__19_6)
   %25 = phi i32 [ %24, %FIRFilterStreaming.exit ], [ 0, %legup_memset_4.exit ] (endState: LEGUP_F_main_BB__19_6)
   %26 = phi i32 [ %25, %FIRFilterStreaming.exit ], [ 0, %legup_memset_4.exit ] (endState: LEGUP_F_main_BB__19_6)
   %27 = phi i32 [ %26, %FIRFilterStreaming.exit ], [ 0, %legup_memset_4.exit ] (endState: LEGUP_F_main_BB__19_6)
   %28 = phi i32 [ %27, %FIRFilterStreaming.exit ], [ 0, %legup_memset_4.exit ] (endState: LEGUP_F_main_BB__19_6)
   %29 = phi i32 [ %28, %FIRFilterStreaming.exit ], [ 0, %legup_memset_4.exit ] (endState: LEGUP_F_main_BB__19_6)
   %30 = phi i32 [ %29, %FIRFilterStreaming.exit ], [ 0, %legup_memset_4.exit ] (endState: LEGUP_F_main_BB__19_6)
   %31 = phi i32 [ %30, %FIRFilterStreaming.exit ], [ 0, %legup_memset_4.exit ] (endState: LEGUP_F_main_BB__19_6)
   %32 = phi i32 [ %31, %FIRFilterStreaming.exit ], [ 0, %legup_memset_4.exit ] (endState: LEGUP_F_main_BB__19_6)
   %33 = phi i32 [ %32, %FIRFilterStreaming.exit ], [ 0, %legup_memset_4.exit ] (endState: LEGUP_F_main_BB__19_6)
   %total.02 = phi i32 [ %41, %FIRFilterStreaming.exit ], [ 0, %legup_memset_4.exit ] (endState: LEGUP_F_main_BB__19_6)
   %i.01 = add i32 %indvar, 1 (endState: LEGUP_F_main_BB__19_6)
   store i32 %33, i32* %5, align 4, !tbaa !1 (endState: LEGUP_F_main_BB__19_7)
   store i32 %32, i32* %4, align 4, !tbaa !1 (endState: LEGUP_F_main_BB__19_7)
   %34 = icmp eq i32 %33, 0 (endState: LEGUP_F_main_BB__19_6)
   Transition: default: LEGUP_F_main_BB__19_7
state: LEGUP_F_main_BB__19_7
   store i32 %31, i32* %6, align 4, !tbaa !1 (endState: LEGUP_F_main_BB__19_8)
   store i32 %30, i32* %7, align 4, !tbaa !1 (endState: LEGUP_F_main_BB__19_8)
   Transition: default: LEGUP_F_main_BB__19_8
state: LEGUP_F_main_BB__19_8
   store i32 %29, i32* %8, align 4, !tbaa !1 (endState: LEGUP_F_main_BB__19_9)
   store i32 %28, i32* %9, align 4, !tbaa !1 (endState: LEGUP_F_main_BB__19_9)
   Transition: default: LEGUP_F_main_BB__19_9
state: LEGUP_F_main_BB__19_9
   store i32 %27, i32* %10, align 4, !tbaa !1 (endState: LEGUP_F_main_BB__19_10)
   store i32 %26, i32* %11, align 4, !tbaa !1 (endState: LEGUP_F_main_BB__19_10)
   Transition: default: LEGUP_F_main_BB__19_10
state: LEGUP_F_main_BB__19_10
   store i32 %25, i32* %12, align 4, !tbaa !1 (endState: LEGUP_F_main_BB__19_11)
   store i32 %24, i32* %13, align 4, !tbaa !1 (endState: LEGUP_F_main_BB__19_11)
   Transition: default: LEGUP_F_main_BB__19_11
state: LEGUP_F_main_BB__19_11
   store i32 %23, i32* %14, align 4, !tbaa !1 (endState: LEGUP_F_main_BB__19_12)
   store i32 %22, i32* %15, align 4, !tbaa !1 (endState: LEGUP_F_main_BB__19_12)
   Transition: default: LEGUP_F_main_BB__19_12
state: LEGUP_F_main_BB__19_12
   store i32 %21, i32* %16, align 4, !tbaa !1 (endState: LEGUP_F_main_BB__19_13)
   store i32 %20, i32* %17, align 4, !tbaa !1 (endState: LEGUP_F_main_BB__19_13)
   Transition: default: LEGUP_F_main_BB__19_13
state: LEGUP_F_main_BB__19_13
   store i32 %indvar, i32* %18, align 4, !tbaa !1 (endState: LEGUP_F_main_BB__19_14)
   store i32 %i.01, i32* %3, align 4, !tbaa !1 (endState: LEGUP_F_main_BB__19_14)
   Transition: default: LEGUP_F_main_BB__19_14
state: LEGUP_F_main_BB__19_14
   br i1 %34, label %FIRFilterStreaming.exit, label %.preheader.i.preheader
   Transition: if (%34): LEGUP_F_main_BB_FIRFilterStreamingexit_22 default: LEGUP_F_main_BB_preheaderipreheader_15
state: LEGUP_F_main_BB_preheaderipreheader_15
   br label %.preheader.i
   Transition: default: LEGUP_F_main_BB_preheaderi_16
state: LEGUP_F_main_BB_preheaderi_16
   %j.02.i = phi i32 [ %40, %.preheader.i ], [ 0, %.preheader.i.preheader ] (endState: LEGUP_F_main_BB_preheaderi_16)
   %temp.01.i = phi i32 [ %39, %.preheader.i ], [ 0, %.preheader.i.preheader ] (endState: LEGUP_F_main_BB_preheaderi_16)
   %scevgep = getelementptr [16 x i32]* @main.coefficients, i32 0, i32 %j.02.i (endState: LEGUP_F_main_BB_preheaderi_16)
   %35 = sub i32 15, %j.02.i (endState: LEGUP_F_main_BB_preheaderi_16)
   %37 = load i32* %scevgep, align 4, !tbaa !1 (endState: LEGUP_F_main_BB_preheaderi_18)
   %40 = add nsw i32 %j.02.i, 1 (endState: LEGUP_F_main_BB_preheaderi_16)
   %exitcond1 = icmp eq i32 %40, 16 (endState: LEGUP_F_main_BB_preheaderi_16)
   Transition: default: LEGUP_F_main_BB_preheaderi_17
state: LEGUP_F_main_BB_preheaderi_17
   %scevgep2 = getelementptr [16 x i32]* %previous, i32 0, i32 %35 (endState: LEGUP_F_main_BB_preheaderi_17)
   %36 = load i32* %scevgep2, align 4, !tbaa !1 (endState: LEGUP_F_main_BB_preheaderi_19)
   Transition: default: LEGUP_F_main_BB_preheaderi_18
state: LEGUP_F_main_BB_preheaderi_18
   Transition: default: LEGUP_F_main_BB_preheaderi_19
state: LEGUP_F_main_BB_preheaderi_19
   %38 = mul nsw i32 %37, %36 (endState: LEGUP_F_main_BB_preheaderi_20)
   Transition: default: LEGUP_F_main_BB_preheaderi_20
state: LEGUP_F_main_BB_preheaderi_20
   %39 = add nsw i32 %38, %temp.01.i (endState: LEGUP_F_main_BB_preheaderi_20)
   br i1 %exitcond1, label %FIRFilterStreaming.exit.loopexit, label %.preheader.i
   Transition: if (%exitcond1): LEGUP_F_main_BB_FIRFilterStreamingexitloopexit_21 default: LEGUP_F_main_BB_preheaderi_16
state: LEGUP_F_main_BB_FIRFilterStreamingexitloopexit_21
   br label %FIRFilterStreaming.exit
   Transition: default: LEGUP_F_main_BB_FIRFilterStreamingexit_22
state: LEGUP_F_main_BB_FIRFilterStreamingexit_22
   %.0.i = phi i32 [ 0, %19 ], [ %39, %FIRFilterStreaming.exit.loopexit ] (endState: LEGUP_F_main_BB_FIRFilterStreamingexit_22)
   %41 = add i32 %.0.i, %total.02 (endState: LEGUP_F_main_BB_FIRFilterStreamingexit_22)
   %indvar.next = add i32 %indvar, 1 (endState: LEGUP_F_main_BB_FIRFilterStreamingexit_22)
   %exitcond3 = icmp eq i32 %indvar.next, 32 (endState: LEGUP_F_main_BB_FIRFilterStreamingexit_22)
   br i1 %exitcond3, label %42, label %19
   Transition: if (%exitcond3): LEGUP_F_main_BB__42_23 default: LEGUP_F_main_BB__19_6
state: LEGUP_F_main_BB__42_23
   %43 = tail call i32 (i8*, ...)* @printf(i8* getelementptr inbounds ([12 x i8]* @.str, i32 0, i32 0), i32 %41) #1 (endState: LEGUP_F_main_BB__42_23)
   %44 = icmp eq i32 %41, 44880 (endState: LEGUP_F_main_BB__42_23)
   br i1 %44, label %45, label %47
   Transition: if (%44): LEGUP_F_main_BB__45_24 default: LEGUP_F_main_BB__47_25
state: LEGUP_F_main_BB__45_24
   %46 = tail call i32 (i8*, ...)* @printf(i8* getelementptr inbounds ([14 x i8]* @.str1, i32 0, i32 0)) #1 (endState: LEGUP_F_main_BB__45_24)
   br label %49
   Transition: default: LEGUP_F_main_BB__49_26
state: LEGUP_F_main_BB__47_25
   %48 = tail call i32 (i8*, ...)* @printf(i8* getelementptr inbounds ([14 x i8]* @.str2, i32 0, i32 0)) #1 (endState: LEGUP_F_main_BB__47_25)
   br label %49
   Transition: default: LEGUP_F_main_BB__49_26
state: LEGUP_F_main_BB__49_26
   ret i32 %41
   Transition: default: LEGUP_0

Basic Block: %0 Num States: 1
Basic Block: %1 Num States: 1
Basic Block: %2 Num States: 2
Basic Block: %legup_memset_4.exit Num States: 1
Basic Block: %19 Num States: 9
Basic Block: %.preheader.i.preheader Num States: 1
Basic Block: %.preheader.i Num States: 5
Basic Block: %FIRFilterStreaming.exit.loopexit Num States: 1
Basic Block: %FIRFilterStreaming.exit Num States: 1
Basic Block: %42 Num States: 1
Basic Block: %45 Num States: 1
Basic Block: %47 Num States: 1
Basic Block: %49 Num States: 1
End Function: main
--------------------------------------------------------------------------------

