//----------------------------------------------------------------------------//
// Generated by LegUp High-Level Synthesis Tool Version 4.0 (http://legup.org)
// Compiled: Sun Jul 26 12:56:54 2015
// University of Toronto
// For research and academic purposes only. Commercial use is prohibited.
// Please send bugs to: legup@eecg.toronto.edu
// Date: Mon Apr  1 11:38:31 2019
//----------------------------------------------------------------------------//

--------------------------------------------------------------------------------
Function: main
--------------------------------------------------------------------------------
Function unit type:           Number Required               
mem_dual_port                 2                             
signed_add_32                 4                             
signed_multiply_32            4                             

Running Bipartite Weighted Matching on function: main
State: LEGUP_F_main_BB__0
Binding functional unit type: mem_dual_port
Weight matrix for operation/function unit matching:
                                                  main_mem_dual_port_0          main_mem_dual_port_1          
  %1 = load i32* getelementptr... (idx: 0)        100                           100                           
  %2 = load i32* getelementptr... (idx: 1)        100                           100                           
Solving Bipartite Weighted Matching (minimize weights)...
Assignment matrix after operation/function unit matching:
                                                  main_mem_dual_port_0          main_mem_dual_port_1          
  %1 = load i32* getelementptr... (idx: 0)        1                             0                             
  %2 = load i32* getelementptr... (idx: 1)        0                             1                             
Checking that every operator was assigned to a functional unit...yes
Binding operator -> functional unit assignments:
  %1 = load i32* getelementptr... (idx: 0) -> main_mem_dual_port_0 (mux inputs: 0)
  %2 = load i32* getelementptr... (idx: 1) -> main_mem_dual_port_1 (mux inputs: 0)
State: LEGUP_F_main_BB__0
Binding functional unit type: mem_dual_port
Weight matrix for operation/function unit matching:
                                                  main_mem_dual_port_0          main_mem_dual_port_1          
  %3 = load i32* getelementptr... (idx: 0)        100                           100                           
  %4 = load i32* getelementptr... (idx: 1)        100                           100                           
Solving Bipartite Weighted Matching (minimize weights)...
Assignment matrix after operation/function unit matching:
                                                  main_mem_dual_port_0          main_mem_dual_port_1          
  %3 = load i32* getelementptr... (idx: 0)        1                             0                             
  %4 = load i32* getelementptr... (idx: 1)        0                             1                             
Checking that every operator was assigned to a functional unit...yes
Binding operator -> functional unit assignments:
  %3 = load i32* getelementptr... (idx: 0) -> main_mem_dual_port_0 (mux inputs: 0)
  %4 = load i32* getelementptr... (idx: 1) -> main_mem_dual_port_1 (mux inputs: 0)
State: LEGUP_F_main_BB__0
Binding functional unit type: mem_dual_port
Weight matrix for operation/function unit matching:
                                                  main_mem_dual_port_0          main_mem_dual_port_1          
  %5 = load i32* getelementptr... (idx: 0)        100                           100                           
  %6 = load i32* getelementptr... (idx: 1)        100                           100                           
Solving Bipartite Weighted Matching (minimize weights)...
Assignment matrix after operation/function unit matching:
                                                  main_mem_dual_port_0          main_mem_dual_port_1          
  %5 = load i32* getelementptr... (idx: 0)        1                             0                             
  %6 = load i32* getelementptr... (idx: 1)        0                             1                             
Checking that every operator was assigned to a functional unit...yes
Binding operator -> functional unit assignments:
  %5 = load i32* getelementptr... (idx: 0) -> main_mem_dual_port_0 (mux inputs: 0)
  %6 = load i32* getelementptr... (idx: 1) -> main_mem_dual_port_1 (mux inputs: 0)
State: LEGUP_F_main_BB__0
Binding functional unit type: mem_dual_port
Weight matrix for operation/function unit matching:
                                                  main_mem_dual_port_0          main_mem_dual_port_1          
  %7 = load i32* getelementptr... (idx: 0)        100                           100                           
Solving Bipartite Weighted Matching (minimize weights)...
Assignment matrix after operation/function unit matching:
                                                  main_mem_dual_port_0          main_mem_dual_port_1          
  %7 = load i32* getelementptr... (idx: 0)        1                             0                             
Checking that every operator was assigned to a functional unit...yes
Binding operator -> functional unit assignments:
  %7 = load i32* getelementptr... (idx: 0) -> main_mem_dual_port_0 (mux inputs: 0)
State: LEGUP_F_main_BB__0
Binding functional unit type: signed_multiply_32
Weight matrix for operation/function unit matching:
                                                  main_signed_multiply_32_0     main_signed_multiply_32_1     main_signed_multiply_32_2     main_signed_multiply_32_3     
  %8 = mul nsw i32 %1, %6 (idx: 0)                100                           100                           100                           100                           
  %13 = mul nsw i32 %3, %6 (idx: 1)               100                           100                           100                           100                           
  %16 = mul nsw i32 %4, %6 (idx: 2)               100                           100                           100                           100                           
Solving Bipartite Weighted Matching (minimize weights)...
Assignment matrix after operation/function unit matching:
                                                  main_signed_multiply_32_0     main_signed_multiply_32_1     main_signed_multiply_32_2     main_signed_multiply_32_3     
  %8 = mul nsw i32 %1, %6 (idx: 0)                1                             0                             0                             0                             
  %13 = mul nsw i32 %3, %6 (idx: 1)               0                             1                             0                             0                             
  %16 = mul nsw i32 %4, %6 (idx: 2)               0                             0                             1                             0                             
Checking that every operator was assigned to a functional unit...yes
Binding operator -> functional unit assignments:
  %8 = mul nsw i32 %1, %6 (idx: 0) -> main_signed_multiply_32_0 (mux inputs: 2)
  %13 = mul nsw i32 %3, %6 (idx: 1) -> main_signed_multiply_32_1 (mux inputs: 2)
  %16 = mul nsw i32 %4, %6 (idx: 2) -> main_signed_multiply_32_2 (mux inputs: 2)
State: LEGUP_F_main_BB__0
Binding functional unit type: signed_multiply_32
Weight matrix for operation/function unit matching:
                                                  main_signed_multiply_32_0     main_signed_multiply_32_1     main_signed_multiply_32_2     main_signed_multiply_32_3     
  %9 = mul nsw i32 %8, %6 (idx: 0)                100                           100                           100                           100                           
  %10 = mul nsw i32 %2, %7 (idx: 1)               100                           100                           100                           100                           
  %14 = mul nsw i32 %13, %7 (idx: 2)              100                           100                           100                           100                           
  %18 = mul nsw i32 %5, %7 (idx: 3)               100                           100                           100                           100                           
Solving Bipartite Weighted Matching (minimize weights)...
Assignment matrix after operation/function unit matching:
                                                  main_signed_multiply_32_0     main_signed_multiply_32_1     main_signed_multiply_32_2     main_signed_multiply_32_3     
  %9 = mul nsw i32 %8, %6 (idx: 0)                1                             0                             0                             0                             
  %10 = mul nsw i32 %2, %7 (idx: 1)               0                             1                             0                             0                             
  %14 = mul nsw i32 %13, %7 (idx: 2)              0                             0                             1                             0                             
  %18 = mul nsw i32 %5, %7 (idx: 3)               0                             0                             0                             1                             
Checking that every operator was assigned to a functional unit...yes
Binding operator -> functional unit assignments:
  %9 = mul nsw i32 %8, %6 (idx: 0) -> main_signed_multiply_32_0 (mux inputs: 3)
  %10 = mul nsw i32 %2, %7 (idx: 1) -> main_signed_multiply_32_1 (mux inputs: 4)
  %14 = mul nsw i32 %13, %7 (idx: 2) -> main_signed_multiply_32_2 (mux inputs: 4)
  %18 = mul nsw i32 %5, %7 (idx: 3) -> main_signed_multiply_32_3 (mux inputs: 2)
State: LEGUP_F_main_BB__0
Binding functional unit type: signed_multiply_32
Weight matrix for operation/function unit matching:
                                                  main_signed_multiply_32_0     main_signed_multiply_32_1     main_signed_multiply_32_2     main_signed_multiply_32_3     
  %11 = mul nsw i32 %10, %7 (idx: 0)              100                           100                           100                           100                           
Solving Bipartite Weighted Matching (minimize weights)...
Assignment matrix after operation/function unit matching:
                                                  main_signed_multiply_32_0     main_signed_multiply_32_1     main_signed_multiply_32_2     main_signed_multiply_32_3     
  %11 = mul nsw i32 %10, %7 (idx: 0)              1                             0                             0                             0                             
Checking that every operator was assigned to a functional unit...yes
Binding operator -> functional unit assignments:
  %11 = mul nsw i32 %10, %7 (idx: 0) -> main_signed_multiply_32_0 (mux inputs: 5)
State: LEGUP_F_main_BB__0
Binding functional unit type: signed_add_32
Weight matrix for operation/function unit matching:
                                                  main_signed_add_32_0          main_signed_add_32_1          main_signed_add_32_2          main_signed_add_32_3          
  %12 = add nsw i32 %9, %11 (idx: 0)              100                           100                           100                           100                           
  %15 = add nsw i32 %12, %14 (idx: 1)             100                           100                           100                           100                           
  %17 = add nsw i32 %15, %16 (idx: 2)             100                           100                           100                           100                           
  %19 = add nsw i32 %17, %18 (idx: 3)             100                           100                           100                           100                           
Solving Bipartite Weighted Matching (minimize weights)...
Assignment matrix after operation/function unit matching:
                                                  main_signed_add_32_0          main_signed_add_32_1          main_signed_add_32_2          main_signed_add_32_3          
  %12 = add nsw i32 %9, %11 (idx: 0)              1                             0                             0                             0                             
  %15 = add nsw i32 %12, %14 (idx: 1)             0                             1                             0                             0                             
  %17 = add nsw i32 %15, %16 (idx: 2)             0                             0                             1                             0                             
  %19 = add nsw i32 %17, %18 (idx: 3)             0                             0                             0                             1                             
Checking that every operator was assigned to a functional unit...yes
Binding operator -> functional unit assignments:
  %12 = add nsw i32 %9, %11 (idx: 0) -> main_signed_add_32_0 (mux inputs: 2)
  %15 = add nsw i32 %12, %14 (idx: 1) -> main_signed_add_32_1 (mux inputs: 2)
  %17 = add nsw i32 %15, %16 (idx: 2) -> main_signed_add_32_2 (mux inputs: 2)
  %19 = add nsw i32 %17, %18 (idx: 3) -> main_signed_add_32_3 (mux inputs: 2)

